--------- beginning of main
--------- beginning of system
05-01 19:05:13.444  4255  4255 W System.err: java.lang.ClassCastException: fr.free.nrw.commons.contributions.MainActivity cannot be cast to fr.free.nrw.commons.category.CategoryImagesActivity
05-01 19:05:13.467  4255  4255 W System.err: 	at fr.free.nrw.commons.media.MediaDetailPagerFragment.onPageScrolled(MediaDetailPagerFragment.java:353)
05-01 19:05:13.467  4255  4255 W System.err: 	at android.support.v4.view.ViewPager.dispatchOnPageScrolled(ViewPager.java:1924)
05-01 19:05:13.467  4255  4255 W System.err: 	at android.support.v4.view.ViewPager.onPageScrolled(ViewPager.java:1898)
05-01 19:05:13.467  4255  4255 W System.err: 	at android.support.v4.view.ViewPager.pageScrolled(ViewPager.java:1836)
05-01 19:05:13.467  4255  4255 W System.err: 	at android.support.v4.view.ViewPager.computeScroll(ViewPager.java:1796)
05-01 19:05:13.467  4255  4255 W System.err: 	at android.view.View.updateDisplayListIfDirty(View.java:16154)
05-01 19:05:13.467  4255  4255 W System.err: 	at android.view.View.draw(View.java:16951)
05-01 19:05:13.467  4255  4255 W System.err: 	at android.view.ViewGroup.drawChild(ViewGroup.java:3727)
05-01 19:05:13.467  4255  4255 W System.err: 	at android.view.ViewGroup.dispatchDraw(ViewGroup.java:3513)
05-01 19:05:13.467  4255  4255 W System.err: 	at android.view.View.updateDisplayListIfDirty(View.java:16162)
05-01 19:05:13.467  4255  4255 W System.err: 	at android.view.ViewGroup.recreateChildDisplayList(ViewGroup.java:3711)
05-01 19:05:13.467  4255  4255 W System.err: 	at android.view.ViewGroup.dispatchGetDisplayList(ViewGroup.java:3691)
05-01 19:05:13.467  4255  4255 W System.err: 	at android.view.View.updateDisplayListIfDirty(View.java:16130)
05-01 19:05:13.467  4255  4255 W System.err: 	at android.view.ViewGroup.recreateChildDisplayList(ViewGroup.java:3711)
05-01 19:05:13.467  4255  4255 W System.err: 	at android.view.ViewGroup.dispatchGetDisplayList(ViewGroup.java:3691)
05-01 19:05:13.467  4255  4255 W System.err: 	at android.view.View.updateDisplayListIfDirty(View.java:16130)
05-01 19:05:13.467  4255  4255 W System.err: 	at android.view.ViewGroup.recreateChildDisplayList(ViewGroup.java:3711)
05-01 19:05:13.467  4255  4255 W System.err: 	at android.view.ViewGroup.dispatchGetDisplayList(ViewGroup.java:3691)
05-01 19:05:13.467  4255  4255 W System.err: 	at android.view.View.updateDisplayListIfDirty(View.java:16130)
05-01 19:05:13.467  4255  4255 W System.err: 	at android.view.ViewGroup.recreateChildDisplayList(ViewGroup.java:3711)
05-01 19:05:13.467  4255  4255 W System.err: 	at android.view.ViewGroup.dispatchGetDisplayList(ViewGroup.java:3691)
05-01 19:05:13.467  4255  4255 W System.err: 	at android.view.View.updateDisplayListIfDirty(View.java:16130)
05-01 19:05:13.468  4255  4255 W System.err: 	at android.view.View.draw(View.java:16951)
05-01 19:05:13.468  4255  4255 W System.err: 	at android.view.ViewGroup.drawChild(ViewGroup.java:3727)
05-01 19:05:13.468  4255  4255 W System.err: 	at android.view.ViewGroup.dispatchDraw(ViewGroup.java:3513)
05-01 19:05:13.468  4255  4255 W System.err: 	at android.view.View.updateDisplayListIfDirty(View.java:16162)
05-01 19:05:13.468  4255  4255 W System.err: 	at android.view.View.draw(View.java:16951)
05-01 19:05:13.468  4255  4255 W System.err: 	at android.view.ViewGroup.drawChild(ViewGroup.java:3727)
05-01 19:05:13.468  4255  4255 W System.err: 	at android.support.v4.widget.DrawerLayout.drawChild(DrawerLayout.java:1366)
05-01 19:05:13.468  4255  4255 W System.err: 	at android.view.ViewGroup.dispatchDraw(ViewGroup.java:3513)
05-01 19:05:13.468  4255  4255 W System.err: 	at android.view.View.draw(View.java:17188)
05-01 19:05:13.468  4255  4255 W System.err: 	at android.view.View.updateDisplayListIfDirty(View.java:16167)
05-01 19:05:13.468  4255  4255 W System.err: 	at android.view.View.draw(View.java:16951)
05-01 19:05:13.468  4255  4255 W System.err: 	at android.view.ViewGroup.drawChild(ViewGroup.java:3727)
05-01 19:05:13.468  4255  4255 W System.err: 	at android.view.ViewGroup.dispatchDraw(ViewGroup.java:3513)
05-01 19:05:13.468  4255  4255 W System.err: 	at android.view.View.updateDisplayListIfDirty(View.java:16162)
05-01 19:05:13.468  4255  4255 W System.err: 	at android.view.View.draw(View.java:16951)
05-01 19:05:13.469  4255  4255 W System.err: 	at android.view.ViewGroup.drawChild(ViewGroup.java:3727)
05-01 19:05:13.469  4255  4255 W System.err: 	at android.view.ViewGroup.dispatchDraw(ViewGroup.java:3513)
05-01 19:05:13.469  4255  4255 W System.err: 	at android.view.View.updateDisplayListIfDirty(View.java:16162)
05-01 19:05:13.469  4255  4255 W System.err: 	at android.view.View.draw(View.java:16951)
05-01 19:05:13.469  4255  4255 W System.err: 	at android.view.ViewGroup.drawChild(ViewGroup.java:3727)
05-01 19:05:13.469  4255  4255 W System.err: 	at android.view.ViewGroup.dispatchDraw(ViewGroup.java:3513)
05-01 19:05:13.469  4255  4255 W System.err: 	at android.view.View.updateDisplayListIfDirty(View.java:16162)
05-01 19:05:13.469  4255  4255 W System.err: 	at android.view.View.draw(View.java:16951)
05-01 19:05:13.469  4255  4255 W System.err: 	at android.view.ViewGroup.drawChild(ViewGroup.java:3727)
05-01 19:05:13.469  4255  4255 W System.err: 	at android.view.ViewGroup.dispatchDraw(ViewGroup.java:3513)
05-01 19:05:13.469  4255  4255 W System.err: 	at android.view.View.updateDisplayListIfDirty(View.java:16162)
05-01 19:05:13.469  4255  4255 W System.err: 	at android.view.View.draw(View.java:16951)
05-01 19:05:13.469  4255  4255 W System.err: 	at android.view.ViewGroup.drawChild(ViewGroup.java:3727)
05-01 19:05:13.469  4255  4255 W System.err: 	at android.view.ViewGroup.dispatchDraw(ViewGroup.java:3513)
05-01 19:05:13.469  4255  4255 W System.err: 	at android.view.View.draw(View.java:17188)
05-01 19:05:13.469  4255  4255 W System.err: 	at com.android.internal.policy.DecorView.draw(DecorView.java:753)
05-01 19:05:13.469  4255  4255 W System.err: 	at android.view.View.updateDisplayListIfDirty(View.java:16167)
05-01 19:05:13.469  4255  4255 W System.err: 	at android.view.ThreadedRenderer.updateViewTreeDisplayList(ThreadedRenderer.java:648)
05-01 19:05:13.469  4255  4255 W System.err: 	at android.view.ThreadedRenderer.updateRootDisplayList(ThreadedRenderer.java:654)
05-01 19:05:13.469  4255  4255 W System.err: 	at android.view.ThreadedRenderer.draw(ThreadedRenderer.java:762)
05-01 19:05:13.469  4255  4255 W System.err: 	at android.view.ViewRootImpl.draw(ViewRootImpl.java:2800)
05-01 19:05:13.469  4255  4255 W System.err: 	at android.view.ViewRootImpl.performDraw(ViewRootImpl.java:2608)
05-01 19:05:13.469  4255  4255 W System.err: 	at android.view.ViewRootImpl.performTraversals(ViewRootImpl.java:2215)
05-01 19:05:13.469  4255  4255 W System.err: 	at android.view.ViewRootImpl.doTraversal(ViewRootImpl.java:1254)
05-01 19:05:13.469  4255  4255 W System.err: 	at android.view.ViewRootImpl$TraversalRunnable.run(ViewRootImpl.java:6337)
05-01 19:05:13.469  4255  4255 W System.err: 	at android.view.Choreographer$CallbackRecord.run(Choreographer.java:874)
05-01 19:05:13.469  4255  4255 W System.err: 	at android.view.Choreographer.doCallbacks(Choreographer.java:686)
05-01 19:05:13.469  4255  4255 W System.err: 	at android.view.Choreographer.doFrame(Choreographer.java:621)
05-01 19:05:13.469  4255  4255 W System.err: 	at android.view.Choreographer$FrameDisplayEventReceiver.run(Choreographer.java:860)
05-01 19:05:13.469  4255  4255 W System.err: 	at android.os.Handler.handleCallback(Handler.java:751)
05-01 19:05:13.469  4255  4255 W System.err: 	at android.os.Handler.dispatchMessage(Handler.java:95)
05-01 19:05:13.469  4255  4255 W System.err: 	at android.os.Looper.loop(Looper.java:154)
05-01 19:05:13.469  4255  4255 W System.err: 	at android.app.ActivityThread.main(ActivityThread.java:6119)
05-01 19:05:13.469  4255  4255 W System.err: 	at java.lang.reflect.Method.invoke(Native Method)
05-01 19:05:13.469  4255  4255 W System.err: 	at com.android.internal.os.ZygoteInit$MethodAndArgsCaller.run(ZygoteInit.java:886)
05-01 19:05:13.469  4255  4255 W System.err: 	at com.android.internal.os.ZygoteInit.main(ZygoteInit.java:776)
05-01 19:05:13.469  4255  4255 W System.err: java.lang.ClassCastException: fr.free.nrw.commons.contributions.MainActivity cannot be cast to fr.free.nrw.commons.category.CategoryDetailsActivity
05-01 19:05:13.470  4255  4255 W System.err: 	at fr.free.nrw.commons.media.MediaDetailPagerFragment.onPageScrolled(MediaDetailPagerFragment.java:358)
05-01 19:05:13.470  4255  4255 W System.err: 	at android.support.v4.view.ViewPager.dispatchOnPageScrolled(ViewPager.java:1924)
05-01 19:05:13.470  4255  4255 W System.err: 	at android.support.v4.view.ViewPager.onPageScrolled(ViewPager.java:1898)
05-01 19:05:13.470  4255  4255 W System.err: 	at android.support.v4.view.ViewPager.pageScrolled(ViewPager.java:1836)
05-01 19:05:13.470  4255  4255 W System.err: 	at android.support.v4.view.ViewPager.computeScroll(ViewPager.java:1796)
05-01 19:05:13.470  4255  4255 W System.err: 	at android.view.View.updateDisplayListIfDirty(View.java:16154)
05-01 19:05:13.470  4255  4255 W System.err: 	at android.view.View.draw(View.java:16951)
05-01 19:05:13.470  4255  4255 W System.err: 	at android.view.ViewGroup.drawChild(ViewGroup.java:3727)
05-01 19:05:13.470  4255  4255 W System.err: 	at android.view.ViewGroup.dispatchDraw(ViewGroup.java:3513)
05-01 19:05:13.470  4255  4255 W System.err: 	at android.view.View.updateDisplayListIfDirty(View.java:16162)
05-01 19:05:13.470  4255  4255 W System.err: 	at android.view.ViewGroup.recreateChildDisplayList(ViewGroup.java:3711)
05-01 19:05:13.470  4255  4255 W System.err: 	at android.view.ViewGroup.dispatchGetDisplayList(ViewGroup.java:3691)
05-01 19:05:13.470  4255  4255 W System.err: 	at android.view.View.updateDisplayListIfDirty(View.java:16130)
05-01 19:05:13.470  4255  4255 W System.err: 	at android.view.ViewGroup.recreateChildDisplayList(ViewGroup.java:3711)
05-01 19:05:13.470  4255  4255 W System.err: 	at android.view.ViewGroup.dispatchGetDisplayList(ViewGroup.java:3691)
05-01 19:05:13.470  4255  4255 W System.err: 	at android.view.View.updateDisplayListIfDirty(View.java:16130)
05-01 19:05:13.470  4255  4255 W System.err: 	at android.view.ViewGroup.recreateChildDisplayList(ViewGroup.java:3711)
05-01 19:05:13.470  4255  4255 W System.err: 	at android.view.ViewGroup.dispatchGetDisplayList(ViewGroup.java:3691)
05-01 19:05:13.470  4255  4255 W System.err: 	at android.view.View.updateDisplayListIfDirty(View.java:16130)
05-01 19:05:13.470  4255  4255 W System.err: 	at android.view.ViewGroup.recreateChildDisplayList(ViewGroup.java:3711)
05-01 19:05:13.470  4255  4255 W System.err: 	at android.view.ViewGroup.dispatchGetDisplayList(ViewGroup.java:3691)
05-01 19:05:13.470  4255  4255 W System.err: 	at android.view.View.updateDisplayListIfDirty(View.java:16130)
05-01 19:05:13.470  4255  4255 W System.err: 	at android.view.View.draw(View.java:16951)
05-01 19:05:13.470  4255  4255 W System.err: 	at android.view.ViewGroup.drawChild(ViewGroup.java:3727)
05-01 19:05:13.470  4255  4255 W System.err: 	at android.view.ViewGroup.dispatchDraw(ViewGroup.java:3513)
05-01 19:05:13.470  4255  4255 W System.err: 	at android.view.View.updateDisplayListIfDirty(View.java:16162)
05-01 19:05:13.470  4255  4255 W System.err: 	at android.view.View.draw(View.java:16951)
05-01 19:05:13.470  4255  4255 W System.err: 	at android.view.ViewGroup.drawChild(ViewGroup.java:3727)
05-01 19:05:13.470  4255  4255 W System.err: 	at android.support.v4.widget.DrawerLayout.drawChild(DrawerLayout.java:1366)
05-01 19:05:13.470  4255  4255 W System.err: 	at android.view.ViewGroup.dispatchDraw(ViewGroup.java:3513)
05-01 19:05:13.470  4255  4255 W System.err: 	at android.view.View.draw(View.java:17188)
05-01 19:05:13.470  4255  4255 W System.err: 	at android.view.View.updateDisplayListIfDirty(View.java:16167)
05-01 19:05:13.470  4255  4255 W System.err: 	at android.view.View.draw(View.java:16951)
05-01 19:05:13.470  4255  4255 W System.err: 	at android.view.ViewGroup.drawChild(ViewGroup.java:3727)
05-01 19:05:13.470  4255  4255 W System.err: 	at android.view.ViewGroup.dispatchDraw(ViewGroup.java:3513)
05-01 19:05:13.470  4255  4255 W System.err: 	at android.view.View.updateDisplayListIfDirty(View.java:16162)
05-01 19:05:13.470  4255  4255 W System.err: 	at android.view.View.draw(View.java:16951)
05-01 19:05:13.470  4255  4255 W System.err: 	at android.view.ViewGroup.drawChild(ViewGroup.java:3727)
05-01 19:05:13.470  4255  4255 W System.err: 	at android.view.ViewGroup.dispatchDraw(ViewGroup.java:3513)
05-01 19:05:13.470  4255  4255 W System.err: 	at android.view.View.updateDisplayListIfDirty(View.java:16162)
05-01 19:05:13.470  4255  4255 W System.err: 	at android.view.View.draw(View.java:16951)
05-01 19:05:13.470  4255  4255 W System.err: 	at android.view.ViewGroup.drawChild(ViewGroup.java:3727)
05-01 19:05:13.470  4255  4255 W System.err: 	at android.view.ViewGroup.dispatchDraw(ViewGroup.java:3513)
05-01 19:05:13.470  4255  4255 W System.err: 	at android.view.View.updateDisplayListIfDirty(View.java:16162)
05-01 19:05:13.470  4255  4255 W System.err: 	at android.view.View.draw(View.java:16951)
05-01 19:05:13.470  4255  4255 W System.err: 	at android.view.ViewGroup.drawChild(ViewGroup.java:3727)
05-01 19:05:13.470  4255  4255 W System.err: 	at android.view.ViewGroup.dispatchDraw(ViewGroup.java:3513)
05-01 19:05:13.470  4255  4255 W System.err: 	at android.view.View.updateDisplayListIfDirty(View.java:16162)
05-01 19:05:13.470  4255  4255 W System.err: 	at android.view.View.draw(View.java:16951)
05-01 19:05:13.470  4255  4255 W System.err: 	at android.view.ViewGroup.drawChild(ViewGroup.java:3727)
05-01 19:05:13.470  4255  4255 W System.err: 	at android.view.ViewGroup.dispatchDraw(ViewGroup.java:3513)
05-01 19:05:13.470  4255  4255 W System.err: 	at android.view.View.draw(View.java:17188)
05-01 19:05:13.470  4255  4255 W System.err: 	at com.android.internal.policy.DecorView.draw(DecorView.java:753)
05-01 19:05:13.470  4255  4255 W System.err: 	at android.view.View.updateDisplayListIfDirty(View.java:16167)
05-01 19:05:13.470  4255  4255 W System.err: 	at android.view.ThreadedRenderer.updateViewTreeDisplayList(ThreadedRenderer.java:648)
05-01 19:05:13.470  4255  4255 W System.err: 	at android.view.ThreadedRenderer.updateRootDisplayList(ThreadedRenderer.java:654)
05-01 19:05:13.470  4255  4255 W System.err: 	at android.view.ThreadedRenderer.draw(ThreadedRenderer.java:762)
05-01 19:05:13.470  4255  4255 W System.err: 	at android.view.ViewRootImpl.draw(ViewRootImpl.java:2800)
05-01 19:05:13.470  4255  4255 W System.err: 	at android.view.ViewRootImpl.performDraw(ViewRootImpl.java:2608)
05-01 19:05:13.470  4255  4255 W System.err: 	at android.view.ViewRootImpl.performTraversals(ViewRootImpl.java:2215)
05-01 19:05:13.470  4255  4255 W System.err: 	at android.view.ViewRootImpl.doTraversal(ViewRootImpl.java:1254)
05-01 19:05:13.470  4255  4255 W System.err: 	at android.view.ViewRootImpl$TraversalRunnable.run(ViewRootImpl.java:6337)
05-01 19:05:13.470  4255  4255 W System.err: 	at android.view.Choreographer$CallbackRecord.run(Choreographer.java:874)
05-01 19:05:13.470  4255  4255 W System.err: 	at android.view.Choreographer.doCallbacks(Choreographer.java:686)
05-01 19:05:13.470  4255  4255 W System.err: 	at android.view.Choreographer.doFrame(Choreographer.java:621)
05-01 19:05:13.471  4255  4255 W System.err: 	at android.view.Choreographer$FrameDisplayEventReceiver.run(Choreographer.java:860)
05-01 19:05:13.471  4255  4255 W System.err: 	at android.os.Handler.handleCallback(Handler.java:751)
05-01 19:05:13.471  4255  4255 W System.err: 	at android.os.Handler.dispatchMessage(Handler.java:95)
05-01 19:05:13.471  4255  4255 W System.err: 	at android.os.Looper.loop(Looper.java:154)
05-01 19:05:13.471  4255  4255 W System.err: 	at android.app.ActivityThread.main(ActivityThread.java:6119)
05-01 19:05:13.471  4255  4255 W System.err: 	at java.lang.reflect.Method.invoke(Native Method)
05-01 19:05:13.471  4255  4255 W System.err: 	at com.android.internal.os.ZygoteInit$MethodAndArgsCaller.run(ZygoteInit.java:886)
05-01 19:05:13.471  4255  4255 W System.err: 	at com.android.internal.os.ZygoteInit.main(ZygoteInit.java:776)
05-01 19:05:13.471  4255  4255 W System.err: java.lang.ClassCastException: fr.free.nrw.commons.contributions.MainActivity cannot be cast to fr.free.nrw.commons.explore.SearchActivity
05-01 19:05:13.472  4255  4255 W System.err: 	at fr.free.nrw.commons.media.MediaDetailPagerFragment.onPageScrolled(MediaDetailPagerFragment.java:363)
05-01 19:05:13.472  4255  4255 W System.err: 	at android.support.v4.view.ViewPager.dispatchOnPageScrolled(ViewPager.java:1924)
05-01 19:05:13.472  4255  4255 W System.err: 	at android.support.v4.view.ViewPager.onPageScrolled(ViewPager.java:1898)
05-01 19:05:13.472  4255  4255 W System.err: 	at android.support.v4.view.ViewPager.pageScrolled(ViewPager.java:1836)
05-01 19:05:13.472  4255  4255 W System.err: 	at android.support.v4.view.ViewPager.computeScroll(ViewPager.java:1796)
05-01 19:05:13.472  4255  4255 W System.err: 	at android.view.View.updateDisplayListIfDirty(View.java:16154)
05-01 19:05:13.472  4255  4255 W System.err: 	at android.view.View.draw(View.java:16951)
05-01 19:05:13.472  4255  4255 W System.err: 	at android.view.ViewGroup.drawChild(ViewGroup.java:3727)
05-01 19:05:13.472  4255  4255 W System.err: 	at android.view.ViewGroup.dispatchDraw(ViewGroup.java:3513)
05-01 19:05:13.472  4255  4255 W System.err: 	at android.view.View.updateDisplayListIfDirty(View.java:16162)
05-01 19:05:13.472  4255  4255 W System.err: 	at android.view.ViewGroup.recreateChildDisplayList(ViewGroup.java:3711)
05-01 19:05:13.472  4255  4255 W System.err: 	at android.view.ViewGroup.dispatchGetDisplayList(ViewGroup.java:3691)
05-01 19:05:13.472  4255  4255 W System.err: 	at android.view.View.updateDisplayListIfDirty(View.java:16130)
05-01 19:05:13.472  4255  4255 W System.err: 	at android.view.ViewGroup.recreateChildDisplayList(ViewGroup.java:3711)
05-01 19:05:13.472  4255  4255 W System.err: 	at android.view.ViewGroup.dispatchGetDisplayList(ViewGroup.java:3691)
05-01 19:05:13.472  4255  4255 W System.err: 	at android.view.View.updateDisplayListIfDirty(View.java:16130)
05-01 19:05:13.472  4255  4255 W System.err: 	at android.view.ViewGroup.recreateChildDisplayList(ViewGroup.java:3711)
05-01 19:05:13.472  4255  4255 W System.err: 	at android.view.ViewGroup.dispatchGetDisplayList(ViewGroup.java:3691)
05-01 19:05:13.472  4255  4255 W System.err: 	at android.view.View.updateDisplayListIfDirty(View.java:16130)
05-01 19:05:13.472  4255  4255 W System.err: 	at android.view.ViewGroup.recreateChildDisplayList(ViewGroup.java:3711)
05-01 19:05:13.472  4255  4255 W System.err: 	at android.view.ViewGroup.dispatchGetDisplayList(ViewGroup.java:3691)
05-01 19:05:13.472  4255  4255 W System.err: 	at android.view.View.updateDisplayListIfDirty(View.java:16130)
05-01 19:05:13.472  4255  4255 W System.err: 	at android.view.View.draw(View.java:16951)
05-01 19:05:13.472  4255  4255 W System.err: 	at android.view.ViewGroup.drawChild(ViewGroup.java:3727)
05-01 19:05:13.472  4255  4255 W System.err: 	at android.view.ViewGroup.dispatchDraw(ViewGroup.java:3513)
05-01 19:05:13.472  4255  4255 W System.err: 	at android.view.View.updateDisplayListIfDirty(View.java:16162)
05-01 19:05:13.472  4255  4255 W System.err: 	at android.view.View.draw(View.java:16951)
05-01 19:05:13.472  4255  4255 W System.err: 	at android.view.ViewGroup.drawChild(ViewGroup.java:3727)
05-01 19:05:13.472  4255  4255 W System.err: 	at android.support.v4.widget.DrawerLayout.drawChild(DrawerLayout.java:1366)
05-01 19:05:13.472  4255  4255 W System.err: 	at android.view.ViewGroup.dispatchDraw(ViewGroup.java:3513)
05-01 19:05:13.472  4255  4255 W System.err: 	at android.view.View.draw(View.java:17188)
05-01 19:05:13.472  4255  4255 W System.err: 	at android.view.View.updateDisplayListIfDirty(View.java:16167)
05-01 19:05:13.472  4255  4255 W System.err: 	at android.view.View.draw(View.java:16951)
05-01 19:05:13.472  4255  4255 W System.err: 	at android.view.ViewGroup.drawChild(ViewGroup.java:3727)
05-01 19:05:13.472  4255  4255 W System.err: 	at android.view.ViewGroup.dispatchDraw(ViewGroup.java:3513)
05-01 19:05:13.472  4255  4255 W System.err: 	at android.view.View.updateDisplayListIfDirty(View.java:16162)
05-01 19:05:13.472  4255  4255 W System.err: 	at android.view.View.draw(View.java:16951)
05-01 19:05:13.472  4255  4255 W System.err: 	at android.view.ViewGroup.drawChild(ViewGroup.java:3727)
05-01 19:05:13.472  4255  4255 W System.err: 	at android.view.ViewGroup.dispatchDraw(ViewGroup.java:3513)
05-01 19:05:13.472  4255  4255 W System.err: 	at android.view.View.updateDisplayListIfDirty(View.java:16162)
05-01 19:05:13.472  4255  4255 W System.err: 	at android.view.View.draw(View.java:16951)
05-01 19:05:13.472  4255  4255 W System.err: 	at android.view.ViewGroup.drawChild(ViewGroup.java:3727)
05-01 19:05:13.472  4255  4255 W System.err: 	at android.view.ViewGroup.dispatchDraw(ViewGroup.java:3513)
05-01 19:05:13.472  4255  4255 W System.err: 	at android.view.View.updateDisplayListIfDirty(View.java:16162)
05-01 19:05:13.472  4255  4255 W System.err: 	at android.view.View.draw(View.java:16951)
05-01 19:05:13.472  4255  4255 W System.err: 	at android.view.ViewGroup.drawChild(ViewGroup.java:3727)
05-01 19:05:13.472  4255  4255 W System.err: 	at android.view.ViewGroup.dispatchDraw(ViewGroup.java:3513)
05-01 19:05:13.472  4255  4255 W System.err: 	at android.view.View.updateDisplayListIfDirty(View.java:16162)
05-01 19:05:13.472  4255  4255 W System.err: 	at android.view.View.draw(View.java:16951)
05-01 19:05:13.472  4255  4255 W System.err: 	at android.view.ViewGroup.drawChild(ViewGroup.java:3727)
05-01 19:05:13.472  4255  4255 W System.err: 	at android.view.ViewGroup.dispatchDraw(ViewGroup.java:3513)
05-01 19:05:13.472  4255  4255 W System.err: 	at android.view.View.draw(View.java:17188)
05-01 19:05:13.472  4255  4255 W System.err: 	at com.android.internal.policy.DecorView.draw(DecorView.java:753)
05-01 19:05:13.472  4255  4255 W System.err: 	at android.view.View.updateDisplayListIfDirty(View.java:16167)
05-01 19:05:13.472  4255  4255 W System.err: 	at android.view.ThreadedRenderer.updateViewTreeDisplayList(ThreadedRenderer.java:648)
05-01 19:05:13.472  4255  4255 W System.err: 	at android.view.ThreadedRenderer.updateRootDisplayList(ThreadedRenderer.java:654)
05-01 19:05:13.472  4255  4255 W System.err: 	at android.view.ThreadedRenderer.draw(ThreadedRenderer.java:762)
05-01 19:05:13.472  4255  4255 W System.err: 	at android.view.ViewRootImpl.draw(ViewRootImpl.java:2800)
05-01 19:05:13.472  4255  4255 W System.err: 	at android.view.ViewRootImpl.performDraw(ViewRootImpl.java:2608)
05-01 19:05:13.472  4255  4255 W System.err: 	at android.view.ViewRootImpl.performTraversals(ViewRootImpl.java:2215)
05-01 19:05:13.472  4255  4255 W System.err: 	at android.view.ViewRootImpl.doTraversal(ViewRootImpl.java:1254)
05-01 19:05:13.472  4255  4255 W System.err: 	at android.view.ViewRootImpl$TraversalRunnable.run(ViewRootImpl.java:6337)
05-01 19:05:13.472  4255  4255 W System.err: 	at android.view.Choreographer$CallbackRecord.run(Choreographer.java:874)
05-01 19:05:13.472  4255  4255 W System.err: 	at android.view.Choreographer.doCallbacks(Choreographer.java:686)
05-01 19:05:13.472  4255  4255 W System.err: 	at android.view.Choreographer.doFrame(Choreographer.java:621)
05-01 19:05:13.472  4255  4255 W System.err: 	at android.view.Choreographer$FrameDisplayEventReceiver.run(Choreographer.java:860)
05-01 19:05:13.472  4255  4255 W System.err: 	at android.os.Handler.handleCallback(Handler.java:751)
05-01 19:05:13.472  4255  4255 W System.err: 	at android.os.Handler.dispatchMessage(Handler.java:95)
05-01 19:05:13.472  4255  4255 W System.err: 	at android.os.Looper.loop(Looper.java:154)
05-01 19:05:13.473  4255  4255 W System.err: 	at android.app.ActivityThread.main(ActivityThread.java:6119)
05-01 19:05:13.473  4255  4255 W System.err: 	at java.lang.reflect.Method.invoke(Native Method)
05-01 19:05:13.473  4255  4255 W System.err: 	at com.android.internal.os.ZygoteInit$MethodAndArgsCaller.run(ZygoteInit.java:886)
05-01 19:05:13.473  4255  4255 W System.err: 	at com.android.internal.os.ZygoteInit.main(ZygoteInit.java:776)
05-01 19:05:34.903  4255  4255 W System.err: java.lang.ClassCastException: fr.free.nrw.commons.contributions.MainActivity cannot be cast to fr.free.nrw.commons.category.CategoryImagesActivity
05-01 19:05:34.903  4255  4255 W System.err: 	at fr.free.nrw.commons.media.MediaDetailPagerFragment.onPageScrolled(MediaDetailPagerFragment.java:353)
05-01 19:05:34.903  4255  4255 W System.err: 	at android.support.v4.view.ViewPager.dispatchOnPageScrolled(ViewPager.java:1924)
05-01 19:05:34.903  4255  4255 W System.err: 	at android.support.v4.view.ViewPager.onPageScrolled(ViewPager.java:1898)
05-01 19:05:34.903  4255  4255 W System.err: 	at android.support.v4.view.ViewPager.pageScrolled(ViewPager.java:1836)
05-01 19:05:34.903  4255  4255 W System.err: 	at android.support.v4.view.ViewPager.computeScroll(ViewPager.java:1796)
05-01 19:05:34.903  4255  4255 W System.err: 	at android.view.View.updateDisplayListIfDirty(View.java:16154)
05-01 19:05:34.903  4255  4255 W System.err: 	at android.view.View.draw(View.java:16951)
05-01 19:05:34.903  4255  4255 W System.err: 	at android.view.ViewGroup.drawChild(ViewGroup.java:3727)
05-01 19:05:34.903  4255  4255 W System.err: 	at android.view.ViewGroup.dispatchDraw(ViewGroup.java:3513)
05-01 19:05:34.903  4255  4255 W System.err: 	at android.view.View.updateDisplayListIfDirty(View.java:16162)
05-01 19:05:34.903  4255  4255 W System.err: 	at android.view.ViewGroup.recreateChildDisplayList(ViewGroup.java:3711)
05-01 19:05:34.903  4255  4255 W System.err: 	at android.view.ViewGroup.dispatchGetDisplayList(ViewGroup.java:3691)
05-01 19:05:34.903  4255  4255 W System.err: 	at android.view.View.updateDisplayListIfDirty(View.java:16130)
05-01 19:05:34.903  4255  4255 W System.err: 	at android.view.ViewGroup.recreateChildDisplayList(ViewGroup.java:3711)
05-01 19:05:34.903  4255  4255 W System.err: 	at android.view.ViewGroup.dispatchGetDisplayList(ViewGroup.java:3691)
05-01 19:05:34.903  4255  4255 W System.err: 	at android.view.View.updateDisplayListIfDirty(View.java:16130)
05-01 19:05:34.903  4255  4255 W System.err: 	at android.view.ViewGroup.recreateChildDisplayList(ViewGroup.java:3711)
05-01 19:05:34.903  4255  4255 W System.err: 	at android.view.ViewGroup.dispatchGetDisplayList(ViewGroup.java:3691)
05-01 19:05:34.903  4255  4255 W System.err: 	at android.view.View.updateDisplayListIfDirty(View.java:16130)
05-01 19:05:34.903  4255  4255 W System.err: 	at android.view.ViewGroup.recreateChildDisplayList(ViewGroup.java:3711)
05-01 19:05:34.903  4255  4255 W System.err: 	at android.view.ViewGroup.dispatchGetDisplayList(ViewGroup.java:3691)
05-01 19:05:34.903  4255  4255 W System.err: 	at android.view.View.updateDisplayListIfDirty(View.java:16130)
05-01 19:05:34.903  4255  4255 W System.err: 	at android.view.View.draw(View.java:16951)
05-01 19:05:34.903  4255  4255 W System.err: 	at android.view.ViewGroup.drawChild(ViewGroup.java:3727)
05-01 19:05:34.903  4255  4255 W System.err: 	at android.view.ViewGroup.dispatchDraw(ViewGroup.java:3513)
05-01 19:05:34.903  4255  4255 W System.err: 	at android.view.View.updateDisplayListIfDirty(View.java:16162)
05-01 19:05:34.903  4255  4255 W System.err: 	at android.view.View.draw(View.java:16951)
05-01 19:05:34.903  4255  4255 W System.err: 	at android.view.ViewGroup.drawChild(ViewGroup.java:3727)
05-01 19:05:34.903  4255  4255 W System.err: 	at android.support.v4.widget.DrawerLayout.drawChild(DrawerLayout.java:1366)
05-01 19:05:34.903  4255  4255 W System.err: 	at android.view.ViewGroup.dispatchDraw(ViewGroup.java:3513)
05-01 19:05:34.903  4255  4255 W System.err: 	at android.view.View.draw(View.java:17188)
05-01 19:05:34.903  4255  4255 W System.err: 	at android.view.View.updateDisplayListIfDirty(View.java:16167)
05-01 19:05:34.903  4255  4255 W System.err: 	at android.view.View.draw(View.java:16951)
05-01 19:05:34.903  4255  4255 W System.err: 	at android.view.ViewGroup.drawChild(ViewGroup.java:3727)
05-01 19:05:34.903  4255  4255 W System.err: 	at android.view.ViewGroup.dispatchDraw(ViewGroup.java:3513)
05-01 19:05:34.903  4255  4255 W System.err: 	at android.view.View.updateDisplayListIfDirty(View.java:16162)
05-01 19:05:34.903  4255  4255 W System.err: 	at android.view.View.draw(View.java:16951)
05-01 19:05:34.903  4255  4255 W System.err: 	at android.view.ViewGroup.drawChild(ViewGroup.java:3727)
05-01 19:05:34.903  4255  4255 W System.err: 	at android.view.ViewGroup.dispatchDraw(ViewGroup.java:3513)
05-01 19:05:34.903  4255  4255 W System.err: 	at android.view.View.updateDisplayListIfDirty(View.java:16162)
05-01 19:05:34.903  4255  4255 W System.err: 	at android.view.View.draw(View.java:16951)
05-01 19:05:34.903  4255  4255 W System.err: 	at android.view.ViewGroup.drawChild(ViewGroup.java:3727)
05-01 19:05:34.903  4255  4255 W System.err: 	at android.view.ViewGroup.dispatchDraw(ViewGroup.java:3513)
05-01 19:05:34.903  4255  4255 W System.err: 	at android.view.View.updateDisplayListIfDirty(View.java:16162)
05-01 19:05:34.903  4255  4255 W System.err: 	at android.view.View.draw(View.java:16951)
05-01 19:05:34.904  4255  4255 W System.err: 	at android.view.ViewGroup.drawChild(ViewGroup.java:3727)
05-01 19:05:34.904  4255  4255 W System.err: 	at android.view.ViewGroup.dispatchDraw(ViewGroup.java:3513)
05-01 19:05:34.904  4255  4255 W System.err: 	at android.view.View.updateDisplayListIfDirty(View.java:16162)
05-01 19:05:34.904  4255  4255 W System.err: 	at android.view.View.draw(View.java:16951)
05-01 19:05:34.904  4255  4255 W System.err: 	at android.view.ViewGroup.drawChild(ViewGroup.java:3727)
05-01 19:05:34.904  4255  4255 W System.err: 	at android.view.ViewGroup.dispatchDraw(ViewGroup.java:3513)
05-01 19:05:34.904  4255  4255 W System.err: 	at android.view.View.draw(View.java:17188)
05-01 19:05:34.904  4255  4255 W System.err: 	at com.android.internal.policy.DecorView.draw(DecorView.java:753)
05-01 19:05:34.904  4255  4255 W System.err: 	at android.view.View.updateDisplayListIfDirty(View.java:16167)
05-01 19:05:34.904  4255  4255 W System.err: 	at android.view.ThreadedRenderer.updateViewTreeDisplayList(ThreadedRenderer.java:648)
05-01 19:05:34.904  4255  4255 W System.err: 	at android.view.ThreadedRenderer.updateRootDisplayList(ThreadedRenderer.java:654)
05-01 19:05:34.904  4255  4255 W System.err: 	at android.view.ThreadedRenderer.draw(ThreadedRenderer.java:762)
05-01 19:05:34.904  4255  4255 W System.err: 	at android.view.ViewRootImpl.draw(ViewRootImpl.java:2800)
05-01 19:05:34.904  4255  4255 W System.err: 	at android.view.ViewRootImpl.performDraw(ViewRootImpl.java:2608)
05-01 19:05:34.904  4255  4255 W System.err: 	at android.view.ViewRootImpl.performTraversals(ViewRootImpl.java:2215)
05-01 19:05:34.904  4255  4255 W System.err: 	at android.view.ViewRootImpl.doTraversal(ViewRootImpl.java:1254)
05-01 19:05:34.904  4255  4255 W System.err: 	at android.view.ViewRootImpl$TraversalRunnable.run(ViewRootImpl.java:6337)
05-01 19:05:34.904  4255  4255 W System.err: 	at android.view.Choreographer$CallbackRecord.run(Choreographer.java:874)
05-01 19:05:34.904  4255  4255 W System.err: 	at android.view.Choreographer.doCallbacks(Choreographer.java:686)
05-01 19:05:34.904  4255  4255 W System.err: 	at android.view.Choreographer.doFrame(Choreographer.java:621)
05-01 19:05:34.904  4255  4255 W System.err: 	at android.view.Choreographer$FrameDisplayEventReceiver.run(Choreographer.java:860)
05-01 19:05:34.904  4255  4255 W System.err: 	at android.os.Handler.handleCallback(Handler.java:751)
05-01 19:05:34.904  4255  4255 W System.err: 	at android.os.Handler.dispatchMessage(Handler.java:95)
05-01 19:05:34.904  4255  4255 W System.err: 	at android.os.Looper.loop(Looper.java:154)
05-01 19:05:34.904  4255  4255 W System.err: 	at android.app.ActivityThread.main(ActivityThread.java:6119)
05-01 19:05:34.904  4255  4255 W System.err: 	at java.lang.reflect.Method.invoke(Native Method)
05-01 19:05:34.904  4255  4255 W System.err: 	at com.android.internal.os.ZygoteInit$MethodAndArgsCaller.run(ZygoteInit.java:886)
05-01 19:05:34.904  4255  4255 W System.err: 	at com.android.internal.os.ZygoteInit.main(ZygoteInit.java:776)
05-01 19:05:34.904  4255  4255 W System.err: java.lang.ClassCastException: fr.free.nrw.commons.contributions.MainActivity cannot be cast to fr.free.nrw.commons.category.CategoryDetailsActivity
05-01 19:05:34.904  4255  4255 W System.err: 	at fr.free.nrw.commons.media.MediaDetailPagerFragment.onPageScrolled(MediaDetailPagerFragment.java:358)
05-01 19:05:34.904  4255  4255 W System.err: 	at android.support.v4.view.ViewPager.dispatchOnPageScrolled(ViewPager.java:1924)
05-01 19:05:34.904  4255  4255 W System.err: 	at android.support.v4.view.ViewPager.onPageScrolled(ViewPager.java:1898)
05-01 19:05:34.904  4255  4255 W System.err: 	at android.support.v4.view.ViewPager.pageScrolled(ViewPager.java:1836)
05-01 19:05:34.904  4255  4255 W System.err: 	at android.support.v4.view.ViewPager.computeScroll(ViewPager.java:1796)
05-01 19:05:34.904  4255  4255 W System.err: 	at android.view.View.updateDisplayListIfDirty(View.java:16154)
05-01 19:05:34.904  4255  4255 W System.err: 	at android.view.View.draw(View.java:16951)
05-01 19:05:34.905  4255  4255 W System.err: 	at android.view.ViewGroup.drawChild(ViewGroup.java:3727)
05-01 19:05:34.905  4255  4255 W System.err: 	at android.view.ViewGroup.dispatchDraw(ViewGroup.java:3513)
05-01 19:05:34.905  4255  4255 W System.err: 	at android.view.View.updateDisplayListIfDirty(View.java:16162)
05-01 19:05:34.905  4255  4255 W System.err: 	at android.view.ViewGroup.recreateChildDisplayList(ViewGroup.java:3711)
05-01 19:05:34.905  4255  4255 W System.err: 	at android.view.ViewGroup.dispatchGetDisplayList(ViewGroup.java:3691)
05-01 19:05:34.905  4255  4255 W System.err: 	at android.view.View.updateDisplayListIfDirty(View.java:16130)
05-01 19:05:34.905  4255  4255 W System.err: 	at android.view.ViewGroup.recreateChildDisplayList(ViewGroup.java:3711)
05-01 19:05:34.905  4255  4255 W System.err: 	at android.view.ViewGroup.dispatchGetDisplayList(ViewGroup.java:3691)
05-01 19:05:34.905  4255  4255 W System.err: 	at android.view.View.updateDisplayListIfDirty(View.java:16130)
05-01 19:05:34.905  4255  4255 W System.err: 	at android.view.ViewGroup.recreateChildDisplayList(ViewGroup.java:3711)
05-01 19:05:34.905  4255  4255 W System.err: 	at android.view.ViewGroup.dispatchGetDisplayList(ViewGroup.java:3691)
05-01 19:05:34.905  4255  4255 W System.err: 	at android.view.View.updateDisplayListIfDirty(View.java:16130)
05-01 19:05:34.905  4255  4255 W System.err: 	at android.view.ViewGroup.recreateChildDisplayList(ViewGroup.java:3711)
05-01 19:05:34.905  4255  4255 W System.err: 	at android.view.ViewGroup.dispatchGetDisplayList(ViewGroup.java:3691)
05-01 19:05:34.905  4255  4255 W System.err: 	at android.view.View.updateDisplayListIfDirty(View.java:16130)
05-01 19:05:34.905  4255  4255 W System.err: 	at android.view.View.draw(View.java:16951)
05-01 19:05:34.905  4255  4255 W System.err: 	at android.view.ViewGroup.drawChild(ViewGroup.java:3727)
05-01 19:05:34.905  4255  4255 W System.err: 	at android.view.ViewGroup.dispatchDraw(ViewGroup.java:3513)
05-01 19:05:34.905  4255  4255 W System.err: 	at android.view.View.updateDisplayListIfDirty(View.java:16162)
05-01 19:05:34.905  4255  4255 W System.err: 	at android.view.View.draw(View.java:16951)
05-01 19:05:34.905  4255  4255 W System.err: 	at android.view.ViewGroup.drawChild(ViewGroup.java:3727)
05-01 19:05:34.905  4255  4255 W System.err: 	at android.support.v4.widget.DrawerLayout.drawChild(DrawerLayout.java:1366)
05-01 19:05:34.905  4255  4255 W System.err: 	at android.view.ViewGroup.dispatchDraw(ViewGroup.java:3513)
05-01 19:05:34.905  4255  4255 W System.err: 	at android.view.View.draw(View.java:17188)
05-01 19:05:34.905  4255  4255 W System.err: 	at android.view.View.updateDisplayListIfDirty(View.java:16167)
05-01 19:05:34.905  4255  4255 W System.err: 	at android.view.View.draw(View.java:16951)
05-01 19:05:34.905  4255  4255 W System.err: 	at android.view.ViewGroup.drawChild(ViewGroup.java:3727)
05-01 19:05:34.905  4255  4255 W System.err: 	at android.view.ViewGroup.dispatchDraw(ViewGroup.java:3513)
05-01 19:05:34.905  4255  4255 W System.err: 	at android.view.View.updateDisplayListIfDirty(View.java:16162)
05-01 19:05:34.905  4255  4255 W System.err: 	at android.view.View.draw(View.java:16951)
05-01 19:05:34.905  4255  4255 W System.err: 	at android.view.ViewGroup.drawChild(ViewGroup.java:3727)
05-01 19:05:34.905  4255  4255 W System.err: 	at android.view.ViewGroup.dispatchDraw(ViewGroup.java:3513)
05-01 19:05:34.905  4255  4255 W System.err: 	at android.view.View.updateDisplayListIfDirty(View.java:16162)
05-01 19:05:34.905  4255  4255 W System.err: 	at android.view.View.draw(View.java:16951)
05-01 19:05:34.905  4255  4255 W System.err: 	at android.view.ViewGroup.drawChild(ViewGroup.java:3727)
05-01 19:05:34.905  4255  4255 W System.err: 	at android.view.ViewGroup.dispatchDraw(ViewGroup.java:3513)
05-01 19:05:34.905  4255  4255 W System.err: 	at android.view.View.updateDisplayListIfDirty(View.java:16162)
05-01 19:05:34.906  4255  4255 W System.err: 	at android.view.View.draw(View.java:16951)
05-01 19:05:34.906  4255  4255 W System.err: 	at android.view.ViewGroup.drawChild(ViewGroup.java:3727)
05-01 19:05:34.906  4255  4255 W System.err: 	at android.view.ViewGroup.dispatchDraw(ViewGroup.java:3513)
05-01 19:05:34.906  4255  4255 W System.err: 	at android.view.View.updateDisplayListIfDirty(View.java:16162)
05-01 19:05:34.906  4255  4255 W System.err: 	at android.view.View.draw(View.java:16951)
05-01 19:05:34.906  4255  4255 W System.err: 	at android.view.ViewGroup.drawChild(ViewGroup.java:3727)
05-01 19:05:34.916  4255  4255 W System.err: 	at android.view.ViewGroup.dispatchDraw(ViewGroup.java:3513)
05-01 19:05:34.916  4255  4255 W System.err: 	at android.view.View.draw(View.java:17188)
05-01 19:05:34.916  4255  4255 W System.err: 	at com.android.internal.policy.DecorView.draw(DecorView.java:753)
05-01 19:05:34.916  4255  4255 W System.err: 	at android.view.View.updateDisplayListIfDirty(View.java:16167)
05-01 19:05:34.916  4255  4255 W System.err: 	at android.view.ThreadedRenderer.updateViewTreeDisplayList(ThreadedRenderer.java:648)
05-01 19:05:34.916  4255  4255 W System.err: 	at android.view.ThreadedRenderer.updateRootDisplayList(ThreadedRenderer.java:654)
05-01 19:05:34.916  4255  4255 W System.err: 	at android.view.ThreadedRenderer.draw(ThreadedRenderer.java:762)
05-01 19:05:34.916  4255  4255 W System.err: 	at android.view.ViewRootImpl.draw(ViewRootImpl.java:2800)
05-01 19:05:34.916  4255  4255 W System.err: 	at android.view.ViewRootImpl.performDraw(ViewRootImpl.java:2608)
05-01 19:05:34.916  4255  4255 W System.err: 	at android.view.ViewRootImpl.performTraversals(ViewRootImpl.java:2215)
05-01 19:05:34.916  4255  4255 W System.err: 	at android.view.ViewRootImpl.doTraversal(ViewRootImpl.java:1254)
05-01 19:05:34.916  4255  4255 W System.err: 	at android.view.ViewRootImpl$TraversalRunnable.run(ViewRootImpl.java:6337)
05-01 19:05:34.916  4255  4255 W System.err: 	at android.view.Choreographer$CallbackRecord.run(Choreographer.java:874)
05-01 19:05:34.916  4255  4255 W System.err: 	at android.view.Choreographer.doCallbacks(Choreographer.java:686)
05-01 19:05:34.916  4255  4255 W System.err: 	at android.view.Choreographer.doFrame(Choreographer.java:621)
05-01 19:05:34.916  4255  4255 W System.err: 	at android.view.Choreographer$FrameDisplayEventReceiver.run(Choreographer.java:860)
05-01 19:05:34.916  4255  4255 W System.err: 	at android.os.Handler.handleCallback(Handler.java:751)
05-01 19:05:34.916  4255  4255 W System.err: 	at android.os.Handler.dispatchMessage(Handler.java:95)
05-01 19:05:34.917  4255  4255 W System.err: 	at android.os.Looper.loop(Looper.java:154)
05-01 19:05:34.917  4255  4255 W System.err: 	at android.app.ActivityThread.main(ActivityThread.java:6119)
05-01 19:05:34.917  4255  4255 W System.err: 	at java.lang.reflect.Method.invoke(Native Method)
05-01 19:05:34.917  4255  4255 W System.err: 	at com.android.internal.os.ZygoteInit$MethodAndArgsCaller.run(ZygoteInit.java:886)
05-01 19:05:34.917  4255  4255 W System.err: 	at com.android.internal.os.ZygoteInit.main(ZygoteInit.java:776)
05-01 19:05:34.917  4255  4255 W System.err: java.lang.ClassCastException: fr.free.nrw.commons.contributions.MainActivity cannot be cast to fr.free.nrw.commons.explore.SearchActivity
05-01 19:05:34.917  4255  4255 W System.err: 	at fr.free.nrw.commons.media.MediaDetailPagerFragment.onPageScrolled(MediaDetailPagerFragment.java:363)
05-01 19:05:34.917  4255  4255 W System.err: 	at android.support.v4.view.ViewPager.dispatchOnPageScrolled(ViewPager.java:1924)
05-01 19:05:34.917  4255  4255 W System.err: 	at android.support.v4.view.ViewPager.onPageScrolled(ViewPager.java:1898)
05-01 19:05:34.917  4255  4255 W System.err: 	at android.support.v4.view.ViewPager.pageScrolled(ViewPager.java:1836)
05-01 19:05:34.917  4255  4255 W System.err: 	at android.support.v4.view.ViewPager.computeScroll(ViewPager.java:1796)
05-01 19:05:34.917  4255  4255 W System.err: 	at android.view.View.updateDisplayListIfDirty(View.java:16154)
05-01 19:05:34.917  4255  4255 W System.err: 	at android.view.View.draw(View.java:16951)
05-01 19:05:34.917  4255  4255 W System.err: 	at android.view.ViewGroup.drawChild(ViewGroup.java:3727)
05-01 19:05:34.917  4255  4255 W System.err: 	at android.view.ViewGroup.dispatchDraw(ViewGroup.java:3513)
05-01 19:05:34.917  4255  4255 W System.err: 	at android.view.View.updateDisplayListIfDirty(View.java:16162)
05-01 19:05:34.917  4255  4255 W System.err: 	at android.view.ViewGroup.recreateChildDisplayList(ViewGroup.java:3711)
05-01 19:05:34.917  4255  4255 W System.err: 	at android.view.ViewGroup.dispatchGetDisplayList(ViewGroup.java:3691)
05-01 19:05:34.917  4255  4255 W System.err: 	at android.view.View.updateDisplayListIfDirty(View.java:16130)
05-01 19:05:34.917  4255  4255 W System.err: 	at android.view.ViewGroup.recreateChildDisplayList(ViewGroup.java:3711)
05-01 19:05:34.917  4255  4255 W System.err: 	at android.view.ViewGroup.dispatchGetDisplayList(ViewGroup.java:3691)
05-01 19:05:34.917  4255  4255 W System.err: 	at android.view.View.updateDisplayListIfDirty(View.java:16130)
05-01 19:05:34.917  4255  4255 W System.err: 	at android.view.ViewGroup.recreateChildDisplayList(ViewGroup.java:3711)
05-01 19:05:34.917  4255  4255 W System.err: 	at android.view.ViewGroup.dispatchGetDisplayList(ViewGroup.java:3691)
05-01 19:05:34.917  4255  4255 W System.err: 	at android.view.View.updateDisplayListIfDirty(View.java:16130)
05-01 19:05:34.917  4255  4255 W System.err: 	at android.view.ViewGroup.recreateChildDisplayList(ViewGroup.java:3711)
05-01 19:05:34.917  4255  4255 W System.err: 	at android.view.ViewGroup.dispatchGetDisplayList(ViewGroup.java:3691)
05-01 19:05:34.917  4255  4255 W System.err: 	at android.view.View.updateDisplayListIfDirty(View.java:16130)
05-01 19:05:34.917  4255  4255 W System.err: 	at android.view.View.draw(View.java:16951)
05-01 19:05:34.917  4255  4255 W System.err: 	at android.view.ViewGroup.drawChild(ViewGroup.java:3727)
05-01 19:05:34.917  4255  4255 W System.err: 	at android.view.ViewGroup.dispatchDraw(ViewGroup.java:3513)
05-01 19:05:34.918  4255  4255 W System.err: 	at android.view.View.updateDisplayListIfDirty(View.java:16162)
05-01 19:05:34.918  4255  4255 W System.err: 	at android.view.View.draw(View.java:16951)
05-01 19:05:34.918  4255  4255 W System.err: 	at android.view.ViewGroup.drawChild(ViewGroup.java:3727)
05-01 19:05:34.918  4255  4255 W System.err: 	at android.support.v4.widget.DrawerLayout.drawChild(DrawerLayout.java:1366)
05-01 19:05:34.918  4255  4255 W System.err: 	at android.view.ViewGroup.dispatchDraw(ViewGroup.java:3513)
05-01 19:05:34.918  4255  4255 W System.err: 	at android.view.View.draw(View.java:17188)
05-01 19:05:34.918  4255  4255 W System.err: 	at android.view.View.updateDisplayListIfDirty(View.java:16167)
05-01 19:05:34.918  4255  4255 W System.err: 	at android.view.View.draw(View.java:16951)
05-01 19:05:34.918  4255  4255 W System.err: 	at android.view.ViewGroup.drawChild(ViewGroup.java:3727)
05-01 19:05:34.918  4255  4255 W System.err: 	at android.view.ViewGroup.dispatchDraw(ViewGroup.java:3513)
05-01 19:05:34.918  4255  4255 W System.err: 	at android.view.View.updateDisplayListIfDirty(View.java:16162)
05-01 19:05:34.918  4255  4255 W System.err: 	at android.view.View.draw(View.java:16951)
05-01 19:05:34.918  4255  4255 W System.err: 	at android.view.ViewGroup.drawChild(ViewGroup.java:3727)
05-01 19:05:34.918  4255  4255 W System.err: 	at android.view.ViewGroup.dispatchDraw(ViewGroup.java:3513)
05-01 19:05:34.918  4255  4255 W System.err: 	at android.view.View.updateDisplayListIfDirty(View.java:16162)
05-01 19:05:34.918  4255  4255 W System.err: 	at android.view.View.draw(View.java:16951)
05-01 19:05:34.918  4255  4255 W System.err: 	at android.view.ViewGroup.drawChild(ViewGroup.java:3727)
05-01 19:05:34.918  4255  4255 W System.err: 	at android.view.ViewGroup.dispatchDraw(ViewGroup.java:3513)
05-01 19:05:34.918  4255  4255 W System.err: 	at android.view.View.updateDisplayListIfDirty(View.java:16162)
05-01 19:05:34.918  4255  4255 W System.err: 	at android.view.View.draw(View.java:16951)
05-01 19:05:34.918  4255  4255 W System.err: 	at android.view.ViewGroup.drawChild(ViewGroup.java:3727)
05-01 19:05:34.918  4255  4255 W System.err: 	at android.view.ViewGroup.dispatchDraw(ViewGroup.java:3513)
05-01 19:05:34.918  4255  4255 W System.err: 	at android.view.View.updateDisplayListIfDirty(View.java:16162)
05-01 19:05:34.918  4255  4255 W System.err: 	at android.view.View.draw(View.java:16951)
05-01 19:05:34.918  4255  4255 W System.err: 	at android.view.ViewGroup.drawChild(ViewGroup.java:3727)
05-01 19:05:34.918  4255  4255 W System.err: 	at android.view.ViewGroup.dispatchDraw(ViewGroup.java:3513)
05-01 19:05:34.918  4255  4255 W System.err: 	at android.view.View.draw(View.java:17188)
05-01 19:05:34.918  4255  4255 W System.err: 	at com.android.internal.policy.DecorView.draw(DecorView.java:753)
05-01 19:05:34.918  4255  4255 W System.err: 	at android.view.View.updateDisplayListIfDirty(View.java:16167)
05-01 19:05:34.918  4255  4255 W System.err: 	at android.view.ThreadedRenderer.updateViewTreeDisplayList(ThreadedRenderer.java:648)
05-01 19:05:34.918  4255  4255 W System.err: 	at android.view.ThreadedRenderer.updateRootDisplayList(ThreadedRenderer.java:654)
05-01 19:05:34.918  4255  4255 W System.err: 	at android.view.ThreadedRenderer.draw(ThreadedRenderer.java:762)
05-01 19:05:34.918  4255  4255 W System.err: 	at android.view.ViewRootImpl.draw(ViewRootImpl.java:2800)
05-01 19:05:34.918  4255  4255 W System.err: 	at android.view.ViewRootImpl.performDraw(ViewRootImpl.java:2608)
05-01 19:05:34.918  4255  4255 W System.err: 	at android.view.ViewRootImpl.performTraversals(ViewRootImpl.java:2215)
05-01 19:05:34.918  4255  4255 W System.err: 	at android.view.ViewRootImpl.doTraversal(ViewRootImpl.java:1254)
05-01 19:05:34.918  4255  4255 W System.err: 	at android.view.ViewRootImpl$TraversalRunnable.run(ViewRootImpl.java:6337)
05-01 19:05:34.918  4255  4255 W System.err: 	at android.view.Choreographer$CallbackRecord.run(Choreographer.java:874)
05-01 19:05:34.918  4255  4255 W System.err: 	at android.view.Choreographer.doCallbacks(Choreographer.java:686)
05-01 19:05:34.918  4255  4255 W System.err: 	at android.view.Choreographer.doFrame(Choreographer.java:621)
05-01 19:05:34.918  4255  4255 W System.err: 	at android.view.Choreographer$FrameDisplayEventReceiver.run(Choreographer.java:860)
05-01 19:05:34.918  4255  4255 W System.err: 	at android.os.Handler.handleCallback(Handler.java:751)
05-01 19:05:34.918  4255  4255 W System.err: 	at android.os.Handler.dispatchMessage(Handler.java:95)
05-01 19:05:34.919  4255  4255 W System.err: 	at android.os.Looper.loop(Looper.java:154)
05-01 19:05:34.919  4255  4255 W System.err: 	at android.app.ActivityThread.main(ActivityThread.java:6119)
05-01 19:05:34.919  4255  4255 W System.err: 	at java.lang.reflect.Method.invoke(Native Method)
05-01 19:05:34.919  4255  4255 W System.err: 	at com.android.internal.os.ZygoteInit$MethodAndArgsCaller.run(ZygoteInit.java:886)
05-01 19:05:34.919  4255  4255 W System.err: 	at com.android.internal.os.ZygoteInit.main(ZygoteInit.java:776)
05-01 19:06:22.706  5255  5255 W System.err: java.io.FileNotFoundException: /jacoco.exec (Read-only file system)
05-01 19:06:22.706  5255  5255 W System.err: 	at java.io.FileOutputStream.open(Native Method)
05-01 19:06:22.706  5255  5255 W System.err: 	at java.io.FileOutputStream.<init>(FileOutputStream.java:221)
05-01 19:06:22.706  5255  5255 W System.err: 	at org.jacoco.agent.rt.internal_8ff85ea.output.FileOutput.openFile(FileOutput.java:67)
05-01 19:06:22.706  5255  5255 W System.err: 	at org.jacoco.agent.rt.internal_8ff85ea.output.FileOutput.startup(FileOutput.java:49)
05-01 19:06:22.706  5255  5255 W System.err: 	at org.jacoco.agent.rt.internal_8ff85ea.Agent.startup(Agent.java:122)
05-01 19:06:22.706  5255  5255 W System.err: 	at org.jacoco.agent.rt.internal_8ff85ea.Agent.getInstance(Agent.java:50)
05-01 19:06:22.706  5255  5255 W System.err: 	at org.jacoco.agent.rt.internal_8ff85ea.Offline.<clinit>(Offline.java:31)
05-01 19:06:22.706  5255  5255 W System.err: 	at org.jacoco.agent.rt.internal_8ff85ea.Offline.getProbes(Offline.java:51)
05-01 19:06:22.706  5255  5255 W System.err: 	at fr.free.nrw.commons.CommonsApplication.$jacocoInit(CommonsApplication.java)
05-01 19:06:22.706  5255  5255 W System.err: 	at fr.free.nrw.commons.CommonsApplication.<init>(CommonsApplication.java)
05-01 19:06:22.706  5255  5255 W System.err: 	at java.lang.Class.newInstance(Native Method)
05-01 19:06:22.706  5255  5255 W System.err: 	at android.app.Instrumentation.newApplication(Instrumentation.java:1007)
05-01 19:06:22.706  5255  5255 W System.err: 	at android.app.Instrumentation.newApplication(Instrumentation.java:992)
05-01 19:06:22.706  5255  5255 W System.err: 	at android.app.LoadedApk.makeApplication(LoadedApk.java:796)
05-01 19:06:22.706  5255  5255 W System.err: 	at android.app.ActivityThread.handleBindApplication(ActivityThread.java:5377)
05-01 19:06:22.706  5255  5255 W System.err: 	at android.app.ActivityThread.-wrap2(ActivityThread.java)
05-01 19:06:22.706  5255  5255 W System.err: 	at android.app.ActivityThread$H.handleMessage(ActivityThread.java:1545)
05-01 19:06:22.706  5255  5255 W System.err: 	at android.os.Handler.dispatchMessage(Handler.java:102)
05-01 19:06:22.706  5255  5255 W System.err: 	at android.os.Looper.loop(Looper.java:154)
05-01 19:06:22.707  5255  5255 W System.err: 	at android.app.ActivityThread.main(ActivityThread.java:6119)
05-01 19:06:22.707  5255  5255 W System.err: 	at java.lang.reflect.Method.invoke(Native Method)
05-01 19:06:22.707  5255  5255 W System.err: 	at com.android.internal.os.ZygoteInit$MethodAndArgsCaller.run(ZygoteInit.java:886)
05-01 19:06:22.707  5255  5255 W System.err: 	at com.android.internal.os.ZygoteInit.main(ZygoteInit.java:776)
05-01 19:06:41.495  4255  5127 W System.err: io.reactivex.exceptions.UndeliverableException: java.io.InterruptedIOException
05-01 19:06:41.495  4255  5127 W System.err: 	at io.reactivex.plugins.RxJavaPlugins.onError(RxJavaPlugins.java:367)
05-01 19:06:41.495  4255  5127 W System.err: 	at io.reactivex.internal.operators.single.SingleFromCallable.subscribeActual(SingleFromCallable.java:50)
05-01 19:06:41.495  4255  5127 W System.err: 	at io.reactivex.Single.subscribe(Single.java:3394)
05-01 19:06:41.495  4255  5127 W System.err: 	at com.tspoon.traceur.SingleOnAssembly.subscribeActual(SingleOnAssembly.java:43)
05-01 19:06:41.495  4255  5127 W System.err: 	at io.reactivex.Single.subscribe(Single.java:3394)
05-01 19:06:41.495  4255  5127 W System.err: 	at io.reactivex.internal.operators.single.SingleObserveOn.subscribeActual(SingleObserveOn.java:35)
05-01 19:06:41.495  4255  5127 W System.err: 	at io.reactivex.Single.subscribe(Single.java:3394)
05-01 19:06:41.495  4255  5127 W System.err: 	at com.tspoon.traceur.SingleOnAssembly.subscribeActual(SingleOnAssembly.java:43)
05-01 19:06:41.495  4255  5127 W System.err: 	at io.reactivex.Single.subscribe(Single.java:3394)
05-01 19:06:41.495  4255  5127 W System.err: 	at io.reactivex.internal.operators.single.SingleSubscribeOn$SubscribeOnObserver.run(SingleSubscribeOn.java:89)
05-01 19:06:41.495  4255  5127 W System.err: 	at io.reactivex.Scheduler$DisposeTask.run(Scheduler.java:579)
05-01 19:06:41.495  4255  5127 W System.err: 	at io.reactivex.internal.schedulers.ScheduledRunnable.run(ScheduledRunnable.java:66)
05-01 19:06:41.496  4255  5127 W System.err: 	at io.reactivex.internal.schedulers.ScheduledRunnable.call(ScheduledRunnable.java:57)
05-01 19:06:41.496  4255  5127 W System.err: 	at java.util.concurrent.FutureTask.run(FutureTask.java:237)
05-01 19:06:41.496  4255  5127 W System.err: 	at java.util.concurrent.ScheduledThreadPoolExecutor$ScheduledFutureTask.run(ScheduledThreadPoolExecutor.java:272)
05-01 19:06:41.496  4255  5127 W System.err: 	at java.util.concurrent.ThreadPoolExecutor.runWorker(ThreadPoolExecutor.java:1133)
05-01 19:06:41.496  4255  5127 W System.err: 	at java.util.concurrent.ThreadPoolExecutor$Worker.run(ThreadPoolExecutor.java:607)
05-01 19:06:41.496  4255  5127 W System.err: 	at java.lang.Thread.run(Thread.java:761)
05-01 19:06:41.496  4255  5127 W System.err: Caused by: java.io.InterruptedIOException
05-01 19:06:41.496  4255  5127 W System.err: 	at okhttp3.internal.http2.Http2Stream.waitForIo(Http2Stream.java:579)
05-01 19:06:41.496  4255  5127 W System.err: 	at okhttp3.internal.http2.Http2Stream.takeResponseHeaders(Http2Stream.java:143)
05-01 19:06:41.496  4255  5127 W System.err: 	at okhttp3.internal.http2.Http2Codec.readResponseHeaders(Http2Codec.java:125)
05-01 19:06:41.496  4255  5127 W System.err: 	at okhttp3.internal.http.CallServerInterceptor.intercept(CallServerInterceptor.java:88)
05-01 19:06:41.496  4255  5127 W System.err: 	at okhttp3.internal.http.RealInterceptorChain.proceed(RealInterceptorChain.java:147)
05-01 19:06:41.496  4255  5127 W System.err: 	at okhttp3.internal.connection.ConnectInterceptor.intercept(ConnectInterceptor.java:45)
05-01 19:06:41.496  4255  5127 W System.err: 	at okhttp3.internal.http.RealInterceptorChain.proceed(RealInterceptorChain.java:147)
05-01 19:06:41.496  4255  5127 W System.err: 	at okhttp3.internal.http.RealInterceptorChain.proceed(RealInterceptorChain.java:121)
05-01 19:06:41.496  4255  5127 W System.err: 	at okhttp3.internal.cache.CacheInterceptor.intercept(CacheInterceptor.java:93)
05-01 19:06:41.496  4255  5127 W System.err: 	at okhttp3.internal.http.RealInterceptorChain.proceed(RealInterceptorChain.java:147)
05-01 19:06:41.496  4255  5127 W System.err: 	at okhttp3.internal.http.RealInterceptorChain.proceed(RealInterceptorChain.java:121)
05-01 19:06:41.496  4255  5127 W System.err: 	at okhttp3.internal.http.BridgeInterceptor.intercept(BridgeInterceptor.java:93)
05-01 19:06:41.496  4255  5127 W System.err: 	at okhttp3.internal.http.RealInterceptorChain.proceed(RealInterceptorChain.java:147)
05-01 19:06:41.496  4255  5127 W System.err: 	at okhttp3.internal.http.RetryAndFollowUpInterceptor.intercept(RetryAndFollowUpInterceptor.java:126)
05-01 19:06:41.496  4255  5127 W System.err: 	at okhttp3.internal.http.RealInterceptorChain.proceed(RealInterceptorChain.java:147)
05-01 19:06:41.496  4255  5127 W System.err: 	at okhttp3.internal.http.RealInterceptorChain.proceed(RealInterceptorChain.java:121)
05-01 19:06:41.496  4255  5127 W System.err: 	at okhttp3.RealCall.getResponseWithInterceptorChain(RealCall.java:200)
05-01 19:06:41.496  4255  5127 W System.err: 	at okhttp3.RealCall.execute(RealCall.java:77)
05-01 19:06:41.496  4255  5127 W System.err: 	at fr.free.nrw.commons.mwapi.ApacheHttpClientMediaWikiApi.lambda$getCampaigns$6$ApacheHttpClientMediaWikiApi(ApacheHttpClientMediaWikiApi.java:1063)
05-01 19:06:41.496  4255  5127 W System.err: 	at fr.free.nrw.commons.mwapi.ApacheHttpClientMediaWikiApi$$Lambda$10.call(Unknown Source)
05-01 19:06:41.496  4255  5127 W System.err: 	at io.reactivex.internal.operators.single.SingleFromCallable.subscribeActual(SingleFromCallable.java:44)
05-01 19:06:41.496  4255  5127 W System.err: 	... 16 more
--------- beginning of crash
05-01 19:06:41.496  4255  5127 E AndroidRuntime: FATAL EXCEPTION: RxCachedThreadScheduler-3
05-01 19:06:41.496  4255  5127 E AndroidRuntime: Process: fr.free.nrw.commons.beta, PID: 4255
05-01 19:06:41.496  4255  5127 E AndroidRuntime: io.reactivex.exceptions.UndeliverableException: java.io.InterruptedIOException
05-01 19:06:41.496  4255  5127 E AndroidRuntime: 	at io.reactivex.plugins.RxJavaPlugins.onError(RxJavaPlugins.java:367)
05-01 19:06:41.496  4255  5127 E AndroidRuntime: 	at io.reactivex.internal.operators.single.SingleFromCallable.subscribeActual(SingleFromCallable.java:50)
05-01 19:06:41.496  4255  5127 E AndroidRuntime: 	at io.reactivex.Single.subscribe(Single.java:3394)
05-01 19:06:41.496  4255  5127 E AndroidRuntime: 	at com.tspoon.traceur.SingleOnAssembly.subscribeActual(SingleOnAssembly.java:43)
05-01 19:06:41.496  4255  5127 E AndroidRuntime: 	at io.reactivex.Single.subscribe(Single.java:3394)
05-01 19:06:41.496  4255  5127 E AndroidRuntime: 	at io.reactivex.internal.operators.single.SingleObserveOn.subscribeActual(SingleObserveOn.java:35)
05-01 19:06:41.496  4255  5127 E AndroidRuntime: 	at io.reactivex.Single.subscribe(Single.java:3394)
05-01 19:06:41.496  4255  5127 E AndroidRuntime: 	at com.tspoon.traceur.SingleOnAssembly.subscribeActual(SingleOnAssembly.java:43)
05-01 19:06:41.496  4255  5127 E AndroidRuntime: 	at io.reactivex.Single.subscribe(Single.java:3394)
05-01 19:06:41.496  4255  5127 E AndroidRuntime: 	at io.reactivex.internal.operators.single.SingleSubscribeOn$SubscribeOnObserver.run(SingleSubscribeOn.java:89)
05-01 19:06:41.496  4255  5127 E AndroidRuntime: 	at io.reactivex.Scheduler$DisposeTask.run(Scheduler.java:579)
05-01 19:06:41.496  4255  5127 E AndroidRuntime: 	at io.reactivex.internal.schedulers.ScheduledRunnable.run(ScheduledRunnable.java:66)
05-01 19:06:41.496  4255  5127 E AndroidRuntime: 	at io.reactivex.internal.schedulers.ScheduledRunnable.call(ScheduledRunnable.java:57)
05-01 19:06:41.496  4255  5127 E AndroidRuntime: 	at java.util.concurrent.FutureTask.run(FutureTask.java:237)
05-01 19:06:41.496  4255  5127 E AndroidRuntime: 	at java.util.concurrent.ScheduledThreadPoolExecutor$ScheduledFutureTask.run(ScheduledThreadPoolExecutor.java:272)
05-01 19:06:41.496  4255  5127 E AndroidRuntime: 	at java.util.concurrent.ThreadPoolExecutor.runWorker(ThreadPoolExecutor.java:1133)
05-01 19:06:41.496  4255  5127 E AndroidRuntime: 	at java.util.concurrent.ThreadPoolExecutor$Worker.run(ThreadPoolExecutor.java:607)
05-01 19:06:41.496  4255  5127 E AndroidRuntime: 	at java.lang.Thread.run(Thread.java:761)
05-01 19:06:41.496  4255  5127 E AndroidRuntime: Caused by: java.io.InterruptedIOException
05-01 19:06:41.496  4255  5127 E AndroidRuntime: 	at okhttp3.internal.http2.Http2Stream.waitForIo(Http2Stream.java:579)
05-01 19:06:41.496  4255  5127 E AndroidRuntime: 	at okhttp3.internal.http2.Http2Stream.takeResponseHeaders(Http2Stream.java:143)
05-01 19:06:41.496  4255  5127 E AndroidRuntime: 	at okhttp3.internal.http2.Http2Codec.readResponseHeaders(Http2Codec.java:125)
05-01 19:06:41.496  4255  5127 E AndroidRuntime: 	at okhttp3.internal.http.CallServerInterceptor.intercept(CallServerInterceptor.java:88)
05-01 19:06:41.496  4255  5127 E AndroidRuntime: 	at okhttp3.internal.http.RealInterceptorChain.proceed(RealInterceptorChain.java:147)
05-01 19:06:41.496  4255  5127 E AndroidRuntime: 	at okhttp3.internal.connection.ConnectInterceptor.intercept(ConnectInterceptor.java:45)
05-01 19:06:41.496  4255  5127 E AndroidRuntime: 	at okhttp3.internal.http.RealInterceptorChain.proceed(RealInterceptorChain.java:147)
05-01 19:06:41.496  4255  5127 E AndroidRuntime: 	at okhttp3.internal.http.RealInterceptorChain.proceed(RealInterceptorChain.java:121)
05-01 19:06:41.496  4255  5127 E AndroidRuntime: 	at okhttp3.internal.cache.CacheInterceptor.intercept(CacheInterceptor.java:93)
05-01 19:06:41.496  4255  5127 E AndroidRuntime: 	at okhttp3.internal.http.RealInterceptorChain.proceed(RealInterceptorChain.java:147)
05-01 19:06:41.496  4255  5127 E AndroidRuntime: 	at okhttp3.internal.http.RealInterceptorChain.proceed(RealInterceptorChain.java:121)
05-01 19:06:41.496  4255  5127 E AndroidRuntime: 	at okhttp3.internal.http.BridgeInterceptor.intercept(BridgeInterceptor.java:93)
05-01 19:06:41.496  4255  5127 E AndroidRuntime: 	at okhttp3.internal.http.RealInterceptorChain.proceed(RealInterceptorChain.java:147)
05-01 19:06:41.496  4255  5127 E AndroidRuntime: 	at okhttp3.internal.http.RetryAndFollowUpInterceptor.intercept(RetryAndFollowUpInterceptor.java:126)
05-01 19:06:41.496  4255  5127 E AndroidRuntime: 	at okhttp3.internal.http.RealInterceptorChain.proceed(RealInterceptorChain.java:147)
05-01 19:06:41.496  4255  5127 E AndroidRuntime: 	at okhttp3.internal.http.RealInterceptorChain.proceed(RealInterceptorChain.java:121)
05-01 19:06:41.496  4255  5127 E AndroidRuntime: 	at okhttp3.RealCall.getResponseWithInterceptorChain(RealCall.java:200)
05-01 19:06:41.496  4255  5127 E AndroidRuntime: 	at okhttp3.RealCall.execute(RealCall.java:77)
05-01 19:06:41.496  4255  5127 E AndroidRuntime: 	at fr.free.nrw.commons.mwapi.ApacheHttpClientMediaWikiApi.lambda$getCampaigns$6$ApacheHttpClientMediaWikiApi(ApacheHttpClientMediaWikiApi.java:1063)
05-01 19:06:41.496  4255  5127 E AndroidRuntime: 	at fr.free.nrw.commons.mwapi.ApacheHttpClientMediaWikiApi$$Lambda$10.call(Unknown Source)
05-01 19:06:41.496  4255  5127 E AndroidRuntime: 	at io.reactivex.internal.operators.single.SingleFromCallable.subscribeActual(SingleFromCallable.java:44)
05-01 19:06:41.496  4255  5127 E AndroidRuntime: 	... 16 more
05-01 19:06:46.165  5564  5564 W System.err: java.io.FileNotFoundException: /jacoco.exec (Read-only file system)
05-01 19:06:46.165  5564  5564 W System.err: 	at java.io.FileOutputStream.open(Native Method)
05-01 19:06:46.165  5564  5564 W System.err: 	at java.io.FileOutputStream.<init>(FileOutputStream.java:221)
05-01 19:06:46.165  5564  5564 W System.err: 	at org.jacoco.agent.rt.internal_8ff85ea.output.FileOutput.openFile(FileOutput.java:67)
05-01 19:06:46.165  5564  5564 W System.err: 	at org.jacoco.agent.rt.internal_8ff85ea.output.FileOutput.startup(FileOutput.java:49)
05-01 19:06:46.165  5564  5564 W System.err: 	at org.jacoco.agent.rt.internal_8ff85ea.Agent.startup(Agent.java:122)
05-01 19:06:46.165  5564  5564 W System.err: 	at org.jacoco.agent.rt.internal_8ff85ea.Agent.getInstance(Agent.java:50)
05-01 19:06:46.165  5564  5564 W System.err: 	at org.jacoco.agent.rt.internal_8ff85ea.Offline.<clinit>(Offline.java:31)
05-01 19:06:46.165  5564  5564 W System.err: 	at org.jacoco.agent.rt.internal_8ff85ea.Offline.getProbes(Offline.java:51)
05-01 19:06:46.165  5564  5564 W System.err: 	at fr.free.nrw.commons.CommonsApplication.$jacocoInit(CommonsApplication.java)
05-01 19:06:46.165  5564  5564 W System.err: 	at fr.free.nrw.commons.CommonsApplication.<init>(CommonsApplication.java)
05-01 19:06:46.165  5564  5564 W System.err: 	at java.lang.Class.newInstance(Native Method)
05-01 19:06:46.165  5564  5564 W System.err: 	at android.app.Instrumentation.newApplication(Instrumentation.java:1007)
05-01 19:06:46.165  5564  5564 W System.err: 	at android.app.Instrumentation.newApplication(Instrumentation.java:992)
05-01 19:06:46.165  5564  5564 W System.err: 	at android.app.LoadedApk.makeApplication(LoadedApk.java:796)
05-01 19:06:46.166  5564  5564 W System.err: 	at android.app.ActivityThread.handleBindApplication(ActivityThread.java:5377)
05-01 19:06:46.166  5564  5564 W System.err: 	at android.app.ActivityThread.-wrap2(ActivityThread.java)
05-01 19:06:46.169  5564  5564 W System.err: 	at android.app.ActivityThread$H.handleMessage(ActivityThread.java:1545)
05-01 19:06:46.169  5564  5564 W System.err: 	at android.os.Handler.dispatchMessage(Handler.java:102)
05-01 19:06:46.169  5564  5564 W System.err: 	at android.os.Looper.loop(Looper.java:154)
05-01 19:06:46.169  5564  5564 W System.err: 	at android.app.ActivityThread.main(ActivityThread.java:6119)
05-01 19:06:46.169  5564  5564 W System.err: 	at java.lang.reflect.Method.invoke(Native Method)
05-01 19:06:46.169  5564  5564 W System.err: 	at com.android.internal.os.ZygoteInit$MethodAndArgsCaller.run(ZygoteInit.java:886)
05-01 19:06:46.169  5564  5564 W System.err: 	at com.android.internal.os.ZygoteInit.main(ZygoteInit.java:776)
