--------- beginning of main
--------- beginning of system
--------- beginning of crash
05-01 19:28:38.515  9543  9543 W System.err: java.io.FileNotFoundException: /jacoco.exec (Read-only file system)
05-01 19:28:38.515  9543  9543 W System.err: 	at java.io.FileOutputStream.open(Native Method)
05-01 19:28:38.515  9543  9543 W System.err: 	at java.io.FileOutputStream.<init>(FileOutputStream.java:221)
05-01 19:28:38.515  9543  9543 W System.err: 	at org.jacoco.agent.rt.internal_8ff85ea.output.FileOutput.openFile(FileOutput.java:67)
05-01 19:28:38.515  9543  9543 W System.err: 	at org.jacoco.agent.rt.internal_8ff85ea.output.FileOutput.startup(FileOutput.java:49)
05-01 19:28:38.515  9543  9543 W System.err: 	at org.jacoco.agent.rt.internal_8ff85ea.Agent.startup(Agent.java:122)
05-01 19:28:38.515  9543  9543 W System.err: 	at org.jacoco.agent.rt.internal_8ff85ea.Agent.getInstance(Agent.java:50)
05-01 19:28:38.515  9543  9543 W System.err: 	at org.jacoco.agent.rt.internal_8ff85ea.Offline.<clinit>(Offline.java:31)
05-01 19:28:38.515  9543  9543 W System.err: 	at org.jacoco.agent.rt.internal_8ff85ea.Offline.getProbes(Offline.java:51)
05-01 19:28:38.515  9543  9543 W System.err: 	at me.zeeroooo.materialfb.MFB.$jacocoInit(MFB.java)
05-01 19:28:38.515  9543  9543 W System.err: 	at me.zeeroooo.materialfb.MFB.<init>(MFB.java)
05-01 19:28:38.515  9543  9543 W System.err: 	at java.lang.Class.newInstance(Native Method)
05-01 19:28:38.515  9543  9543 W System.err: 	at android.app.Instrumentation.newApplication(Instrumentation.java:1007)
05-01 19:28:38.515  9543  9543 W System.err: 	at android.app.Instrumentation.newApplication(Instrumentation.java:992)
05-01 19:28:38.515  9543  9543 W System.err: 	at android.app.LoadedApk.makeApplication(LoadedApk.java:796)
05-01 19:28:38.515  9543  9543 W System.err: 	at android.app.ActivityThread.handleBindApplication(ActivityThread.java:5377)
05-01 19:28:38.515  9543  9543 W System.err: 	at android.app.ActivityThread.-wrap2(ActivityThread.java)
05-01 19:28:38.515  9543  9543 W System.err: 	at android.app.ActivityThread$H.handleMessage(ActivityThread.java:1545)
05-01 19:28:38.515  9543  9543 W System.err: 	at android.os.Handler.dispatchMessage(Handler.java:102)
05-01 19:28:38.515  9543  9543 W System.err: 	at android.os.Looper.loop(Looper.java:154)
05-01 19:28:38.515  9543  9543 W System.err: 	at android.app.ActivityThread.main(ActivityThread.java:6119)
05-01 19:28:38.515  9543  9543 W System.err: 	at java.lang.reflect.Method.invoke(Native Method)
05-01 19:28:38.515  9543  9543 W System.err: 	at com.android.internal.os.ZygoteInit$MethodAndArgsCaller.run(ZygoteInit.java:886)
05-01 19:28:38.515  9543  9543 W System.err: 	at com.android.internal.os.ZygoteInit.main(ZygoteInit.java:776)
05-01 19:28:39.068  9543  9596 W System.err: java.lang.NullPointerException: Attempt to invoke virtual method 'java.lang.String org.jsoup.nodes.Node.attr(java.lang.String)' on a null object reference
05-01 19:28:39.068  9543  9596 W System.err: 	at me.zeeroooo.materialfb.misc.UserInfo.doInBackground(UserInfo.java:30)
05-01 19:28:39.068  9543  9596 W System.err: 	at me.zeeroooo.materialfb.misc.UserInfo.doInBackground(UserInfo.java:19)
05-01 19:28:39.068  9543  9596 W System.err: 	at android.os.AsyncTask$2.call(AsyncTask.java:305)
05-01 19:28:39.068  9543  9596 W System.err: 	at java.util.concurrent.FutureTask.run(FutureTask.java:237)
05-01 19:28:39.068  9543  9596 W System.err: 	at android.os.AsyncTask$SerialExecutor$1.run(AsyncTask.java:243)
05-01 19:28:39.068  9543  9596 W System.err: 	at java.util.concurrent.ThreadPoolExecutor.runWorker(ThreadPoolExecutor.java:1133)
05-01 19:28:39.068  9543  9596 W System.err: 	at java.util.concurrent.ThreadPoolExecutor$Worker.run(ThreadPoolExecutor.java:607)
05-01 19:28:39.068  9543  9596 W System.err: 	at java.lang.Thread.run(Thread.java:761)
05-01 19:28:42.606  9543  9567 W System.err: java.lang.NullPointerException: Attempt to invoke virtual method 'java.lang.String org.jsoup.nodes.Node.attr(java.lang.String)' on a null object reference
05-01 19:28:42.607  9543  9567 W System.err: 	at me.zeeroooo.materialfb.misc.UserInfo.doInBackground(UserInfo.java:30)
05-01 19:28:42.607  9543  9567 W System.err: 	at me.zeeroooo.materialfb.misc.UserInfo.doInBackground(UserInfo.java:19)
05-01 19:28:42.607  9543  9567 W System.err: 	at android.os.AsyncTask$2.call(AsyncTask.java:305)
05-01 19:28:42.607  9543  9567 W System.err: 	at java.util.concurrent.FutureTask.run(FutureTask.java:237)
05-01 19:28:42.607  9543  9567 W System.err: 	at android.os.AsyncTask$SerialExecutor$1.run(AsyncTask.java:243)
05-01 19:28:42.607  9543  9567 W System.err: 	at java.util.concurrent.ThreadPoolExecutor.runWorker(ThreadPoolExecutor.java:1133)
05-01 19:28:42.607  9543  9567 W System.err: 	at java.util.concurrent.ThreadPoolExecutor$Worker.run(ThreadPoolExecutor.java:607)
05-01 19:28:42.607  9543  9567 W System.err: 	at java.lang.Thread.run(Thread.java:761)
