--------- beginning of main
--------- beginning of system
04-26 23:28:46.805  5316  5316 W System.err: java.io.FileNotFoundException: /jacoco.exec (Read-only file system)
04-26 23:28:46.805  5316  5316 W System.err: 	at java.io.FileOutputStream.open(Native Method)
04-26 23:28:46.805  5316  5316 W System.err: 	at java.io.FileOutputStream.<init>(FileOutputStream.java:221)
04-26 23:28:46.805  5316  5316 W System.err: 	at org.jacoco.agent.rt.internal_8ff85ea.output.FileOutput.openFile(FileOutput.java:67)
04-26 23:28:46.805  5316  5316 W System.err: 	at org.jacoco.agent.rt.internal_8ff85ea.output.FileOutput.startup(FileOutput.java:49)
04-26 23:28:46.805  5316  5316 W System.err: 	at org.jacoco.agent.rt.internal_8ff85ea.Agent.startup(Agent.java:122)
04-26 23:28:46.805  5316  5316 W System.err: 	at org.jacoco.agent.rt.internal_8ff85ea.Agent.getInstance(Agent.java:50)
04-26 23:28:46.805  5316  5316 W System.err: 	at org.jacoco.agent.rt.internal_8ff85ea.Offline.<clinit>(Offline.java:31)
04-26 23:28:46.805  5316  5316 W System.err: 	at org.jacoco.agent.rt.internal_8ff85ea.Offline.getProbes(Offline.java:51)
04-26 23:28:46.805  5316  5316 W System.err: 	at it.feio.android.omninotes.OmniNotes.$jacocoInit(OmniNotes.java)
04-26 23:28:46.805  5316  5316 W System.err: 	at it.feio.android.omninotes.OmniNotes.<init>(OmniNotes.java)
04-26 23:28:46.805  5316  5316 W System.err: 	at java.lang.Class.newInstance(Native Method)
04-26 23:28:46.805  5316  5316 W System.err: 	at android.app.Instrumentation.newApplication(Instrumentation.java:1007)
04-26 23:28:46.805  5316  5316 W System.err: 	at android.app.Instrumentation.newApplication(Instrumentation.java:992)
04-26 23:28:46.805  5316  5316 W System.err: 	at android.app.LoadedApk.makeApplication(LoadedApk.java:796)
04-26 23:28:46.805  5316  5316 W System.err: 	at android.app.ActivityThread.handleBindApplication(ActivityThread.java:5377)
04-26 23:28:46.805  5316  5316 W System.err: 	at android.app.ActivityThread.-wrap2(ActivityThread.java)
04-26 23:28:46.805  5316  5316 W System.err: 	at android.app.ActivityThread$H.handleMessage(ActivityThread.java:1545)
04-26 23:28:46.805  5316  5316 W System.err: 	at android.os.Handler.dispatchMessage(Handler.java:102)
04-26 23:28:46.805  5316  5316 W System.err: 	at android.os.Looper.loop(Looper.java:154)
04-26 23:28:46.805  5316  5316 W System.err: 	at android.app.ActivityThread.main(ActivityThread.java:6119)
04-26 23:28:46.805  5316  5316 W System.err: 	at java.lang.reflect.Method.invoke(Native Method)
04-26 23:28:46.805  5316  5316 W System.err: 	at com.android.internal.os.ZygoteInit$MethodAndArgsCaller.run(ZygoteInit.java:886)
04-26 23:28:46.805  5316  5316 W System.err: 	at com.android.internal.os.ZygoteInit.main(ZygoteInit.java:776)
--------- beginning of crash
04-26 23:29:57.220  5185  5185 E AndroidRuntime: FATAL EXCEPTION: main
04-26 23:29:57.220  5185  5185 E AndroidRuntime: Process: it.feio.android.omninotes.alpha, PID: 5185
04-26 23:29:57.220  5185  5185 E AndroidRuntime: java.lang.NullPointerException: Attempt to invoke virtual method 'java.lang.Long it.feio.android.omninotes.commons.models.BaseCategory.getId()' on a null object reference
04-26 23:29:57.220  5185  5185 E AndroidRuntime: 	at it.feio.android.omninotes.async.CategoryMenuTask.lambda$buildCategoryMenuClickEvent$3$CategoryMenuTask(CategoryMenuTask.java:163)
04-26 23:29:57.220  5185  5185 E AndroidRuntime: 	at it.feio.android.omninotes.async.-$$Lambda$CategoryMenuTask$vTKErI5IuLOI8_zDOS54PY9xkkQ.onItemClick(lambda)
04-26 23:29:57.220  5185  5185 E AndroidRuntime: 	at android.widget.AdapterView.performItemClick(AdapterView.java:310)
04-26 23:29:57.220  5185  5185 E AndroidRuntime: 	at android.widget.AbsListView.performItemClick(AbsListView.java:1156)
04-26 23:29:57.220  5185  5185 E AndroidRuntime: 	at android.widget.AbsListView.onKeyUp(AbsListView.java:3343)
04-26 23:29:57.220  5185  5185 E AndroidRuntime: 	at android.widget.ListView.commonKey(ListView.java:2401)
04-26 23:29:57.220  5185  5185 E AndroidRuntime: 	at android.widget.ListView.onKeyUp(ListView.java:2274)
04-26 23:29:57.220  5185  5185 E AndroidRuntime: 	at android.view.KeyEvent.dispatch(KeyEvent.java:2712)
04-26 23:29:57.220  5185  5185 E AndroidRuntime: 	at android.view.View.dispatchKeyEvent(View.java:9960)
04-26 23:29:57.220  5185  5185 E AndroidRuntime: 	at android.view.ViewGroup.dispatchKeyEvent(ViewGroup.java:1625)
04-26 23:29:57.220  5185  5185 E AndroidRuntime: 	at android.widget.ListView.dispatchKeyEvent(ListView.java:2249)
04-26 23:29:57.220  5185  5185 E AndroidRuntime: 	at android.view.ViewGroup.dispatchKeyEvent(ViewGroup.java:1630)
04-26 23:29:57.220  5185  5185 E AndroidRuntime: 	at android.view.ViewGroup.dispatchKeyEvent(ViewGroup.java:1630)
04-26 23:29:57.220  5185  5185 E AndroidRuntime: 	at android.widget.ScrollView.dispatchKeyEvent(ScrollView.java:379)
04-26 23:29:57.220  5185  5185 E AndroidRuntime: 	at android.view.ViewGroup.dispatchKeyEvent(ViewGroup.java:1630)
04-26 23:29:57.220  5185  5185 E AndroidRuntime: 	at android.view.ViewGroup.dispatchKeyEvent(ViewGroup.java:1630)
04-26 23:29:57.220  5185  5185 E AndroidRuntime: 	at android.view.ViewGroup.dispatchKeyEvent(ViewGroup.java:1630)
04-26 23:29:57.220  5185  5185 E AndroidRuntime: 	at android.view.ViewGroup.dispatchKeyEvent(ViewGroup.java:1630)
04-26 23:29:57.220  5185  5185 E AndroidRuntime: 	at android.view.ViewGroup.dispatchKeyEvent(ViewGroup.java:1630)
04-26 23:29:57.220  5185  5185 E AndroidRuntime: 	at android.view.ViewGroup.dispatchKeyEvent(ViewGroup.java:1630)
04-26 23:29:57.220  5185  5185 E AndroidRuntime: 	at android.view.ViewGroup.dispatchKeyEvent(ViewGroup.java:1630)
04-26 23:29:57.220  5185  5185 E AndroidRuntime: 	at com.android.internal.policy.DecorView.superDispatchKeyEvent(DecorView.java:405)
04-26 23:29:57.220  5185  5185 E AndroidRuntime: 	at com.android.internal.policy.PhoneWindow.superDispatchKeyEvent(PhoneWindow.java:1798)
04-26 23:29:57.220  5185  5185 E AndroidRuntime: 	at androidx.core.view.KeyEventDispatcher.activitySuperDispatchKeyEventPre28(KeyEventDispatcher.java:130)
04-26 23:29:57.220  5185  5185 E AndroidRuntime: 	at androidx.core.view.KeyEventDispatcher.dispatchKeyEvent(KeyEventDispatcher.java:87)
04-26 23:29:57.220  5185  5185 E AndroidRuntime: 	at androidx.core.app.ComponentActivity.dispatchKeyEvent(ComponentActivity.java:133)
04-26 23:29:57.220  5185  5185 E AndroidRuntime: 	at androidx.core.app.ComponentActivity.dispatchKeyEvent(Native Method)
04-26 23:29:57.220  5185  5185 E AndroidRuntime: 	at androidx.appcompat.app.AppCompatActivity.dispatchKeyEvent(AppCompatActivity.java:558)
04-26 23:29:57.220  5185  5185 E AndroidRuntime: 	at androidx.appcompat.app.AppCompatActivity.dispatchKeyEvent(Native Method)
04-26 23:29:57.220  5185  5185 E AndroidRuntime: 	at androidx.appcompat.view.WindowCallbackWrapper.dispatchKeyEvent(WindowCallbackWrapper.java:59)
04-26 23:29:57.220  5185  5185 E AndroidRuntime: 	at androidx.appcompat.app.AppCompatDelegateImpl$AppCompatWindowCallback.dispatchKeyEvent(AppCompatDelegateImpl.java:2814)
04-26 23:29:57.220  5185  5185 E AndroidRuntime: 	at androidx.appcompat.view.WindowCallbackWrapper.dispatchKeyEvent(WindowCallbackWrapper.java:59)
04-26 23:29:57.220  5185  5185 E AndroidRuntime: 	at com.android.internal.policy.DecorView.dispatchKeyEvent(DecorView.java:319)
04-26 23:29:57.220  5185  5185 E AndroidRuntime: 	at android.view.ViewRootImpl$ViewPostImeInputStage.processKeyEvent(ViewRootImpl.java:4331)
04-26 23:29:57.220  5185  5185 E AndroidRuntime: 	at android.view.ViewRootImpl$ViewPostImeInputStage.onProcess(ViewRootImpl.java:4302)
04-26 23:29:57.220  5185  5185 E AndroidRuntime: 	at android.view.ViewRootImpl$InputStage.deliver(ViewRootImpl.java:3853)
04-26 23:29:57.220  5185  5185 E AndroidRuntime: 	at android.view.ViewRootImpl$InputStage.onDeliverToNext(ViewRootImpl.java:3906)
04-26 23:29:57.220  5185  5185 E AndroidRuntime: 	at android.view.ViewRootImpl$InputStage.forward(ViewRootImpl.java:3872)
04-26 23:29:57.220  5185  5185 E AndroidRuntime: 	at android.view.ViewRootImpl$AsyncInputStage.forward(ViewRootImpl.java:3999)
04-26 23:29:57.220  5185  5185 E AndroidRuntime: 	at android.view.ViewRootImpl$InputStage.apply(ViewRootImpl.java:3880)
04-26 23:29:57.220  5185  5185 E AndroidRuntime: 	at android.view.ViewRootImpl$AsyncInputStage.apply(ViewRootImpl.java:4056)
04-26 23:29:57.220  5185  5185 E AndroidRuntime: 	at android.view.ViewRootImpl$InputStage.deliver(ViewRootImpl.java:3853)
04-26 23:29:57.220  5185  5185 E AndroidRuntime: 	at android.view.ViewRootImpl$InputStage.onDeliverToNext(ViewRootImpl.java:3906)
04-26 23:29:57.220  5185  5185 E AndroidRuntime: 	at android.view.ViewRootImpl$InputStage.forward(ViewRootImpl.java:3872)
04-26 23:29:57.220  5185  5185 E AndroidRuntime: 	at android.view.ViewRootImpl$InputStage.apply(ViewRootImpl.java:3880)
04-26 23:29:57.220  5185  5185 E AndroidRuntime: 	at android.view.ViewRootImpl$InputStage.deliver(ViewRootImpl.java:3853)
04-26 23:29:57.220  5185  5185 E AndroidRuntime: 	at android.view.ViewRootImpl$InputStage.onDeliverToNext(ViewRootImpl.java:3906)
04-26 23:29:57.220  5185  5185 E AndroidRuntime: 	at android.view.ViewRootImpl$InputStage.forward(ViewRootImpl.java:3872)
04-26 23:29:57.220  5185  5185 E AndroidRuntime: 	at android.view.ViewRootImpl$AsyncInputStage.forward(ViewRootImpl.java:4032)
04-26 23:29:57.220  5185  5185 E AndroidRuntime: 	at android.view.ViewRootImpl$ImeInputStage.onFinishedInputEvent(ViewRootImpl.java:4193)
04-26 23:29:57.220  5185  5185 E AndroidRuntime: 	at android.view.inputmethod.InputMethodManager$PendingEvent.run(InputMethodManager.java:2400)
04-26 23:29:57.220  5185  5185 E AndroidRuntime: 	at android.view.inputmethod.InputMethodManager.invokeFinishedInputEventCallback(InputMethodManager.java:1964)
04-26 23:29:57.220  5185  5185 E AndroidRuntime: 	at android.view.inputmethod.InputMethodManager.finishedInputEvent(InputMethodManager.java:1955)
04-26 23:29:57.220  5185  5185 E AndroidRuntime: 	at android.view.inputmethod.InputMethodManager$ImeInputEventSender.onInputEventFinished(InputMethodManager.java:2377)
04-26 23:29:57.220  5185  5185 E AndroidRuntime: 	at android.view.InputEventSender.dispatchInputEventFinished(InputEventSender.java:141)
04-26 23:29:57.220  5185  5185 E AndroidRuntime: 	at android.os.MessageQueue.nativePollOnce(Native Method)
04-26 23:29:57.220  5185  5185 E AndroidRuntime: 	at android.os.MessageQueue.next(MessageQueue.java:323)
04-26 23:29:57.220  5185  5185 E AndroidRuntime: 	at android.os.Looper.loop(Looper.java:136)
04-26 23:29:57.220  5185  5185 E AndroidRuntime: 	at android.app.ActivityThread.main(ActivityThread.java:6119)
04-26 23:29:57.220  5185  5185 E AndroidRuntime: 	at java.lang.reflect.Method.invoke(Native Method)
04-26 23:29:57.220  5185  5185 E AndroidRuntime: 	at com.android.internal.os.ZygoteInit$MethodAndArgsCaller.run(ZygoteInit.java:886)
04-26 23:29:57.220  5185  5185 E AndroidRuntime: 	at com.android.internal.os.ZygoteInit.main(ZygoteInit.java:776)
04-26 23:30:23.681  6135  6135 W System.err: java.io.FileNotFoundException: /jacoco.exec (Read-only file system)
04-26 23:30:23.685  6135  6135 W System.err: 	at java.io.FileOutputStream.open(Native Method)
04-26 23:30:23.685  6135  6135 W System.err: 	at java.io.FileOutputStream.<init>(FileOutputStream.java:221)
04-26 23:30:23.685  6135  6135 W System.err: 	at org.jacoco.agent.rt.internal_8ff85ea.output.FileOutput.openFile(FileOutput.java:67)
04-26 23:30:23.685  6135  6135 W System.err: 	at org.jacoco.agent.rt.internal_8ff85ea.output.FileOutput.startup(FileOutput.java:49)
04-26 23:30:23.686  6135  6135 W System.err: 	at org.jacoco.agent.rt.internal_8ff85ea.Agent.startup(Agent.java:122)
04-26 23:30:23.686  6135  6135 W System.err: 	at org.jacoco.agent.rt.internal_8ff85ea.Agent.getInstance(Agent.java:50)
04-26 23:30:23.686  6135  6135 W System.err: 	at org.jacoco.agent.rt.internal_8ff85ea.Offline.<clinit>(Offline.java:31)
04-26 23:30:23.686  6135  6135 W System.err: 	at org.jacoco.agent.rt.internal_8ff85ea.Offline.getProbes(Offline.java:51)
04-26 23:30:23.686  6135  6135 W System.err: 	at it.feio.android.omninotes.OmniNotes.$jacocoInit(OmniNotes.java)
04-26 23:30:23.686  6135  6135 W System.err: 	at it.feio.android.omninotes.OmniNotes.<init>(OmniNotes.java)
04-26 23:30:23.686  6135  6135 W System.err: 	at java.lang.Class.newInstance(Native Method)
04-26 23:30:23.686  6135  6135 W System.err: 	at android.app.Instrumentation.newApplication(Instrumentation.java:1007)
04-26 23:30:23.686  6135  6135 W System.err: 	at android.app.Instrumentation.newApplication(Instrumentation.java:992)
04-26 23:30:23.687  6135  6135 W System.err: 	at android.app.LoadedApk.makeApplication(LoadedApk.java:796)
04-26 23:30:23.687  6135  6135 W System.err: 	at android.app.ActivityThread.handleBindApplication(ActivityThread.java:5377)
04-26 23:30:23.687  6135  6135 W System.err: 	at android.app.ActivityThread.-wrap2(ActivityThread.java)
04-26 23:30:23.687  6135  6135 W System.err: 	at android.app.ActivityThread$H.handleMessage(ActivityThread.java:1545)
04-26 23:30:23.687  6135  6135 W System.err: 	at android.os.Handler.dispatchMessage(Handler.java:102)
04-26 23:30:23.687  6135  6135 W System.err: 	at android.os.Looper.loop(Looper.java:154)
04-26 23:30:23.687  6135  6135 W System.err: 	at android.app.ActivityThread.main(ActivityThread.java:6119)
04-26 23:30:23.687  6135  6135 W System.err: 	at java.lang.reflect.Method.invoke(Native Method)
04-26 23:30:23.687  6135  6135 W System.err: 	at com.android.internal.os.ZygoteInit$MethodAndArgsCaller.run(ZygoteInit.java:886)
04-26 23:30:23.687  6135  6135 W System.err: 	at com.android.internal.os.ZygoteInit.main(ZygoteInit.java:776)
