:Monkey: seed=1651245658725 count=1000000
:AllowPackage: it.feio.android.omninotes.alpha
:IncludeCategory: android.intent.category.LAUNCHER
:IncludeCategory: android.intent.category.MONKEY
// Event percentages:
//   0: 15.306122%
//   1: 10.204082%
//   2: 2.0408163%
//   3: 15.306122%
//   4: -0.0%
//   5: -0.0%
//   6: 25.510204%
//   7: 15.306122%
//   8: -0.0%
//   9: 2.0408163%
//   10: 1.0204082%
//   11: 13.265306%
:Switch: #Intent;action=android.intent.action.MAIN;category=android.intent.category.LAUNCHER;launchFlags=0x10200000;component=it.feio.android.omninotes.alpha/com.squareup.leakcanary.internal.DisplayLeakActivity;end
    // Allowing start of Intent { act=android.intent.action.MAIN cat=[android.intent.category.LAUNCHER] cmp=it.feio.android.omninotes.alpha/com.squareup.leakcanary.internal.DisplayLeakActivity } in package it.feio.android.omninotes.alpha
:Sending Trackball (ACTION_MOVE): 0:(-2.0,0.0)
:Sending Touch (ACTION_DOWN): 0:(639.0,430.0)
:Sending Touch (ACTION_UP): 0:(638.4476,430.23065)
:Sending Touch (ACTION_DOWN): 0:(282.0,440.0)
:Sending Touch (ACTION_UP): 0:(239.28818,442.74854)
:Sending Trackball (ACTION_MOVE): 0:(2.0,3.0)
:Sending Trackball (ACTION_MOVE): 0:(2.0,-2.0)
:Sending Touch (ACTION_DOWN): 0:(599.0,1153.0)
:Sending Touch (ACTION_UP): 0:(579.36395,1220.5184)
:Sending Touch (ACTION_DOWN): 0:(554.0,547.0)
:Sending Touch (ACTION_UP): 0:(540.8201,547.2425)
:Sending Touch (ACTION_DOWN): 0:(805.0,282.0)
:Sending Touch (ACTION_UP): 0:(800.8016,279.04803)
:Sending Touch (ACTION_DOWN): 0:(515.0,177.0)
:Sending Touch (ACTION_UP): 0:(518.86365,170.60509)
:Sending Trackball (ACTION_MOVE): 0:(-4.0,-1.0)
:Sending Trackball (ACTION_MOVE): 0:(-3.0,0.0)
:Sending Touch (ACTION_DOWN): 0:(474.0,248.0)
:Sending Touch (ACTION_UP): 0:(485.55377,261.17368)
:Sending Touch (ACTION_DOWN): 0:(1089.0,177.0)
:Sending Touch (ACTION_UP): 0:(1091.7234,180.83789)
:Sending Touch (ACTION_DOWN): 0:(892.0,1235.0)
    //[calendar_time:2022-04-26 23:28:50.944  system_uptime:583728]
    // Sending event #100
:Sending Touch (ACTION_UP): 0:(997.8469,1265.5142)
:Sending Touch (ACTION_DOWN): 0:(901.0,860.0)
:Sending Touch (ACTION_UP): 0:(912.5524,888.7025)
:Sending Touch (ACTION_DOWN): 0:(425.0,745.0)
:Sending Touch (ACTION_UP): 0:(435.56305,746.09344)
:Sending Trackball (ACTION_MOVE): 0:(1.0,0.0)
:Sending Touch (ACTION_DOWN): 0:(66.0,596.0)
:Sending Touch (ACTION_UP): 0:(68.29208,598.0479)
:Sending Touch (ACTION_DOWN): 0:(742.0,462.0)
:Sending Touch (ACTION_UP): 0:(750.7157,477.22665)
:Sending Touch (ACTION_DOWN): 0:(310.0,966.0)
:Sending Touch (ACTION_UP): 0:(310.08392,948.1824)
:Sending Touch (ACTION_DOWN): 0:(366.0,1399.0)
:Sending Touch (ACTION_UP): 0:(365.45456,1380.4849)
:Sending Trackball (ACTION_MOVE): 0:(4.0,4.0)
:Sending Touch (ACTION_DOWN): 0:(46.0,1670.0)
:Sending Touch (ACTION_UP): 0:(0.0,1587.8381)
:Sending Touch (ACTION_DOWN): 0:(1155.0,63.0)
:Sending Touch (ACTION_UP): 0:(1160.1494,63.82212)
:Sending Touch (ACTION_DOWN): 0:(222.0,739.0)
:Sending Touch (ACTION_UP): 0:(207.72055,727.3982)
:Sending Touch (ACTION_DOWN): 0:(931.0,496.0)
:Sending Touch (ACTION_UP): 0:(943.69305,484.31757)
:Sending Touch (ACTION_DOWN): 0:(180.0,543.0)
:Sending Touch (ACTION_UP): 0:(154.21303,564.06104)
:Sending Flip keyboardOpen=false
    //[calendar_time:2022-04-26 23:28:56.248  system_uptime:589032]
    // Sending event #200
    //[calendar_time:2022-04-26 23:28:56.449  system_uptime:589233]
    // Sending event #200
:Sending Trackball (ACTION_MOVE): 0:(-2.0,-4.0)
:Sending Trackball (ACTION_MOVE): 0:(4.0,3.0)
:Switch: #Intent;action=android.intent.action.MAIN;category=android.intent.category.LAUNCHER;launchFlags=0x10200000;component=it.feio.android.omninotes.alpha/com.squareup.leakcanary.internal.DisplayLeakActivity;end
    // Allowing start of Intent { act=android.intent.action.MAIN cat=[android.intent.category.LAUNCHER] cmp=it.feio.android.omninotes.alpha/com.squareup.leakcanary.internal.DisplayLeakActivity } in package it.feio.android.omninotes.alpha
:Sending Trackball (ACTION_MOVE): 0:(-2.0,-1.0)
:Sending Touch (ACTION_DOWN): 0:(12.0,717.0)
:Sending Touch (ACTION_UP): 0:(0.0,600.1062)
:Sending Touch (ACTION_DOWN): 0:(1069.0,80.0)
:Sending Touch (ACTION_UP): 0:(1071.5026,83.75373)
:Sending Flip keyboardOpen=true
:Sending Touch (ACTION_DOWN): 0:(108.0,115.0)
:Sending Touch (ACTION_UP): 0:(180.8193,116.66778)
:Sending Touch (ACTION_DOWN): 0:(39.0,755.0)
:Sending Touch (ACTION_UP): 0:(35.037304,753.24304)
:Sending Trackball (ACTION_MOVE): 0:(0.0,3.0)
:Sending Touch (ACTION_DOWN): 0:(708.0,62.0)
:Sending Touch (ACTION_UP): 0:(685.9521,112.457825)
:Sending Trackball (ACTION_MOVE): 0:(4.0,-1.0)
    //[calendar_time:2022-04-26 23:28:59.753  system_uptime:592537]
    // Sending event #300
:Sending Flip keyboardOpen=false
:Sending Trackball (ACTION_MOVE): 0:(4.0,-5.0)
:Sending Trackball (ACTION_MOVE): 0:(-4.0,-2.0)
:Sending Touch (ACTION_DOWN): 0:(1045.0,1378.0)
:Sending Touch (ACTION_UP): 0:(1129.1802,1415.6967)
:Sending Touch (ACTION_DOWN): 0:(596.0,755.0)
:Sending Touch (ACTION_UP): 0:(646.3631,763.0083)
:Sending Touch (ACTION_DOWN): 0:(324.0,397.0)
:Sending Touch (ACTION_UP): 0:(335.193,438.80188)
:Sending Touch (ACTION_DOWN): 0:(195.0,193.0)
:Sending Touch (ACTION_UP): 0:(202.09702,167.33153)
:Sending Touch (ACTION_DOWN): 0:(554.0,416.0)
:Sending Touch (ACTION_UP): 0:(601.14075,349.23312)
:Sending Touch (ACTION_DOWN): 0:(211.0,460.0)
:Sending Touch (ACTION_UP): 0:(160.5136,402.50854)
:Sending Trackball (ACTION_MOVE): 0:(-4.0,-3.0)
:Sending Touch (ACTION_DOWN): 0:(159.0,680.0)
    //[calendar_time:2022-04-26 23:29:04.106  system_uptime:596890]
    // Sending event #400
:Sending Touch (ACTION_UP): 0:(213.40442,741.3002)
:Sending Touch (ACTION_DOWN): 0:(1193.0,1731.0)
:Sending Touch (ACTION_UP): 0:(1200.0,1712.2915)
:Sending Touch (ACTION_DOWN): 0:(757.0,812.0)
:Sending Touch (ACTION_UP): 0:(757.6577,814.1441)
:Sending Touch (ACTION_DOWN): 0:(260.0,806.0)
:Sending Touch (ACTION_UP): 0:(266.11243,804.8157)
:Sending Trackball (ACTION_MOVE): 0:(0.0,2.0)
:Sending Touch (ACTION_DOWN): 0:(486.0,1455.0)
:Sending Touch (ACTION_UP): 0:(496.53293,1449.9111)
:Sending Touch (ACTION_DOWN): 0:(768.0,1433.0)
:Sending Touch (ACTION_UP): 0:(746.02686,1420.2834)
:Sending Trackball (ACTION_MOVE): 0:(2.0,-4.0)
:Sending Trackball (ACTION_MOVE): 0:(-3.0,-5.0)
:Sending Trackball (ACTION_UP): 0:(0.0,0.0)
:Sending Trackball (ACTION_MOVE): 0:(-4.0,3.0)
:Sending Trackball (ACTION_MOVE): 0:(0.0,0.0)
:Sending Touch (ACTION_DOWN): 0:(936.0,924.0)
:Sending Touch (ACTION_UP): 0:(937.77527,935.48126)
:Sending Touch (ACTION_DOWN): 0:(332.0,675.0)
:Sending Touch (ACTION_UP): 0:(331.64612,657.86316)
:Sending Touch (ACTION_DOWN): 0:(341.0,150.0)
:Sending Touch (ACTION_UP): 0:(333.2881,159.55676)
    //[calendar_time:2022-04-26 23:29:08.604  system_uptime:601388]
    // Sending event #500
    //[calendar_time:2022-04-26 23:29:08.805  system_uptime:601589]
    // Sending event #500
:Sending Touch (ACTION_DOWN): 0:(787.0,1678.0)
:Sending Touch (ACTION_UP): 0:(790.95166,1664.8936)
:Sending Trackball (ACTION_MOVE): 0:(-2.0,-3.0)
:Sending Touch (ACTION_DOWN): 0:(1070.0,105.0)
:Sending Touch (ACTION_UP): 0:(1104.0505,74.07287)
:Sending Touch (ACTION_DOWN): 0:(435.0,64.0)
:Sending Touch (ACTION_UP): 0:(428.11484,44.593468)
:Sending Trackball (ACTION_MOVE): 0:(-3.0,-1.0)
:Sending Touch (ACTION_DOWN): 0:(1022.0,787.0)
:Sending Touch (ACTION_UP): 0:(1025.2886,786.0636)
:Switch: #Intent;action=android.intent.action.MAIN;category=android.intent.category.LAUNCHER;launchFlags=0x10200000;component=it.feio.android.omninotes.alpha/it.feio.android.omninotes.MainActivity;end
    // Allowing start of Intent { act=android.intent.action.MAIN cat=[android.intent.category.LAUNCHER] cmp=it.feio.android.omninotes.alpha/it.feio.android.omninotes.MainActivity } in package it.feio.android.omninotes.alpha
:Sending Touch (ACTION_DOWN): 0:(1006.0,755.0)
:Sending Touch (ACTION_UP): 0:(1013.47424,720.76776)
:Sending Trackball (ACTION_MOVE): 0:(0.0,4.0)
:Sending Trackball (ACTION_MOVE): 0:(3.0,-5.0)
:Sending Touch (ACTION_DOWN): 0:(342.0,1697.0)
    //[calendar_time:2022-04-26 23:29:14.146  system_uptime:606930]
    // Sending event #600
:Sending Touch (ACTION_UP): 0:(360.56784,1719.9495)
    // Rejecting start of Intent { act=android.media.action.IMAGE_CAPTURE cmp=com.android.camera/.Camera } in package com.android.camera
:Sending Trackball (ACTION_MOVE): 0:(-3.0,0.0)
:Sending Trackball (ACTION_MOVE): 0:(1.0,1.0)
:Switch: #Intent;action=android.intent.action.MAIN;category=android.intent.category.LAUNCHER;launchFlags=0x10200000;component=it.feio.android.omninotes.alpha/com.squareup.leakcanary.internal.DisplayLeakActivity;end
    // Allowing start of Intent { act=android.intent.action.MAIN cat=[android.intent.category.LAUNCHER] cmp=it.feio.android.omninotes.alpha/com.squareup.leakcanary.internal.DisplayLeakActivity } in package it.feio.android.omninotes.alpha
:Switch: #Intent;action=android.intent.action.MAIN;category=android.intent.category.LAUNCHER;launchFlags=0x10200000;component=it.feio.android.omninotes.alpha/com.squareup.leakcanary.internal.DisplayLeakActivity;end
    // Allowing start of Intent { act=android.intent.action.MAIN cat=[android.intent.category.LAUNCHER] cmp=it.feio.android.omninotes.alpha/com.squareup.leakcanary.internal.DisplayLeakActivity } in package it.feio.android.omninotes.alpha
:Sending Trackball (ACTION_MOVE): 0:(-5.0,-3.0)
:Sending Touch (ACTION_DOWN): 0:(309.0,1.0)
:Sending Touch (ACTION_UP): 0:(307.2413,0.0)
:Sending Touch (ACTION_DOWN): 0:(208.0,1190.0)
:Sending Touch (ACTION_UP): 0:(206.91551,1185.4287)
:Sending Trackball (ACTION_MOVE): 0:(-1.0,-1.0)
:Sending Trackball (ACTION_MOVE): 0:(4.0,1.0)
    //[calendar_time:2022-04-26 23:29:21.096  system_uptime:613880]
    // Sending event #700
:Sending Touch (ACTION_DOWN): 0:(314.0,1459.0)
:Sending Touch (ACTION_UP): 0:(312.64313,1481.895)
:Sending Touch (ACTION_DOWN): 0:(95.0,1641.0)
:Sending Touch (ACTION_UP): 0:(87.71437,1636.1112)
:Sending Touch (ACTION_DOWN): 0:(624.0,1379.0)
:Sending Touch (ACTION_UP): 0:(664.39813,1386.9252)
:Sending Trackball (ACTION_MOVE): 0:(4.0,4.0)
:Sending Touch (ACTION_DOWN): 0:(1011.0,279.0)
:Sending Touch (ACTION_UP): 0:(1011.01855,292.52457)
:Sending Trackball (ACTION_MOVE): 0:(-4.0,3.0)
:Sending Trackball (ACTION_UP): 0:(0.0,0.0)
:Switch: #Intent;action=android.intent.action.MAIN;category=android.intent.category.LAUNCHER;launchFlags=0x10200000;component=it.feio.android.omninotes.alpha/com.squareup.leakcanary.internal.DisplayLeakActivity;end
    // Allowing start of Intent { act=android.intent.action.MAIN cat=[android.intent.category.LAUNCHER] cmp=it.feio.android.omninotes.alpha/com.squareup.leakcanary.internal.DisplayLeakActivity } in package it.feio.android.omninotes.alpha
:Sending Touch (ACTION_DOWN): 0:(587.0,363.0)
:Sending Touch (ACTION_UP): 0:(581.1659,363.1552)
:Sending Trackball (ACTION_MOVE): 0:(4.0,3.0)
:Switch: #Intent;action=android.intent.action.MAIN;category=android.intent.category.LAUNCHER;launchFlags=0x10200000;component=it.feio.android.omninotes.alpha/com.squareup.leakcanary.internal.DisplayLeakActivity;end
    // Allowing start of Intent { act=android.intent.action.MAIN cat=[android.intent.category.LAUNCHER] cmp=it.feio.android.omninotes.alpha/com.squareup.leakcanary.internal.DisplayLeakActivity } in package it.feio.android.omninotes.alpha
:Sending Flip keyboardOpen=true
:Sending Touch (ACTION_DOWN): 0:(137.0,1463.0)
:Sending Touch (ACTION_UP): 0:(162.73772,1478.778)
:Sending Touch (ACTION_DOWN): 0:(411.0,1135.0)
:Sending Touch (ACTION_UP): 0:(400.2264,1135.5271)
:Sending Flip keyboardOpen=false
:Sending Touch (ACTION_DOWN): 0:(368.0,700.0)
:Sending Touch (ACTION_UP): 0:(367.78424,700.25024)
:Sending Touch (ACTION_DOWN): 0:(1059.0,564.0)
:Sending Touch (ACTION_UP): 0:(1047.5092,633.0736)
:Sending Touch (ACTION_DOWN): 0:(321.0,175.0)
    //[calendar_time:2022-04-26 23:29:26.661  system_uptime:619445]
    // Sending event #800
:Sending Touch (ACTION_UP): 0:(316.67587,200.40382)
:Sending Touch (ACTION_DOWN): 0:(148.0,137.0)
:Sending Touch (ACTION_UP): 0:(208.67787,190.54878)
:Sending Touch (ACTION_DOWN): 0:(112.0,486.0)
:Sending Touch (ACTION_UP): 0:(111.5545,484.91553)
:Sending Flip keyboardOpen=true
:Sending Trackball (ACTION_MOVE): 0:(-1.0,0.0)
:Sending Touch (ACTION_DOWN): 0:(309.0,692.0)
:Sending Touch (ACTION_UP): 0:(319.29556,705.02893)
:Sending Touch (ACTION_DOWN): 0:(1182.0,1692.0)
:Sending Touch (ACTION_UP): 0:(1165.6863,1677.111)
:Sending Touch (ACTION_DOWN): 0:(1003.0,459.0)
:Sending Touch (ACTION_UP): 0:(997.41254,441.25516)
:Sending Touch (ACTION_DOWN): 0:(661.0,1165.0)
:Sending Touch (ACTION_UP): 0:(563.55273,1220.8457)
:Sending Touch (ACTION_DOWN): 0:(225.0,717.0)
:Sending Touch (ACTION_UP): 0:(239.5162,727.36993)
:Sending Trackball (ACTION_MOVE): 0:(3.0,4.0)
:Sending Touch (ACTION_DOWN): 0:(523.0,1648.0)
:Sending Touch (ACTION_UP): 0:(524.3045,1642.2156)
:Sending Touch (ACTION_DOWN): 0:(921.0,917.0)
:Sending Touch (ACTION_UP): 0:(929.0474,915.2854)
:Sending Trackball (ACTION_MOVE): 0:(-2.0,0.0)
:Sending Flip keyboardOpen=false
:Sending Trackball (ACTION_MOVE): 0:(-1.0,-5.0)
    //[calendar_time:2022-04-26 23:29:32.648  system_uptime:625432]
    // Sending event #900
:Sending Trackball (ACTION_MOVE): 0:(-3.0,2.0)
:Sending Touch (ACTION_DOWN): 0:(1173.0,1555.0)
:Sending Touch (ACTION_UP): 0:(1155.0387,1564.3499)
:Sending Trackball (ACTION_MOVE): 0:(-5.0,-4.0)
:Sending Trackball (ACTION_MOVE): 0:(-1.0,-5.0)
:Sending Trackball (ACTION_UP): 0:(0.0,0.0)
:Sending Trackball (ACTION_MOVE): 0:(-2.0,0.0)
:Sending Touch (ACTION_DOWN): 0:(117.0,1494.0)
:Sending Touch (ACTION_UP): 0:(114.72778,1494.5647)
:Sending Touch (ACTION_DOWN): 0:(923.0,1188.0)
:Sending Touch (ACTION_UP): 0:(953.47455,1233.7227)
:Sending Trackball (ACTION_MOVE): 0:(-3.0,1.0)
:Sending Trackball (ACTION_MOVE): 0:(-5.0,-2.0)
:Sending Touch (ACTION_DOWN): 0:(1181.0,1550.0)
:Sending Touch (ACTION_UP): 0:(1170.2191,1553.8073)
:Sending Touch (ACTION_DOWN): 0:(854.0,1172.0)
:Sending Touch (ACTION_UP): 0:(846.17975,1155.8114)
    //[calendar_time:2022-04-26 23:29:34.898  system_uptime:627682]
    // Sending event #1000
:Sending Touch (ACTION_DOWN): 0:(5.0,1627.0)
:Sending Touch (ACTION_UP): 0:(2.4547489,1626.4602)
:Sending Touch (ACTION_DOWN): 0:(784.0,1528.0)
:Sending Touch (ACTION_UP): 0:(771.6087,1526.6754)
:Sending Trackball (ACTION_MOVE): 0:(4.0,1.0)
:Sending Flip keyboardOpen=true
:Sending Trackball (ACTION_MOVE): 0:(-3.0,3.0)
:Sending Touch (ACTION_DOWN): 0:(744.0,1747.0)
:Sending Touch (ACTION_UP): 0:(728.15045,1756.8561)
:Switch: #Intent;action=android.intent.action.MAIN;category=android.intent.category.LAUNCHER;launchFlags=0x10200000;component=it.feio.android.omninotes.alpha/it.feio.android.omninotes.MainActivity;end
    // Allowing start of Intent { act=android.intent.action.MAIN cat=[android.intent.category.LAUNCHER] cmp=it.feio.android.omninotes.alpha/it.feio.android.omninotes.MainActivity } in package it.feio.android.omninotes.alpha
:Sending Touch (ACTION_DOWN): 0:(3.0,262.0)
:Sending Touch (ACTION_UP): 0:(71.73195,314.96097)
:Sending Trackball (ACTION_MOVE): 0:(-4.0,-4.0)
:Sending Trackball (ACTION_UP): 0:(0.0,0.0)
:Sending Trackball (ACTION_MOVE): 0:(2.0,-3.0)
:Sending Touch (ACTION_DOWN): 0:(554.0,719.0)
:Sending Touch (ACTION_UP): 0:(573.6235,698.5988)
:Switch: #Intent;action=android.intent.action.MAIN;category=android.intent.category.LAUNCHER;launchFlags=0x10200000;component=it.feio.android.omninotes.alpha/it.feio.android.omninotes.MainActivity;end
    // Allowing start of Intent { act=android.intent.action.MAIN cat=[android.intent.category.LAUNCHER] cmp=it.feio.android.omninotes.alpha/it.feio.android.omninotes.MainActivity } in package it.feio.android.omninotes.alpha
:Sending Trackball (ACTION_MOVE): 0:(4.0,2.0)
:Sending Touch (ACTION_DOWN): 0:(507.0,594.0)
    //[calendar_time:2022-04-26 23:29:39.455  system_uptime:632238]
    // Sending event #1100
:Sending Touch (ACTION_UP): 0:(547.3558,595.06696)
:Sending Touch (ACTION_DOWN): 0:(457.0,1005.0)
:Sending Touch (ACTION_UP): 0:(418.1025,957.6727)
:Sending Trackball (ACTION_MOVE): 0:(0.0,-5.0)
:Sending Trackball (ACTION_MOVE): 0:(3.0,-1.0)
:Sending Flip keyboardOpen=false
:Sending Trackball (ACTION_MOVE): 0:(-2.0,-2.0)
:Sending Trackball (ACTION_MOVE): 0:(2.0,2.0)
:Sending Trackball (ACTION_MOVE): 0:(4.0,3.0)
:Sending Touch (ACTION_DOWN): 0:(705.0,1067.0)
:Sending Touch (ACTION_UP): 0:(659.38556,1106.0388)
:Sending Touch (ACTION_DOWN): 0:(932.0,1571.0)
:Sending Touch (ACTION_UP): 0:(932.9633,1576.2365)
:Sending Trackball (ACTION_MOVE): 0:(-1.0,-1.0)
:Switch: #Intent;action=android.intent.action.MAIN;category=android.intent.category.LAUNCHER;launchFlags=0x10200000;component=it.feio.android.omninotes.alpha/it.feio.android.omninotes.MainActivity;end
    // Allowing start of Intent { act=android.intent.action.MAIN cat=[android.intent.category.LAUNCHER] cmp=it.feio.android.omninotes.alpha/it.feio.android.omninotes.MainActivity } in package it.feio.android.omninotes.alpha
:Sending Trackball (ACTION_MOVE): 0:(-3.0,2.0)
    //[calendar_time:2022-04-26 23:29:41.899  system_uptime:634683]
    // Sending event #1200
:Sending Trackball (ACTION_MOVE): 0:(-1.0,-4.0)
:Sending Touch (ACTION_DOWN): 0:(590.0,190.0)
:Sending Touch (ACTION_UP): 0:(616.0124,196.04407)
:Switch: #Intent;action=android.intent.action.MAIN;category=android.intent.category.LAUNCHER;launchFlags=0x10200000;component=it.feio.android.omninotes.alpha/it.feio.android.omninotes.MainActivity;end
    // Allowing start of Intent { act=android.intent.action.MAIN cat=[android.intent.category.LAUNCHER] cmp=it.feio.android.omninotes.alpha/it.feio.android.omninotes.MainActivity } in package it.feio.android.omninotes.alpha
:Sending Touch (ACTION_DOWN): 0:(160.0,13.0)
:Sending Touch (ACTION_UP): 0:(155.2114,4.9241896)
:Sending Touch (ACTION_DOWN): 0:(999.0,1155.0)
:Sending Touch (ACTION_UP): 0:(980.6031,1208.8998)
:Sending Touch (ACTION_DOWN): 0:(1082.0,102.0)
:Sending Touch (ACTION_UP): 0:(1079.5842,105.37374)
    // Rejecting start of Intent { act=android.intent.action.CHOOSER cmp=android/com.android.internal.app.ChooserActivity } in package android
:Sending Touch (ACTION_DOWN): 0:(867.0,677.0)
:Sending Touch (ACTION_UP): 0:(878.63696,649.5354)
:Sending Touch (ACTION_DOWN): 0:(235.0,582.0)
:Sending Touch (ACTION_UP): 0:(276.81958,562.60565)
:Sending Touch (ACTION_DOWN): 0:(717.0,210.0)
:Sending Touch (ACTION_UP): 0:(731.9955,176.01459)
:Sending Touch (ACTION_DOWN): 0:(703.0,830.0)
:Sending Touch (ACTION_UP): 0:(679.65955,836.7852)
:Sending Trackball (ACTION_MOVE): 0:(-1.0,3.0)
:Sending Trackball (ACTION_UP): 0:(0.0,0.0)
:Sending Trackball (ACTION_MOVE): 0:(4.0,0.0)
:Sending Touch (ACTION_DOWN): 0:(165.0,1218.0)
:Sending Touch (ACTION_UP): 0:(162.98294,1217.5004)
:Sending Touch (ACTION_DOWN): 0:(1032.0,155.0)
:Sending Touch (ACTION_UP): 0:(1049.478,196.03688)
    //[calendar_time:2022-04-26 23:29:46.658  system_uptime:639442]
    // Sending event #1300
:Sending Flip keyboardOpen=true
:Sending Touch (ACTION_DOWN): 0:(908.0,107.0)
:Sending Touch (ACTION_UP): 0:(907.9789,125.064896)
:Sending Trackball (ACTION_MOVE): 0:(-2.0,1.0)
:Sending Touch (ACTION_DOWN): 0:(834.0,358.0)
:Sending Touch (ACTION_UP): 0:(821.2978,313.25873)
:Switch: #Intent;action=android.intent.action.MAIN;category=android.intent.category.LAUNCHER;launchFlags=0x10200000;component=it.feio.android.omninotes.alpha/it.feio.android.omninotes.MainActivity;end
    // Allowing start of Intent { act=android.intent.action.MAIN cat=[android.intent.category.LAUNCHER] cmp=it.feio.android.omninotes.alpha/it.feio.android.omninotes.MainActivity } in package it.feio.android.omninotes.alpha
:Sending Trackball (ACTION_MOVE): 0:(4.0,-5.0)
:Sending Touch (ACTION_DOWN): 0:(436.0,782.0)
:Sending Touch (ACTION_UP): 0:(433.1881,783.9818)
:Sending Trackball (ACTION_MOVE): 0:(4.0,-4.0)
:Sending Touch (ACTION_DOWN): 0:(1177.0,1205.0)
:Sending Touch (ACTION_UP): 0:(1189.4135,1194.2334)
:Sending Touch (ACTION_DOWN): 0:(110.0,635.0)
:Sending Touch (ACTION_UP): 0:(99.68716,659.1156)
:Sending Touch (ACTION_DOWN): 0:(1037.0,1511.0)
:Sending Touch (ACTION_UP): 0:(1030.964,1519.0488)
:Sending Touch (ACTION_DOWN): 0:(318.0,833.0)
:Sending Touch (ACTION_UP): 0:(310.73685,825.727)
:Sending Touch (ACTION_DOWN): 0:(342.0,434.0)
:Sending Touch (ACTION_UP): 0:(347.59158,430.4284)
:Sending Touch (ACTION_DOWN): 0:(484.0,901.0)
:Sending Touch (ACTION_UP): 0:(491.05148,901.43726)
:Sending Trackball (ACTION_MOVE): 0:(-1.0,0.0)
    //[calendar_time:2022-04-26 23:29:53.823  system_uptime:646607]
    // Sending event #1400
:Sending Touch (ACTION_DOWN): 0:(629.0,413.0)
:Sending Touch (ACTION_UP): 0:(643.8142,413.1146)
    // Allowing start of Intent { cmp=it.feio.android.omninotes.alpha/it.feio.android.omninotes.SettingsActivity } in package it.feio.android.omninotes.alpha
:Sending Touch (ACTION_DOWN): 0:(840.0,95.0)
    // Injection Failed
:Sending Touch (ACTION_UP): 0:(835.793,92.634186)
    // Injection Failed
:Sending Trackball (ACTION_MOVE): 0:(-1.0,-2.0)
    // activityResuming(it.feio.android.omninotes.alpha)
// CRASH: it.feio.android.omninotes.alpha (pid 5185)
// Short Msg: java.lang.NullPointerException
// Long Msg: java.lang.NullPointerException: Attempt to invoke virtual method 'java.lang.Long it.feio.android.omninotes.commons.models.BaseCategory.getId()' on a null object reference
// Build Label: google/sdk_google_phone_x86/generic_x86:7.1.1/NYC/6695155:userdebug/test-keys
// Build Changelist: 6695155
// Build Time: 1595288234000
// java.lang.NullPointerException: Attempt to invoke virtual method 'java.lang.Long it.feio.android.omninotes.commons.models.BaseCategory.getId()' on a null object reference
// 	at it.feio.android.omninotes.async.CategoryMenuTask.lambda$buildCategoryMenuClickEvent$3$CategoryMenuTask(CategoryMenuTask.java:163)
// 	at it.feio.android.omninotes.async.-$$Lambda$CategoryMenuTask$vTKErI5IuLOI8_zDOS54PY9xkkQ.onItemClick(lambda)
// 	at android.widget.AdapterView.performItemClick(AdapterView.java:310)
// 	at android.widget.AbsListView.performItemClick(AbsListView.java:1156)
// 	at android.widget.AbsListView.onKeyUp(AbsListView.java:3343)
// 	at android.widget.ListView.commonKey(ListView.java:2401)
// 	at android.widget.ListView.onKeyUp(ListView.java:2274)
// 	at android.view.KeyEvent.dispatch(KeyEvent.java:2712)
// 	at android.view.View.dispatchKeyEvent(View.java:9960)
// 	at android.view.ViewGroup.dispatchKeyEvent(ViewGroup.java:1625)
// 	at android.widget.ListView.dispatchKeyEvent(ListView.java:2249)
// 	at android.view.ViewGroup.dispatchKeyEvent(ViewGroup.java:1630)
// 	at android.view.ViewGroup.dispatchKeyEvent(ViewGroup.java:1630)
// 	at android.widget.ScrollView.dispatchKeyEvent(ScrollView.java:379)
// 	at android.view.ViewGroup.dispatchKeyEvent(ViewGroup.java:1630)
// 	at android.view.ViewGroup.dispatchKeyEvent(ViewGroup.java:1630)
// 	at android.view.ViewGroup.dispatchKeyEvent(ViewGroup.java:1630)
// 	at android.view.ViewGroup.dispatchKeyEvent(ViewGroup.java:1630)
// 	at android.view.ViewGroup.dispatchKeyEvent(ViewGroup.java:1630)
// 	at android.view.ViewGroup.dispatchKeyEvent(ViewGroup.java:1630)
// 	at android.view.ViewGroup.dispatchKeyEvent(ViewGroup.java:1630)
// 	at com.android.internal.policy.DecorView.superDispatchKeyEvent(DecorView.java:405)
// 	at com.android.internal.policy.PhoneWindow.superDispatchKeyEvent(PhoneWindow.java:1798)
// 	at androidx.core.view.KeyEventDispatcher.activitySuperDispatchKeyEventPre28(KeyEventDispatcher.java:130)
// 	at androidx.core.view.KeyEventDispatcher.dispatchKeyEvent(KeyEventDispatcher.java:87)
// 	at androidx.core.app.ComponentActivity.dispatchKeyEvent(ComponentActivity.java:133)
// 	at androidx.core.app.ComponentActivity.dispatchKeyEvent(Native Method)
// 	at androidx.appcompat.app.AppCompatActivity.dispatchKeyEvent(AppCompatActivity.java:558)
// 	at androidx.appcompat.app.AppCompatActivity.dispatchKeyEvent(Native Method)
// 	at androidx.appcompat.view.WindowCallbackWrapper.dispatchKeyEvent(WindowCallbackWrapper.java:59)
// 	at androidx.appcompat.app.AppCompatDelegateImpl$AppCompatWindowCallback.dispatchKeyEvent(AppCompatDelegateImpl.java:2814)
// 	at androidx.appcompat.view.WindowCallbackWrapper.dispatchKeyEvent(WindowCallbackWrapper.java:59)
// 	at com.android.internal.policy.DecorView.dispatchKeyEvent(DecorView.java:319)
// 	at android.view.ViewRootImpl$ViewPostImeInputStage.processKeyEvent(ViewRootImpl.java:4331)
// 	at android.view.ViewRootImpl$ViewPostImeInputStage.onProcess(ViewRootImpl.java:4302)
// 	at android.view.ViewRootImpl$InputStage.deliver(ViewRootImpl.java:3853)
// 	at android.view.ViewRootImpl$InputStage.onDeliverToNext(ViewRootImpl.java:3906)
// 	at android.view.ViewRootImpl$InputStage.forward(ViewRootImpl.java:3872)
// 	at android.view.ViewRootImpl$AsyncInputStage.forward(ViewRootImpl.java:3999)
// 	at android.view.ViewRootImpl$InputStage.apply(ViewRootImpl.java:3880)
// 	at android.view.ViewRootImpl$AsyncInputStage.apply(ViewRootImpl.java:4056)
// 	at android.view.ViewRootImpl$InputStage.deliver(ViewRootImpl.java:3853)
// 	at android.view.ViewRootImpl$InputStage.onDeliverToNext(ViewRootImpl.java:3906)
// 	at android.view.ViewRootImpl$InputStage.forward(ViewRootImpl.java:3872)
// 	at android.view.ViewRootImpl$InputStage.apply(ViewRootImpl.java:3880)
// 	at android.view.ViewRootImpl$InputStage.deliver(ViewRootImpl.java:3853)
// 	at android.view.ViewRootImpl$InputStage.onDeliverToNext(ViewRootImpl.java:3906)
// 	at android.view.ViewRootImpl$InputStage.forward(ViewRootImpl.java:3872)
// 	at android.view.ViewRootImpl$AsyncInputStage.forward(ViewRootImpl.java:4032)
// 	at android.view.ViewRootImpl$ImeInputStage.onFinishedInputEvent(ViewRootImpl.java:4193)
// 	at android.view.inputmethod.InputMethodManager$PendingEvent.run(InputMethodManager.java:2400)
// 	at android.view.inputmethod.InputMethodManager.invokeFinishedInputEventCallback(InputMethodManager.java:1964)
// 	at android.view.inputmethod.InputMethodManager.finishedInputEvent(InputMethodManager.java:1955)
// 	at android.view.inputmethod.InputMethodManager$ImeInputEventSender.onInputEventFinished(InputMethodManager.java:2377)
// 	at android.view.InputEventSender.dispatchInputEventFinished(InputEventSender.java:141)
// 	at android.os.MessageQueue.nativePollOnce(Native Method)
// 	at android.os.MessageQueue.next(MessageQueue.java:323)
// 	at android.os.Looper.loop(Looper.java:136)
// 	at android.app.ActivityThread.main(ActivityThread.java:6119)
// 	at java.lang.reflect.Method.invoke(Native Method)
// 	at com.android.internal.os.ZygoteInit$MethodAndArgsCaller.run(ZygoteInit.java:886)
// 	at com.android.internal.os.ZygoteInit.main(ZygoteInit.java:776)
// 
app_crashit.feio.android.omninotes.alpha_2022-04-26_23_29_57.306_.txt:
// app_crashit.feio.android.omninotes.alpha_2022-04-26_23_29_57.306_.txt status was 0
:Sending Trackball (ACTION_MOVE): 0:(-4.0,0.0)
:Sending Trackball (ACTION_MOVE): 0:(-1.0,1.0)
:Sending Trackball (ACTION_MOVE): 0:(-2.0,2.0)
:Sending Trackball (ACTION_MOVE): 0:(-3.0,2.0)
    // Allowing start of Intent { act=android.intent.action.MAIN cat=[android.intent.category.LAUNCHER] cmp=it.feio.android.omninotes.alpha/it.feio.android.omninotes.MainActivity } in package it.feio.android.omninotes.alpha
:Sending Touch (ACTION_DOWN): 0:(747.0,1129.0)
:Sending Touch (ACTION_UP): 0:(764.9337,1111.3016)
:Sending Trackball (ACTION_MOVE): 0:(-3.0,2.0)
    //[calendar_time:2022-04-26 23:30:25.512  system_uptime:678296]
    // Sending event #1500
:Sending Trackball (ACTION_MOVE): 0:(-5.0,3.0)
:Switch: #Intent;action=android.intent.action.MAIN;category=android.intent.category.LAUNCHER;launchFlags=0x10200000;component=it.feio.android.omninotes.alpha/com.squareup.leakcanary.internal.DisplayLeakActivity;end
    // Allowing start of Intent { act=android.intent.action.MAIN cat=[android.intent.category.LAUNCHER] cmp=it.feio.android.omninotes.alpha/com.squareup.leakcanary.internal.DisplayLeakActivity } in package it.feio.android.omninotes.alpha
:Sending Touch (ACTION_DOWN): 0:(1051.0,1232.0)
:Sending Touch (ACTION_UP): 0:(1097.7025,1221.9059)
:Sending Trackball (ACTION_MOVE): 0:(-3.0,-5.0)
:Sending Trackball (ACTION_MOVE): 0:(-2.0,4.0)
:Sending Touch (ACTION_DOWN): 0:(828.0,83.0)
:Sending Touch (ACTION_UP): 0:(884.18665,136.19978)
:Sending Trackball (ACTION_MOVE): 0:(0.0,-2.0)
:Sending Trackball (ACTION_UP): 0:(0.0,0.0)
:Sending Touch (ACTION_DOWN): 0:(839.0,1467.0)
:Sending Touch (ACTION_UP): 0:(862.5983,1458.1772)
:Sending Touch (ACTION_DOWN): 0:(488.0,1407.0)
:Sending Touch (ACTION_UP): 0:(482.9724,1392.5265)
