--------- beginning of main
--------- beginning of system
--------- beginning of crash
04-27 02:04:48.711  7051  7051 W System.err: java.io.FileNotFoundException: /jacoco.exec (Read-only file system)
04-27 02:04:48.711  7051  7051 W System.err: 	at java.io.FileOutputStream.open(Native Method)
04-27 02:04:48.717  7051  7051 W System.err: 	at java.io.FileOutputStream.<init>(FileOutputStream.java:221)
04-27 02:04:48.717  7051  7051 W System.err: 	at org.jacoco.agent.rt.internal_8ff85ea.output.FileOutput.openFile(FileOutput.java:67)
04-27 02:04:48.717  7051  7051 W System.err: 	at org.jacoco.agent.rt.internal_8ff85ea.output.FileOutput.startup(FileOutput.java:49)
04-27 02:04:48.717  7051  7051 W System.err: 	at org.jacoco.agent.rt.internal_8ff85ea.Agent.startup(Agent.java:122)
04-27 02:04:48.717  7051  7051 W System.err: 	at org.jacoco.agent.rt.internal_8ff85ea.Agent.getInstance(Agent.java:50)
04-27 02:04:48.717  7051  7051 W System.err: 	at org.jacoco.agent.rt.internal_8ff85ea.Offline.<clinit>(Offline.java:31)
04-27 02:04:48.717  7051  7051 W System.err: 	at org.jacoco.agent.rt.internal_8ff85ea.Offline.getProbes(Offline.java:51)
04-27 02:04:48.717  7051  7051 W System.err: 	at org.fossasia.openevent.general.OpenEventGeneral.$jacocoInit(OpenEventGeneral.kt)
04-27 02:04:48.717  7051  7051 W System.err: 	at org.fossasia.openevent.general.OpenEventGeneral.<clinit>(OpenEventGeneral.kt)
04-27 02:04:48.717  7051  7051 W System.err: 	at java.lang.Class.newInstance(Native Method)
04-27 02:04:48.717  7051  7051 W System.err: 	at android.app.Instrumentation.newApplication(Instrumentation.java:1007)
04-27 02:04:48.717  7051  7051 W System.err: 	at android.app.Instrumentation.newApplication(Instrumentation.java:992)
04-27 02:04:48.717  7051  7051 W System.err: 	at android.app.LoadedApk.makeApplication(LoadedApk.java:796)
04-27 02:04:48.718  7051  7051 W System.err: 	at android.app.ActivityThread.handleBindApplication(ActivityThread.java:5377)
04-27 02:04:48.718  7051  7051 W System.err: 	at android.app.ActivityThread.-wrap2(ActivityThread.java)
04-27 02:04:48.718  7051  7051 W System.err: 	at android.app.ActivityThread$H.handleMessage(ActivityThread.java:1545)
04-27 02:04:48.718  7051  7051 W System.err: 	at android.os.Handler.dispatchMessage(Handler.java:102)
04-27 02:04:48.718  7051  7051 W System.err: 	at android.os.Looper.loop(Looper.java:154)
04-27 02:04:48.718  7051  7051 W System.err: 	at android.app.ActivityThread.main(ActivityThread.java:6119)
04-27 02:04:48.718  7051  7051 W System.err: 	at java.lang.reflect.Method.invoke(Native Method)
04-27 02:04:48.718  7051  7051 W System.err: 	at com.android.internal.os.ZygoteInit$MethodAndArgsCaller.run(ZygoteInit.java:886)
04-27 02:04:48.718  7051  7051 W System.err: 	at com.android.internal.os.ZygoteInit.main(ZygoteInit.java:776)
