--------- beginning of system
--------- beginning of main
--------- beginning of crash
05-01 19:07:28.512  6805  6805 E AndroidRuntime: FATAL EXCEPTION: main
05-01 19:07:28.512  6805  6805 E AndroidRuntime: Process: com.nextcloud.client, PID: 6805
05-01 19:07:28.512  6805  6805 E AndroidRuntime: java.lang.NullPointerException: Attempt to invoke virtual method 'boolean com.owncloud.android.datamodel.OCFile.canWrite()' on a null object reference
05-01 19:07:28.512  6805  6805 E AndroidRuntime: 	at com.owncloud.android.ui.fragment.OCFileListFragment.updateLayout(OCFileListFragment.java:1293)
05-01 19:07:28.512  6805  6805 E AndroidRuntime: 	at com.owncloud.android.ui.fragment.OCFileListFragment.listDirectory(OCFileListFragment.java:1262)
05-01 19:07:28.512  6805  6805 E AndroidRuntime: 	at com.owncloud.android.ui.fragment.OCFileListFragment.listDirectory(OCFileListFragment.java:1196)
05-01 19:07:28.512  6805  6805 E AndroidRuntime: 	at com.owncloud.android.ui.activity.FileDisplayActivity.onResume(FileDisplayActivity.java:1223)
05-01 19:07:28.512  6805  6805 E AndroidRuntime: 	at android.app.Instrumentation.callActivityOnResume(Instrumentation.java:1269)
05-01 19:07:28.512  6805  6805 E AndroidRuntime: 	at android.app.Activity.performResume(Activity.java:6783)
05-01 19:07:28.512  6805  6805 E AndroidRuntime: 	at android.app.ActivityThread.handleSendResult(ActivityThread.java:4134)
05-01 19:07:28.512  6805  6805 E AndroidRuntime: 	at android.app.ActivityThread.-wrap20(ActivityThread.java)
05-01 19:07:28.512  6805  6805 E AndroidRuntime: 	at android.app.ActivityThread$H.handleMessage(ActivityThread.java:1533)
05-01 19:07:28.512  6805  6805 E AndroidRuntime: 	at android.os.Handler.dispatchMessage(Handler.java:102)
05-01 19:07:28.512  6805  6805 E AndroidRuntime: 	at android.os.Looper.loop(Looper.java:154)
05-01 19:07:28.512  6805  6805 E AndroidRuntime: 	at android.app.ActivityThread.main(ActivityThread.java:6119)
05-01 19:07:28.512  6805  6805 E AndroidRuntime: 	at java.lang.reflect.Method.invoke(Native Method)
05-01 19:07:28.512  6805  6805 E AndroidRuntime: 	at com.android.internal.os.ZygoteInit$MethodAndArgsCaller.run(ZygoteInit.java:886)
05-01 19:07:28.512  6805  6805 E AndroidRuntime: 	at com.android.internal.os.ZygoteInit.main(ZygoteInit.java:776)
