--------- beginning of main
--------- beginning of system
05-01 19:21:53.478  8737  9006 W System.err: java.io.IOException: Input is not in the .gz format
05-01 19:21:53.478  8737  9006 W System.err: 	at org.apache.commons.compress.compressors.gzip.GzipCompressorInputStream.init(GzipCompressorInputStream.java:162)
05-01 19:21:53.478  8737  9006 W System.err: 	at org.apache.commons.compress.compressors.gzip.GzipCompressorInputStream.<init>(GzipCompressorInputStream.java:135)
05-01 19:21:53.478  8737  9006 W System.err: 	at org.apache.commons.compress.compressors.gzip.GzipCompressorInputStream.<init>(GzipCompressorInputStream.java:100)
05-01 19:21:53.478  8737  9006 W System.err: 	at org.crosswire.jsword.book.install.sword.AbstractSwordInstaller.unpack(AbstractSwordInstaller.java:375)
05-01 19:21:53.478  8737  9006 W System.err: 	at org.crosswire.jsword.book.install.sword.AbstractSwordInstaller.reloadBookList(AbstractSwordInstaller.java:326)
05-01 19:21:53.478  8737  9006 W System.err: 	at net.bible.service.download.DownloadManager.getDownloadableBooks(DownloadManager.java:84)
05-01 19:21:53.478  8737  9006 W System.err: 	at net.bible.service.download.RepoBase.getBookList(RepoBase.java:43)
05-01 19:21:53.478  8737  9006 W System.err: 	at net.bible.service.download.AndBibleRepo.getRepoBooks(AndBibleRepo.java:47)
05-01 19:21:53.478  8737  9006 W System.err: 	at net.bible.service.sword.SwordDocumentFacade.getDownloadableDocuments(SwordDocumentFacade.java:151)
05-01 19:21:53.478  8737  9006 W System.err: 	at net.bible.android.control.download.DownloadControl.getDownloadableDocuments(DownloadControl.java:103)
05-01 19:21:53.478  8737  9006 W System.err: 	at net.bible.android.view.activity.download.Download.getDocumentsFromSource(Download.java:134)
05-01 19:21:53.478  8737  9006 W System.err: 	at net.bible.android.view.activity.base.DocumentSelectionBase$4.doInBackground(DocumentSelectionBase.java:271)
05-01 19:21:53.478  8737  9006 W System.err: 	at net.bible.android.view.activity.base.DocumentSelectionBase$4.doInBackground(DocumentSelectionBase.java:257)
05-01 19:21:53.478  8737  9006 W System.err: 	at android.os.AsyncTask$2.call(AsyncTask.java:305)
05-01 19:21:53.478  8737  9006 W System.err: 	at java.util.concurrent.FutureTask.run(FutureTask.java:237)
05-01 19:21:53.478  8737  9006 W System.err: 	at android.os.AsyncTask$SerialExecutor$1.run(AsyncTask.java:243)
05-01 19:21:53.478  8737  9006 W System.err: 	at java.util.concurrent.ThreadPoolExecutor.runWorker(ThreadPoolExecutor.java:1133)
05-01 19:21:53.478  8737  9006 W System.err: 	at java.util.concurrent.ThreadPoolExecutor$Worker.run(ThreadPoolExecutor.java:607)
05-01 19:21:53.478  8737  9006 W System.err: 	at java.lang.Thread.run(Thread.java:761)
--------- beginning of crash
05-01 19:23:38.366  8737  8737 E AndroidRuntime: FATAL EXCEPTION: main
05-01 19:23:38.366  8737  8737 E AndroidRuntime: Process: net.bible.android.activity, PID: 8737
05-01 19:23:38.366  8737  8737 E AndroidRuntime: java.lang.ClassCastException: android.widget.HeaderViewListAdapter cannot be cast to androidx.appcompat.view.menu.MenuAdapter
05-01 19:23:38.366  8737  8737 E AndroidRuntime: 	at androidx.appcompat.widget.MenuPopupWindow$MenuDropDownListView.onKeyDown(MenuPopupWindow.java:175)
05-01 19:23:38.366  8737  8737 E AndroidRuntime: 	at android.view.KeyEvent.dispatch(KeyEvent.java:2688)
05-01 19:23:38.366  8737  8737 E AndroidRuntime: 	at android.view.View.dispatchKeyEvent(View.java:9960)
05-01 19:23:38.366  8737  8737 E AndroidRuntime: 	at android.view.ViewGroup.dispatchKeyEvent(ViewGroup.java:1625)
05-01 19:23:38.366  8737  8737 E AndroidRuntime: 	at android.widget.ListView.dispatchKeyEvent(ListView.java:2249)
05-01 19:23:38.366  8737  8737 E AndroidRuntime: 	at android.view.ViewGroup.dispatchKeyEvent(ViewGroup.java:1630)
05-01 19:23:38.366  8737  8737 E AndroidRuntime: 	at android.view.ViewGroup.dispatchKeyEvent(ViewGroup.java:1630)
05-01 19:23:38.366  8737  8737 E AndroidRuntime: 	at android.widget.PopupWindow$PopupDecorView.dispatchKeyEvent(PopupWindow.java:2266)
05-01 19:23:38.366  8737  8737 E AndroidRuntime: 	at android.view.ViewRootImpl$ViewPostImeInputStage.processKeyEvent(ViewRootImpl.java:4331)
05-01 19:23:38.366  8737  8737 E AndroidRuntime: 	at android.view.ViewRootImpl$ViewPostImeInputStage.onProcess(ViewRootImpl.java:4302)
05-01 19:23:38.366  8737  8737 E AndroidRuntime: 	at android.view.ViewRootImpl$InputStage.deliver(ViewRootImpl.java:3853)
05-01 19:23:38.366  8737  8737 E AndroidRuntime: 	at android.view.ViewRootImpl$InputStage.onDeliverToNext(ViewRootImpl.java:3906)
05-01 19:23:38.366  8737  8737 E AndroidRuntime: 	at android.view.ViewRootImpl$InputStage.forward(ViewRootImpl.java:3872)
05-01 19:23:38.366  8737  8737 E AndroidRuntime: 	at android.view.ViewRootImpl$AsyncInputStage.forward(ViewRootImpl.java:3999)
05-01 19:23:38.366  8737  8737 E AndroidRuntime: 	at android.view.ViewRootImpl$InputStage.apply(ViewRootImpl.java:3880)
05-01 19:23:38.366  8737  8737 E AndroidRuntime: 	at android.view.ViewRootImpl$AsyncInputStage.apply(ViewRootImpl.java:4056)
05-01 19:23:38.366  8737  8737 E AndroidRuntime: 	at android.view.ViewRootImpl$InputStage.deliver(ViewRootImpl.java:3853)
05-01 19:23:38.366  8737  8737 E AndroidRuntime: 	at android.view.ViewRootImpl$InputStage.onDeliverToNext(ViewRootImpl.java:3906)
05-01 19:23:38.366  8737  8737 E AndroidRuntime: 	at android.view.ViewRootImpl$InputStage.forward(ViewRootImpl.java:3872)
05-01 19:23:38.366  8737  8737 E AndroidRuntime: 	at android.view.ViewRootImpl$InputStage.apply(ViewRootImpl.java:3880)
05-01 19:23:38.366  8737  8737 E AndroidRuntime: 	at android.view.ViewRootImpl$InputStage.deliver(ViewRootImpl.java:3853)
05-01 19:23:38.366  8737  8737 E AndroidRuntime: 	at android.view.ViewRootImpl$InputStage.onDeliverToNext(ViewRootImpl.java:3906)
05-01 19:23:38.366  8737  8737 E AndroidRuntime: 	at android.view.ViewRootImpl$InputStage.forward(ViewRootImpl.java:3872)
05-01 19:23:38.366  8737  8737 E AndroidRuntime: 	at android.view.ViewRootImpl$AsyncInputStage.forward(ViewRootImpl.java:3999)
05-01 19:23:38.366  8737  8737 E AndroidRuntime: 	at android.view.ViewRootImpl$InputStage.apply(ViewRootImpl.java:3880)
05-01 19:23:38.366  8737  8737 E AndroidRuntime: 	at android.view.ViewRootImpl$AsyncInputStage.apply(ViewRootImpl.java:4056)
05-01 19:23:38.366  8737  8737 E AndroidRuntime: 	at android.view.ViewRootImpl$InputStage.deliver(ViewRootImpl.java:3853)
05-01 19:23:38.366  8737  8737 E AndroidRuntime: 	at android.view.ViewRootImpl$InputStage.onDeliverToNext(ViewRootImpl.java:3906)
05-01 19:23:38.366  8737  8737 E AndroidRuntime: 	at android.view.ViewRootImpl$InputStage.forward(ViewRootImpl.java:3872)
05-01 19:23:38.366  8737  8737 E AndroidRuntime: 	at android.view.ViewRootImpl$InputStage.apply(ViewRootImpl.java:3880)
05-01 19:23:38.366  8737  8737 E AndroidRuntime: 	at android.view.ViewRootImpl$InputStage.deliver(ViewRootImpl.java:3853)
05-01 19:23:38.366  8737  8737 E AndroidRuntime: 	at android.view.ViewRootImpl$InputStage.onDeliverToNext(ViewRootImpl.java:3906)
05-01 19:23:38.366  8737  8737 E AndroidRuntime: 	at android.view.ViewRootImpl$InputStage.forward(ViewRootImpl.java:3872)
05-01 19:23:38.366  8737  8737 E AndroidRuntime: 	at android.view.ViewRootImpl$AsyncInputStage.forward(ViewRootImpl.java:3999)
05-01 19:23:38.366  8737  8737 E AndroidRuntime: 	at android.view.ViewRootImpl$InputStage.apply(ViewRootImpl.java:3880)
05-01 19:23:38.366  8737  8737 E AndroidRuntime: 	at android.view.ViewRootImpl$AsyncInputStage.apply(ViewRootImpl.java:4056)
05-01 19:23:38.366  8737  8737 E AndroidRuntime: 	at android.view.ViewRootImpl$InputStage.deliver(ViewRootImpl.java:3853)
05-01 19:23:38.366  8737  8737 E AndroidRuntime: 	at android.view.ViewRootImpl.deliverInputEvent(ViewRootImpl.java:6246)
05-01 19:23:38.366  8737  8737 E AndroidRuntime: 	at android.view.ViewRootImpl.doProcessInputEvents(ViewRootImpl.java:6220)
05-01 19:23:38.366  8737  8737 E AndroidRuntime: 	at android.view.ViewRootImpl.enqueueInputEvent(ViewRootImpl.java:6181)
05-01 19:23:38.366  8737  8737 E AndroidRuntime: 	at android.view.ViewRootImpl$WindowInputEventReceiver.onInputEvent(ViewRootImpl.java:6349)
05-01 19:23:38.366  8737  8737 E AndroidRuntime: 	at android.view.InputEventReceiver.dispatchInputEvent(InputEventReceiver.java:185)
05-01 19:23:38.366  8737  8737 E AndroidRuntime: 	at android.os.MessageQueue.nativePollOnce(Native Method)
05-01 19:23:38.366  8737  8737 E AndroidRuntime: 	at android.os.MessageQueue.next(MessageQueue.java:323)
05-01 19:23:38.366  8737  8737 E AndroidRuntime: 	at android.os.Looper.loop(Looper.java:136)
05-01 19:23:38.366  8737  8737 E AndroidRuntime: 	at android.app.ActivityThread.main(ActivityThread.java:6119)
05-01 19:23:38.366  8737  8737 E AndroidRuntime: 	at java.lang.reflect.Method.invoke(Native Method)
05-01 19:23:38.366  8737  8737 E AndroidRuntime: 	at com.android.internal.os.ZygoteInit$MethodAndArgsCaller.run(ZygoteInit.java:886)
05-01 19:23:38.366  8737  8737 E AndroidRuntime: 	at com.android.internal.os.ZygoteInit.main(ZygoteInit.java:776)
05-01 19:23:38.382  1727  1741 W System.err: java.lang.IllegalArgumentException: Given thread 8756 does not exist
05-01 19:23:38.383  1727  1741 W System.err: 	at android.os.Process.setThreadPriority(Native Method)
05-01 19:23:38.383  1727  1741 W System.err: 	at com.android.server.am.ActivityManagerService.applyOomAdjLocked(ActivityManagerService.java:20514)
05-01 19:23:38.383  1727  1741 W System.err: 	at com.android.server.am.ActivityManagerService.updateOomAdjLocked(ActivityManagerService.java:21013)
05-01 19:23:38.383  1727  1741 W System.err: 	at com.android.server.am.BroadcastQueue.processCurBroadcastLocked(BroadcastQueue.java:272)
05-01 19:23:38.383  1727  1741 W System.err: 	at com.android.server.am.BroadcastQueue.processNextBroadcast(BroadcastQueue.java:1222)
05-01 19:23:38.383  1727  1741 W System.err: 	at com.android.server.am.BroadcastQueue$BroadcastHandler.handleMessage(BroadcastQueue.java:172)
05-01 19:23:38.383  1727  1741 W System.err: 	at android.os.Handler.dispatchMessage(Handler.java:102)
05-01 19:23:38.383  1727  1741 W System.err: 	at android.os.Looper.loop(Looper.java:154)
05-01 19:23:38.383  1727  1741 W System.err: 	at android.os.HandlerThread.run(HandlerThread.java:61)
05-01 19:23:38.383  1727  1741 W System.err: 	at com.android.server.ServiceThread.run(ServiceThread.java:46)
05-01 19:23:39.132  9197  9197 W System.err: java.io.FileNotFoundException: /jacoco.exec (Read-only file system)
05-01 19:23:39.133  9197  9197 W System.err: 	at java.io.FileOutputStream.open(Native Method)
05-01 19:23:39.133  9197  9197 W System.err: 	at java.io.FileOutputStream.<init>(FileOutputStream.java:221)
05-01 19:23:39.133  9197  9197 W System.err: 	at org.jacoco.agent.rt.internal_8ff85ea.output.FileOutput.openFile(FileOutput.java:67)
05-01 19:23:39.133  9197  9197 W System.err: 	at org.jacoco.agent.rt.internal_8ff85ea.output.FileOutput.startup(FileOutput.java:49)
05-01 19:23:39.133  9197  9197 W System.err: 	at org.jacoco.agent.rt.internal_8ff85ea.Agent.startup(Agent.java:122)
05-01 19:23:39.133  9197  9197 W System.err: 	at org.jacoco.agent.rt.internal_8ff85ea.Agent.getInstance(Agent.java:50)
05-01 19:23:39.133  9197  9197 W System.err: 	at org.jacoco.agent.rt.internal_8ff85ea.Offline.<clinit>(Offline.java:31)
05-01 19:23:39.133  9197  9197 W System.err: 	at org.jacoco.agent.rt.internal_8ff85ea.Offline.getProbes(Offline.java:51)
05-01 19:23:39.133  9197  9197 W System.err: 	at net.bible.android.BibleApplication.$jacocoInit(BibleApplication.kt)
05-01 19:23:39.133  9197  9197 W System.err: 	at net.bible.android.BibleApplication.<clinit>(BibleApplication.kt)
05-01 19:23:39.133  9197  9197 W System.err: 	at java.lang.Class.newInstance(Native Method)
05-01 19:23:39.133  9197  9197 W System.err: 	at android.app.Instrumentation.newApplication(Instrumentation.java:1007)
05-01 19:23:39.133  9197  9197 W System.err: 	at android.app.Instrumentation.newApplication(Instrumentation.java:992)
05-01 19:23:39.133  9197  9197 W System.err: 	at android.app.LoadedApk.makeApplication(LoadedApk.java:796)
05-01 19:23:39.133  9197  9197 W System.err: 	at android.app.ActivityThread.handleBindApplication(ActivityThread.java:5377)
05-01 19:23:39.133  9197  9197 W System.err: 	at android.app.ActivityThread.-wrap2(ActivityThread.java)
05-01 19:23:39.133  9197  9197 W System.err: 	at android.app.ActivityThread$H.handleMessage(ActivityThread.java:1545)
05-01 19:23:39.133  9197  9197 W System.err: 	at android.os.Handler.dispatchMessage(Handler.java:102)
05-01 19:23:39.133  9197  9197 W System.err: 	at android.os.Looper.loop(Looper.java:154)
05-01 19:23:39.133  9197  9197 W System.err: 	at android.app.ActivityThread.main(ActivityThread.java:6119)
05-01 19:23:39.133  9197  9197 W System.err: 	at java.lang.reflect.Method.invoke(Native Method)
05-01 19:23:39.133  9197  9197 W System.err: 	at com.android.internal.os.ZygoteInit$MethodAndArgsCaller.run(ZygoteInit.java:886)
05-01 19:23:39.133  9197  9197 W System.err: 	at com.android.internal.os.ZygoteInit.main(ZygoteInit.java:776)
