--------- beginning of main
--------- beginning of system
04-26 23:26:58.163  4906  4906 W System.err: java.io.FileNotFoundException: /jacoco.exec (Read-only file system)
04-26 23:26:58.164  4906  4906 W System.err: 	at java.io.FileOutputStream.open(Native Method)
04-26 23:26:58.164  4906  4906 W System.err: 	at java.io.FileOutputStream.<init>(FileOutputStream.java:221)
04-26 23:26:58.164  4906  4906 W System.err: 	at org.jacoco.agent.rt.internal_8ff85ea.output.FileOutput.openFile(FileOutput.java:67)
04-26 23:26:58.164  4906  4906 W System.err: 	at org.jacoco.agent.rt.internal_8ff85ea.output.FileOutput.startup(FileOutput.java:49)
04-26 23:26:58.164  4906  4906 W System.err: 	at org.jacoco.agent.rt.internal_8ff85ea.Agent.startup(Agent.java:122)
04-26 23:26:58.164  4906  4906 W System.err: 	at org.jacoco.agent.rt.internal_8ff85ea.Agent.getInstance(Agent.java:50)
04-26 23:26:58.164  4906  4906 W System.err: 	at org.jacoco.agent.rt.internal_8ff85ea.Offline.<clinit>(Offline.java:31)
04-26 23:26:58.164  4906  4906 W System.err: 	at org.jacoco.agent.rt.internal_8ff85ea.Offline.getProbes(Offline.java:51)
04-26 23:26:58.164  4906  4906 W System.err: 	at fr.free.nrw.commons.CommonsApplication.$jacocoInit(CommonsApplication.java)
04-26 23:26:58.164  4906  4906 W System.err: 	at fr.free.nrw.commons.CommonsApplication.<init>(CommonsApplication.java)
04-26 23:26:58.164  4906  4906 W System.err: 	at java.lang.Class.newInstance(Native Method)
04-26 23:26:58.164  4906  4906 W System.err: 	at android.app.Instrumentation.newApplication(Instrumentation.java:1007)
04-26 23:26:58.164  4906  4906 W System.err: 	at android.app.Instrumentation.newApplication(Instrumentation.java:992)
04-26 23:26:58.164  4906  4906 W System.err: 	at android.app.LoadedApk.makeApplication(LoadedApk.java:796)
04-26 23:26:58.164  4906  4906 W System.err: 	at android.app.ActivityThread.handleBindApplication(ActivityThread.java:5377)
04-26 23:26:58.164  4906  4906 W System.err: 	at android.app.ActivityThread.-wrap2(ActivityThread.java)
04-26 23:26:58.164  4906  4906 W System.err: 	at android.app.ActivityThread$H.handleMessage(ActivityThread.java:1545)
04-26 23:26:58.164  4906  4906 W System.err: 	at android.os.Handler.dispatchMessage(Handler.java:102)
04-26 23:26:58.164  4906  4906 W System.err: 	at android.os.Looper.loop(Looper.java:154)
04-26 23:26:58.164  4906  4906 W System.err: 	at android.app.ActivityThread.main(ActivityThread.java:6119)
04-26 23:26:58.164  4906  4906 W System.err: 	at java.lang.reflect.Method.invoke(Native Method)
04-26 23:26:58.164  4906  4906 W System.err: 	at com.android.internal.os.ZygoteInit$MethodAndArgsCaller.run(ZygoteInit.java:886)
04-26 23:26:58.164  4906  4906 W System.err: 	at com.android.internal.os.ZygoteInit.main(ZygoteInit.java:776)
--------- beginning of crash
04-26 23:27:23.166  4255  4255 E AndroidRuntime: FATAL EXCEPTION: main
04-26 23:27:23.166  4255  4255 E AndroidRuntime: Process: fr.free.nrw.commons.beta, PID: 4255
04-26 23:27:23.166  4255  4255 E AndroidRuntime: java.lang.NullPointerException: Attempt to invoke interface method 'android.view.MenuItem android.view.MenuItem.setVisible(boolean)' on a null object reference
04-26 23:27:23.166  4255  4255 E AndroidRuntime: 	at fr.free.nrw.commons.contributions.MainActivity.updateMenuItem(MainActivity.java:312)
04-26 23:27:23.166  4255  4255 E AndroidRuntime: 	at fr.free.nrw.commons.contributions.MainActivity.access$000(MainActivity.java:45)
04-26 23:27:23.166  4255  4255 E AndroidRuntime: 	at fr.free.nrw.commons.contributions.MainActivity$2.onPageSelected(MainActivity.java:187)
04-26 23:27:23.166  4255  4255 E AndroidRuntime: 	at android.support.v4.view.ViewPager.dispatchOnPageSelected(ViewPager.java:1941)
04-26 23:27:23.166  4255  4255 E AndroidRuntime: 	at android.support.v4.view.ViewPager.scrollToItem(ViewPager.java:680)
04-26 23:27:23.166  4255  4255 E AndroidRuntime: 	at android.support.v4.view.ViewPager.setCurrentItemInternal(ViewPager.java:664)
04-26 23:27:23.166  4255  4255 E AndroidRuntime: 	at android.support.v4.view.ViewPager.setCurrentItemInternal(ViewPager.java:625)
04-26 23:27:23.166  4255  4255 E AndroidRuntime: 	at android.support.v4.view.ViewPager.setCurrentItem(ViewPager.java:617)
04-26 23:27:23.166  4255  4255 E AndroidRuntime: 	at android.support.v4.view.ViewPager.pageRight(ViewPager.java:2888)
04-26 23:27:23.166  4255  4255 E AndroidRuntime: 	at android.support.v4.view.ViewPager.arrowScroll(ViewPager.java:2844)
04-26 23:27:23.166  4255  4255 E AndroidRuntime: 	at android.support.v4.view.ViewPager.executeKeyEvent(ViewPager.java:2764)
04-26 23:27:23.166  4255  4255 E AndroidRuntime: 	at android.support.v4.view.ViewPager.dispatchKeyEvent(ViewPager.java:2738)
04-26 23:27:23.166  4255  4255 E AndroidRuntime: 	at android.view.ViewGroup.dispatchKeyEvent(ViewGroup.java:1630)
04-26 23:27:23.166  4255  4255 E AndroidRuntime: 	at android.view.ViewGroup.dispatchKeyEvent(ViewGroup.java:1630)
04-26 23:27:23.166  4255  4255 E AndroidRuntime: 	at android.view.ViewGroup.dispatchKeyEvent(ViewGroup.java:1630)
04-26 23:27:23.166  4255  4255 E AndroidRuntime: 	at android.view.ViewGroup.dispatchKeyEvent(ViewGroup.java:1630)
04-26 23:27:23.166  4255  4255 E AndroidRuntime: 	at android.view.ViewGroup.dispatchKeyEvent(ViewGroup.java:1630)
04-26 23:27:23.166  4255  4255 E AndroidRuntime: 	at android.view.ViewGroup.dispatchKeyEvent(ViewGroup.java:1630)
04-26 23:27:23.166  4255  4255 E AndroidRuntime: 	at android.view.ViewGroup.dispatchKeyEvent(ViewGroup.java:1630)
04-26 23:27:23.166  4255  4255 E AndroidRuntime: 	at android.view.ViewGroup.dispatchKeyEvent(ViewGroup.java:1630)
04-26 23:27:23.166  4255  4255 E AndroidRuntime: 	at com.android.internal.policy.DecorView.superDispatchKeyEvent(DecorView.java:405)
04-26 23:27:23.166  4255  4255 E AndroidRuntime: 	at com.android.internal.policy.PhoneWindow.superDispatchKeyEvent(PhoneWindow.java:1798)
04-26 23:27:23.166  4255  4255 E AndroidRuntime: 	at android.app.Activity.dispatchKeyEvent(Activity.java:3021)
04-26 23:27:23.166  4255  4255 E AndroidRuntime: 	at android.app.Activity.dispatchKeyEvent(Native Method)
04-26 23:27:23.166  4255  4255 E AndroidRuntime: 	at android.support.v7.app.AppCompatActivity.dispatchKeyEvent(AppCompatActivity.java:534)
04-26 23:27:23.166  4255  4255 E AndroidRuntime: 	at android.support.v7.view.WindowCallbackWrapper.dispatchKeyEvent(WindowCallbackWrapper.java:58)
04-26 23:27:23.166  4255  4255 E AndroidRuntime: 	at android.support.v7.app.AppCompatDelegateImplBase$AppCompatWindowCallbackBase.dispatchKeyEvent(AppCompatDelegateImplBase.java:316)
04-26 23:27:23.166  4255  4255 E AndroidRuntime: 	at android.support.v7.view.WindowCallbackWrapper.dispatchKeyEvent(WindowCallbackWrapper.java:58)
04-26 23:27:23.166  4255  4255 E AndroidRuntime: 	at com.android.internal.policy.DecorView.dispatchKeyEvent(DecorView.java:319)
04-26 23:27:23.166  4255  4255 E AndroidRuntime: 	at android.view.ViewRootImpl$ViewPostImeInputStage.processKeyEvent(ViewRootImpl.java:4331)
04-26 23:27:23.166  4255  4255 E AndroidRuntime: 	at android.view.ViewRootImpl$ViewPostImeInputStage.onProcess(ViewRootImpl.java:4302)
04-26 23:27:23.166  4255  4255 E AndroidRuntime: 	at android.view.ViewRootImpl$InputStage.deliver(ViewRootImpl.java:3853)
04-26 23:27:23.166  4255  4255 E AndroidRuntime: 	at android.view.ViewRootImpl$InputStage.onDeliverToNext(ViewRootImpl.java:3906)
04-26 23:27:23.166  4255  4255 E AndroidRuntime: 	at android.view.ViewRootImpl$InputStage.forward(ViewRootImpl.java:3872)
04-26 23:27:23.166  4255  4255 E AndroidRuntime: 	at android.view.ViewRootImpl$AsyncInputStage.forward(ViewRootImpl.java:3999)
04-26 23:27:23.166  4255  4255 E AndroidRuntime: 	at android.view.ViewRootImpl$InputStage.apply(ViewRootImpl.java:3880)
04-26 23:27:23.166  4255  4255 E AndroidRuntime: 	at android.view.ViewRootImpl$AsyncInputStage.apply(ViewRootImpl.java:4056)
04-26 23:27:23.166  4255  4255 E AndroidRuntime: 	at android.view.ViewRootImpl$InputStage.deliver(ViewRootImpl.java:3853)
04-26 23:27:23.166  4255  4255 E AndroidRuntime: 	at android.view.ViewRootImpl$InputStage.onDeliverToNext(ViewRootImpl.java:3906)
04-26 23:27:23.166  4255  4255 E AndroidRuntime: 	at android.view.ViewRootImpl$InputStage.forward(ViewRootImpl.java:3872)
04-26 23:27:23.166  4255  4255 E AndroidRuntime: 	at android.view.ViewRootImpl$InputStage.apply(ViewRootImpl.java:3880)
04-26 23:27:23.166  4255  4255 E AndroidRuntime: 	at android.view.ViewRootImpl$InputStage.deliver(ViewRootImpl.java:3853)
04-26 23:27:23.166  4255  4255 E AndroidRuntime: 	at android.view.ViewRootImpl$InputStage.onDeliverToNext(ViewRootImpl.java:3906)
04-26 23:27:23.166  4255  4255 E AndroidRuntime: 	at android.view.ViewRootImpl$InputStage.forward(ViewRootImpl.java:3872)
04-26 23:27:23.166  4255  4255 E AndroidRuntime: 	at android.view.ViewRootImpl$AsyncInputStage.forward(ViewRootImpl.java:4032)
04-26 23:27:23.166  4255  4255 E AndroidRuntime: 	at android.view.ViewRootImpl$ImeInputStage.onFinishedInputEvent(ViewRootImpl.java:4193)
04-26 23:27:23.166  4255  4255 E AndroidRuntime: 	at android.view.inputmethod.InputMethodManager$PendingEvent.run(InputMethodManager.java:2400)
04-26 23:27:23.166  4255  4255 E AndroidRuntime: 	at android.view.inputmethod.InputMethodManager.invokeFinishedInputEventCallback(InputMethodManager.java:1964)
04-26 23:27:23.166  4255  4255 E AndroidRuntime: 	at android.view.inputmethod.InputMethodManager.finishedInputEvent(InputMethodManager.java:1955)
04-26 23:27:23.166  4255  4255 E AndroidRuntime: 	at android.view.inputmethod.InputMethodManager$ImeInputEventSender.onInputEventFinished(InputMethodManager.java:2377)
04-26 23:27:23.166  4255  4255 E AndroidRuntime: 	at android.view.InputEventSender.dispatchInputEventFinished(InputEventSender.java:141)
04-26 23:27:23.166  4255  4255 E AndroidRuntime: 	at android.os.MessageQueue.nativePollOnce(Native Method)
04-26 23:27:23.166  4255  4255 E AndroidRuntime: 	at android.os.MessageQueue.next(MessageQueue.java:323)
04-26 23:27:23.166  4255  4255 E AndroidRuntime: 	at android.os.Looper.loop(Looper.java:136)
04-26 23:27:23.166  4255  4255 E AndroidRuntime: 	at android.app.ActivityThread.main(ActivityThread.java:6119)
04-26 23:27:23.166  4255  4255 E AndroidRuntime: 	at java.lang.reflect.Method.invoke(Native Method)
04-26 23:27:23.166  4255  4255 E AndroidRuntime: 	at com.android.internal.os.ZygoteInit$MethodAndArgsCaller.run(ZygoteInit.java:886)
04-26 23:27:23.166  4255  4255 E AndroidRuntime: 	at com.android.internal.os.ZygoteInit.main(ZygoteInit.java:776)
