--------- beginning of main
--------- beginning of system
05-01 19:16:48.803  6093  6093 W System.err: java.io.FileNotFoundException: /jacoco.exec (Read-only file system)
05-01 19:16:48.803  6093  6093 W System.err: 	at java.io.FileOutputStream.open(Native Method)
05-01 19:16:48.803  6093  6093 W System.err: 	at java.io.FileOutputStream.<init>(FileOutputStream.java:221)
05-01 19:16:48.803  6093  6093 W System.err: 	at org.jacoco.agent.rt.internal_8ff85ea.output.FileOutput.openFile(FileOutput.java:67)
05-01 19:16:48.803  6093  6093 W System.err: 	at org.jacoco.agent.rt.internal_8ff85ea.output.FileOutput.startup(FileOutput.java:49)
05-01 19:16:48.803  6093  6093 W System.err: 	at org.jacoco.agent.rt.internal_8ff85ea.Agent.startup(Agent.java:122)
05-01 19:16:48.803  6093  6093 W System.err: 	at org.jacoco.agent.rt.internal_8ff85ea.Agent.getInstance(Agent.java:50)
05-01 19:16:48.803  6093  6093 W System.err: 	at org.jacoco.agent.rt.internal_8ff85ea.Offline.<clinit>(Offline.java:31)
05-01 19:16:48.803  6093  6093 W System.err: 	at org.jacoco.agent.rt.internal_8ff85ea.Offline.getProbes(Offline.java:51)
05-01 19:16:48.803  6093  6093 W System.err: 	at net.exclaimindustries.geohashdroid.activities.CentralMap.$jacocoInit(CentralMap.java)
05-01 19:16:48.803  6093  6093 W System.err: 	at net.exclaimindustries.geohashdroid.activities.CentralMap.<init>(CentralMap.java)
05-01 19:16:48.803  6093  6093 W System.err: 	at java.lang.Class.newInstance(Native Method)
05-01 19:16:48.803  6093  6093 W System.err: 	at android.app.Instrumentation.newActivity(Instrumentation.java:1078)
05-01 19:16:48.803  6093  6093 W System.err: 	at android.app.ActivityThread.performLaunchActivity(ActivityThread.java:2557)
05-01 19:16:48.803  6093  6093 W System.err: 	at android.app.ActivityThread.handleLaunchActivity(ActivityThread.java:2726)
05-01 19:16:48.803  6093  6093 W System.err: 	at android.app.ActivityThread.-wrap12(ActivityThread.java)
05-01 19:16:48.803  6093  6093 W System.err: 	at android.app.ActivityThread$H.handleMessage(ActivityThread.java:1477)
05-01 19:16:48.803  6093  6093 W System.err: 	at android.os.Handler.dispatchMessage(Handler.java:102)
05-01 19:16:48.803  6093  6093 W System.err: 	at android.os.Looper.loop(Looper.java:154)
05-01 19:16:48.804  6093  6093 W System.err: 	at android.app.ActivityThread.main(ActivityThread.java:6119)
05-01 19:16:48.804  6093  6093 W System.err: 	at java.lang.reflect.Method.invoke(Native Method)
05-01 19:16:48.804  6093  6093 W System.err: 	at com.android.internal.os.ZygoteInit$MethodAndArgsCaller.run(ZygoteInit.java:886)
05-01 19:16:48.804  6093  6093 W System.err: 	at com.android.internal.os.ZygoteInit.main(ZygoteInit.java:776)
