--------- beginning of main
--------- beginning of system
04-27 01:23:34.213  6178  6178 E ACRA    : ACRA is disabled for com.ichi2.anki - forwarding uncaught Exception on to default ExceptionHandler
--------- beginning of crash
04-27 01:23:34.214  6178  6178 E AndroidRuntime: FATAL EXCEPTION: main
04-27 01:23:34.214  6178  6178 E AndroidRuntime: Process: com.ichi2.anki, PID: 6178
04-27 01:23:34.214  6178  6178 E AndroidRuntime: java.lang.NullPointerException: Attempt to invoke interface method 'android.view.MenuItem android.view.MenuItem.setVisible(boolean)' on a null object reference
04-27 01:23:34.214  6178  6178 E AndroidRuntime: 	at com.ichi2.anki.DeckPicker.onPrepareOptionsMenu(DeckPicker.java:528)
04-27 01:23:34.214  6178  6178 E AndroidRuntime: 	at android.app.Activity.onPreparePanel(Activity.java:3160)
04-27 01:23:34.214  6178  6178 E AndroidRuntime: 	at android.support.v4.app.FragmentActivity.onPrepareOptionsPanel(FragmentActivity.java:547)
04-27 01:23:34.214  6178  6178 E AndroidRuntime: 	at android.support.v4.app.FragmentActivity.onPreparePanel(FragmentActivity.java:536)
04-27 01:23:34.214  6178  6178 E AndroidRuntime: 	at android.support.v7.view.WindowCallbackWrapper.onPreparePanel(WindowCallbackWrapper.java:93)
04-27 01:23:34.214  6178  6178 E AndroidRuntime: 	at android.support.v7.app.AppCompatDelegateImplBase$AppCompatWindowCallbackBase.onPreparePanel(AppCompatDelegateImplBase.java:297)
04-27 01:23:34.214  6178  6178 E AndroidRuntime: 	at android.support.v7.view.WindowCallbackWrapper.onPreparePanel(WindowCallbackWrapper.java:93)
04-27 01:23:34.214  6178  6178 E AndroidRuntime: 	at android.support.v7.app.ToolbarActionBar$ToolbarCallbackWrapper.onPreparePanel(ToolbarActionBar.java:567)
04-27 01:23:34.214  6178  6178 E AndroidRuntime: 	at android.support.v7.app.ToolbarActionBar$ToolbarCallbackWrapper.onCreatePanelView(ToolbarActionBar.java:580)
04-27 01:23:34.214  6178  6178 E AndroidRuntime: 	at android.support.v7.app.AppCompatDelegateImplV7.preparePanel(AppCompatDelegateImplV7.java:1315)
04-27 01:23:34.214  6178  6178 E AndroidRuntime: 	at android.support.v7.app.AppCompatDelegateImplV7.onKeyDownPanel(AppCompatDelegateImplV7.java:1455)
04-27 01:23:34.214  6178  6178 E AndroidRuntime: 	at android.support.v7.app.AppCompatDelegateImplV7.onKeyDown(AppCompatDelegateImplV7.java:974)
04-27 01:23:34.214  6178  6178 E AndroidRuntime: 	at android.support.v7.app.AppCompatDelegateImplV7.dispatchKeyEvent(AppCompatDelegateImplV7.java:941)
04-27 01:23:34.214  6178  6178 E AndroidRuntime: 	at android.support.v7.app.AppCompatDelegateImplBase$AppCompatWindowCallbackBase.dispatchKeyEvent(AppCompatDelegateImplBase.java:253)
04-27 01:23:34.214  6178  6178 E AndroidRuntime: 	at android.support.v7.view.WindowCallbackWrapper.dispatchKeyEvent(WindowCallbackWrapper.java:53)
04-27 01:23:34.214  6178  6178 E AndroidRuntime: 	at com.android.internal.policy.DecorView.dispatchKeyEvent(DecorView.java:319)
04-27 01:23:34.214  6178  6178 E AndroidRuntime: 	at android.view.ViewRootImpl$ViewPostImeInputStage.processKeyEvent(ViewRootImpl.java:4331)
04-27 01:23:34.214  6178  6178 E AndroidRuntime: 	at android.view.ViewRootImpl$ViewPostImeInputStage.onProcess(ViewRootImpl.java:4302)
04-27 01:23:34.214  6178  6178 E AndroidRuntime: 	at android.view.ViewRootImpl$InputStage.deliver(ViewRootImpl.java:3853)
04-27 01:23:34.214  6178  6178 E AndroidRuntime: 	at android.view.ViewRootImpl$InputStage.onDeliverToNext(ViewRootImpl.java:3906)
04-27 01:23:34.214  6178  6178 E AndroidRuntime: 	at android.view.ViewRootImpl$InputStage.forward(ViewRootImpl.java:3872)
04-27 01:23:34.214  6178  6178 E AndroidRuntime: 	at android.view.ViewRootImpl$AsyncInputStage.forward(ViewRootImpl.java:3999)
04-27 01:23:34.214  6178  6178 E AndroidRuntime: 	at android.view.ViewRootImpl$InputStage.apply(ViewRootImpl.java:3880)
04-27 01:23:34.214  6178  6178 E AndroidRuntime: 	at android.view.ViewRootImpl$AsyncInputStage.apply(ViewRootImpl.java:4056)
04-27 01:23:34.214  6178  6178 E AndroidRuntime: 	at android.view.ViewRootImpl$InputStage.deliver(ViewRootImpl.java:3853)
04-27 01:23:34.214  6178  6178 E AndroidRuntime: 	at android.view.ViewRootImpl$InputStage.onDeliverToNext(ViewRootImpl.java:3906)
04-27 01:23:34.214  6178  6178 E AndroidRuntime: 	at android.view.ViewRootImpl$InputStage.forward(ViewRootImpl.java:3872)
04-27 01:23:34.214  6178  6178 E AndroidRuntime: 	at android.view.ViewRootImpl$InputStage.apply(ViewRootImpl.java:3880)
04-27 01:23:34.214  6178  6178 E AndroidRuntime: 	at android.view.ViewRootImpl$InputStage.deliver(ViewRootImpl.java:3853)
04-27 01:23:34.214  6178  6178 E AndroidRuntime: 	at android.view.ViewRootImpl$InputStage.onDeliverToNext(ViewRootImpl.java:3906)
04-27 01:23:34.214  6178  6178 E AndroidRuntime: 	at android.view.ViewRootImpl$InputStage.forward(ViewRootImpl.java:3872)
04-27 01:23:34.214  6178  6178 E AndroidRuntime: 	at android.view.ViewRootImpl$AsyncInputStage.forward(ViewRootImpl.java:4032)
04-27 01:23:34.214  6178  6178 E AndroidRuntime: 	at android.view.ViewRootImpl$ImeInputStage.onFinishedInputEvent(ViewRootImpl.java:4193)
04-27 01:23:34.214  6178  6178 E AndroidRuntime: 	at android.view.inputmethod.InputMethodManager$PendingEvent.run(InputMethodManager.java:2400)
04-27 01:23:34.214  6178  6178 E AndroidRuntime: 	at android.view.inputmethod.InputMethodManager.invokeFinishedInputEventCallback(InputMethodManager.java:1964)
04-27 01:23:34.214  6178  6178 E AndroidRuntime: 	at android.view.inputmethod.InputMethodManager.finishedInputEvent(InputMethodManager.java:1955)
04-27 01:23:34.214  6178  6178 E AndroidRuntime: 	at android.view.inputmethod.InputMethodManager$ImeInputEventSender.onInputEventFinished(InputMethodManager.java:2377)
04-27 01:23:34.214  6178  6178 E AndroidRuntime: 	at android.view.InputEventSender.dispatchInputEventFinished(InputEventSender.java:141)
04-27 01:23:34.214  6178  6178 E AndroidRuntime: 	at android.os.MessageQueue.nativePollOnce(Native Method)
04-27 01:23:34.214  6178  6178 E AndroidRuntime: 	at android.os.MessageQueue.next(MessageQueue.java:323)
04-27 01:23:34.214  6178  6178 E AndroidRuntime: 	at android.os.Looper.loop(Looper.java:136)
04-27 01:23:34.214  6178  6178 E AndroidRuntime: 	at android.app.ActivityThread.main(ActivityThread.java:6119)
04-27 01:23:34.214  6178  6178 E AndroidRuntime: 	at java.lang.reflect.Method.invoke(Native Method)
04-27 01:23:34.214  6178  6178 E AndroidRuntime: 	at com.android.internal.os.ZygoteInit$MethodAndArgsCaller.run(ZygoteInit.java:886)
04-27 01:23:34.214  6178  6178 E AndroidRuntime: 	at com.android.internal.os.ZygoteInit.main(ZygoteInit.java:776)
04-27 01:24:03.820  7023  7023 W System.err: java.io.FileNotFoundException: /jacoco.exec (Read-only file system)
04-27 01:24:03.820  7023  7023 W System.err: 	at java.io.FileOutputStream.open(Native Method)
04-27 01:24:03.820  7023  7023 W System.err: 	at java.io.FileOutputStream.<init>(FileOutputStream.java:221)
04-27 01:24:03.820  7023  7023 W System.err: 	at org.jacoco.agent.rt.internal_8ff85ea.output.FileOutput.openFile(FileOutput.java:67)
04-27 01:24:03.820  7023  7023 W System.err: 	at org.jacoco.agent.rt.internal_8ff85ea.output.FileOutput.startup(FileOutput.java:49)
04-27 01:24:03.820  7023  7023 W System.err: 	at org.jacoco.agent.rt.internal_8ff85ea.Agent.startup(Agent.java:122)
04-27 01:24:03.820  7023  7023 W System.err: 	at org.jacoco.agent.rt.internal_8ff85ea.Agent.getInstance(Agent.java:50)
04-27 01:24:03.820  7023  7023 W System.err: 	at org.jacoco.agent.rt.internal_8ff85ea.Offline.<clinit>(Offline.java:31)
04-27 01:24:03.820  7023  7023 W System.err: 	at org.jacoco.agent.rt.internal_8ff85ea.Offline.getProbes(Offline.java:51)
04-27 01:24:03.820  7023  7023 W System.err: 	at com.ichi2.anki.AnkiDroidApp.$jacocoInit(AnkiDroidApp.java)
04-27 01:24:03.820  7023  7023 W System.err: 	at com.ichi2.anki.AnkiDroidApp.<clinit>(AnkiDroidApp.java)
04-27 01:24:03.820  7023  7023 W System.err: 	at java.lang.Class.newInstance(Native Method)
04-27 01:24:03.820  7023  7023 W System.err: 	at android.app.Instrumentation.newApplication(Instrumentation.java:1007)
04-27 01:24:03.820  7023  7023 W System.err: 	at android.app.Instrumentation.newApplication(Instrumentation.java:992)
04-27 01:24:03.820  7023  7023 W System.err: 	at android.app.LoadedApk.makeApplication(LoadedApk.java:796)
04-27 01:24:03.820  7023  7023 W System.err: 	at android.app.ActivityThread.handleBindApplication(ActivityThread.java:5377)
04-27 01:24:03.820  7023  7023 W System.err: 	at android.app.ActivityThread.-wrap2(ActivityThread.java)
04-27 01:24:03.820  7023  7023 W System.err: 	at android.app.ActivityThread$H.handleMessage(ActivityThread.java:1545)
04-27 01:24:03.820  7023  7023 W System.err: 	at android.os.Handler.dispatchMessage(Handler.java:102)
04-27 01:24:03.820  7023  7023 W System.err: 	at android.os.Looper.loop(Looper.java:154)
04-27 01:24:03.820  7023  7023 W System.err: 	at android.app.ActivityThread.main(ActivityThread.java:6119)
04-27 01:24:03.820  7023  7023 W System.err: 	at java.lang.reflect.Method.invoke(Native Method)
04-27 01:24:03.820  7023  7023 W System.err: 	at com.android.internal.os.ZygoteInit$MethodAndArgsCaller.run(ZygoteInit.java:886)
04-27 01:24:03.820  7023  7023 W System.err: 	at com.android.internal.os.ZygoteInit.main(ZygoteInit.java:776)
