--------- beginning of main
--------- beginning of system
--------- beginning of crash
04-28 19:37:14.922  9452  9452 W System.err: java.io.FileNotFoundException: /jacoco.exec (Read-only file system)
04-28 19:37:14.922  9452  9452 W System.err: 	at java.io.FileOutputStream.open(Native Method)
04-28 19:37:14.922  9452  9452 W System.err: 	at java.io.FileOutputStream.<init>(FileOutputStream.java:221)
04-28 19:37:14.922  9452  9452 W System.err: 	at org.jacoco.agent.rt.internal_8ff85ea.output.FileOutput.openFile(FileOutput.java:67)
04-28 19:37:14.922  9452  9452 W System.err: 	at org.jacoco.agent.rt.internal_8ff85ea.output.FileOutput.startup(FileOutput.java:49)
04-28 19:37:14.922  9452  9452 W System.err: 	at org.jacoco.agent.rt.internal_8ff85ea.Agent.startup(Agent.java:122)
04-28 19:37:14.922  9452  9452 W System.err: 	at org.jacoco.agent.rt.internal_8ff85ea.Agent.getInstance(Agent.java:50)
04-28 19:37:14.922  9452  9452 W System.err: 	at org.jacoco.agent.rt.internal_8ff85ea.Offline.<clinit>(Offline.java:31)
04-28 19:37:14.922  9452  9452 W System.err: 	at org.jacoco.agent.rt.internal_8ff85ea.Offline.getProbes(Offline.java:51)
04-28 19:37:14.922  9452  9452 W System.err: 	at me.zeeroooo.materialfb.MFB.$jacocoInit(MFB.java)
04-28 19:37:14.922  9452  9452 W System.err: 	at me.zeeroooo.materialfb.MFB.<init>(MFB.java)
04-28 19:37:14.922  9452  9452 W System.err: 	at java.lang.Class.newInstance(Native Method)
04-28 19:37:14.922  9452  9452 W System.err: 	at android.app.Instrumentation.newApplication(Instrumentation.java:1007)
04-28 19:37:14.922  9452  9452 W System.err: 	at android.app.Instrumentation.newApplication(Instrumentation.java:992)
04-28 19:37:14.922  9452  9452 W System.err: 	at android.app.LoadedApk.makeApplication(LoadedApk.java:796)
04-28 19:37:14.922  9452  9452 W System.err: 	at android.app.ActivityThread.handleBindApplication(ActivityThread.java:5377)
04-28 19:37:14.922  9452  9452 W System.err: 	at android.app.ActivityThread.-wrap2(ActivityThread.java)
04-28 19:37:14.922  9452  9452 W System.err: 	at android.app.ActivityThread$H.handleMessage(ActivityThread.java:1545)
04-28 19:37:14.922  9452  9452 W System.err: 	at android.os.Handler.dispatchMessage(Handler.java:102)
04-28 19:37:14.922  9452  9452 W System.err: 	at android.os.Looper.loop(Looper.java:154)
04-28 19:37:14.922  9452  9452 W System.err: 	at android.app.ActivityThread.main(ActivityThread.java:6119)
04-28 19:37:14.922  9452  9452 W System.err: 	at java.lang.reflect.Method.invoke(Native Method)
04-28 19:37:14.922  9452  9452 W System.err: 	at com.android.internal.os.ZygoteInit$MethodAndArgsCaller.run(ZygoteInit.java:886)
04-28 19:37:14.922  9452  9452 W System.err: 	at com.android.internal.os.ZygoteInit.main(ZygoteInit.java:776)
04-28 19:37:15.636  9452  9508 W System.err: java.lang.NullPointerException: Attempt to invoke virtual method 'java.lang.String org.jsoup.nodes.Node.attr(java.lang.String)' on a null object reference
04-28 19:37:15.636  9452  9508 W System.err: 	at me.zeeroooo.materialfb.misc.UserInfo.doInBackground(UserInfo.java:30)
04-28 19:37:15.636  9452  9508 W System.err: 	at me.zeeroooo.materialfb.misc.UserInfo.doInBackground(UserInfo.java:19)
04-28 19:37:15.636  9452  9508 W System.err: 	at android.os.AsyncTask$2.call(AsyncTask.java:305)
04-28 19:37:15.636  9452  9508 W System.err: 	at java.util.concurrent.FutureTask.run(FutureTask.java:237)
04-28 19:37:15.636  9452  9508 W System.err: 	at android.os.AsyncTask$SerialExecutor$1.run(AsyncTask.java:243)
04-28 19:37:15.636  9452  9508 W System.err: 	at java.util.concurrent.ThreadPoolExecutor.runWorker(ThreadPoolExecutor.java:1133)
04-28 19:37:15.636  9452  9508 W System.err: 	at java.util.concurrent.ThreadPoolExecutor$Worker.run(ThreadPoolExecutor.java:607)
04-28 19:37:15.636  9452  9508 W System.err: 	at java.lang.Thread.run(Thread.java:761)
