--------- beginning of main
--------- beginning of system
--------- beginning of crash
05-01 19:11:25.044  5824  5824 E AndroidRuntime: FATAL EXCEPTION: main
05-01 19:11:25.044  5824  5824 E AndroidRuntime: Process: org.wordpress.android, PID: 5824
05-01 19:11:25.044  5824  5824 E AndroidRuntime: java.lang.NullPointerException: Attempt to invoke virtual method 'java.lang.String org.wordpress.android.fluxc.model.SiteModel.getMobileEditor()' on a null object reference
05-01 19:11:25.044  5824  5824 E AndroidRuntime: 	at org.wordpress.android.util.SiteUtils.isBlockEditorDefaultForNewPost(SiteUtils.java:91)
05-01 19:11:25.044  5824  5824 E AndroidRuntime: 	at org.wordpress.android.ui.accounts.HelpActivity$Companion.createIntent(HelpActivity.kt:179)
05-01 19:11:25.044  5824  5824 E AndroidRuntime: 	at org.wordpress.android.ui.accounts.HelpActivity.createIntent(HelpActivity.kt)
05-01 19:11:25.044  5824  5824 E AndroidRuntime: 	at org.wordpress.android.ui.ActivityLauncher.viewHelpAndSupport(ActivityLauncher.java:632)
05-01 19:11:25.044  5824  5824 E AndroidRuntime: 	at org.wordpress.android.ui.accounts.LoginActivity.viewHelpAndSupport(LoginActivity.java:588)
05-01 19:11:25.044  5824  5824 E AndroidRuntime: 	at org.wordpress.android.ui.accounts.LoginActivity.helpSignupEmailScreen(LoginActivity.java:613)
05-01 19:11:25.044  5824  5824 E AndroidRuntime: 	at org.wordpress.android.login.SignupEmailFragment.onHelp(SignupEmailFragment.java:136)
05-01 19:11:25.044  5824  5824 E AndroidRuntime: 	at org.wordpress.android.login.LoginBaseFormFragment.onOptionsItemSelected(LoginBaseFormFragment.java:203)
05-01 19:11:25.044  5824  5824 E AndroidRuntime: 	at androidx.fragment.app.Fragment.performOptionsItemSelected(Fragment.java:2587)
05-01 19:11:25.044  5824  5824 E AndroidRuntime: 	at androidx.fragment.app.FragmentManagerImpl.dispatchOptionsItemSelected(FragmentManager.java:3368)
05-01 19:11:25.044  5824  5824 E AndroidRuntime: 	at androidx.fragment.app.FragmentController.dispatchOptionsItemSelected(FragmentController.java:356)
05-01 19:11:25.044  5824  5824 E AndroidRuntime: 	at androidx.fragment.app.FragmentActivity.onMenuItemSelected(FragmentActivity.java:442)
05-01 19:11:25.044  5824  5824 E AndroidRuntime: 	at androidx.appcompat.app.AppCompatActivity.onMenuItemSelected(AppCompatActivity.java:196)
05-01 19:11:25.044  5824  5824 E AndroidRuntime: 	at androidx.appcompat.view.WindowCallbackWrapper.onMenuItemSelected(WindowCallbackWrapper.java:109)
05-01 19:11:25.044  5824  5824 E AndroidRuntime: 	at androidx.appcompat.view.WindowCallbackWrapper.onMenuItemSelected(WindowCallbackWrapper.java:109)
05-01 19:11:25.044  5824  5824 E AndroidRuntime: 	at androidx.appcompat.app.ToolbarActionBar$2.onMenuItemClick(ToolbarActionBar.java:64)
05-01 19:11:25.044  5824  5824 E AndroidRuntime: 	at androidx.appcompat.widget.Toolbar$1.onMenuItemClick(Toolbar.java:204)
05-01 19:11:25.044  5824  5824 E AndroidRuntime: 	at androidx.appcompat.widget.ActionMenuView$MenuBuilderCallback.onMenuItemSelected(ActionMenuView.java:781)
05-01 19:11:25.044  5824  5824 E AndroidRuntime: 	at androidx.appcompat.view.menu.MenuBuilder.dispatchMenuItemSelected(MenuBuilder.java:840)
05-01 19:11:25.044  5824  5824 E AndroidRuntime: 	at androidx.appcompat.view.menu.MenuItemImpl.invoke(MenuItemImpl.java:158)
05-01 19:11:25.044  5824  5824 E AndroidRuntime: 	at androidx.appcompat.view.menu.MenuBuilder.performItemAction(MenuBuilder.java:991)
05-01 19:11:25.044  5824  5824 E AndroidRuntime: 	at androidx.appcompat.view.menu.MenuBuilder.performItemAction(MenuBuilder.java:981)
05-01 19:11:25.044  5824  5824 E AndroidRuntime: 	at androidx.appcompat.widget.ActionMenuView.invokeItem(ActionMenuView.java:625)
05-01 19:11:25.044  5824  5824 E AndroidRuntime: 	at androidx.appcompat.view.menu.ActionMenuItemView.onClick(ActionMenuItemView.java:151)
05-01 19:11:25.044  5824  5824 E AndroidRuntime: 	at android.view.View.performClick(View.java:5637)
05-01 19:11:25.044  5824  5824 E AndroidRuntime: 	at android.view.View$PerformClick.run(View.java:22429)
05-01 19:11:25.044  5824  5824 E AndroidRuntime: 	at android.os.Handler.handleCallback(Handler.java:751)
05-01 19:11:25.044  5824  5824 E AndroidRuntime: 	at android.os.Handler.dispatchMessage(Handler.java:95)
05-01 19:11:25.044  5824  5824 E AndroidRuntime: 	at android.os.Looper.loop(Looper.java:154)
05-01 19:11:25.044  5824  5824 E AndroidRuntime: 	at android.app.ActivityThread.main(ActivityThread.java:6119)
05-01 19:11:25.044  5824  5824 E AndroidRuntime: 	at java.lang.reflect.Method.invoke(Native Method)
05-01 19:11:25.044  5824  5824 E AndroidRuntime: 	at com.android.internal.os.ZygoteInit$MethodAndArgsCaller.run(ZygoteInit.java:886)
05-01 19:11:25.044  5824  5824 E AndroidRuntime: 	at com.android.internal.os.ZygoteInit.main(ZygoteInit.java:776)
05-01 19:11:25.048  1728  1742 W System.err: java.lang.IllegalArgumentException: Given thread 5942 does not exist
05-01 19:11:25.048  1728  1742 W System.err: 	at android.os.Process.setThreadPriority(Native Method)
05-01 19:11:25.048  1728  1742 W System.err: 	at com.android.server.am.ActivityManagerService.applyOomAdjLocked(ActivityManagerService.java:20514)
05-01 19:11:25.048  1728  1742 W System.err: 	at com.android.server.am.ActivityManagerService.updateOomAdjLocked(ActivityManagerService.java:21013)
05-01 19:11:25.048  1728  1742 W System.err: 	at com.android.server.am.BroadcastQueue.processCurBroadcastLocked(BroadcastQueue.java:272)
05-01 19:11:25.048  1728  1742 W System.err: 	at com.android.server.am.BroadcastQueue.processNextBroadcast(BroadcastQueue.java:1222)
05-01 19:11:25.048  1728  1742 W System.err: 	at com.android.server.am.BroadcastQueue$BroadcastHandler.handleMessage(BroadcastQueue.java:172)
05-01 19:11:25.048  1728  1742 W System.err: 	at android.os.Handler.dispatchMessage(Handler.java:102)
05-01 19:11:25.048  1728  1742 W System.err: 	at android.os.Looper.loop(Looper.java:154)
05-01 19:11:25.048  1728  1742 W System.err: 	at android.os.HandlerThread.run(HandlerThread.java:61)
05-01 19:11:25.048  1728  1742 W System.err: 	at com.android.server.ServiceThread.run(ServiceThread.java:46)
05-01 19:11:26.156  6283  6283 W System.err: java.io.FileNotFoundException: /jacoco.exec (Read-only file system)
05-01 19:11:26.156  6283  6283 W System.err: 	at java.io.FileOutputStream.open(Native Method)
05-01 19:11:26.156  6283  6283 W System.err: 	at java.io.FileOutputStream.<init>(FileOutputStream.java:221)
05-01 19:11:26.156  6283  6283 W System.err: 	at org.jacoco.agent.rt.internal_8ff85ea.output.FileOutput.openFile(FileOutput.java:67)
05-01 19:11:26.156  6283  6283 W System.err: 	at org.jacoco.agent.rt.internal_8ff85ea.output.FileOutput.startup(FileOutput.java:49)
05-01 19:11:26.156  6283  6283 W System.err: 	at org.jacoco.agent.rt.internal_8ff85ea.Agent.startup(Agent.java:122)
05-01 19:11:26.156  6283  6283 W System.err: 	at org.jacoco.agent.rt.internal_8ff85ea.Agent.getInstance(Agent.java:50)
05-01 19:11:26.156  6283  6283 W System.err: 	at org.jacoco.agent.rt.internal_8ff85ea.Offline.<clinit>(Offline.java:31)
05-01 19:11:26.156  6283  6283 W System.err: 	at org.jacoco.agent.rt.internal_8ff85ea.Offline.getProbes(Offline.java:51)
05-01 19:11:26.156  6283  6283 W System.err: 	at org.wordpress.android.WordPress.$jacocoInit(WordPress.java)
05-01 19:11:26.156  6283  6283 W System.err: 	at org.wordpress.android.WordPress.<clinit>(WordPress.java)
05-01 19:11:26.156  6283  6283 W System.err: 	at java.lang.Class.newInstance(Native Method)
05-01 19:11:26.156  6283  6283 W System.err: 	at android.app.Instrumentation.newApplication(Instrumentation.java:1007)
05-01 19:11:26.156  6283  6283 W System.err: 	at android.app.Instrumentation.newApplication(Instrumentation.java:992)
05-01 19:11:26.156  6283  6283 W System.err: 	at android.app.LoadedApk.makeApplication(LoadedApk.java:796)
05-01 19:11:26.156  6283  6283 W System.err: 	at android.app.ActivityThread.handleBindApplication(ActivityThread.java:5377)
05-01 19:11:26.156  6283  6283 W System.err: 	at android.app.ActivityThread.-wrap2(ActivityThread.java)
05-01 19:11:26.156  6283  6283 W System.err: 	at android.app.ActivityThread$H.handleMessage(ActivityThread.java:1545)
05-01 19:11:26.156  6283  6283 W System.err: 	at android.os.Handler.dispatchMessage(Handler.java:102)
05-01 19:11:26.156  6283  6283 W System.err: 	at android.os.Looper.loop(Looper.java:154)
05-01 19:11:26.157  6283  6283 W System.err: 	at android.app.ActivityThread.main(ActivityThread.java:6119)
05-01 19:11:26.157  6283  6283 W System.err: 	at java.lang.reflect.Method.invoke(Native Method)
05-01 19:11:26.157  6283  6283 W System.err: 	at com.android.internal.os.ZygoteInit$MethodAndArgsCaller.run(ZygoteInit.java:886)
05-01 19:11:26.157  6283  6283 W System.err: 	at com.android.internal.os.ZygoteInit.main(ZygoteInit.java:776)
