--------- beginning of main
--------- beginning of system
--------- beginning of crash
05-01 19:10:17.538  5377  5377 E AndroidRuntime: FATAL EXCEPTION: main
05-01 19:10:17.538  5377  5377 E AndroidRuntime: Process: de.k3b.android.androFotoFinder, PID: 5377
05-01 19:10:17.538  5377  5377 E AndroidRuntime: java.lang.RuntimeException: Unable to start activity ComponentInfo{de.k3b.android.androFotoFinder/de.k3b.android.androFotoFinder.SettingsActivity}: android.view.InflateException: Binary XML file line #49: Error inflating class de.k3b.android.widgets.EditTextPreferenceWithSummary
05-01 19:10:17.538  5377  5377 E AndroidRuntime: 	at android.app.ActivityThread.performLaunchActivity(ActivityThread.java:2665)
05-01 19:10:17.538  5377  5377 E AndroidRuntime: 	at android.app.ActivityThread.handleLaunchActivity(ActivityThread.java:2726)
05-01 19:10:17.538  5377  5377 E AndroidRuntime: 	at android.app.ActivityThread.-wrap12(ActivityThread.java)
05-01 19:10:17.538  5377  5377 E AndroidRuntime: 	at android.app.ActivityThread$H.handleMessage(ActivityThread.java:1477)
05-01 19:10:17.538  5377  5377 E AndroidRuntime: 	at android.os.Handler.dispatchMessage(Handler.java:102)
05-01 19:10:17.538  5377  5377 E AndroidRuntime: 	at android.os.Looper.loop(Looper.java:154)
05-01 19:10:17.538  5377  5377 E AndroidRuntime: 	at android.app.ActivityThread.main(ActivityThread.java:6119)
05-01 19:10:17.538  5377  5377 E AndroidRuntime: 	at java.lang.reflect.Method.invoke(Native Method)
05-01 19:10:17.538  5377  5377 E AndroidRuntime: 	at com.android.internal.os.ZygoteInit$MethodAndArgsCaller.run(ZygoteInit.java:886)
05-01 19:10:17.538  5377  5377 E AndroidRuntime: 	at com.android.internal.os.ZygoteInit.main(ZygoteInit.java:776)
05-01 19:10:17.538  5377  5377 E AndroidRuntime: Caused by: android.view.InflateException: Binary XML file line #49: Error inflating class de.k3b.android.widgets.EditTextPreferenceWithSummary
05-01 19:10:17.538  5377  5377 E AndroidRuntime: 	at android.preference.GenericInflater.createItemFromTag(GenericInflater.java:443)
05-01 19:10:17.538  5377  5377 E AndroidRuntime: 	at android.preference.GenericInflater.rInflate(GenericInflater.java:483)
05-01 19:10:17.538  5377  5377 E AndroidRuntime: 	at android.preference.GenericInflater.rInflate(GenericInflater.java:495)
05-01 19:10:17.538  5377  5377 E AndroidRuntime: 	at android.preference.GenericInflater.inflate(GenericInflater.java:327)
05-01 19:10:17.538  5377  5377 E AndroidRuntime: 	at android.preference.GenericInflater.inflate(GenericInflater.java:264)
05-01 19:10:17.538  5377  5377 E AndroidRuntime: 	at android.preference.PreferenceManager.inflateFromResource(PreferenceManager.java:280)
05-01 19:10:17.538  5377  5377 E AndroidRuntime: 	at android.preference.PreferenceActivity.addPreferencesFromResource(PreferenceActivity.java:1521)
05-01 19:10:17.538  5377  5377 E AndroidRuntime: 	at de.k3b.android.androFotoFinder.SettingsActivity.onCreate(SettingsActivity.java:78)
05-01 19:10:17.538  5377  5377 E AndroidRuntime: 	at android.app.Activity.performCreate(Activity.java:6679)
05-01 19:10:17.538  5377  5377 E AndroidRuntime: 	at android.app.Instrumentation.callActivityOnCreate(Instrumentation.java:1118)
05-01 19:10:17.538  5377  5377 E AndroidRuntime: 	at android.app.ActivityThread.performLaunchActivity(ActivityThread.java:2618)
05-01 19:10:17.538  5377  5377 E AndroidRuntime: 	... 9 more
05-01 19:10:17.538  5377  5377 E AndroidRuntime: Caused by: java.lang.ClassNotFoundException: Didn't find class "de.k3b.android.widgets.EditTextPreferenceWithSummary" on path: DexPathList[[zip file "/data/app/de.k3b.android.androFotoFinder-1/base.apk"],nativeLibraryDirectories=[/data/app/de.k3b.android.androFotoFinder-1/lib/x86, /system/lib, /vendor/lib]]
05-01 19:10:17.538  5377  5377 E AndroidRuntime: 	at dalvik.system.BaseDexClassLoader.findClass(BaseDexClassLoader.java:56)
05-01 19:10:17.538  5377  5377 E AndroidRuntime: 	at java.lang.ClassLoader.loadClass(ClassLoader.java:380)
05-01 19:10:17.538  5377  5377 E AndroidRuntime: 	at java.lang.ClassLoader.loadClass(Native Method)
05-01 19:10:17.538  5377  5377 E AndroidRuntime: 	at java.lang.ClassLoader.loadClass(ClassLoader.java:312)
05-01 19:10:17.538  5377  5377 E AndroidRuntime: 	at android.preference.GenericInflater.createItem(GenericInflater.java:376)
05-01 19:10:17.538  5377  5377 E AndroidRuntime: 	at android.preference.GenericInflater.createItemFromTag(GenericInflater.java:432)
05-01 19:10:17.538  5377  5377 E AndroidRuntime: 	... 19 more
05-01 19:10:17.695  5958  5958 W System.err: java.io.FileNotFoundException: /jacoco.exec (Read-only file system)
05-01 19:10:17.695  5958  5958 W System.err: 	at java.io.FileOutputStream.open(Native Method)
05-01 19:10:17.695  5958  5958 W System.err: 	at java.io.FileOutputStream.<init>(FileOutputStream.java:221)
05-01 19:10:17.695  5958  5958 W System.err: 	at org.jacoco.agent.rt.internal_8ff85ea.output.FileOutput.openFile(FileOutput.java:67)
05-01 19:10:17.695  5958  5958 W System.err: 	at org.jacoco.agent.rt.internal_8ff85ea.output.FileOutput.startup(FileOutput.java:49)
05-01 19:10:17.695  5958  5958 W System.err: 	at org.jacoco.agent.rt.internal_8ff85ea.Agent.startup(Agent.java:122)
05-01 19:10:17.695  5958  5958 W System.err: 	at org.jacoco.agent.rt.internal_8ff85ea.Agent.getInstance(Agent.java:50)
05-01 19:10:17.695  5958  5958 W System.err: 	at org.jacoco.agent.rt.internal_8ff85ea.Offline.<clinit>(Offline.java:31)
05-01 19:10:17.695  5958  5958 W System.err: 	at org.jacoco.agent.rt.internal_8ff85ea.Offline.getProbes(Offline.java:51)
05-01 19:10:17.695  5958  5958 W System.err: 	at de.k3b.android.androFotoFinder.AndroFotoFinderApp.$jacocoInit(AndroFotoFinderApp.java)
05-01 19:10:17.695  5958  5958 W System.err: 	at de.k3b.android.androFotoFinder.AndroFotoFinderApp.<init>(AndroFotoFinderApp.java)
05-01 19:10:17.695  5958  5958 W System.err: 	at java.lang.Class.newInstance(Native Method)
05-01 19:10:17.695  5958  5958 W System.err: 	at android.app.Instrumentation.newApplication(Instrumentation.java:1007)
05-01 19:10:17.695  5958  5958 W System.err: 	at android.app.Instrumentation.newApplication(Instrumentation.java:992)
05-01 19:10:17.695  5958  5958 W System.err: 	at android.app.LoadedApk.makeApplication(LoadedApk.java:796)
05-01 19:10:17.695  5958  5958 W System.err: 	at android.app.ActivityThread.handleBindApplication(ActivityThread.java:5377)
05-01 19:10:17.695  5958  5958 W System.err: 	at android.app.ActivityThread.-wrap2(ActivityThread.java)
05-01 19:10:17.695  5958  5958 W System.err: 	at android.app.ActivityThread$H.handleMessage(ActivityThread.java:1545)
05-01 19:10:17.695  5958  5958 W System.err: 	at android.os.Handler.dispatchMessage(Handler.java:102)
05-01 19:10:17.695  5958  5958 W System.err: 	at android.os.Looper.loop(Looper.java:154)
05-01 19:10:17.695  5958  5958 W System.err: 	at android.app.ActivityThread.main(ActivityThread.java:6119)
05-01 19:10:17.695  5958  5958 W System.err: 	at java.lang.reflect.Method.invoke(Native Method)
05-01 19:10:17.695  5958  5958 W System.err: 	at com.android.internal.os.ZygoteInit$MethodAndArgsCaller.run(ZygoteInit.java:886)
05-01 19:10:17.695  5958  5958 W System.err: 	at com.android.internal.os.ZygoteInit.main(ZygoteInit.java:776)
