--------- beginning of main
--------- beginning of system
04-27 01:03:34.242  5875  6008 W System.err: java.io.IOException: Input is not in the .gz format
04-27 01:03:34.242  5875  6008 W System.err: 	at org.apache.commons.compress.compressors.gzip.GzipCompressorInputStream.init(GzipCompressorInputStream.java:162)
04-27 01:03:34.242  5875  6008 W System.err: 	at org.apache.commons.compress.compressors.gzip.GzipCompressorInputStream.<init>(GzipCompressorInputStream.java:135)
04-27 01:03:34.242  5875  6008 W System.err: 	at org.apache.commons.compress.compressors.gzip.GzipCompressorInputStream.<init>(GzipCompressorInputStream.java:100)
04-27 01:03:34.242  5875  6008 W System.err: 	at org.crosswire.jsword.book.install.sword.AbstractSwordInstaller.unpack(AbstractSwordInstaller.java:375)
04-27 01:03:34.242  5875  6008 W System.err: 	at org.crosswire.jsword.book.install.sword.AbstractSwordInstaller.reloadBookList(AbstractSwordInstaller.java:326)
04-27 01:03:34.242  5875  6008 W System.err: 	at net.bible.service.download.DownloadManager.getDownloadableBooks(DownloadManager.java:84)
04-27 01:03:34.242  5875  6008 W System.err: 	at net.bible.service.download.RepoBase.getBookList(RepoBase.java:43)
04-27 01:03:34.242  5875  6008 W System.err: 	at net.bible.service.download.AndBibleRepo.getRepoBooks(AndBibleRepo.java:47)
04-27 01:03:34.242  5875  6008 W System.err: 	at net.bible.service.sword.SwordDocumentFacade.getDownloadableDocuments(SwordDocumentFacade.java:151)
04-27 01:03:34.242  5875  6008 W System.err: 	at net.bible.android.control.download.DownloadControl.getDownloadableDocuments(DownloadControl.java:103)
04-27 01:03:34.242  5875  6008 W System.err: 	at net.bible.android.view.activity.download.Download.getDocumentsFromSource(Download.java:133)
04-27 01:03:34.242  5875  6008 W System.err: 	at net.bible.android.view.activity.base.DocumentSelectionBase$4.doInBackground(DocumentSelectionBase.java:271)
04-27 01:03:34.242  5875  6008 W System.err: 	at net.bible.android.view.activity.base.DocumentSelectionBase$4.doInBackground(DocumentSelectionBase.java:257)
04-27 01:03:34.242  5875  6008 W System.err: 	at android.os.AsyncTask$2.call(AsyncTask.java:305)
04-27 01:03:34.242  5875  6008 W System.err: 	at java.util.concurrent.FutureTask.run(FutureTask.java:237)
04-27 01:03:34.242  5875  6008 W System.err: 	at android.os.AsyncTask$SerialExecutor$1.run(AsyncTask.java:243)
04-27 01:03:34.242  5875  6008 W System.err: 	at java.util.concurrent.ThreadPoolExecutor.runWorker(ThreadPoolExecutor.java:1133)
04-27 01:03:34.242  5875  6008 W System.err: 	at java.util.concurrent.ThreadPoolExecutor$Worker.run(ThreadPoolExecutor.java:607)
04-27 01:03:34.242  5875  6008 W System.err: 	at java.lang.Thread.run(Thread.java:761)
04-27 01:04:43.490  6098  6098 W System.err: java.io.FileNotFoundException: /jacoco.exec (Read-only file system)
04-27 01:04:43.490  6098  6098 W System.err: 	at java.io.FileOutputStream.open(Native Method)
04-27 01:04:43.490  6098  6098 W System.err: 	at java.io.FileOutputStream.<init>(FileOutputStream.java:221)
04-27 01:04:43.490  6098  6098 W System.err: 	at org.jacoco.agent.rt.internal_8ff85ea.output.FileOutput.openFile(FileOutput.java:67)
04-27 01:04:43.490  6098  6098 W System.err: 	at org.jacoco.agent.rt.internal_8ff85ea.output.FileOutput.startup(FileOutput.java:49)
04-27 01:04:43.490  6098  6098 W System.err: 	at org.jacoco.agent.rt.internal_8ff85ea.Agent.startup(Agent.java:122)
04-27 01:04:43.490  6098  6098 W System.err: 	at org.jacoco.agent.rt.internal_8ff85ea.Agent.getInstance(Agent.java:50)
04-27 01:04:43.490  6098  6098 W System.err: 	at org.jacoco.agent.rt.internal_8ff85ea.Offline.<clinit>(Offline.java:31)
04-27 01:04:43.490  6098  6098 W System.err: 	at org.jacoco.agent.rt.internal_8ff85ea.Offline.getProbes(Offline.java:51)
04-27 01:04:43.490  6098  6098 W System.err: 	at net.bible.android.BibleApplication.$jacocoInit(BibleApplication.kt)
04-27 01:04:43.490  6098  6098 W System.err: 	at net.bible.android.BibleApplication.<clinit>(BibleApplication.kt)
04-27 01:04:43.491  6098  6098 W System.err: 	at java.lang.Class.newInstance(Native Method)
04-27 01:04:43.491  6098  6098 W System.err: 	at android.app.Instrumentation.newApplication(Instrumentation.java:1007)
04-27 01:04:43.491  6098  6098 W System.err: 	at android.app.Instrumentation.newApplication(Instrumentation.java:992)
04-27 01:04:43.491  6098  6098 W System.err: 	at android.app.LoadedApk.makeApplication(LoadedApk.java:796)
04-27 01:04:43.491  6098  6098 W System.err: 	at android.app.ActivityThread.handleBindApplication(ActivityThread.java:5377)
04-27 01:04:43.491  6098  6098 W System.err: 	at android.app.ActivityThread.-wrap2(ActivityThread.java)
04-27 01:04:43.491  6098  6098 W System.err: 	at android.app.ActivityThread$H.handleMessage(ActivityThread.java:1545)
04-27 01:04:43.491  6098  6098 W System.err: 	at android.os.Handler.dispatchMessage(Handler.java:102)
04-27 01:04:43.491  6098  6098 W System.err: 	at android.os.Looper.loop(Looper.java:154)
04-27 01:04:43.491  6098  6098 W System.err: 	at android.app.ActivityThread.main(ActivityThread.java:6119)
04-27 01:04:43.491  6098  6098 W System.err: 	at java.lang.reflect.Method.invoke(Native Method)
04-27 01:04:43.491  6098  6098 W System.err: 	at com.android.internal.os.ZygoteInit$MethodAndArgsCaller.run(ZygoteInit.java:886)
04-27 01:04:43.491  6098  6098 W System.err: 	at com.android.internal.os.ZygoteInit.main(ZygoteInit.java:776)
