--------- beginning of system
--------- beginning of main
--------- beginning of crash
05-01 19:27:05.293  8895  8895 E AndroidRuntime: FATAL EXCEPTION: main
05-01 19:27:05.293  8895  8895 E AndroidRuntime: Process: de.blau.android, PID: 8895
05-01 19:27:05.293  8895  8895 E AndroidRuntime: java.lang.IllegalStateException: Failure saving state: ListPreferenceDialogFragmentCompat{b9aec70 #1 android.support.v7.preference.PreferenceFragment.DIALOG} has target not in fragment manager: PrefEditorFragment{3a0fbe9}
05-01 19:27:05.293  8895  8895 E AndroidRuntime: 	at android.support.v4.app.FragmentManagerImpl.saveAllState(FragmentManager.java:2682)
05-01 19:27:05.293  8895  8895 E AndroidRuntime: 	at android.support.v4.app.FragmentController.saveAllState(FragmentController.java:134)
05-01 19:27:05.293  8895  8895 E AndroidRuntime: 	at android.support.v4.app.FragmentActivity.onSaveInstanceState(FragmentActivity.java:571)
05-01 19:27:05.293  8895  8895 E AndroidRuntime: 	at android.support.v7.app.AppCompatActivity.onSaveInstanceState(AppCompatActivity.java:509)
05-01 19:27:05.293  8895  8895 E AndroidRuntime: 	at de.blau.android.prefs.PrefEditor.onSaveInstanceState(PrefEditor.java:103)
05-01 19:27:05.293  8895  8895 E AndroidRuntime: 	at android.app.Activity.performSaveInstanceState(Activity.java:1414)
05-01 19:27:05.293  8895  8895 E AndroidRuntime: 	at android.app.Instrumentation.callActivityOnSaveInstanceState(Instrumentation.java:1300)
05-01 19:27:05.293  8895  8895 E AndroidRuntime: 	at android.app.ActivityThread.callCallActivityOnSaveInstanceState(ActivityThread.java:4541)
05-01 19:27:05.293  8895  8895 E AndroidRuntime: 	at android.app.ActivityThread.handleRelaunchActivity(ActivityThread.java:4492)
05-01 19:27:05.293  8895  8895 E AndroidRuntime: 	at android.app.ActivityThread.-wrap19(ActivityThread.java)
05-01 19:27:05.293  8895  8895 E AndroidRuntime: 	at android.app.ActivityThread$H.handleMessage(ActivityThread.java:1483)
05-01 19:27:05.293  8895  8895 E AndroidRuntime: 	at android.os.Handler.dispatchMessage(Handler.java:102)
05-01 19:27:05.293  8895  8895 E AndroidRuntime: 	at android.os.Looper.loop(Looper.java:154)
05-01 19:27:05.293  8895  8895 E AndroidRuntime: 	at android.app.ActivityThread.main(ActivityThread.java:6119)
05-01 19:27:05.293  8895  8895 E AndroidRuntime: 	at java.lang.reflect.Method.invoke(Native Method)
05-01 19:27:05.293  8895  8895 E AndroidRuntime: 	at com.android.internal.os.ZygoteInit$MethodAndArgsCaller.run(ZygoteInit.java:886)
05-01 19:27:05.293  8895  8895 E AndroidRuntime: 	at com.android.internal.os.ZygoteInit.main(ZygoteInit.java:776)
05-01 19:27:05.683  9744  9744 W System.err: java.io.FileNotFoundException: /jacoco.exec (Read-only file system)
05-01 19:27:05.683  9744  9744 W System.err: 	at java.io.FileOutputStream.open(Native Method)
05-01 19:27:05.683  9744  9744 W System.err: 	at java.io.FileOutputStream.<init>(FileOutputStream.java:221)
05-01 19:27:05.683  9744  9744 W System.err: 	at org.jacoco.agent.rt.internal_8ff85ea.output.FileOutput.openFile(FileOutput.java:67)
05-01 19:27:05.683  9744  9744 W System.err: 	at org.jacoco.agent.rt.internal_8ff85ea.output.FileOutput.startup(FileOutput.java:49)
05-01 19:27:05.683  9744  9744 W System.err: 	at org.jacoco.agent.rt.internal_8ff85ea.Agent.startup(Agent.java:122)
05-01 19:27:05.683  9744  9744 W System.err: 	at org.jacoco.agent.rt.internal_8ff85ea.Agent.getInstance(Agent.java:50)
05-01 19:27:05.683  9744  9744 W System.err: 	at org.jacoco.agent.rt.internal_8ff85ea.Offline.<clinit>(Offline.java:31)
05-01 19:27:05.685  9744  9744 W System.err: 	at org.jacoco.agent.rt.internal_8ff85ea.Offline.getProbes(Offline.java:51)
05-01 19:27:05.685  9744  9744 W System.err: 	at de.blau.android.App.$jacocoInit(App.java)
05-01 19:27:05.685  9744  9744 W System.err: 	at de.blau.android.App.<clinit>(App.java)
05-01 19:27:05.685  9744  9744 W System.err: 	at java.lang.Class.newInstance(Native Method)
05-01 19:27:05.685  9744  9744 W System.err: 	at android.app.Instrumentation.newApplication(Instrumentation.java:1007)
05-01 19:27:05.685  9744  9744 W System.err: 	at android.app.Instrumentation.newApplication(Instrumentation.java:992)
05-01 19:27:05.685  9744  9744 W System.err: 	at android.app.LoadedApk.makeApplication(LoadedApk.java:796)
05-01 19:27:05.685  9744  9744 W System.err: 	at android.app.ActivityThread.handleBindApplication(ActivityThread.java:5377)
05-01 19:27:05.685  9744  9744 W System.err: 	at android.app.ActivityThread.-wrap2(ActivityThread.java)
05-01 19:27:05.685  9744  9744 W System.err: 	at android.app.ActivityThread$H.handleMessage(ActivityThread.java:1545)
05-01 19:27:05.685  9744  9744 W System.err: 	at android.os.Handler.dispatchMessage(Handler.java:102)
05-01 19:27:05.685  9744  9744 W System.err: 	at android.os.Looper.loop(Looper.java:154)
05-01 19:27:05.685  9744  9744 W System.err: 	at android.app.ActivityThread.main(ActivityThread.java:6119)
05-01 19:27:05.685  9744  9744 W System.err: 	at java.lang.reflect.Method.invoke(Native Method)
05-01 19:27:05.685  9744  9744 W System.err: 	at com.android.internal.os.ZygoteInit$MethodAndArgsCaller.run(ZygoteInit.java:886)
05-01 19:27:05.685  9744  9744 W System.err: 	at com.android.internal.os.ZygoteInit.main(ZygoteInit.java:776)
