--------- beginning of main
--------- beginning of system
04-29 21:43:28.988  6998  6998 W System.err: org.json.JSONException: End of input at character 0 of 
04-29 21:43:28.988  6998  6998 W System.err: 	at org.json.JSONTokener.syntaxError(JSONTokener.java:449)
04-29 21:43:28.988  6998  6998 W System.err: 	at org.json.JSONTokener.nextValue(JSONTokener.java:97)
04-29 21:43:28.988  6998  6998 W System.err: 	at org.json.JSONArray.<init>(JSONArray.java:92)
04-29 21:43:28.988  6998  6998 W System.err: 	at org.json.JSONArray.<init>(JSONArray.java:108)
04-29 21:43:28.988  6998  6998 W System.err: 	at org.mozilla.rocket.util.JsonUtilsKt.toJsonArray(JsonUtils.kt:8)
04-29 21:43:28.988  6998  6998 W System.err: 	at org.mozilla.rocket.home.contenthub.data.ContentHubRepoKt.jsonStringToTypeList(ContentHubRepo.kt:82)
04-29 21:43:28.988  6998  6998 W System.err: 	at org.mozilla.rocket.home.contenthub.data.ContentHubRepoKt.access$jsonStringToTypeList(ContentHubRepo.kt:1)
04-29 21:43:28.988  6998  6998 W System.err: 	at org.mozilla.rocket.home.contenthub.data.ContentHubRepo$getReadTypesLive$1.invoke(ContentHubRepo.kt:47)
04-29 21:43:28.988  6998  6998 W System.err: 	at org.mozilla.rocket.home.contenthub.data.ContentHubRepo$getReadTypesLive$1.invoke(ContentHubRepo.kt:21)
04-29 21:43:28.988  6998  6998 W System.err: 	at org.mozilla.rocket.extension.LiveDataExtensionKt$sam$androidx_arch_core_util_Function$0.apply(LiveDataExtension.kt)
04-29 21:43:28.988  6998  6998 W System.err: 	at androidx.lifecycle.Transformations$1.onChanged(Transformations.java:76)
04-29 21:43:28.988  6998  6998 W System.err: 	at androidx.lifecycle.MediatorLiveData$Source.onChanged(MediatorLiveData.java:152)
04-29 21:43:28.988  6998  6998 W System.err: 	at androidx.lifecycle.LiveData.considerNotify(LiveData.java:131)
04-29 21:43:28.988  6998  6998 W System.err: 	at androidx.lifecycle.LiveData.dispatchingValue(LiveData.java:149)
04-29 21:43:28.988  6998  6998 W System.err: 	at androidx.lifecycle.LiveData.setValue(LiveData.java:307)
04-29 21:43:28.989  6998  6998 W System.err: 	at org.mozilla.rocket.preference.SharedPreferenceLiveData.onActive(SharedPreferenceLiveData.kt:22)
04-29 21:43:28.989  6998  6998 W System.err: 	at androidx.lifecycle.LiveData$ObserverWrapper.activeStateChanged(LiveData.java:437)
04-29 21:43:28.989  6998  6998 W System.err: 	at androidx.lifecycle.LiveData.observeForever(LiveData.java:232)
04-29 21:43:28.989  6998  6998 W System.err: 	at androidx.lifecycle.MediatorLiveData$Source.plug(MediatorLiveData.java:141)
04-29 21:43:28.989  6998  6998 W System.err: 	at androidx.lifecycle.MediatorLiveData.onActive(MediatorLiveData.java:118)
04-29 21:43:28.989  6998  6998 W System.err: 	at androidx.lifecycle.LiveData$ObserverWrapper.activeStateChanged(LiveData.java:437)
04-29 21:43:28.989  6998  6998 W System.err: 	at androidx.lifecycle.LiveData.observeForever(LiveData.java:232)
04-29 21:43:28.989  6998  6998 W System.err: 	at androidx.lifecycle.MediatorLiveData$Source.plug(MediatorLiveData.java:141)
04-29 21:43:28.989  6998  6998 W System.err: 	at androidx.lifecycle.MediatorLiveData.onActive(MediatorLiveData.java:118)
04-29 21:43:28.989  6998  6998 W System.err: 	at androidx.lifecycle.LiveData$ObserverWrapper.activeStateChanged(LiveData.java:437)
04-29 21:43:28.989  6998  6998 W System.err: 	at androidx.lifecycle.LiveData.observeForever(LiveData.java:232)
04-29 21:43:28.989  6998  6998 W System.err: 	at androidx.lifecycle.MediatorLiveData$Source.plug(MediatorLiveData.java:141)
04-29 21:43:28.989  6998  6998 W System.err: 	at androidx.lifecycle.MediatorLiveData.onActive(MediatorLiveData.java:118)
04-29 21:43:28.989  6998  6998 W System.err: 	at androidx.lifecycle.LiveData$ObserverWrapper.activeStateChanged(LiveData.java:437)
04-29 21:43:28.989  6998  6998 W System.err: 	at androidx.lifecycle.LiveData.observeForever(LiveData.java:232)
04-29 21:43:28.989  6998  6998 W System.err: 	at androidx.lifecycle.MediatorLiveData$Source.plug(MediatorLiveData.java:141)
04-29 21:43:28.989  6998  6998 W System.err: 	at androidx.lifecycle.MediatorLiveData.onActive(MediatorLiveData.java:118)
04-29 21:43:28.989  6998  6998 W System.err: 	at androidx.lifecycle.LiveData$ObserverWrapper.activeStateChanged(LiveData.java:437)
04-29 21:43:28.989  6998  6998 W System.err: 	at androidx.lifecycle.LiveData.observeForever(LiveData.java:232)
04-29 21:43:28.989  6998  6998 W System.err: 	at androidx.lifecycle.MediatorLiveData$Source.plug(MediatorLiveData.java:141)
04-29 21:43:28.989  6998  6998 W System.err: 	at androidx.lifecycle.MediatorLiveData.onActive(MediatorLiveData.java:118)
04-29 21:43:28.989  6998  6998 W System.err: 	at androidx.lifecycle.LiveData$ObserverWrapper.activeStateChanged(LiveData.java:437)
04-29 21:43:28.989  6998  6998 W System.err: 	at androidx.lifecycle.LiveData$LifecycleBoundObserver.onStateChanged(LiveData.java:395)
04-29 21:43:28.989  6998  6998 W System.err: 	at androidx.lifecycle.LifecycleRegistry$ObserverWithState.dispatchEvent(LifecycleRegistry.java:361)
04-29 21:43:28.989  6998  6998 W System.err: 	at androidx.lifecycle.LifecycleRegistry.forwardPass(LifecycleRegistry.java:300)
04-29 21:43:28.989  6998  6998 W System.err: 	at androidx.lifecycle.LifecycleRegistry.sync(LifecycleRegistry.java:339)
04-29 21:43:28.989  6998  6998 W System.err: 	at androidx.lifecycle.LifecycleRegistry.moveToState(LifecycleRegistry.java:145)
04-29 21:43:28.989  6998  6998 W System.err: 	at androidx.lifecycle.LifecycleRegistry.handleLifecycleEvent(LifecycleRegistry.java:131)
04-29 21:43:28.989  6998  6998 W System.err: 	at androidx.fragment.app.FragmentViewLifecycleOwner.handleLifecycleEvent(FragmentViewLifecycleOwner.java:51)
04-29 21:43:28.989  6998  6998 W System.err: 	at androidx.fragment.app.Fragment.performStart(Fragment.java:2737)
04-29 21:43:28.989  6998  6998 W System.err: 	at androidx.fragment.app.FragmentStateManager.start(FragmentStateManager.java:365)
04-29 21:43:28.989  6998  6998 W System.err: 	at androidx.fragment.app.FragmentManager.moveToState(FragmentManager.java:1194)
04-29 21:43:28.989  6998  6998 W System.err: 	at androidx.fragment.app.FragmentManager.moveToState(FragmentManager.java:1356)
04-29 21:43:28.989  6998  6998 W System.err: 	at androidx.fragment.app.FragmentManager.moveFragmentToExpectedState(FragmentManager.java:1434)
04-29 21:43:28.989  6998  6998 W System.err: 	at androidx.fragment.app.FragmentManager.moveToState(FragmentManager.java:1497)
04-29 21:43:28.989  6998  6998 W System.err: 	at androidx.fragment.app.FragmentManager.dispatchStateChange(FragmentManager.java:2625)
04-29 21:43:28.989  6998  6998 W System.err: 	at androidx.fragment.app.FragmentManager.dispatchStart(FragmentManager.java:2583)
04-29 21:43:28.989  6998  6998 W System.err: 	at androidx.fragment.app.FragmentController.dispatchStart(FragmentController.java:258)
04-29 21:43:28.989  6998  6998 W System.err: 	at androidx.fragment.app.FragmentActivity.onStart(FragmentActivity.java:550)
04-29 21:43:28.989  6998  6998 W System.err: 	at androidx.appcompat.app.AppCompatActivity.onStart(AppCompatActivity.java:201)
04-29 21:43:28.989  6998  6998 W System.err: 	at org.mozilla.focus.activity.MainActivity.onStart(MainActivity.kt:346)
04-29 21:43:28.989  6998  6998 W System.err: 	at android.app.Instrumentation.callActivityOnStart(Instrumentation.java:1248)
04-29 21:43:28.989  6998  6998 W System.err: 	at android.app.Activity.performStart(Activity.java:6696)
04-29 21:43:28.990  6998  6998 W System.err: 	at android.app.Activity.performRestart(Activity.java:6770)
04-29 21:43:28.990  6998  6998 W System.err: 	at android.app.Activity.performResume(Activity.java:6775)
04-29 21:43:28.990  6998  6998 W System.err: 	at android.app.ActivityThread.performResumeActivity(ActivityThread.java:3406)
04-29 21:43:28.990  6998  6998 W System.err: 	at android.app.ActivityThread.handleResumeActivity(ActivityThread.java:3469)
04-29 21:43:28.990  6998  6998 W System.err: 	at android.app.ActivityThread$H.handleMessage(ActivityThread.java:1527)
04-29 21:43:28.990  6998  6998 W System.err: 	at android.os.Handler.dispatchMessage(Handler.java:102)
04-29 21:43:28.990  6998  6998 W System.err: 	at android.os.Looper.loop(Looper.java:154)
04-29 21:43:28.990  6998  6998 W System.err: 	at android.app.ActivityThread.main(ActivityThread.java:6119)
04-29 21:43:28.990  6998  6998 W System.err: 	at java.lang.reflect.Method.invoke(Native Method)
04-29 21:43:28.990  6998  6998 W System.err: 	at com.android.internal.os.ZygoteInit$MethodAndArgsCaller.run(ZygoteInit.java:886)
04-29 21:43:28.990  6998  6998 W System.err: 	at com.android.internal.os.ZygoteInit.main(ZygoteInit.java:776)
04-29 21:44:08.138  6998  6998 W System.err: org.json.JSONException: End of input at character 0 of 
04-29 21:44:08.138  6998  6998 W System.err: 	at org.json.JSONTokener.syntaxError(JSONTokener.java:449)
04-29 21:44:08.138  6998  6998 W System.err: 	at org.json.JSONTokener.nextValue(JSONTokener.java:97)
04-29 21:44:08.138  6998  6998 W System.err: 	at org.json.JSONArray.<init>(JSONArray.java:92)
04-29 21:44:08.138  6998  6998 W System.err: 	at org.json.JSONArray.<init>(JSONArray.java:108)
04-29 21:44:08.138  6998  6998 W System.err: 	at org.mozilla.rocket.util.JsonUtilsKt.toJsonArray(JsonUtils.kt:8)
04-29 21:44:08.138  6998  6998 W System.err: 	at org.mozilla.rocket.home.contenthub.data.ContentHubRepoKt.jsonStringToTypeList(ContentHubRepo.kt:82)
04-29 21:44:08.138  6998  6998 W System.err: 	at org.mozilla.rocket.home.contenthub.data.ContentHubRepoKt.access$jsonStringToTypeList(ContentHubRepo.kt:1)
04-29 21:44:08.138  6998  6998 W System.err: 	at org.mozilla.rocket.home.contenthub.data.ContentHubRepo$getReadTypesLive$1.invoke(ContentHubRepo.kt:47)
04-29 21:44:08.138  6998  6998 W System.err: 	at org.mozilla.rocket.home.contenthub.data.ContentHubRepo$getReadTypesLive$1.invoke(ContentHubRepo.kt:21)
04-29 21:44:08.138  6998  6998 W System.err: 	at org.mozilla.rocket.extension.LiveDataExtensionKt$sam$androidx_arch_core_util_Function$0.apply(LiveDataExtension.kt)
04-29 21:44:08.140  6998  6998 W System.err: 	at androidx.lifecycle.Transformations$1.onChanged(Transformations.java:76)
04-29 21:44:08.140  6998  6998 W System.err: 	at androidx.lifecycle.MediatorLiveData$Source.onChanged(MediatorLiveData.java:152)
04-29 21:44:08.140  6998  6998 W System.err: 	at androidx.lifecycle.LiveData.considerNotify(LiveData.java:131)
04-29 21:44:08.140  6998  6998 W System.err: 	at androidx.lifecycle.LiveData.dispatchingValue(LiveData.java:149)
04-29 21:44:08.140  6998  6998 W System.err: 	at androidx.lifecycle.LiveData.setValue(LiveData.java:307)
04-29 21:44:08.140  6998  6998 W System.err: 	at org.mozilla.rocket.preference.SharedPreferenceLiveData.onActive(SharedPreferenceLiveData.kt:22)
04-29 21:44:08.140  6998  6998 W System.err: 	at androidx.lifecycle.LiveData$ObserverWrapper.activeStateChanged(LiveData.java:437)
04-29 21:44:08.140  6998  6998 W System.err: 	at androidx.lifecycle.LiveData.observeForever(LiveData.java:232)
04-29 21:44:08.140  6998  6998 W System.err: 	at androidx.lifecycle.MediatorLiveData$Source.plug(MediatorLiveData.java:141)
04-29 21:44:08.140  6998  6998 W System.err: 	at androidx.lifecycle.MediatorLiveData.onActive(MediatorLiveData.java:118)
04-29 21:44:08.140  6998  6998 W System.err: 	at androidx.lifecycle.LiveData$ObserverWrapper.activeStateChanged(LiveData.java:437)
04-29 21:44:08.140  6998  6998 W System.err: 	at androidx.lifecycle.LiveData.observeForever(LiveData.java:232)
04-29 21:44:08.140  6998  6998 W System.err: 	at androidx.lifecycle.MediatorLiveData$Source.plug(MediatorLiveData.java:141)
04-29 21:44:08.140  6998  6998 W System.err: 	at androidx.lifecycle.MediatorLiveData.onActive(MediatorLiveData.java:118)
04-29 21:44:08.140  6998  6998 W System.err: 	at androidx.lifecycle.LiveData$ObserverWrapper.activeStateChanged(LiveData.java:437)
04-29 21:44:08.140  6998  6998 W System.err: 	at androidx.lifecycle.LiveData.observeForever(LiveData.java:232)
04-29 21:44:08.140  6998  6998 W System.err: 	at androidx.lifecycle.MediatorLiveData$Source.plug(MediatorLiveData.java:141)
04-29 21:44:08.140  6998  6998 W System.err: 	at androidx.lifecycle.MediatorLiveData.onActive(MediatorLiveData.java:118)
04-29 21:44:08.140  6998  6998 W System.err: 	at androidx.lifecycle.LiveData$ObserverWrapper.activeStateChanged(LiveData.java:437)
04-29 21:44:08.140  6998  6998 W System.err: 	at androidx.lifecycle.LiveData.observeForever(LiveData.java:232)
04-29 21:44:08.140  6998  6998 W System.err: 	at androidx.lifecycle.MediatorLiveData$Source.plug(MediatorLiveData.java:141)
04-29 21:44:08.140  6998  6998 W System.err: 	at androidx.lifecycle.MediatorLiveData.onActive(MediatorLiveData.java:118)
04-29 21:44:08.140  6998  6998 W System.err: 	at androidx.lifecycle.LiveData$ObserverWrapper.activeStateChanged(LiveData.java:437)
04-29 21:44:08.140  6998  6998 W System.err: 	at androidx.lifecycle.LiveData.observeForever(LiveData.java:232)
04-29 21:44:08.140  6998  6998 W System.err: 	at androidx.lifecycle.MediatorLiveData$Source.plug(MediatorLiveData.java:141)
04-29 21:44:08.140  6998  6998 W System.err: 	at androidx.lifecycle.MediatorLiveData.onActive(MediatorLiveData.java:118)
04-29 21:44:08.140  6998  6998 W System.err: 	at androidx.lifecycle.LiveData$ObserverWrapper.activeStateChanged(LiveData.java:437)
04-29 21:44:08.140  6998  6998 W System.err: 	at androidx.lifecycle.LiveData$LifecycleBoundObserver.onStateChanged(LiveData.java:395)
04-29 21:44:08.140  6998  6998 W System.err: 	at androidx.lifecycle.LifecycleRegistry$ObserverWithState.dispatchEvent(LifecycleRegistry.java:361)
04-29 21:44:08.140  6998  6998 W System.err: 	at androidx.lifecycle.LifecycleRegistry.forwardPass(LifecycleRegistry.java:300)
04-29 21:44:08.140  6998  6998 W System.err: 	at androidx.lifecycle.LifecycleRegistry.sync(LifecycleRegistry.java:339)
04-29 21:44:08.140  6998  6998 W System.err: 	at androidx.lifecycle.LifecycleRegistry.moveToState(LifecycleRegistry.java:145)
04-29 21:44:08.140  6998  6998 W System.err: 	at androidx.lifecycle.LifecycleRegistry.handleLifecycleEvent(LifecycleRegistry.java:131)
04-29 21:44:08.140  6998  6998 W System.err: 	at androidx.fragment.app.FragmentViewLifecycleOwner.handleLifecycleEvent(FragmentViewLifecycleOwner.java:51)
04-29 21:44:08.140  6998  6998 W System.err: 	at androidx.fragment.app.Fragment.performStart(Fragment.java:2737)
04-29 21:44:08.140  6998  6998 W System.err: 	at androidx.fragment.app.FragmentStateManager.start(FragmentStateManager.java:365)
04-29 21:44:08.140  6998  6998 W System.err: 	at androidx.fragment.app.FragmentManager.moveToState(FragmentManager.java:1194)
04-29 21:44:08.140  6998  6998 W System.err: 	at androidx.fragment.app.FragmentManager.moveToState(FragmentManager.java:1356)
04-29 21:44:08.140  6998  6998 W System.err: 	at androidx.fragment.app.FragmentManager.moveFragmentToExpectedState(FragmentManager.java:1434)
04-29 21:44:08.140  6998  6998 W System.err: 	at androidx.fragment.app.FragmentManager.moveToState(FragmentManager.java:1497)
04-29 21:44:08.140  6998  6998 W System.err: 	at androidx.fragment.app.FragmentManager.dispatchStateChange(FragmentManager.java:2625)
04-29 21:44:08.140  6998  6998 W System.err: 	at androidx.fragment.app.FragmentManager.dispatchStart(FragmentManager.java:2583)
04-29 21:44:08.140  6998  6998 W System.err: 	at androidx.fragment.app.FragmentController.dispatchStart(FragmentController.java:258)
04-29 21:44:08.140  6998  6998 W System.err: 	at androidx.fragment.app.FragmentActivity.onStart(FragmentActivity.java:550)
04-29 21:44:08.140  6998  6998 W System.err: 	at androidx.appcompat.app.AppCompatActivity.onStart(AppCompatActivity.java:201)
04-29 21:44:08.141  6998  6998 W System.err: 	at org.mozilla.focus.activity.MainActivity.onStart(MainActivity.kt:346)
04-29 21:44:08.141  6998  6998 W System.err: 	at android.app.Instrumentation.callActivityOnStart(Instrumentation.java:1248)
04-29 21:44:08.141  6998  6998 W System.err: 	at android.app.Activity.performStart(Activity.java:6696)
04-29 21:44:08.141  6998  6998 W System.err: 	at android.app.Activity.performRestart(Activity.java:6770)
04-29 21:44:08.141  6998  6998 W System.err: 	at android.app.Activity.performResume(Activity.java:6775)
04-29 21:44:08.141  6998  6998 W System.err: 	at android.app.ActivityThread.performResumeActivity(ActivityThread.java:3406)
04-29 21:44:08.141  6998  6998 W System.err: 	at android.app.ActivityThread.handleResumeActivity(ActivityThread.java:3469)
04-29 21:44:08.141  6998  6998 W System.err: 	at android.app.ActivityThread$H.handleMessage(ActivityThread.java:1527)
04-29 21:44:08.141  6998  6998 W System.err: 	at android.os.Handler.dispatchMessage(Handler.java:102)
04-29 21:44:08.141  6998  6998 W System.err: 	at android.os.Looper.loop(Looper.java:154)
04-29 21:44:08.141  6998  6998 W System.err: 	at android.app.ActivityThread.main(ActivityThread.java:6119)
04-29 21:44:08.141  6998  6998 W System.err: 	at java.lang.reflect.Method.invoke(Native Method)
04-29 21:44:08.141  6998  6998 W System.err: 	at com.android.internal.os.ZygoteInit$MethodAndArgsCaller.run(ZygoteInit.java:886)
04-29 21:44:08.141  6998  6998 W System.err: 	at com.android.internal.os.ZygoteInit.main(ZygoteInit.java:776)
04-29 21:44:09.726  6998  6998 W System.err: org.json.JSONException: End of input at character 0 of 
04-29 21:44:09.727  6998  6998 W System.err: 	at org.json.JSONTokener.syntaxError(JSONTokener.java:449)
04-29 21:44:09.727  6998  6998 W System.err: 	at org.json.JSONTokener.nextValue(JSONTokener.java:97)
04-29 21:44:09.727  6998  6998 W System.err: 	at org.json.JSONArray.<init>(JSONArray.java:92)
04-29 21:44:09.727  6998  6998 W System.err: 	at org.json.JSONArray.<init>(JSONArray.java:108)
04-29 21:44:09.727  6998  6998 W System.err: 	at org.mozilla.focus.utils.AppConfigWrapper.getBottomBarItems(AppConfigWrapper.java:105)
04-29 21:44:09.727  6998  6998 W System.err: 	at org.mozilla.rocket.chrome.BottomBarViewModel.getConfiguredItems(BottomBarViewModel.kt:35)
04-29 21:44:09.727  6998  6998 W System.err: 	at org.mozilla.rocket.chrome.BottomBarViewModel.refresh(BottomBarViewModel.kt:21)
04-29 21:44:09.727  6998  6998 W System.err: 	at org.mozilla.focus.fragment.BrowserFragment$SessionManagerObserver.refreshChrome(BrowserFragment.kt:1427)
04-29 21:44:09.727  6998  6998 W System.err: 	at org.mozilla.focus.fragment.BrowserFragment$SessionManagerObserver.onFocusChanged(BrowserFragment.kt:1380)
04-29 21:44:09.727  6998  6998 W System.err: 	at org.mozilla.rocket.tabs.SessionManager$Notifier$focusTab$2.invoke(SessionManager.kt:497)
04-29 21:44:09.727  6998  6998 W System.err: 	at org.mozilla.rocket.tabs.SessionManager$Notifier$focusTab$2.invoke(SessionManager.kt:443)
04-29 21:44:09.727  6998  6998 W System.err: 	at mozilla.components.support.base.observer.ObserverRegistry.notifyObservers(ObserverRegistry.kt:99)
04-29 21:44:09.727  6998  6998 W System.err: 	at org.mozilla.rocket.tabs.SessionManager.notifyObservers(SessionManager.kt)
04-29 21:44:09.727  6998  6998 W System.err: 	at org.mozilla.rocket.tabs.SessionManager$Notifier.focusTab(SessionManager.kt:497)
04-29 21:44:09.727  6998  6998 W System.err: 	at org.mozilla.rocket.tabs.SessionManager$Notifier.handleMessage(SessionManager.kt:451)
04-29 21:44:09.727  6998  6998 W System.err: 	at android.os.Handler.dispatchMessage(Handler.java:102)
04-29 21:44:09.727  6998  6998 W System.err: 	at android.os.Looper.loop(Looper.java:154)
04-29 21:44:09.727  6998  6998 W System.err: 	at android.app.ActivityThread.main(ActivityThread.java:6119)
04-29 21:44:09.727  6998  6998 W System.err: 	at java.lang.reflect.Method.invoke(Native Method)
04-29 21:44:09.727  6998  6998 W System.err: 	at com.android.internal.os.ZygoteInit$MethodAndArgsCaller.run(ZygoteInit.java:886)
04-29 21:44:09.727  6998  6998 W System.err: 	at com.android.internal.os.ZygoteInit.main(ZygoteInit.java:776)
--------- beginning of crash
04-29 21:50:11.702  7669  7669 W System.err: java.io.FileNotFoundException: /jacoco.exec (Read-only file system)
04-29 21:50:11.704  7669  7669 W System.err: 	at java.io.FileOutputStream.open(Native Method)
04-29 21:50:11.704  7669  7669 W System.err: 	at java.io.FileOutputStream.<init>(FileOutputStream.java:221)
04-29 21:50:11.704  7669  7669 W System.err: 	at org.jacoco.agent.rt.internal_8ff85ea.output.FileOutput.openFile(FileOutput.java:67)
04-29 21:50:11.704  7669  7669 W System.err: 	at org.jacoco.agent.rt.internal_8ff85ea.output.FileOutput.startup(FileOutput.java:49)
04-29 21:50:11.704  7669  7669 W System.err: 	at org.jacoco.agent.rt.internal_8ff85ea.Agent.startup(Agent.java:122)
04-29 21:50:11.705  7669  7669 W System.err: 	at org.jacoco.agent.rt.internal_8ff85ea.Agent.getInstance(Agent.java:50)
04-29 21:50:11.705  7669  7669 W System.err: 	at org.jacoco.agent.rt.internal_8ff85ea.Offline.<clinit>(Offline.java:31)
04-29 21:50:11.705  7669  7669 W System.err: 	at org.jacoco.agent.rt.internal_8ff85ea.Offline.getProbes(Offline.java:51)
04-29 21:50:11.705  7669  7669 W System.err: 	at org.mozilla.focus.FocusApplication.$jacocoInit(FocusApplication.kt)
04-29 21:50:11.705  7669  7669 W System.err: 	at org.mozilla.focus.FocusApplication.<init>(FocusApplication.kt)
04-29 21:50:11.705  7669  7669 W System.err: 	at java.lang.Class.newInstance(Native Method)
04-29 21:50:11.705  7669  7669 W System.err: 	at android.app.Instrumentation.newApplication(Instrumentation.java:1007)
04-29 21:50:11.705  7669  7669 W System.err: 	at android.app.Instrumentation.newApplication(Instrumentation.java:992)
04-29 21:50:11.705  7669  7669 W System.err: 	at android.app.LoadedApk.makeApplication(LoadedApk.java:796)
04-29 21:50:11.705  7669  7669 W System.err: 	at android.app.ActivityThread.handleBindApplication(ActivityThread.java:5377)
04-29 21:50:11.705  7669  7669 W System.err: 	at android.app.ActivityThread.-wrap2(ActivityThread.java)
04-29 21:50:11.705  7669  7669 W System.err: 	at android.app.ActivityThread$H.handleMessage(ActivityThread.java:1545)
04-29 21:50:11.705  7669  7669 W System.err: 	at android.os.Handler.dispatchMessage(Handler.java:102)
04-29 21:50:11.705  7669  7669 W System.err: 	at android.os.Looper.loop(Looper.java:154)
04-29 21:50:11.705  7669  7669 W System.err: 	at android.app.ActivityThread.main(ActivityThread.java:6119)
04-29 21:50:11.705  7669  7669 W System.err: 	at java.lang.reflect.Method.invoke(Native Method)
04-29 21:50:11.705  7669  7669 W System.err: 	at com.android.internal.os.ZygoteInit$MethodAndArgsCaller.run(ZygoteInit.java:886)
04-29 21:50:11.705  7669  7669 W System.err: 	at com.android.internal.os.ZygoteInit.main(ZygoteInit.java:776)
04-29 21:50:12.320  7669  7669 W System.err: org.json.JSONException: End of input at character 0 of 
04-29 21:50:12.329  7669  7669 W System.err: 	at org.json.JSONTokener.syntaxError(JSONTokener.java:449)
04-29 21:50:12.329  7669  7669 W System.err: 	at org.json.JSONTokener.nextValue(JSONTokener.java:97)
04-29 21:50:12.329  7669  7669 W System.err: 	at org.json.JSONObject.<init>(JSONObject.java:156)
04-29 21:50:12.329  7669  7669 W System.err: 	at org.json.JSONObject.<init>(JSONObject.java:173)
04-29 21:50:12.329  7669  7669 W System.err: 	at org.mozilla.focus.utils.AppConfigWrapper.convertToInAppUpdateConfig(AppConfigWrapper.java:197)
04-29 21:50:12.329  7669  7669 W System.err: 	at org.mozilla.focus.utils.AppConfigWrapper.getInAppUpdateConfig(AppConfigWrapper.java:177)
04-29 21:50:12.329  7669  7669 W System.err: 	at org.mozilla.rocket.appupdate.InAppUpdateController$1.getInAppUpdateConfig(InAppUpdateController.kt:47)
04-29 21:50:12.329  7669  7669 W System.err: 	at org.mozilla.rocket.appupdate.InAppUpdateManager.<init>(InAppUpdateManager.kt:43)
04-29 21:50:12.329  7669  7669 W System.err: 	at org.mozilla.rocket.appupdate.InAppUpdateController.<init>(InAppUpdateController.kt:53)
04-29 21:50:12.329  7669  7669 W System.err: 	at org.mozilla.rocket.appupdate.InAppUpdateController.<init>(InAppUpdateController.kt:33)
04-29 21:50:12.329  7669  7669 W System.err: 	at org.mozilla.focus.activity.MainActivity.onCreate(MainActivity.kt:178)
04-29 21:50:12.329  7669  7669 W System.err: 	at android.app.Activity.performCreate(Activity.java:6679)
04-29 21:50:12.329  7669  7669 W System.err: 	at android.app.Instrumentation.callActivityOnCreate(Instrumentation.java:1118)
04-29 21:50:12.329  7669  7669 W System.err: 	at android.app.ActivityThread.performLaunchActivity(ActivityThread.java:2618)
04-29 21:50:12.329  7669  7669 W System.err: 	at android.app.ActivityThread.handleLaunchActivity(ActivityThread.java:2726)
04-29 21:50:12.329  7669  7669 W System.err: 	at android.app.ActivityThread.-wrap12(ActivityThread.java)
04-29 21:50:12.329  7669  7669 W System.err: 	at android.app.ActivityThread$H.handleMessage(ActivityThread.java:1477)
04-29 21:50:12.329  7669  7669 W System.err: 	at android.os.Handler.dispatchMessage(Handler.java:102)
04-29 21:50:12.329  7669  7669 W System.err: 	at android.os.Looper.loop(Looper.java:154)
04-29 21:50:12.329  7669  7669 W System.err: 	at android.app.ActivityThread.main(ActivityThread.java:6119)
04-29 21:50:12.329  7669  7669 W System.err: 	at java.lang.reflect.Method.invoke(Native Method)
04-29 21:50:12.329  7669  7669 W System.err: 	at com.android.internal.os.ZygoteInit$MethodAndArgsCaller.run(ZygoteInit.java:886)
04-29 21:50:12.329  7669  7669 W System.err: 	at com.android.internal.os.ZygoteInit.main(ZygoteInit.java:776)
04-29 21:50:12.453  7669  7669 W System.err: org.json.JSONException: End of input at character 0 of 
04-29 21:50:12.453  7669  7669 W System.err: 	at org.json.JSONTokener.syntaxError(JSONTokener.java:449)
04-29 21:50:12.453  7669  7669 W System.err: 	at org.json.JSONTokener.nextValue(JSONTokener.java:97)
04-29 21:50:12.453  7669  7669 W System.err: 	at org.json.JSONArray.<init>(JSONArray.java:92)
04-29 21:50:12.454  7669  7669 W System.err: 	at org.json.JSONArray.<init>(JSONArray.java:108)
04-29 21:50:12.454  7669  7669 W System.err: 	at org.mozilla.focus.utils.AppConfigWrapper.getBottomBarItems(AppConfigWrapper.java:105)
04-29 21:50:12.454  7669  7669 W System.err: 	at org.mozilla.rocket.chrome.BottomBarViewModel.getConfiguredItems(BottomBarViewModel.kt:35)
04-29 21:50:12.454  7669  7669 W System.err: 	at org.mozilla.rocket.chrome.BottomBarViewModel.refresh(BottomBarViewModel.kt:21)
04-29 21:50:12.454  7669  7669 W System.err: 	at org.mozilla.rocket.chrome.BottomBarViewModel.<init>(BottomBarViewModel.kt:13)
04-29 21:50:12.454  7669  7669 W System.err: 	at org.mozilla.rocket.chrome.di.ChromeModule.provideBottomBarViewModel(ChromeModule.kt:78)
04-29 21:50:12.454  7669  7669 W System.err: 	at org.mozilla.rocket.chrome.di.ChromeModule_ProvideBottomBarViewModelFactory.proxyProvideBottomBarViewModel(ChromeModule_ProvideBottomBarViewModelFactory.java:28)
04-29 21:50:12.454  7669  7669 W System.err: 	at org.mozilla.rocket.chrome.di.ChromeModule_ProvideBottomBarViewModelFactory.provideInstance(ChromeModule_ProvideBottomBarViewModelFactory.java:19)
04-29 21:50:12.454  7669  7669 W System.err: 	at org.mozilla.rocket.chrome.di.ChromeModule_ProvideBottomBarViewModelFactory.get(ChromeModule_ProvideBottomBarViewModelFactory.java:15)
04-29 21:50:12.454  7669  7669 W System.err: 	at org.mozilla.rocket.chrome.di.ChromeModule_ProvideBottomBarViewModelFactory.get(ChromeModule_ProvideBottomBarViewModelFactory.java:8)
04-29 21:50:12.454  7669  7669 W System.err: 	at dagger.internal.DoubleCheck.get(DoubleCheck.java:47)
04-29 21:50:12.454  7669  7669 W System.err: 	at org.mozilla.rocket.content.ExtentionKt$getActivityViewModel$1.invoke(Extention.kt:56)
04-29 21:50:12.454  7669  7669 W System.err: 	at org.mozilla.rocket.content.ExtentionKt$getActivityViewModel$1.invoke(Extention.kt)
04-29 21:50:12.454  7669  7669 W System.err: 	at org.mozilla.rocket.content.BaseViewModelFactory.create(BaseViewModelFactory.kt:9)
04-29 21:50:12.454  7669  7669 W System.err: 	at androidx.lifecycle.ViewModelProvider.get(ViewModelProvider.java:187)
04-29 21:50:12.454  7669  7669 W System.err: 	at androidx.lifecycle.ViewModelProvider.get(ViewModelProvider.java:150)
04-29 21:50:12.454  7669  7669 W System.err: 	at org.mozilla.focus.fragment.BrowserFragment.onCreate(BrowserFragment.kt:1616)
04-29 21:50:12.454  7669  7669 W System.err: 	at androidx.fragment.app.Fragment.performCreate(Fragment.java:2684)
04-29 21:50:12.454  7669  7669 W System.err: 	at androidx.fragment.app.FragmentStateManager.create(FragmentStateManager.java:280)
04-29 21:50:12.454  7669  7669 W System.err: 	at androidx.fragment.app.FragmentManager.moveToState(FragmentManager.java:1175)
04-29 21:50:12.454  7669  7669 W System.err: 	at androidx.fragment.app.FragmentManager.moveToState(FragmentManager.java:1356)
04-29 21:50:12.454  7669  7669 W System.err: 	at androidx.fragment.app.FragmentLayoutInflaterFactory.onCreateView(FragmentLayoutInflaterFactory.java:135)
04-29 21:50:12.454  7669  7669 W System.err: 	at androidx.fragment.app.FragmentController.onCreateView(FragmentController.java:135)
04-29 21:50:12.454  7669  7669 W System.err: 	at androidx.fragment.app.FragmentActivity.dispatchFragmentsOnCreateView(FragmentActivity.java:356)
04-29 21:50:12.454  7669  7669 W System.err: 	at androidx.fragment.app.FragmentActivity.onCreateView(FragmentActivity.java:335)
04-29 21:50:12.454  7669  7669 W System.err: 	at android.view.LayoutInflater.createViewFromTag(LayoutInflater.java:777)
04-29 21:50:12.454  7669  7669 W System.err: 	at android.view.LayoutInflater.createViewFromTag(LayoutInflater.java:727)
04-29 21:50:12.454  7669  7669 W System.err: 	at android.view.LayoutInflater.rInflate(LayoutInflater.java:858)
04-29 21:50:12.454  7669  7669 W System.err: 	at android.view.LayoutInflater.rInflateChildren(LayoutInflater.java:821)
04-29 21:50:12.454  7669  7669 W System.err: 	at android.view.LayoutInflater.inflate(LayoutInflater.java:518)
04-29 21:50:12.454  7669  7669 W System.err: 	at android.view.LayoutInflater.inflate(LayoutInflater.java:426)
04-29 21:50:12.454  7669  7669 W System.err: 	at android.view.LayoutInflater.inflate(LayoutInflater.java:377)
04-29 21:50:12.454  7669  7669 W System.err: 	at androidx.appcompat.app.AppCompatDelegateImpl.setContentView(AppCompatDelegateImpl.java:545)
04-29 21:50:12.454  7669  7669 W System.err: 	at androidx.appcompat.app.AppCompatActivity.setContentView(AppCompatActivity.java:161)
04-29 21:50:12.454  7669  7669 W System.err: 	at org.mozilla.focus.activity.MainActivity.onCreate(MainActivity.kt:184)
04-29 21:50:12.454  7669  7669 W System.err: 	at android.app.Activity.performCreate(Activity.java:6679)
04-29 21:50:12.454  7669  7669 W System.err: 	at android.app.Instrumentation.callActivityOnCreate(Instrumentation.java:1118)
04-29 21:50:12.454  7669  7669 W System.err: 	at android.app.ActivityThread.performLaunchActivity(ActivityThread.java:2618)
04-29 21:50:12.454  7669  7669 W System.err: 	at android.app.ActivityThread.handleLaunchActivity(ActivityThread.java:2726)
04-29 21:50:12.454  7669  7669 W System.err: 	at android.app.ActivityThread.-wrap12(ActivityThread.java)
04-29 21:50:12.454  7669  7669 W System.err: 	at android.app.ActivityThread$H.handleMessage(ActivityThread.java:1477)
04-29 21:50:12.454  7669  7669 W System.err: 	at android.os.Handler.dispatchMessage(Handler.java:102)
04-29 21:50:12.454  7669  7669 W System.err: 	at android.os.Looper.loop(Looper.java:154)
04-29 21:50:12.454  7669  7669 W System.err: 	at android.app.ActivityThread.main(ActivityThread.java:6119)
04-29 21:50:12.454  7669  7669 W System.err: 	at java.lang.reflect.Method.invoke(Native Method)
04-29 21:50:12.454  7669  7669 W System.err: 	at com.android.internal.os.ZygoteInit$MethodAndArgsCaller.run(ZygoteInit.java:886)
04-29 21:50:12.454  7669  7669 W System.err: 	at com.android.internal.os.ZygoteInit.main(ZygoteInit.java:776)
04-29 21:50:16.903  7669  7669 W System.err: org.json.JSONException: End of input at character 0 of 
04-29 21:50:16.917  7669  7669 W System.err: 	at org.json.JSONTokener.syntaxError(JSONTokener.java:449)
04-29 21:50:16.917  7669  7669 W System.err: 	at org.json.JSONTokener.nextValue(JSONTokener.java:97)
04-29 21:50:16.917  7669  7669 W System.err: 	at org.json.JSONArray.<init>(JSONArray.java:92)
04-29 21:50:16.917  7669  7669 W System.err: 	at org.json.JSONArray.<init>(JSONArray.java:108)
04-29 21:50:16.917  7669  7669 W System.err: 	at org.mozilla.focus.utils.AppConfigWrapper.getBottomBarItems(AppConfigWrapper.java:105)
04-29 21:50:16.917  7669  7669 W System.err: 	at org.mozilla.rocket.chrome.BottomBarViewModel.getConfiguredItems(BottomBarViewModel.kt:35)
04-29 21:50:16.917  7669  7669 W System.err: 	at org.mozilla.rocket.chrome.BottomBarViewModel.refresh(BottomBarViewModel.kt:21)
04-29 21:50:16.917  7669  7669 W System.err: 	at org.mozilla.focus.fragment.BrowserFragment$SessionManagerObserver.refreshChrome(BrowserFragment.kt:1427)
04-29 21:50:16.917  7669  7669 W System.err: 	at org.mozilla.focus.fragment.BrowserFragment$SessionManagerObserver.onFocusChanged(BrowserFragment.kt:1380)
04-29 21:50:16.917  7669  7669 W System.err: 	at org.mozilla.rocket.tabs.SessionManager$Notifier$focusTab$2.invoke(SessionManager.kt:497)
04-29 21:50:16.917  7669  7669 W System.err: 	at org.mozilla.rocket.tabs.SessionManager$Notifier$focusTab$2.invoke(SessionManager.kt:443)
04-29 21:50:16.917  7669  7669 W System.err: 	at mozilla.components.support.base.observer.ObserverRegistry.notifyObservers(ObserverRegistry.kt:99)
04-29 21:50:16.917  7669  7669 W System.err: 	at org.mozilla.rocket.tabs.SessionManager.notifyObservers(SessionManager.kt)
04-29 21:50:16.918  7669  7669 W System.err: 	at org.mozilla.rocket.tabs.SessionManager$Notifier.focusTab(SessionManager.kt:497)
04-29 21:50:16.918  7669  7669 W System.err: 	at org.mozilla.rocket.tabs.SessionManager$Notifier.handleMessage(SessionManager.kt:451)
04-29 21:50:16.918  7669  7669 W System.err: 	at android.os.Handler.dispatchMessage(Handler.java:102)
04-29 21:50:16.918  7669  7669 W System.err: 	at android.os.Looper.loop(Looper.java:154)
04-29 21:50:16.918  7669  7669 W System.err: 	at android.app.ActivityThread.main(ActivityThread.java:6119)
04-29 21:50:16.918  7669  7669 W System.err: 	at java.lang.reflect.Method.invoke(Native Method)
04-29 21:50:16.918  7669  7669 W System.err: 	at com.android.internal.os.ZygoteInit$MethodAndArgsCaller.run(ZygoteInit.java:886)
04-29 21:50:16.918  7669  7669 W System.err: 	at com.android.internal.os.ZygoteInit.main(ZygoteInit.java:776)
