--------- beginning of system
--------- beginning of main
05-01 19:15:11.311  7423  7423 W System.err: org.json.JSONException: End of input at character 0 of 
05-01 19:15:11.311  7423  7423 W System.err: 	at org.json.JSONTokener.syntaxError(JSONTokener.java:449)
05-01 19:15:11.311  7423  7423 W System.err: 	at org.json.JSONTokener.nextValue(JSONTokener.java:97)
05-01 19:15:11.311  7423  7423 W System.err: 	at org.json.JSONArray.<init>(JSONArray.java:92)
05-01 19:15:11.311  7423  7423 W System.err: 	at org.json.JSONArray.<init>(JSONArray.java:108)
05-01 19:15:11.311  7423  7423 W System.err: 	at org.mozilla.focus.utils.AppConfigWrapper.getBottomBarItems(AppConfigWrapper.java:110)
05-01 19:15:11.311  7423  7423 W System.err: 	at org.mozilla.rocket.chrome.BottomBarViewModel.getConfiguredItems(BottomBarViewModel.kt:24)
05-01 19:15:11.311  7423  7423 W System.err: 	at org.mozilla.rocket.chrome.BottomBarViewModel.refresh(BottomBarViewModel.kt:16)
05-01 19:15:11.311  7423  7423 W System.err: 	at org.mozilla.focus.fragment.BrowserFragment$SessionManagerObserver.refreshChrome(BrowserFragment.java:1669)
05-01 19:15:11.311  7423  7423 W System.err: 	at org.mozilla.focus.fragment.BrowserFragment$SessionManagerObserver.onFocusChanged(BrowserFragment.java:1602)
05-01 19:15:11.311  7423  7423 W System.err: 	at org.mozilla.rocket.tabs.SessionManager$Notifier$focusTab$2.invoke(SessionManager.kt:497)
05-01 19:15:11.311  7423  7423 W System.err: 	at org.mozilla.rocket.tabs.SessionManager$Notifier$focusTab$2.invoke(SessionManager.kt:443)
05-01 19:15:11.311  7423  7423 W System.err: 	at mozilla.components.support.base.observer.ObserverRegistry.notifyObservers(ObserverRegistry.kt:99)
05-01 19:15:11.311  7423  7423 W System.err: 	at org.mozilla.rocket.tabs.SessionManager.notifyObservers(SessionManager.kt)
05-01 19:15:11.311  7423  7423 W System.err: 	at org.mozilla.rocket.tabs.SessionManager$Notifier.focusTab(SessionManager.kt:497)
05-01 19:15:11.311  7423  7423 W System.err: 	at org.mozilla.rocket.tabs.SessionManager$Notifier.handleMessage(SessionManager.kt:451)
05-01 19:15:11.311  7423  7423 W System.err: 	at android.os.Handler.dispatchMessage(Handler.java:102)
05-01 19:15:11.311  7423  7423 W System.err: 	at android.os.Looper.loop(Looper.java:154)
05-01 19:15:11.311  7423  7423 W System.err: 	at android.app.ActivityThread.main(ActivityThread.java:6119)
05-01 19:15:11.311  7423  7423 W System.err: 	at java.lang.reflect.Method.invoke(Native Method)
05-01 19:15:11.311  7423  7423 W System.err: 	at com.android.internal.os.ZygoteInit$MethodAndArgsCaller.run(ZygoteInit.java:886)
05-01 19:15:11.311  7423  7423 W System.err: 	at com.android.internal.os.ZygoteInit.main(ZygoteInit.java:776)
05-01 19:17:29.112  8182  8182 W System.err: java.io.FileNotFoundException: /jacoco.exec (Read-only file system)
05-01 19:17:29.112  8182  8182 W System.err: 	at java.io.FileOutputStream.open(Native Method)
05-01 19:17:29.112  8182  8182 W System.err: 	at java.io.FileOutputStream.<init>(FileOutputStream.java:221)
05-01 19:17:29.112  8182  8182 W System.err: 	at org.jacoco.agent.rt.internal_8ff85ea.output.FileOutput.openFile(FileOutput.java:67)
05-01 19:17:29.112  8182  8182 W System.err: 	at org.jacoco.agent.rt.internal_8ff85ea.output.FileOutput.startup(FileOutput.java:49)
05-01 19:17:29.112  8182  8182 W System.err: 	at org.jacoco.agent.rt.internal_8ff85ea.Agent.startup(Agent.java:122)
05-01 19:17:29.112  8182  8182 W System.err: 	at org.jacoco.agent.rt.internal_8ff85ea.Agent.getInstance(Agent.java:50)
05-01 19:17:29.112  8182  8182 W System.err: 	at org.jacoco.agent.rt.internal_8ff85ea.Offline.<clinit>(Offline.java:31)
05-01 19:17:29.112  8182  8182 W System.err: 	at org.jacoco.agent.rt.internal_8ff85ea.Offline.getProbes(Offline.java:51)
05-01 19:17:29.112  8182  8182 W System.err: 	at org.mozilla.focus.FocusApplication.$jacocoInit(FocusApplication.kt)
05-01 19:17:29.112  8182  8182 W System.err: 	at org.mozilla.focus.FocusApplication.<init>(FocusApplication.kt)
05-01 19:17:29.112  8182  8182 W System.err: 	at java.lang.Class.newInstance(Native Method)
05-01 19:17:29.112  8182  8182 W System.err: 	at android.app.Instrumentation.newApplication(Instrumentation.java:1007)
05-01 19:17:29.113  8182  8182 W System.err: 	at android.app.Instrumentation.newApplication(Instrumentation.java:992)
05-01 19:17:29.113  8182  8182 W System.err: 	at android.app.LoadedApk.makeApplication(LoadedApk.java:796)
05-01 19:17:29.113  8182  8182 W System.err: 	at android.app.ActivityThread.handleBindApplication(ActivityThread.java:5377)
05-01 19:17:29.113  8182  8182 W System.err: 	at android.app.ActivityThread.-wrap2(ActivityThread.java)
05-01 19:17:29.113  8182  8182 W System.err: 	at android.app.ActivityThread$H.handleMessage(ActivityThread.java:1545)
05-01 19:17:29.113  8182  8182 W System.err: 	at android.os.Handler.dispatchMessage(Handler.java:102)
05-01 19:17:29.113  8182  8182 W System.err: 	at android.os.Looper.loop(Looper.java:154)
05-01 19:17:29.113  8182  8182 W System.err: 	at android.app.ActivityThread.main(ActivityThread.java:6119)
05-01 19:17:29.113  8182  8182 W System.err: 	at java.lang.reflect.Method.invoke(Native Method)
05-01 19:17:29.113  8182  8182 W System.err: 	at com.android.internal.os.ZygoteInit$MethodAndArgsCaller.run(ZygoteInit.java:886)
05-01 19:17:29.113  8182  8182 W System.err: 	at com.android.internal.os.ZygoteInit.main(ZygoteInit.java:776)
05-01 19:17:29.658  8182  8182 W System.err: org.json.JSONException: End of input at character 0 of 
05-01 19:17:29.660  8182  8182 W System.err: 	at org.json.JSONTokener.syntaxError(JSONTokener.java:449)
05-01 19:17:29.660  8182  8182 W System.err: 	at org.json.JSONTokener.nextValue(JSONTokener.java:97)
05-01 19:17:29.660  8182  8182 W System.err: 	at org.json.JSONObject.<init>(JSONObject.java:156)
05-01 19:17:29.660  8182  8182 W System.err: 	at org.json.JSONObject.<init>(JSONObject.java:173)
05-01 19:17:29.660  8182  8182 W System.err: 	at org.mozilla.focus.utils.AppConfigWrapper.convertToInAppUpdateConfig(AppConfigWrapper.java:202)
05-01 19:17:29.660  8182  8182 W System.err: 	at org.mozilla.focus.utils.AppConfigWrapper.getInAppUpdateConfig(AppConfigWrapper.java:182)
05-01 19:17:29.660  8182  8182 W System.err: 	at org.mozilla.rocket.appupdate.InAppUpdateController$1.getInAppUpdateConfig(InAppUpdateController.kt:47)
05-01 19:17:29.660  8182  8182 W System.err: 	at org.mozilla.rocket.appupdate.InAppUpdateManager.<init>(InAppUpdateManager.kt:43)
05-01 19:17:29.660  8182  8182 W System.err: 	at org.mozilla.rocket.appupdate.InAppUpdateController.<init>(InAppUpdateController.kt:53)
05-01 19:17:29.660  8182  8182 W System.err: 	at org.mozilla.rocket.appupdate.InAppUpdateController.<init>(InAppUpdateController.kt:33)
05-01 19:17:29.660  8182  8182 W System.err: 	at org.mozilla.focus.activity.MainActivity.onCreate(MainActivity.kt:172)
05-01 19:17:29.660  8182  8182 W System.err: 	at android.app.Activity.performCreate(Activity.java:6679)
05-01 19:17:29.660  8182  8182 W System.err: 	at android.app.Instrumentation.callActivityOnCreate(Instrumentation.java:1118)
05-01 19:17:29.660  8182  8182 W System.err: 	at android.app.ActivityThread.performLaunchActivity(ActivityThread.java:2618)
05-01 19:17:29.660  8182  8182 W System.err: 	at android.app.ActivityThread.handleLaunchActivity(ActivityThread.java:2726)
05-01 19:17:29.660  8182  8182 W System.err: 	at android.app.ActivityThread.-wrap12(ActivityThread.java)
05-01 19:17:29.660  8182  8182 W System.err: 	at android.app.ActivityThread$H.handleMessage(ActivityThread.java:1477)
05-01 19:17:29.660  8182  8182 W System.err: 	at android.os.Handler.dispatchMessage(Handler.java:102)
05-01 19:17:29.660  8182  8182 W System.err: 	at android.os.Looper.loop(Looper.java:154)
05-01 19:17:29.660  8182  8182 W System.err: 	at android.app.ActivityThread.main(ActivityThread.java:6119)
05-01 19:17:29.660  8182  8182 W System.err: 	at java.lang.reflect.Method.invoke(Native Method)
05-01 19:17:29.660  8182  8182 W System.err: 	at com.android.internal.os.ZygoteInit$MethodAndArgsCaller.run(ZygoteInit.java:886)
05-01 19:17:29.660  8182  8182 W System.err: 	at com.android.internal.os.ZygoteInit.main(ZygoteInit.java:776)
05-01 19:17:29.676  8182  8182 W System.err: org.json.JSONException: End of input at character 0 of 
05-01 19:17:29.682  8182  8182 W System.err: 	at org.json.JSONTokener.syntaxError(JSONTokener.java:449)
05-01 19:17:29.682  8182  8182 W System.err: 	at org.json.JSONTokener.nextValue(JSONTokener.java:97)
05-01 19:17:29.682  8182  8182 W System.err: 	at org.json.JSONArray.<init>(JSONArray.java:92)
05-01 19:17:29.682  8182  8182 W System.err: 	at org.json.JSONArray.<init>(JSONArray.java:108)
05-01 19:17:29.682  8182  8182 W System.err: 	at org.mozilla.focus.utils.AppConfigWrapper.getBottomBarItems(AppConfigWrapper.java:110)
05-01 19:17:29.682  8182  8182 W System.err: 	at org.mozilla.rocket.chrome.BottomBarViewModel.getConfiguredItems(BottomBarViewModel.kt:24)
05-01 19:17:29.682  8182  8182 W System.err: 	at org.mozilla.rocket.chrome.BottomBarViewModel.refresh(BottomBarViewModel.kt:16)
05-01 19:17:29.682  8182  8182 W System.err: 	at org.mozilla.rocket.chrome.BottomBarViewModel.<init>(BottomBarViewModel.kt:12)
05-01 19:17:29.682  8182  8182 W System.err: 	at org.mozilla.rocket.chrome.di.ChromeModule.provideBottomBarViewModel(ChromeModule.kt:75)
05-01 19:17:29.682  8182  8182 W System.err: 	at org.mozilla.rocket.chrome.di.ChromeModule_ProvideBottomBarViewModelFactory.proxyProvideBottomBarViewModel(ChromeModule_ProvideBottomBarViewModelFactory.java:28)
05-01 19:17:29.682  8182  8182 W System.err: 	at org.mozilla.rocket.chrome.di.ChromeModule_ProvideBottomBarViewModelFactory.provideInstance(ChromeModule_ProvideBottomBarViewModelFactory.java:19)
05-01 19:17:29.682  8182  8182 W System.err: 	at org.mozilla.rocket.chrome.di.ChromeModule_ProvideBottomBarViewModelFactory.get(ChromeModule_ProvideBottomBarViewModelFactory.java:15)
05-01 19:17:29.682  8182  8182 W System.err: 	at org.mozilla.rocket.chrome.di.ChromeModule_ProvideBottomBarViewModelFactory.get(ChromeModule_ProvideBottomBarViewModelFactory.java:8)
05-01 19:17:29.682  8182  8182 W System.err: 	at dagger.internal.DoubleCheck.get(DoubleCheck.java:47)
05-01 19:17:29.682  8182  8182 W System.err: 	at org.mozilla.focus.fragment.-$$Lambda$8W0sR0vYjfgZVkeo5-FZcqqy6tI.invoke(lambda)
05-01 19:17:29.682  8182  8182 W System.err: 	at org.mozilla.rocket.content.BaseViewModelFactory.create(BaseViewModelFactory.kt:9)
05-01 19:17:29.682  8182  8182 W System.err: 	at androidx.lifecycle.ViewModelProvider.get(ViewModelProvider.java:187)
05-01 19:17:29.682  8182  8182 W System.err: 	at androidx.lifecycle.ViewModelProvider.get(ViewModelProvider.java:150)
05-01 19:17:29.682  8182  8182 W System.err: 	at org.mozilla.focus.fragment.BrowserFragment.onCreate(BrowserFragment.java:236)
05-01 19:17:29.682  8182  8182 W System.err: 	at androidx.fragment.app.Fragment.performCreate(Fragment.java:2684)
05-01 19:17:29.682  8182  8182 W System.err: 	at androidx.fragment.app.FragmentStateManager.create(FragmentStateManager.java:280)
05-01 19:17:29.682  8182  8182 W System.err: 	at androidx.fragment.app.FragmentManager.moveToState(FragmentManager.java:1175)
05-01 19:17:29.682  8182  8182 W System.err: 	at androidx.fragment.app.FragmentManager.moveToState(FragmentManager.java:1356)
05-01 19:17:29.682  8182  8182 W System.err: 	at androidx.fragment.app.FragmentLayoutInflaterFactory.onCreateView(FragmentLayoutInflaterFactory.java:109)
05-01 19:17:29.682  8182  8182 W System.err: 	at androidx.fragment.app.FragmentController.onCreateView(FragmentController.java:135)
05-01 19:17:29.682  8182  8182 W System.err: 	at androidx.fragment.app.FragmentActivity.dispatchFragmentsOnCreateView(FragmentActivity.java:356)
05-01 19:17:29.682  8182  8182 W System.err: 	at androidx.fragment.app.FragmentActivity.onCreateView(FragmentActivity.java:335)
05-01 19:17:29.682  8182  8182 W System.err: 	at android.view.LayoutInflater.createViewFromTag(LayoutInflater.java:777)
05-01 19:17:29.682  8182  8182 W System.err: 	at android.view.LayoutInflater.createViewFromTag(LayoutInflater.java:727)
05-01 19:17:29.682  8182  8182 W System.err: 	at android.view.LayoutInflater.rInflate(LayoutInflater.java:858)
05-01 19:17:29.682  8182  8182 W System.err: 	at android.view.LayoutInflater.rInflateChildren(LayoutInflater.java:821)
05-01 19:17:29.682  8182  8182 W System.err: 	at android.view.LayoutInflater.inflate(LayoutInflater.java:518)
05-01 19:17:29.682  8182  8182 W System.err: 	at android.view.LayoutInflater.inflate(LayoutInflater.java:426)
05-01 19:17:29.682  8182  8182 W System.err: 	at android.view.LayoutInflater.inflate(LayoutInflater.java:377)
05-01 19:17:29.682  8182  8182 W System.err: 	at androidx.appcompat.app.AppCompatDelegateImpl.setContentView(AppCompatDelegateImpl.java:545)
05-01 19:17:29.682  8182  8182 W System.err: 	at androidx.appcompat.app.AppCompatActivity.setContentView(AppCompatActivity.java:161)
05-01 19:17:29.682  8182  8182 W System.err: 	at org.mozilla.focus.activity.MainActivity.onCreate(MainActivity.kt:178)
05-01 19:17:29.682  8182  8182 W System.err: 	at android.app.Activity.performCreate(Activity.java:6679)
05-01 19:17:29.682  8182  8182 W System.err: 	at android.app.Instrumentation.callActivityOnCreate(Instrumentation.java:1118)
05-01 19:17:29.682  8182  8182 W System.err: 	at android.app.ActivityThread.performLaunchActivity(ActivityThread.java:2618)
05-01 19:17:29.682  8182  8182 W System.err: 	at android.app.ActivityThread.handleLaunchActivity(ActivityThread.java:2726)
05-01 19:17:29.682  8182  8182 W System.err: 	at android.app.ActivityThread.-wrap12(ActivityThread.java)
05-01 19:17:29.682  8182  8182 W System.err: 	at android.app.ActivityThread$H.handleMessage(ActivityThread.java:1477)
05-01 19:17:29.682  8182  8182 W System.err: 	at android.os.Handler.dispatchMessage(Handler.java:102)
05-01 19:17:29.682  8182  8182 W System.err: 	at android.os.Looper.loop(Looper.java:154)
05-01 19:17:29.682  8182  8182 W System.err: 	at android.app.ActivityThread.main(ActivityThread.java:6119)
05-01 19:17:29.682  8182  8182 W System.err: 	at java.lang.reflect.Method.invoke(Native Method)
05-01 19:17:29.682  8182  8182 W System.err: 	at com.android.internal.os.ZygoteInit$MethodAndArgsCaller.run(ZygoteInit.java:886)
05-01 19:17:29.682  8182  8182 W System.err: 	at com.android.internal.os.ZygoteInit.main(ZygoteInit.java:776)
05-01 19:17:29.767  8182  8182 W System.err: org.json.JSONException: End of input at character 0 of 
05-01 19:17:29.767  8182  8182 W System.err: 	at org.json.JSONTokener.syntaxError(JSONTokener.java:449)
05-01 19:17:29.767  8182  8182 W System.err: 	at org.json.JSONTokener.nextValue(JSONTokener.java:97)
05-01 19:17:29.767  8182  8182 W System.err: 	at org.json.JSONArray.<init>(JSONArray.java:92)
05-01 19:17:29.767  8182  8182 W System.err: 	at org.json.JSONArray.<init>(JSONArray.java:108)
05-01 19:17:29.767  8182  8182 W System.err: 	at org.mozilla.rocket.util.JsonUtilsKt.toJsonArray(JsonUtils.kt:8)
05-01 19:17:29.767  8182  8182 W System.err: 	at org.mozilla.rocket.home.contenthub.data.ContentHubRepoKt.jsonStringToTypeList(ContentHubRepo.kt:89)
05-01 19:17:29.767  8182  8182 W System.err: 	at org.mozilla.rocket.home.contenthub.data.ContentHubRepoKt.access$jsonStringToTypeList(ContentHubRepo.kt:1)
05-01 19:17:29.767  8182  8182 W System.err: 	at org.mozilla.rocket.home.contenthub.data.ContentHubRepo.getReadTypes(ContentHubRepo.kt:50)
05-01 19:17:29.767  8182  8182 W System.err: 	at org.mozilla.rocket.home.contenthub.data.ContentHubRepo.getDefaultContentHubItems(ContentHubRepo.kt:47)
05-01 19:17:29.767  8182  8182 W System.err: 	at org.mozilla.rocket.home.contenthub.domain.GetContentHubItemsUseCase.invoke(GetContentHubItemsUseCase.kt:15)
05-01 19:17:29.767  8182  8182 W System.err: 	at org.mozilla.rocket.home.HomeViewModel.<init>(HomeViewModel.kt:83)
05-01 19:17:29.767  8182  8182 W System.err: 	at org.mozilla.rocket.home.di.HomeModule.provideHomeViewModel(HomeModule.kt:80)
05-01 19:17:29.767  8182  8182 W System.err: 	at org.mozilla.rocket.home.di.HomeModule_ProvideHomeViewModelFactory.proxyProvideHomeViewModel(HomeModule_ProvideHomeViewModelFactory.java:336)
05-01 19:17:29.767  8182  8182 W System.err: 	at org.mozilla.rocket.home.di.HomeModule_ProvideHomeViewModelFactory.provideInstance(HomeModule_ProvideHomeViewModelFactory.java:220)
05-01 19:17:29.768  8182  8182 W System.err: 	at org.mozilla.rocket.home.di.HomeModule_ProvideHomeViewModelFactory.get(HomeModule_ProvideHomeViewModelFactory.java:161)
05-01 19:17:29.768  8182  8182 W System.err: 	at org.mozilla.rocket.home.di.HomeModule_ProvideHomeViewModelFactory.get(HomeModule_ProvideHomeViewModelFactory.java:35)
05-01 19:17:29.768  8182  8182 W System.err: 	at dagger.internal.DoubleCheck.get(DoubleCheck.java:47)
05-01 19:17:29.768  8182  8182 W System.err: 	at org.mozilla.rocket.content.ExtentionKt$getActivityViewModel$1.invoke(Extention.kt:53)
05-01 19:17:29.768  8182  8182 W System.err: 	at org.mozilla.rocket.content.ExtentionKt$getActivityViewModel$1.invoke(Extention.kt)
05-01 19:17:29.768  8182  8182 W System.err: 	at org.mozilla.rocket.content.BaseViewModelFactory.create(BaseViewModelFactory.kt:9)
05-01 19:17:29.768  8182  8182 W System.err: 	at androidx.lifecycle.ViewModelProvider.get(ViewModelProvider.java:187)
05-01 19:17:29.768  8182  8182 W System.err: 	at androidx.lifecycle.ViewModelProvider.get(ViewModelProvider.java:150)
05-01 19:17:29.768  8182  8182 W System.err: 	at org.mozilla.rocket.home.HomeFragment.onCreate(HomeFragment.kt:566)
05-01 19:17:29.768  8182  8182 W System.err: 	at androidx.fragment.app.Fragment.performCreate(Fragment.java:2684)
05-01 19:17:29.768  8182  8182 W System.err: 	at androidx.fragment.app.FragmentStateManager.create(FragmentStateManager.java:280)
05-01 19:17:29.768  8182  8182 W System.err: 	at androidx.fragment.app.FragmentManager.moveToState(FragmentManager.java:1175)
05-01 19:17:29.768  8182  8182 W System.err: 	at androidx.fragment.app.FragmentTransition.addToFirstInLastOut(FragmentTransition.java:1255)
05-01 19:17:29.768  8182  8182 W System.err: 	at androidx.fragment.app.FragmentTransition.calculateFragments(FragmentTransition.java:1138)
05-01 19:17:29.768  8182  8182 W System.err: 	at androidx.fragment.app.FragmentTransition.startTransitions(FragmentTransition.java:136)
05-01 19:17:29.768  8182  8182 W System.err: 	at androidx.fragment.app.FragmentManager.executeOpsTogether(FragmentManager.java:1989)
05-01 19:17:29.768  8182  8182 W System.err: 	at androidx.fragment.app.FragmentManager.removeRedundantOperationsAndExecute(FragmentManager.java:1947)
05-01 19:17:29.768  8182  8182 W System.err: 	at androidx.fragment.app.FragmentManager.execPendingActions(FragmentManager.java:1849)
05-01 19:17:29.768  8182  8182 W System.err: 	at androidx.fragment.app.FragmentManager.executePendingTransactions(FragmentManager.java:489)
05-01 19:17:29.768  8182  8182 W System.err: 	at org.mozilla.focus.navigation.TransactionHelper.executePendingTransaction(TransactionHelper.java:157)
05-01 19:17:29.768  8182  8182 W System.err: 	at org.mozilla.focus.navigation.ScreenNavigator.popToHomeScreen(ScreenNavigator.java:166)
05-01 19:17:29.768  8182  8182 W System.err: 	at org.mozilla.focus.activity.MainActivity.onCreate(MainActivity.kt:190)
05-01 19:17:29.768  8182  8182 W System.err: 	at android.app.Activity.performCreate(Activity.java:6679)
05-01 19:17:29.768  8182  8182 W System.err: 	at android.app.Instrumentation.callActivityOnCreate(Instrumentation.java:1118)
05-01 19:17:29.768  8182  8182 W System.err: 	at android.app.ActivityThread.performLaunchActivity(ActivityThread.java:2618)
05-01 19:17:29.768  8182  8182 W System.err: 	at android.app.ActivityThread.handleLaunchActivity(ActivityThread.java:2726)
05-01 19:17:29.768  8182  8182 W System.err: 	at android.app.ActivityThread.-wrap12(ActivityThread.java)
05-01 19:17:29.768  8182  8182 W System.err: 	at android.app.ActivityThread$H.handleMessage(ActivityThread.java:1477)
05-01 19:17:29.768  8182  8182 W System.err: 	at android.os.Handler.dispatchMessage(Handler.java:102)
05-01 19:17:29.768  8182  8182 W System.err: 	at android.os.Looper.loop(Looper.java:154)
05-01 19:17:29.768  8182  8182 W System.err: 	at android.app.ActivityThread.main(ActivityThread.java:6119)
05-01 19:17:29.768  8182  8182 W System.err: 	at java.lang.reflect.Method.invoke(Native Method)
05-01 19:17:29.768  8182  8182 W System.err: 	at com.android.internal.os.ZygoteInit$MethodAndArgsCaller.run(ZygoteInit.java:886)
05-01 19:17:29.768  8182  8182 W System.err: 	at com.android.internal.os.ZygoteInit.main(ZygoteInit.java:776)
05-01 19:17:29.895  8182  8182 W System.err: org.json.JSONException: End of input at character 0 of 
05-01 19:17:29.901  8182  8182 W System.err: 	at org.json.JSONTokener.syntaxError(JSONTokener.java:449)
05-01 19:17:29.901  8182  8182 W System.err: 	at org.json.JSONTokener.nextValue(JSONTokener.java:97)
05-01 19:17:29.901  8182  8182 W System.err: 	at org.json.JSONArray.<init>(JSONArray.java:92)
05-01 19:17:29.901  8182  8182 W System.err: 	at org.json.JSONArray.<init>(JSONArray.java:108)
05-01 19:17:29.901  8182  8182 W System.err: 	at org.mozilla.rocket.util.JsonUtilsKt.toJsonArray(JsonUtils.kt:8)
05-01 19:17:29.901  8182  8182 W System.err: 	at org.mozilla.rocket.home.contenthub.data.ContentHubRepoKt.jsonStringToTypeList(ContentHubRepo.kt:89)
05-01 19:17:29.901  8182  8182 W System.err: 	at org.mozilla.rocket.home.contenthub.data.ContentHubRepoKt.access$jsonStringToTypeList(ContentHubRepo.kt:1)
05-01 19:17:29.901  8182  8182 W System.err: 	at org.mozilla.rocket.home.contenthub.data.ContentHubRepo$getReadTypesLive$1.invoke(ContentHubRepo.kt:54)
05-01 19:17:29.901  8182  8182 W System.err: 	at org.mozilla.rocket.home.contenthub.data.ContentHubRepo$getReadTypesLive$1.invoke(ContentHubRepo.kt:21)
05-01 19:17:29.901  8182  8182 W System.err: 	at org.mozilla.rocket.extension.LiveDataExtensionKt$sam$androidx_arch_core_util_Function$0.apply(LiveDataExtension.kt)
05-01 19:17:29.901  8182  8182 W System.err: 	at androidx.lifecycle.Transformations$1.onChanged(Transformations.java:76)
05-01 19:17:29.901  8182  8182 W System.err: 	at androidx.lifecycle.MediatorLiveData$Source.onChanged(MediatorLiveData.java:152)
05-01 19:17:29.901  8182  8182 W System.err: 	at androidx.lifecycle.LiveData.considerNotify(LiveData.java:131)
05-01 19:17:29.901  8182  8182 W System.err: 	at androidx.lifecycle.LiveData.dispatchingValue(LiveData.java:149)
05-01 19:17:29.901  8182  8182 W System.err: 	at androidx.lifecycle.LiveData.setValue(LiveData.java:307)
05-01 19:17:29.901  8182  8182 W System.err: 	at org.mozilla.rocket.preference.SharedPreferenceLiveData.onActive(SharedPreferenceLiveData.kt:22)
05-01 19:17:29.901  8182  8182 W System.err: 	at androidx.lifecycle.LiveData$ObserverWrapper.activeStateChanged(LiveData.java:437)
05-01 19:17:29.901  8182  8182 W System.err: 	at androidx.lifecycle.LiveData.observeForever(LiveData.java:232)
05-01 19:17:29.901  8182  8182 W System.err: 	at androidx.lifecycle.MediatorLiveData$Source.plug(MediatorLiveData.java:141)
05-01 19:17:29.901  8182  8182 W System.err: 	at androidx.lifecycle.MediatorLiveData.onActive(MediatorLiveData.java:118)
05-01 19:17:29.901  8182  8182 W System.err: 	at androidx.lifecycle.LiveData$ObserverWrapper.activeStateChanged(LiveData.java:437)
05-01 19:17:29.901  8182  8182 W System.err: 	at androidx.lifecycle.LiveData.observeForever(LiveData.java:232)
05-01 19:17:29.901  8182  8182 W System.err: 	at androidx.lifecycle.MediatorLiveData$Source.plug(MediatorLiveData.java:141)
05-01 19:17:29.901  8182  8182 W System.err: 	at androidx.lifecycle.MediatorLiveData.onActive(MediatorLiveData.java:118)
05-01 19:17:29.901  8182  8182 W System.err: 	at androidx.lifecycle.LiveData$ObserverWrapper.activeStateChanged(LiveData.java:437)
05-01 19:17:29.901  8182  8182 W System.err: 	at androidx.lifecycle.LiveData.observeForever(LiveData.java:232)
05-01 19:17:29.901  8182  8182 W System.err: 	at androidx.lifecycle.MediatorLiveData$Source.plug(MediatorLiveData.java:141)
05-01 19:17:29.901  8182  8182 W System.err: 	at androidx.lifecycle.MediatorLiveData.onActive(MediatorLiveData.java:118)
05-01 19:17:29.901  8182  8182 W System.err: 	at androidx.lifecycle.LiveData$ObserverWrapper.activeStateChanged(LiveData.java:437)
05-01 19:17:29.901  8182  8182 W System.err: 	at androidx.lifecycle.LiveData.observeForever(LiveData.java:232)
05-01 19:17:29.901  8182  8182 W System.err: 	at androidx.lifecycle.MediatorLiveData$Source.plug(MediatorLiveData.java:141)
05-01 19:17:29.901  8182  8182 W System.err: 	at androidx.lifecycle.MediatorLiveData.onActive(MediatorLiveData.java:118)
05-01 19:17:29.901  8182  8182 W System.err: 	at androidx.lifecycle.LiveData$ObserverWrapper.activeStateChanged(LiveData.java:437)
05-01 19:17:29.901  8182  8182 W System.err: 	at androidx.lifecycle.LiveData.observeForever(LiveData.java:232)
05-01 19:17:29.901  8182  8182 W System.err: 	at androidx.lifecycle.MediatorLiveData$Source.plug(MediatorLiveData.java:141)
05-01 19:17:29.901  8182  8182 W System.err: 	at androidx.lifecycle.MediatorLiveData.onActive(MediatorLiveData.java:118)
05-01 19:17:29.901  8182  8182 W System.err: 	at androidx.lifecycle.LiveData$ObserverWrapper.activeStateChanged(LiveData.java:437)
05-01 19:17:29.901  8182  8182 W System.err: 	at androidx.lifecycle.LiveData.observeForever(LiveData.java:232)
05-01 19:17:29.901  8182  8182 W System.err: 	at androidx.lifecycle.MediatorLiveData$Source.plug(MediatorLiveData.java:141)
05-01 19:17:29.901  8182  8182 W System.err: 	at androidx.lifecycle.MediatorLiveData.onActive(MediatorLiveData.java:118)
05-01 19:17:29.901  8182  8182 W System.err: 	at androidx.lifecycle.LiveData$ObserverWrapper.activeStateChanged(LiveData.java:437)
05-01 19:17:29.902  8182  8182 W System.err: 	at androidx.lifecycle.LiveData$LifecycleBoundObserver.onStateChanged(LiveData.java:395)
05-01 19:17:29.902  8182  8182 W System.err: 	at androidx.lifecycle.LifecycleRegistry$ObserverWithState.dispatchEvent(LifecycleRegistry.java:361)
05-01 19:17:29.902  8182  8182 W System.err: 	at androidx.lifecycle.LifecycleRegistry.forwardPass(LifecycleRegistry.java:300)
05-01 19:17:29.902  8182  8182 W System.err: 	at androidx.lifecycle.LifecycleRegistry.sync(LifecycleRegistry.java:339)
05-01 19:17:29.902  8182  8182 W System.err: 	at androidx.lifecycle.LifecycleRegistry.moveToState(LifecycleRegistry.java:145)
05-01 19:17:29.902  8182  8182 W System.err: 	at androidx.lifecycle.LifecycleRegistry.handleLifecycleEvent(LifecycleRegistry.java:131)
05-01 19:17:29.902  8182  8182 W System.err: 	at androidx.fragment.app.FragmentViewLifecycleOwner.handleLifecycleEvent(FragmentViewLifecycleOwner.java:51)
05-01 19:17:29.906  8182  8182 W System.err: 	at androidx.fragment.app.Fragment.performStart(Fragment.java:2737)
05-01 19:17:29.906  8182  8182 W System.err: 	at androidx.fragment.app.FragmentStateManager.start(FragmentStateManager.java:365)
05-01 19:17:29.906  8182  8182 W System.err: 	at androidx.fragment.app.FragmentManager.moveToState(FragmentManager.java:1194)
05-01 19:17:29.906  8182  8182 W System.err: 	at androidx.fragment.app.FragmentManager.moveToState(FragmentManager.java:1356)
05-01 19:17:29.906  8182  8182 W System.err: 	at androidx.fragment.app.FragmentManager.moveFragmentToExpectedState(FragmentManager.java:1434)
05-01 19:17:29.906  8182  8182 W System.err: 	at androidx.fragment.app.FragmentManager.moveToState(FragmentManager.java:1497)
05-01 19:17:29.906  8182  8182 W System.err: 	at androidx.fragment.app.FragmentManager.dispatchStateChange(FragmentManager.java:2625)
05-01 19:17:29.906  8182  8182 W System.err: 	at androidx.fragment.app.FragmentManager.dispatchStart(FragmentManager.java:2583)
05-01 19:17:29.906  8182  8182 W System.err: 	at androidx.fragment.app.FragmentController.dispatchStart(FragmentController.java:258)
05-01 19:17:29.906  8182  8182 W System.err: 	at androidx.fragment.app.FragmentActivity.onStart(FragmentActivity.java:550)
05-01 19:17:29.906  8182  8182 W System.err: 	at androidx.appcompat.app.AppCompatActivity.onStart(AppCompatActivity.java:201)
05-01 19:17:29.906  8182  8182 W System.err: 	at org.mozilla.focus.activity.MainActivity.onStart(MainActivity.kt:344)
05-01 19:17:29.906  8182  8182 W System.err: 	at android.app.Instrumentation.callActivityOnStart(Instrumentation.java:1248)
05-01 19:17:29.906  8182  8182 W System.err: 	at android.app.Activity.performStart(Activity.java:6696)
05-01 19:17:29.906  8182  8182 W System.err: 	at android.app.ActivityThread.performLaunchActivity(ActivityThread.java:2628)
05-01 19:17:29.906  8182  8182 W System.err: 	at android.app.ActivityThread.handleLaunchActivity(ActivityThread.java:2726)
05-01 19:17:29.906  8182  8182 W System.err: 	at android.app.ActivityThread.-wrap12(ActivityThread.java)
05-01 19:17:29.906  8182  8182 W System.err: 	at android.app.ActivityThread$H.handleMessage(ActivityThread.java:1477)
05-01 19:17:29.906  8182  8182 W System.err: 	at android.os.Handler.dispatchMessage(Handler.java:102)
05-01 19:17:29.906  8182  8182 W System.err: 	at android.os.Looper.loop(Looper.java:154)
05-01 19:17:29.906  8182  8182 W System.err: 	at android.app.ActivityThread.main(ActivityThread.java:6119)
05-01 19:17:29.906  8182  8182 W System.err: 	at java.lang.reflect.Method.invoke(Native Method)
05-01 19:17:29.906  8182  8182 W System.err: 	at com.android.internal.os.ZygoteInit$MethodAndArgsCaller.run(ZygoteInit.java:886)
05-01 19:17:29.907  8182  8182 W System.err: 	at com.android.internal.os.ZygoteInit.main(ZygoteInit.java:776)
