--------- beginning of main
--------- beginning of system
--------- beginning of crash
05-01 20:19:15.900  5817  5817 W System.err: java.io.FileNotFoundException: /jacoco.exec (Read-only file system)
05-01 20:19:15.900  5817  5817 W System.err: 	at java.io.FileOutputStream.open(Native Method)
05-01 20:19:15.900  5817  5817 W System.err: 	at java.io.FileOutputStream.<init>(FileOutputStream.java:221)
05-01 20:19:15.900  5817  5817 W System.err: 	at org.jacoco.agent.rt.internal_8ff85ea.output.FileOutput.openFile(FileOutput.java:67)
05-01 20:19:15.900  5817  5817 W System.err: 	at org.jacoco.agent.rt.internal_8ff85ea.output.FileOutput.startup(FileOutput.java:49)
05-01 20:19:15.900  5817  5817 W System.err: 	at org.jacoco.agent.rt.internal_8ff85ea.Agent.startup(Agent.java:122)
05-01 20:19:15.900  5817  5817 W System.err: 	at org.jacoco.agent.rt.internal_8ff85ea.Agent.getInstance(Agent.java:50)
05-01 20:19:15.900  5817  5817 W System.err: 	at org.jacoco.agent.rt.internal_8ff85ea.Offline.<clinit>(Offline.java:31)
05-01 20:19:15.900  5817  5817 W System.err: 	at org.jacoco.agent.rt.internal_8ff85ea.Offline.getProbes(Offline.java:51)
05-01 20:19:15.900  5817  5817 W System.err: 	at com.owncloud.android.MainApp.$jacocoInit(MainApp.java)
05-01 20:19:15.900  5817  5817 W System.err: 	at com.owncloud.android.MainApp.<clinit>(MainApp.java)
05-01 20:19:15.900  5817  5817 W System.err: 	at java.lang.Class.newInstance(Native Method)
05-01 20:19:15.900  5817  5817 W System.err: 	at android.app.Instrumentation.newApplication(Instrumentation.java:1007)
05-01 20:19:15.900  5817  5817 W System.err: 	at android.app.Instrumentation.newApplication(Instrumentation.java:992)
05-01 20:19:15.900  5817  5817 W System.err: 	at android.app.LoadedApk.makeApplication(LoadedApk.java:796)
05-01 20:19:15.900  5817  5817 W System.err: 	at android.app.ActivityThread.handleBindApplication(ActivityThread.java:5377)
05-01 20:19:15.900  5817  5817 W System.err: 	at android.app.ActivityThread.-wrap2(ActivityThread.java)
05-01 20:19:15.900  5817  5817 W System.err: 	at android.app.ActivityThread$H.handleMessage(ActivityThread.java:1545)
05-01 20:19:15.900  5817  5817 W System.err: 	at android.os.Handler.dispatchMessage(Handler.java:102)
05-01 20:19:15.901  5817  5817 W System.err: 	at android.os.Looper.loop(Looper.java:154)
05-01 20:19:15.901  5817  5817 W System.err: 	at android.app.ActivityThread.main(ActivityThread.java:6119)
05-01 20:19:15.901  5817  5817 W System.err: 	at java.lang.reflect.Method.invoke(Native Method)
05-01 20:19:15.901  5817  5817 W System.err: 	at com.android.internal.os.ZygoteInit$MethodAndArgsCaller.run(ZygoteInit.java:886)
05-01 20:19:15.901  5817  5817 W System.err: 	at com.android.internal.os.ZygoteInit.main(ZygoteInit.java:776)
05-01 20:19:24.826  5817  5866 W System.err: SLF4J: Failed to load class "org.slf4j.impl.StaticLoggerBinder".
05-01 20:19:24.826  5817  5866 W System.err: SLF4J: Defaulting to no-operation (NOP) logger implementation
05-01 20:19:24.826  5817  5866 W System.err: SLF4J: See http://www.slf4j.org/codes.html#StaticLoggerBinder for further details.
