--------- beginning of main
--------- beginning of system
--------- beginning of crash
05-01 19:14:04.676  6455  6455 E AndroidRuntime: FATAL EXCEPTION: main
05-01 19:14:04.676  6455  6455 E AndroidRuntime: Process: com.nextcloud.client, PID: 6455
05-01 19:14:04.676  6455  6455 E AndroidRuntime: java.lang.NullPointerException: Attempt to invoke virtual method 'boolean java.io.File.isFile()' on a null object reference
05-01 19:14:04.676  6455  6455 E AndroidRuntime: 	at com.owncloud.android.ui.fragment.LocalFileListFragment.selectAllFiles(LocalFileListFragment.java:300)
05-01 19:14:04.676  6455  6455 E AndroidRuntime: 	at com.owncloud.android.ui.activity.UploadFilesActivity.onOptionsItemSelected(UploadFilesActivity.java:235)
05-01 19:14:04.676  6455  6455 E AndroidRuntime: 	at android.app.Activity.onMenuItemSelected(Activity.java:3204)
05-01 19:14:04.676  6455  6455 E AndroidRuntime: 	at android.support.v4.app.FragmentActivity.onMenuItemSelected(FragmentActivity.java:368)
05-01 19:14:04.676  6455  6455 E AndroidRuntime: 	at android.support.v7.app.AppCompatActivity.onMenuItemSelected(AppCompatActivity.java:195)
05-01 19:14:04.676  6455  6455 E AndroidRuntime: 	at android.support.v7.view.WindowCallbackWrapper.onMenuItemSelected(WindowCallbackWrapper.java:108)
05-01 19:14:04.676  6455  6455 E AndroidRuntime: 	at android.support.v7.view.WindowCallbackWrapper.onMenuItemSelected(WindowCallbackWrapper.java:108)
05-01 19:14:04.676  6455  6455 E AndroidRuntime: 	at android.support.v7.app.ToolbarActionBar$2.onMenuItemClick(ToolbarActionBar.java:65)
05-01 19:14:04.676  6455  6455 E AndroidRuntime: 	at android.support.v7.widget.Toolbar$1.onMenuItemClick(Toolbar.java:202)
05-01 19:14:04.676  6455  6455 E AndroidRuntime: 	at android.support.v7.widget.ActionMenuView$MenuBuilderCallback.onMenuItemSelected(ActionMenuView.java:780)
05-01 19:14:04.676  6455  6455 E AndroidRuntime: 	at android.support.v7.view.menu.MenuBuilder.dispatchMenuItemSelected(MenuBuilder.java:822)
05-01 19:14:04.676  6455  6455 E AndroidRuntime: 	at android.support.v7.view.menu.MenuItemImpl.invoke(MenuItemImpl.java:171)
05-01 19:14:04.676  6455  6455 E AndroidRuntime: 	at android.support.v7.view.menu.MenuBuilder.performItemAction(MenuBuilder.java:973)
05-01 19:14:04.676  6455  6455 E AndroidRuntime: 	at android.support.v7.view.menu.MenuPopup.onItemClick(MenuPopup.java:127)
05-01 19:14:04.676  6455  6455 E AndroidRuntime: 	at android.widget.AdapterView.performItemClick(AdapterView.java:310)
05-01 19:14:04.676  6455  6455 E AndroidRuntime: 	at android.widget.AbsListView.performItemClick(AbsListView.java:1156)
05-01 19:14:04.676  6455  6455 E AndroidRuntime: 	at android.widget.AbsListView.onKeyUp(AbsListView.java:3343)
05-01 19:14:04.676  6455  6455 E AndroidRuntime: 	at android.widget.ListView.commonKey(ListView.java:2401)
05-01 19:14:04.676  6455  6455 E AndroidRuntime: 	at android.widget.ListView.onKeyUp(ListView.java:2274)
05-01 19:14:04.676  6455  6455 E AndroidRuntime: 	at android.view.KeyEvent.dispatch(KeyEvent.java:2712)
05-01 19:14:04.676  6455  6455 E AndroidRuntime: 	at android.view.View.dispatchKeyEvent(View.java:9960)
05-01 19:14:04.676  6455  6455 E AndroidRuntime: 	at android.view.ViewGroup.dispatchKeyEvent(ViewGroup.java:1625)
05-01 19:14:04.676  6455  6455 E AndroidRuntime: 	at android.widget.ListView.dispatchKeyEvent(ListView.java:2249)
05-01 19:14:04.676  6455  6455 E AndroidRuntime: 	at android.view.ViewGroup.dispatchKeyEvent(ViewGroup.java:1630)
05-01 19:14:04.676  6455  6455 E AndroidRuntime: 	at android.view.ViewGroup.dispatchKeyEvent(ViewGroup.java:1630)
05-01 19:14:04.676  6455  6455 E AndroidRuntime: 	at android.widget.PopupWindow$PopupDecorView.dispatchKeyEvent(PopupWindow.java:2266)
05-01 19:14:04.676  6455  6455 E AndroidRuntime: 	at android.view.ViewRootImpl$ViewPostImeInputStage.processKeyEvent(ViewRootImpl.java:4331)
05-01 19:14:04.676  6455  6455 E AndroidRuntime: 	at android.view.ViewRootImpl$ViewPostImeInputStage.onProcess(ViewRootImpl.java:4302)
05-01 19:14:04.676  6455  6455 E AndroidRuntime: 	at android.view.ViewRootImpl$InputStage.deliver(ViewRootImpl.java:3853)
05-01 19:14:04.676  6455  6455 E AndroidRuntime: 	at android.view.ViewRootImpl$InputStage.onDeliverToNext(ViewRootImpl.java:3906)
05-01 19:14:04.676  6455  6455 E AndroidRuntime: 	at android.view.ViewRootImpl$InputStage.forward(ViewRootImpl.java:3872)
05-01 19:14:04.676  6455  6455 E AndroidRuntime: 	at android.view.ViewRootImpl$AsyncInputStage.forward(ViewRootImpl.java:3999)
05-01 19:14:04.676  6455  6455 E AndroidRuntime: 	at android.view.ViewRootImpl$InputStage.apply(ViewRootImpl.java:3880)
05-01 19:14:04.676  6455  6455 E AndroidRuntime: 	at android.view.ViewRootImpl$AsyncInputStage.apply(ViewRootImpl.java:4056)
05-01 19:14:04.676  6455  6455 E AndroidRuntime: 	at android.view.ViewRootImpl$InputStage.deliver(ViewRootImpl.java:3853)
05-01 19:14:04.676  6455  6455 E AndroidRuntime: 	at android.view.ViewRootImpl$InputStage.onDeliverToNext(ViewRootImpl.java:3906)
05-01 19:14:04.676  6455  6455 E AndroidRuntime: 	at android.view.ViewRootImpl$InputStage.forward(ViewRootImpl.java:3872)
05-01 19:14:04.676  6455  6455 E AndroidRuntime: 	at android.view.ViewRootImpl$InputStage.apply(ViewRootImpl.java:3880)
05-01 19:14:04.676  6455  6455 E AndroidRuntime: 	at android.view.ViewRootImpl$InputStage.deliver(ViewRootImpl.java:3853)
05-01 19:14:04.676  6455  6455 E AndroidRuntime: 	at android.view.ViewRootImpl$InputStage.onDeliverToNext(ViewRootImpl.java:3906)
05-01 19:14:04.676  6455  6455 E AndroidRuntime: 	at android.view.ViewRootImpl$InputStage.forward(ViewRootImpl.java:3872)
05-01 19:14:04.676  6455  6455 E AndroidRuntime: 	at android.view.ViewRootImpl$AsyncInputStage.forward(ViewRootImpl.java:3999)
05-01 19:14:04.676  6455  6455 E AndroidRuntime: 	at android.view.ViewRootImpl$InputStage.apply(ViewRootImpl.java:3880)
05-01 19:14:04.676  6455  6455 E AndroidRuntime: 	at android.view.ViewRootImpl$AsyncInputStage.apply(ViewRootImpl.java:4056)
05-01 19:14:04.676  6455  6455 E AndroidRuntime: 	at android.view.ViewRootImpl$InputStage.deliver(ViewRootImpl.java:3853)
05-01 19:14:04.676  6455  6455 E AndroidRuntime: 	at android.view.ViewRootImpl$InputStage.onDeliverToNext(ViewRootImpl.java:3906)
05-01 19:14:04.676  6455  6455 E AndroidRuntime: 	at android.view.ViewRootImpl$InputStage.forward(ViewRootImpl.java:3872)
05-01 19:14:04.676  6455  6455 E AndroidRuntime: 	at android.view.ViewRootImpl$InputStage.apply(ViewRootImpl.java:3880)
05-01 19:14:04.676  6455  6455 E AndroidRuntime: 	at android.view.ViewRootImpl$InputStage.deliver(ViewRootImpl.java:3853)
05-01 19:14:04.677  6455  6455 E AndroidRuntime: 	at android.view.ViewRootImpl$InputStage.onDeliverToNext(ViewRootImpl.java:3906)
05-01 19:14:04.677  6455  6455 E AndroidRuntime: 	at android.view.ViewRootImpl$InputStage.forward(ViewRootImpl.java:3872)
05-01 19:14:04.677  6455  6455 E AndroidRuntime: 	at android.view.ViewRootImpl$AsyncInputStage.forward(ViewRootImpl.java:3999)
05-01 19:14:04.677  6455  6455 E AndroidRuntime: 	at android.view.ViewRootImpl$InputStage.apply(ViewRootImpl.java:3880)
05-01 19:14:04.677  6455  6455 E AndroidRuntime: 	at android.view.ViewRootImpl$AsyncInputStage.apply(ViewRootImpl.java:4056)
05-01 19:14:04.677  6455  6455 E AndroidRuntime: 	at android.view.ViewRootImpl$InputStage.deliver(ViewRootImpl.java:3853)
05-01 19:14:04.677  6455  6455 E AndroidRuntime: 	at android.view.ViewRootImpl.deliverInputEvent(ViewRootImpl.java:6246)
05-01 19:14:04.677  6455  6455 E AndroidRuntime: 	at android.view.ViewRootImpl.doProcessInputEvents(ViewRootImpl.java:6220)
05-01 19:14:04.677  6455  6455 E AndroidRuntime: 	at android.view.ViewRootImpl.enqueueInputEvent(ViewRootImpl.java:6181)
05-01 19:14:04.677  6455  6455 E AndroidRuntime: 	at android.view.ViewRootImpl$WindowInputEventReceiver.onInputEvent(ViewRootImpl.java:6349)
05-01 19:14:04.677  6455  6455 E AndroidRuntime: 	at android.view.InputEventReceiver.dispatchInputEvent(InputEventReceiver.java:185)
05-01 19:14:04.677  6455  6455 E AndroidRuntime: 	at android.os.MessageQueue.nativePollOnce(Native Method)
05-01 19:14:04.677  6455  6455 E AndroidRuntime: 	at android.os.MessageQueue.next(MessageQueue.java:323)
05-01 19:14:04.677  6455  6455 E AndroidRuntime: 	at android.os.Looper.loop(Looper.java:136)
05-01 19:14:04.677  6455  6455 E AndroidRuntime: 	at android.app.ActivityThread.main(ActivityThread.java:6119)
05-01 19:14:04.677  6455  6455 E AndroidRuntime: 	at java.lang.reflect.Method.invoke(Native Method)
05-01 19:14:04.677  6455  6455 E AndroidRuntime: 	at com.android.internal.os.ZygoteInit$MethodAndArgsCaller.run(ZygoteInit.java:886)
05-01 19:14:04.677  6455  6455 E AndroidRuntime: 	at com.android.internal.os.ZygoteInit.main(ZygoteInit.java:776)
05-01 19:14:04.905  7429  7429 W System.err: java.io.FileNotFoundException: /jacoco.exec (Read-only file system)
05-01 19:14:04.905  7429  7429 W System.err: 	at java.io.FileOutputStream.open(Native Method)
05-01 19:14:04.905  7429  7429 W System.err: 	at java.io.FileOutputStream.<init>(FileOutputStream.java:221)
05-01 19:14:04.905  7429  7429 W System.err: 	at org.jacoco.agent.rt.internal_8ff85ea.output.FileOutput.openFile(FileOutput.java:67)
05-01 19:14:04.905  7429  7429 W System.err: 	at org.jacoco.agent.rt.internal_8ff85ea.output.FileOutput.startup(FileOutput.java:49)
05-01 19:14:04.905  7429  7429 W System.err: 	at org.jacoco.agent.rt.internal_8ff85ea.Agent.startup(Agent.java:122)
05-01 19:14:04.905  7429  7429 W System.err: 	at org.jacoco.agent.rt.internal_8ff85ea.Agent.getInstance(Agent.java:50)
05-01 19:14:04.905  7429  7429 W System.err: 	at org.jacoco.agent.rt.internal_8ff85ea.Offline.<clinit>(Offline.java:31)
05-01 19:14:04.905  7429  7429 W System.err: 	at org.jacoco.agent.rt.internal_8ff85ea.Offline.getProbes(Offline.java:51)
05-01 19:14:04.905  7429  7429 W System.err: 	at com.owncloud.android.MainApp.$jacocoInit(MainApp.java)
05-01 19:14:04.905  7429  7429 W System.err: 	at com.owncloud.android.MainApp.<clinit>(MainApp.java)
05-01 19:14:04.905  7429  7429 W System.err: 	at java.lang.Class.newInstance(Native Method)
05-01 19:14:04.905  7429  7429 W System.err: 	at android.app.Instrumentation.newApplication(Instrumentation.java:1007)
05-01 19:14:04.905  7429  7429 W System.err: 	at android.app.Instrumentation.newApplication(Instrumentation.java:992)
05-01 19:14:04.905  7429  7429 W System.err: 	at android.app.LoadedApk.makeApplication(LoadedApk.java:796)
05-01 19:14:04.905  7429  7429 W System.err: 	at android.app.ActivityThread.handleBindApplication(ActivityThread.java:5377)
05-01 19:14:04.905  7429  7429 W System.err: 	at android.app.ActivityThread.-wrap2(ActivityThread.java)
05-01 19:14:04.905  7429  7429 W System.err: 	at android.app.ActivityThread$H.handleMessage(ActivityThread.java:1545)
05-01 19:14:04.905  7429  7429 W System.err: 	at android.os.Handler.dispatchMessage(Handler.java:102)
05-01 19:14:04.905  7429  7429 W System.err: 	at android.os.Looper.loop(Looper.java:154)
05-01 19:14:04.905  7429  7429 W System.err: 	at android.app.ActivityThread.main(ActivityThread.java:6119)
05-01 19:14:04.905  7429  7429 W System.err: 	at java.lang.reflect.Method.invoke(Native Method)
05-01 19:14:04.905  7429  7429 W System.err: 	at com.android.internal.os.ZygoteInit$MethodAndArgsCaller.run(ZygoteInit.java:886)
05-01 19:14:04.905  7429  7429 W System.err: 	at com.android.internal.os.ZygoteInit.main(ZygoteInit.java:776)
05-01 19:14:06.549  7429  7496 W System.err: SLF4J: Failed to load class "org.slf4j.impl.StaticLoggerBinder".
05-01 19:14:06.549  7429  7496 W System.err: SLF4J: Defaulting to no-operation (NOP) logger implementation
05-01 19:14:06.549  7429  7496 W System.err: SLF4J: See http://www.slf4j.org/codes.html#StaticLoggerBinder for further details.
