--------- beginning of main
--------- beginning of system
04-28 19:30:57.880  8737  9045 W System.err: java.io.IOException: Input is not in the .gz format
04-28 19:30:57.880  8737  9045 W System.err: 	at org.apache.commons.compress.compressors.gzip.GzipCompressorInputStream.init(GzipCompressorInputStream.java:162)
04-28 19:30:57.880  8737  9045 W System.err: 	at org.apache.commons.compress.compressors.gzip.GzipCompressorInputStream.<init>(GzipCompressorInputStream.java:135)
04-28 19:30:57.880  8737  9045 W System.err: 	at org.apache.commons.compress.compressors.gzip.GzipCompressorInputStream.<init>(GzipCompressorInputStream.java:100)
04-28 19:30:57.880  8737  9045 W System.err: 	at org.crosswire.jsword.book.install.sword.AbstractSwordInstaller.unpack(AbstractSwordInstaller.java:375)
04-28 19:30:57.880  8737  9045 W System.err: 	at org.crosswire.jsword.book.install.sword.AbstractSwordInstaller.reloadBookList(AbstractSwordInstaller.java:326)
04-28 19:30:57.881  8737  9045 W System.err: 	at net.bible.service.download.DownloadManager.getDownloadableBooks(DownloadManager.java:84)
04-28 19:30:57.881  8737  9045 W System.err: 	at net.bible.service.download.RepoBase.getBookList(RepoBase.java:43)
04-28 19:30:57.881  8737  9045 W System.err: 	at net.bible.service.download.AndBibleRepo.getRepoBooks(AndBibleRepo.java:47)
04-28 19:30:57.881  8737  9045 W System.err: 	at net.bible.service.sword.SwordDocumentFacade.getDownloadableDocuments(SwordDocumentFacade.java:151)
04-28 19:30:57.881  8737  9045 W System.err: 	at net.bible.android.control.download.DownloadControl.getDownloadableDocuments(DownloadControl.java:103)
04-28 19:30:57.881  8737  9045 W System.err: 	at net.bible.android.view.activity.download.Download.getDocumentsFromSource(Download.java:134)
04-28 19:30:57.881  8737  9045 W System.err: 	at net.bible.android.view.activity.base.DocumentSelectionBase$4.doInBackground(DocumentSelectionBase.java:271)
04-28 19:30:57.881  8737  9045 W System.err: 	at net.bible.android.view.activity.base.DocumentSelectionBase$4.doInBackground(DocumentSelectionBase.java:257)
04-28 19:30:57.881  8737  9045 W System.err: 	at android.os.AsyncTask$2.call(AsyncTask.java:305)
04-28 19:30:57.881  8737  9045 W System.err: 	at java.util.concurrent.FutureTask.run(FutureTask.java:237)
04-28 19:30:57.881  8737  9045 W System.err: 	at android.os.AsyncTask$SerialExecutor$1.run(AsyncTask.java:243)
04-28 19:30:57.881  8737  9045 W System.err: 	at java.util.concurrent.ThreadPoolExecutor.runWorker(ThreadPoolExecutor.java:1133)
04-28 19:30:57.881  8737  9045 W System.err: 	at java.util.concurrent.ThreadPoolExecutor$Worker.run(ThreadPoolExecutor.java:607)
04-28 19:30:57.881  8737  9045 W System.err: 	at java.lang.Thread.run(Thread.java:761)
--------- beginning of crash
04-28 19:34:45.994  8737  8737 E AndroidRuntime: FATAL EXCEPTION: main
04-28 19:34:45.994  8737  8737 E AndroidRuntime: Process: net.bible.android.activity, PID: 8737
04-28 19:34:45.994  8737  8737 E AndroidRuntime: java.lang.ClassCastException: android.widget.HeaderViewListAdapter cannot be cast to androidx.appcompat.view.menu.MenuAdapter
04-28 19:34:45.994  8737  8737 E AndroidRuntime: 	at androidx.appcompat.widget.MenuPopupWindow$MenuDropDownListView.onKeyDown(MenuPopupWindow.java:175)
04-28 19:34:45.994  8737  8737 E AndroidRuntime: 	at android.view.KeyEvent.dispatch(KeyEvent.java:2688)
04-28 19:34:45.994  8737  8737 E AndroidRuntime: 	at android.view.View.dispatchKeyEvent(View.java:9960)
04-28 19:34:45.994  8737  8737 E AndroidRuntime: 	at android.view.ViewGroup.dispatchKeyEvent(ViewGroup.java:1625)
04-28 19:34:45.994  8737  8737 E AndroidRuntime: 	at android.widget.ListView.dispatchKeyEvent(ListView.java:2249)
04-28 19:34:45.994  8737  8737 E AndroidRuntime: 	at android.view.ViewGroup.dispatchKeyEvent(ViewGroup.java:1630)
04-28 19:34:45.994  8737  8737 E AndroidRuntime: 	at android.view.ViewGroup.dispatchKeyEvent(ViewGroup.java:1630)
04-28 19:34:45.994  8737  8737 E AndroidRuntime: 	at android.widget.PopupWindow$PopupDecorView.dispatchKeyEvent(PopupWindow.java:2266)
04-28 19:34:45.994  8737  8737 E AndroidRuntime: 	at android.view.ViewRootImpl$ViewPostImeInputStage.processKeyEvent(ViewRootImpl.java:4331)
04-28 19:34:45.994  8737  8737 E AndroidRuntime: 	at android.view.ViewRootImpl$ViewPostImeInputStage.onProcess(ViewRootImpl.java:4302)
04-28 19:34:45.994  8737  8737 E AndroidRuntime: 	at android.view.ViewRootImpl$InputStage.deliver(ViewRootImpl.java:3853)
04-28 19:34:45.994  8737  8737 E AndroidRuntime: 	at android.view.ViewRootImpl$InputStage.onDeliverToNext(ViewRootImpl.java:3906)
04-28 19:34:45.994  8737  8737 E AndroidRuntime: 	at android.view.ViewRootImpl$InputStage.forward(ViewRootImpl.java:3872)
04-28 19:34:45.994  8737  8737 E AndroidRuntime: 	at android.view.ViewRootImpl$AsyncInputStage.forward(ViewRootImpl.java:3999)
04-28 19:34:45.994  8737  8737 E AndroidRuntime: 	at android.view.ViewRootImpl$InputStage.apply(ViewRootImpl.java:3880)
04-28 19:34:45.994  8737  8737 E AndroidRuntime: 	at android.view.ViewRootImpl$AsyncInputStage.apply(ViewRootImpl.java:4056)
04-28 19:34:45.994  8737  8737 E AndroidRuntime: 	at android.view.ViewRootImpl$InputStage.deliver(ViewRootImpl.java:3853)
04-28 19:34:45.994  8737  8737 E AndroidRuntime: 	at android.view.ViewRootImpl$InputStage.onDeliverToNext(ViewRootImpl.java:3906)
04-28 19:34:45.994  8737  8737 E AndroidRuntime: 	at android.view.ViewRootImpl$InputStage.forward(ViewRootImpl.java:3872)
04-28 19:34:45.994  8737  8737 E AndroidRuntime: 	at android.view.ViewRootImpl$InputStage.apply(ViewRootImpl.java:3880)
04-28 19:34:45.994  8737  8737 E AndroidRuntime: 	at android.view.ViewRootImpl$InputStage.deliver(ViewRootImpl.java:3853)
04-28 19:34:45.994  8737  8737 E AndroidRuntime: 	at android.view.ViewRootImpl$InputStage.onDeliverToNext(ViewRootImpl.java:3906)
04-28 19:34:45.994  8737  8737 E AndroidRuntime: 	at android.view.ViewRootImpl$InputStage.forward(ViewRootImpl.java:3872)
04-28 19:34:45.994  8737  8737 E AndroidRuntime: 	at android.view.ViewRootImpl$AsyncInputStage.forward(ViewRootImpl.java:3999)
04-28 19:34:45.994  8737  8737 E AndroidRuntime: 	at android.view.ViewRootImpl$InputStage.apply(ViewRootImpl.java:3880)
04-28 19:34:45.994  8737  8737 E AndroidRuntime: 	at android.view.ViewRootImpl$AsyncInputStage.apply(ViewRootImpl.java:4056)
04-28 19:34:45.994  8737  8737 E AndroidRuntime: 	at android.view.ViewRootImpl$InputStage.deliver(ViewRootImpl.java:3853)
04-28 19:34:45.994  8737  8737 E AndroidRuntime: 	at android.view.ViewRootImpl$InputStage.onDeliverToNext(ViewRootImpl.java:3906)
04-28 19:34:45.994  8737  8737 E AndroidRuntime: 	at android.view.ViewRootImpl$InputStage.forward(ViewRootImpl.java:3872)
04-28 19:34:45.994  8737  8737 E AndroidRuntime: 	at android.view.ViewRootImpl$InputStage.apply(ViewRootImpl.java:3880)
04-28 19:34:45.994  8737  8737 E AndroidRuntime: 	at android.view.ViewRootImpl$InputStage.deliver(ViewRootImpl.java:3853)
04-28 19:34:45.994  8737  8737 E AndroidRuntime: 	at android.view.ViewRootImpl$InputStage.onDeliverToNext(ViewRootImpl.java:3906)
04-28 19:34:45.994  8737  8737 E AndroidRuntime: 	at android.view.ViewRootImpl$InputStage.forward(ViewRootImpl.java:3872)
04-28 19:34:45.994  8737  8737 E AndroidRuntime: 	at android.view.ViewRootImpl$AsyncInputStage.forward(ViewRootImpl.java:3999)
04-28 19:34:45.994  8737  8737 E AndroidRuntime: 	at android.view.ViewRootImpl$InputStage.apply(ViewRootImpl.java:3880)
04-28 19:34:45.994  8737  8737 E AndroidRuntime: 	at android.view.ViewRootImpl$AsyncInputStage.apply(ViewRootImpl.java:4056)
04-28 19:34:45.994  8737  8737 E AndroidRuntime: 	at android.view.ViewRootImpl$InputStage.deliver(ViewRootImpl.java:3853)
04-28 19:34:45.994  8737  8737 E AndroidRuntime: 	at android.view.ViewRootImpl.deliverInputEvent(ViewRootImpl.java:6246)
04-28 19:34:45.994  8737  8737 E AndroidRuntime: 	at android.view.ViewRootImpl.doProcessInputEvents(ViewRootImpl.java:6220)
04-28 19:34:45.994  8737  8737 E AndroidRuntime: 	at android.view.ViewRootImpl.enqueueInputEvent(ViewRootImpl.java:6181)
04-28 19:34:45.994  8737  8737 E AndroidRuntime: 	at android.view.ViewRootImpl$WindowInputEventReceiver.onInputEvent(ViewRootImpl.java:6349)
04-28 19:34:45.994  8737  8737 E AndroidRuntime: 	at android.view.InputEventReceiver.dispatchInputEvent(InputEventReceiver.java:185)
04-28 19:34:45.994  8737  8737 E AndroidRuntime: 	at android.os.MessageQueue.nativePollOnce(Native Method)
04-28 19:34:45.994  8737  8737 E AndroidRuntime: 	at android.os.MessageQueue.next(MessageQueue.java:323)
04-28 19:34:45.994  8737  8737 E AndroidRuntime: 	at android.os.Looper.loop(Looper.java:136)
04-28 19:34:45.994  8737  8737 E AndroidRuntime: 	at android.app.ActivityThread.main(ActivityThread.java:6119)
04-28 19:34:45.994  8737  8737 E AndroidRuntime: 	at java.lang.reflect.Method.invoke(Native Method)
04-28 19:34:45.994  8737  8737 E AndroidRuntime: 	at com.android.internal.os.ZygoteInit$MethodAndArgsCaller.run(ZygoteInit.java:886)
04-28 19:34:45.994  8737  8737 E AndroidRuntime: 	at com.android.internal.os.ZygoteInit.main(ZygoteInit.java:776)
04-28 19:35:06.352  9946  9946 W System.err: java.io.FileNotFoundException: /jacoco.exec (Read-only file system)
04-28 19:35:06.352  9946  9946 W System.err: 	at java.io.FileOutputStream.open(Native Method)
04-28 19:35:06.359  9946  9946 W System.err: 	at java.io.FileOutputStream.<init>(FileOutputStream.java:221)
04-28 19:35:06.359  9946  9946 W System.err: 	at org.jacoco.agent.rt.internal_8ff85ea.output.FileOutput.openFile(FileOutput.java:67)
04-28 19:35:06.359  9946  9946 W System.err: 	at org.jacoco.agent.rt.internal_8ff85ea.output.FileOutput.startup(FileOutput.java:49)
04-28 19:35:06.359  9946  9946 W System.err: 	at org.jacoco.agent.rt.internal_8ff85ea.Agent.startup(Agent.java:122)
04-28 19:35:06.359  9946  9946 W System.err: 	at org.jacoco.agent.rt.internal_8ff85ea.Agent.getInstance(Agent.java:50)
04-28 19:35:06.359  9946  9946 W System.err: 	at org.jacoco.agent.rt.internal_8ff85ea.Offline.<clinit>(Offline.java:31)
04-28 19:35:06.359  9946  9946 W System.err: 	at org.jacoco.agent.rt.internal_8ff85ea.Offline.getProbes(Offline.java:51)
04-28 19:35:06.359  9946  9946 W System.err: 	at net.bible.android.BibleApplication.$jacocoInit(BibleApplication.kt)
04-28 19:35:06.359  9946  9946 W System.err: 	at net.bible.android.BibleApplication.<clinit>(BibleApplication.kt)
04-28 19:35:06.359  9946  9946 W System.err: 	at java.lang.Class.newInstance(Native Method)
04-28 19:35:06.359  9946  9946 W System.err: 	at android.app.Instrumentation.newApplication(Instrumentation.java:1007)
04-28 19:35:06.359  9946  9946 W System.err: 	at android.app.Instrumentation.newApplication(Instrumentation.java:992)
04-28 19:35:06.359  9946  9946 W System.err: 	at android.app.LoadedApk.makeApplication(LoadedApk.java:796)
04-28 19:35:06.359  9946  9946 W System.err: 	at android.app.ActivityThread.handleBindApplication(ActivityThread.java:5377)
04-28 19:35:06.359  9946  9946 W System.err: 	at android.app.ActivityThread.-wrap2(ActivityThread.java)
04-28 19:35:06.359  9946  9946 W System.err: 	at android.app.ActivityThread$H.handleMessage(ActivityThread.java:1545)
04-28 19:35:06.359  9946  9946 W System.err: 	at android.os.Handler.dispatchMessage(Handler.java:102)
04-28 19:35:06.359  9946  9946 W System.err: 	at android.os.Looper.loop(Looper.java:154)
04-28 19:35:06.359  9946  9946 W System.err: 	at android.app.ActivityThread.main(ActivityThread.java:6119)
04-28 19:35:06.359  9946  9946 W System.err: 	at java.lang.reflect.Method.invoke(Native Method)
04-28 19:35:06.359  9946  9946 W System.err: 	at com.android.internal.os.ZygoteInit$MethodAndArgsCaller.run(ZygoteInit.java:886)
04-28 19:35:06.359  9946  9946 W System.err: 	at com.android.internal.os.ZygoteInit.main(ZygoteInit.java:776)
