:Monkey: seed=1651201067667 count=1000000
:AllowPackage: net.bible.android.activity
:IncludeCategory: android.intent.category.LAUNCHER
:IncludeCategory: android.intent.category.MONKEY
// Event percentages:
//   0: 15.306122%
//   1: 10.204082%
//   2: 2.0408163%
//   3: 15.306122%
//   4: -0.0%
//   5: -0.0%
//   6: 25.510204%
//   7: 15.306122%
//   8: -0.0%
//   9: 2.0408163%
//   10: 1.0204082%
//   11: 13.265306%
:Switch: #Intent;action=android.intent.action.MAIN;category=android.intent.category.LAUNCHER;launchFlags=0x10200000;component=net.bible.android.activity/.StartupActivity;end
    // Allowing start of Intent { act=android.intent.action.MAIN cat=[android.intent.category.LAUNCHER] cmp=net.bible.android.activity/.StartupActivity } in package net.bible.android.activity
:Sending Touch (ACTION_DOWN): 0:(676.0,679.0)
:Sending Touch (ACTION_UP): 0:(680.8187,685.8058)
:Sending Trackball (ACTION_MOVE): 0:(-2.0,-5.0)
:Sending Touch (ACTION_DOWN): 0:(725.0,1462.0)
:Sending Touch (ACTION_UP): 0:(740.70404,1478.0396)
:Sending Trackball (ACTION_MOVE): 0:(-2.0,-1.0)
:Sending Touch (ACTION_DOWN): 0:(732.0,870.0)
:Sending Touch (ACTION_UP): 0:(741.2381,884.8182)
:Sending Trackball (ACTION_MOVE): 0:(3.0,0.0)
:Sending Touch (ACTION_DOWN): 0:(521.0,1477.0)
:Sending Touch (ACTION_UP): 0:(404.07217,1345.5677)
:Sending Touch (ACTION_DOWN): 0:(575.0,773.0)
:Sending Touch (ACTION_UP): 0:(576.22205,764.66595)
:Sending Trackball (ACTION_MOVE): 0:(0.0,-2.0)
:Sending Trackball (ACTION_UP): 0:(0.0,0.0)
:Sending Touch (ACTION_DOWN): 0:(719.0,1558.0)
:Sending Touch (ACTION_UP): 0:(720.359,1559.438)
:Sending Touch (ACTION_DOWN): 0:(140.0,1215.0)
:Sending Touch (ACTION_UP): 0:(126.453384,1203.4799)
:Sending Touch (ACTION_DOWN): 0:(624.0,657.0)
:Sending Touch (ACTION_UP): 0:(623.99255,663.6481)
:Sending Trackball (ACTION_MOVE): 0:(1.0,-2.0)
    //[calendar_time:2022-04-28 19:28:51.463  system_uptime:1489315]
    // Sending event #100
:Sending Trackball (ACTION_MOVE): 0:(1.0,-4.0)
:Sending Trackball (ACTION_MOVE): 0:(3.0,-1.0)
:Sending Touch (ACTION_DOWN): 0:(1047.0,113.0)
:Sending Touch (ACTION_UP): 0:(1031.1151,116.86936)
:Sending Touch (ACTION_DOWN): 0:(371.0,950.0)
:Sending Touch (ACTION_UP): 0:(381.5416,949.8975)
:Sending Trackball (ACTION_MOVE): 0:(1.0,-5.0)
:Switch: #Intent;action=android.intent.action.MAIN;category=android.intent.category.LAUNCHER;launchFlags=0x10200000;component=net.bible.android.activity/.StartupActivity;end
    // Allowing start of Intent { act=android.intent.action.MAIN cat=[android.intent.category.LAUNCHER] cmp=net.bible.android.activity/.StartupActivity } in package net.bible.android.activity
:Sending Trackball (ACTION_MOVE): 0:(-2.0,-5.0)
:Sending Touch (ACTION_DOWN): 0:(1070.0,1590.0)
:Sending Touch (ACTION_UP): 0:(1072.1016,1586.7572)
:Sending Trackball (ACTION_MOVE): 0:(4.0,3.0)
:Sending Trackball (ACTION_MOVE): 0:(-2.0,1.0)
    //[calendar_time:2022-04-28 19:28:55.890  system_uptime:1493742]
    // Sending event #200
:Sending Trackball (ACTION_MOVE): 0:(4.0,0.0)
:Sending Touch (ACTION_DOWN): 0:(575.0,1046.0)
:Sending Touch (ACTION_UP): 0:(572.8488,1064.9258)
:Sending Touch (ACTION_DOWN): 0:(169.0,1617.0)
:Sending Touch (ACTION_UP): 0:(188.73174,1615.9869)
:Sending Touch (ACTION_DOWN): 0:(175.0,1708.0)
:Sending Touch (ACTION_UP): 0:(172.38582,1700.9286)
:Sending Touch (ACTION_DOWN): 0:(344.0,1267.0)
:Sending Touch (ACTION_UP): 0:(324.16147,1255.655)
:Sending Trackball (ACTION_MOVE): 0:(0.0,4.0)
:Sending Touch (ACTION_DOWN): 0:(345.0,1788.0)
:Sending Touch (ACTION_UP): 0:(380.97888,1786.5436)
:Sending Touch (ACTION_DOWN): 0:(877.0,1195.0)
:Sending Touch (ACTION_UP): 0:(886.086,1190.9052)
:Sending Trackball (ACTION_MOVE): 0:(0.0,1.0)
:Sending Trackball (ACTION_MOVE): 0:(0.0,1.0)
:Sending Touch (ACTION_DOWN): 0:(697.0,1007.0)
:Sending Touch (ACTION_UP): 0:(697.0183,1002.8078)
:Sending Touch (ACTION_DOWN): 0:(693.0,270.0)
:Sending Touch (ACTION_UP): 0:(698.7969,276.6758)
:Sending Touch (ACTION_DOWN): 0:(444.0,286.0)
:Sending Touch (ACTION_UP): 0:(436.3998,268.8392)
    //[calendar_time:2022-04-28 19:29:00.441  system_uptime:1498292]
    // Sending event #300
    //[calendar_time:2022-04-28 19:29:00.641  system_uptime:1498493]
    // Sending event #300
:Sending Trackball (ACTION_MOVE): 0:(-5.0,-2.0)
:Sending Trackball (ACTION_MOVE): 0:(-4.0,0.0)
:Sending Trackball (ACTION_MOVE): 0:(4.0,-4.0)
:Sending Trackball (ACTION_UP): 0:(0.0,0.0)
:Sending Trackball (ACTION_MOVE): 0:(1.0,-2.0)
:Sending Trackball (ACTION_MOVE): 0:(2.0,-4.0)
:Sending Touch (ACTION_DOWN): 0:(999.0,1641.0)
:Sending Touch (ACTION_UP): 0:(1011.9245,1647.8433)
:Sending Touch (ACTION_DOWN): 0:(162.0,182.0)
:Sending Touch (ACTION_UP): 0:(156.63405,203.31943)
:Sending Touch (ACTION_DOWN): 0:(928.0,1445.0)
:Sending Touch (ACTION_UP): 0:(910.09656,1458.0762)
:Switch: #Intent;action=android.intent.action.MAIN;category=android.intent.category.LAUNCHER;launchFlags=0x10200000;component=net.bible.android.activity/.StartupActivity;end
    // Allowing start of Intent { act=android.intent.action.MAIN cat=[android.intent.category.LAUNCHER] cmp=net.bible.android.activity/.StartupActivity } in package net.bible.android.activity
:Sending Trackball (ACTION_MOVE): 0:(-2.0,2.0)
    //[calendar_time:2022-04-28 19:29:05.083  system_uptime:1502934]
    // Sending event #400
:Switch: #Intent;action=android.intent.action.MAIN;category=android.intent.category.LAUNCHER;launchFlags=0x10200000;component=net.bible.android.activity/.StartupActivity;end
    // Allowing start of Intent { act=android.intent.action.MAIN cat=[android.intent.category.LAUNCHER] cmp=net.bible.android.activity/.StartupActivity } in package net.bible.android.activity
:Sending Touch (ACTION_DOWN): 0:(914.0,1541.0)
:Sending Touch (ACTION_UP): 0:(897.93317,1539.1621)
:Sending Trackball (ACTION_MOVE): 0:(-5.0,-4.0)
    // Rejecting start of Intent { act=android.intent.action.ASSIST cmp=com.google.android.googlequicksearchbox/.SearchActivity } in package com.google.android.googlequicksearchbox
:Sending Trackball (ACTION_MOVE): 0:(1.0,4.0)
:Switch: #Intent;action=android.intent.action.MAIN;category=android.intent.category.LAUNCHER;launchFlags=0x10200000;component=net.bible.android.activity/.StartupActivity;end
    // Allowing start of Intent { act=android.intent.action.MAIN cat=[android.intent.category.LAUNCHER] cmp=net.bible.android.activity/.StartupActivity } in package net.bible.android.activity
:Sending Touch (ACTION_DOWN): 0:(216.0,1344.0)
:Sending Touch (ACTION_UP): 0:(179.30241,1385.1315)
:Sending Touch (ACTION_DOWN): 0:(567.0,411.0)
:Sending Touch (ACTION_UP): 0:(478.67453,448.42645)
:Sending Touch (ACTION_DOWN): 0:(1005.0,177.0)
:Sending Touch (ACTION_UP): 0:(955.46234,75.38537)
:Sending Touch (ACTION_DOWN): 0:(465.0,518.0)
:Sending Touch (ACTION_UP): 0:(481.47406,555.677)
:Sending Touch (ACTION_DOWN): 0:(634.0,1296.0)
:Sending Touch (ACTION_UP): 0:(614.0174,1353.5643)
:Sending Touch (ACTION_DOWN): 0:(1164.0,1252.0)
:Sending Touch (ACTION_UP): 0:(1200.0,1170.0714)
:Sending Touch (ACTION_DOWN): 0:(716.0,1780.0)
:Sending Touch (ACTION_UP): 0:(713.9488,1775.2717)
:Sending Trackball (ACTION_MOVE): 0:(-4.0,-5.0)
    //[calendar_time:2022-04-28 19:29:09.734  system_uptime:1507585]
    // Sending event #500
:Sending Touch (ACTION_DOWN): 0:(190.0,144.0)
:Sending Touch (ACTION_UP): 0:(190.05214,163.65671)
:Sending Touch (ACTION_DOWN): 0:(280.0,1616.0)
:Sending Touch (ACTION_UP): 0:(286.04266,1653.5017)
:Sending Touch (ACTION_DOWN): 0:(585.0,123.0)
:Sending Touch (ACTION_UP): 0:(596.2897,121.09307)
:Sending Touch (ACTION_DOWN): 0:(54.0,1098.0)
:Sending Touch (ACTION_UP): 0:(71.44115,1083.9132)
:Sending Touch (ACTION_DOWN): 0:(512.0,1169.0)
:Sending Touch (ACTION_UP): 0:(520.9105,1157.1373)
:Sending Touch (ACTION_DOWN): 0:(74.0,1778.0)
:Sending Touch (ACTION_UP): 0:(71.971016,1777.8503)
:Sending Touch (ACTION_DOWN): 0:(636.0,1570.0)
:Sending Touch (ACTION_UP): 0:(615.56714,1573.2566)
:Switch: #Intent;action=android.intent.action.MAIN;category=android.intent.category.LAUNCHER;launchFlags=0x10200000;component=net.bible.android.activity/.StartupActivity;end
    // Allowing start of Intent { act=android.intent.action.MAIN cat=[android.intent.category.LAUNCHER] cmp=net.bible.android.activity/.StartupActivity } in package net.bible.android.activity
:Sending Touch (ACTION_DOWN): 0:(304.0,1444.0)
:Sending Touch (ACTION_UP): 0:(257.74414,1457.1571)
:Sending Touch (ACTION_DOWN): 0:(93.0,400.0)
:Sending Touch (ACTION_UP): 0:(92.440765,399.56613)
:Sending Flip keyboardOpen=false
:Sending Trackball (ACTION_MOVE): 0:(-4.0,2.0)
:Sending Trackball (ACTION_MOVE): 0:(-3.0,-5.0)
:Switch: #Intent;action=android.intent.action.MAIN;category=android.intent.category.LAUNCHER;launchFlags=0x10200000;component=net.bible.android.activity/.StartupActivity;end
    // Allowing start of Intent { act=android.intent.action.MAIN cat=[android.intent.category.LAUNCHER] cmp=net.bible.android.activity/.StartupActivity } in package net.bible.android.activity
:Sending Touch (ACTION_DOWN): 0:(358.0,718.0)
:Sending Touch (ACTION_UP): 0:(358.28485,717.6952)
:Sending Touch (ACTION_DOWN): 0:(829.0,8.0)
:Sending Touch (ACTION_UP): 0:(787.7666,29.649006)
:Sending Touch (ACTION_DOWN): 0:(370.0,57.0)
:Sending Touch (ACTION_UP): 0:(379.15222,55.77794)
:Sending Touch (ACTION_DOWN): 0:(394.0,133.0)
    //[calendar_time:2022-04-28 19:29:16.249  system_uptime:1514100]
    // Sending event #600
:Sending Touch (ACTION_UP): 0:(358.56332,181.7505)
:Switch: #Intent;action=android.intent.action.MAIN;category=android.intent.category.LAUNCHER;launchFlags=0x10200000;component=net.bible.android.activity/.StartupActivity;end
    // Allowing start of Intent { act=android.intent.action.MAIN cat=[android.intent.category.LAUNCHER] cmp=net.bible.android.activity/.StartupActivity } in package net.bible.android.activity
:Sending Touch (ACTION_DOWN): 0:(347.0,793.0)
:Sending Touch (ACTION_UP): 0:(365.16168,779.24896)
:Sending Trackball (ACTION_MOVE): 0:(3.0,-1.0)
:Sending Touch (ACTION_DOWN): 0:(799.0,718.0)
:Sending Touch (ACTION_UP): 0:(792.7947,717.65216)
:Sending Trackball (ACTION_MOVE): 0:(0.0,2.0)
:Sending Touch (ACTION_DOWN): 0:(780.0,231.0)
:Sending Touch (ACTION_UP): 0:(795.4092,249.61586)
:Sending Touch (ACTION_DOWN): 0:(563.0,61.0)
:Sending Touch (ACTION_UP): 0:(585.7842,41.097366)
:Sending Trackball (ACTION_MOVE): 0:(0.0,0.0)
:Sending Trackball (ACTION_MOVE): 0:(0.0,-2.0)
:Sending Touch (ACTION_DOWN): 0:(301.0,1345.0)
:Sending Touch (ACTION_UP): 0:(312.67432,1351.9967)
:Sending Flip keyboardOpen=true
:Sending Touch (ACTION_DOWN): 0:(689.0,430.0)
:Sending Touch (ACTION_UP): 0:(685.5392,453.39276)
:Sending Trackball (ACTION_MOVE): 0:(-3.0,1.0)
    //[calendar_time:2022-04-28 19:29:21.111  system_uptime:1518962]
    // Sending event #700
:Sending Touch (ACTION_DOWN): 0:(780.0,1118.0)
:Sending Touch (ACTION_UP): 0:(779.6821,1156.3258)
:Sending Touch (ACTION_DOWN): 0:(1160.0,74.0)
:Sending Touch (ACTION_UP): 0:(1171.3542,83.91579)
:Sending Trackball (ACTION_MOVE): 0:(-4.0,3.0)
:Sending Trackball (ACTION_MOVE): 0:(-5.0,2.0)
:Sending Trackball (ACTION_UP): 0:(0.0,0.0)
:Sending Trackball (ACTION_MOVE): 0:(2.0,-3.0)
:Sending Touch (ACTION_DOWN): 0:(178.0,1208.0)
:Sending Touch (ACTION_UP): 0:(215.08878,1241.3889)
:Sending Trackball (ACTION_MOVE): 0:(4.0,-5.0)
:Sending Touch (ACTION_DOWN): 0:(472.0,253.0)
:Sending Touch (ACTION_UP): 0:(467.19968,241.93033)
:Sending Trackball (ACTION_MOVE): 0:(-3.0,3.0)
:Sending Trackball (ACTION_UP): 0:(0.0,0.0)
:Sending Touch (ACTION_DOWN): 0:(803.0,1114.0)
    //[calendar_time:2022-04-28 19:29:24.357  system_uptime:1522208]
    // Sending event #800
:Sending Touch (ACTION_UP): 0:(868.604,1148.3452)
:Sending Trackball (ACTION_MOVE): 0:(-3.0,4.0)
:Sending Touch (ACTION_DOWN): 0:(78.0,885.0)
:Sending Touch (ACTION_UP): 0:(68.33969,885.3355)
:Sending Trackball (ACTION_MOVE): 0:(1.0,-5.0)
:Sending Trackball (ACTION_MOVE): 0:(0.0,-2.0)
:Sending Touch (ACTION_DOWN): 0:(980.0,1334.0)
:Sending Touch (ACTION_UP): 0:(982.7535,1326.4159)
:Sending Touch (ACTION_DOWN): 0:(210.0,583.0)
:Sending Touch (ACTION_UP): 0:(205.17615,574.6146)
:Sending Touch (ACTION_DOWN): 0:(248.0,1579.0)
:Sending Touch (ACTION_UP): 0:(246.62045,1562.6499)
:Sending Touch (ACTION_DOWN): 0:(189.0,888.0)
:Sending Touch (ACTION_UP): 0:(180.47607,891.06836)
:Sending Touch (ACTION_DOWN): 0:(768.0,1374.0)
:Sending Touch (ACTION_UP): 0:(766.4706,1364.8245)
:Switch: #Intent;action=android.intent.action.MAIN;category=android.intent.category.LAUNCHER;launchFlags=0x10200000;component=net.bible.android.activity/.StartupActivity;end
    // Allowing start of Intent { act=android.intent.action.MAIN cat=[android.intent.category.LAUNCHER] cmp=net.bible.android.activity/.StartupActivity } in package net.bible.android.activity
:Sending Trackball (ACTION_MOVE): 0:(3.0,-4.0)
:Sending Touch (ACTION_DOWN): 0:(1082.0,1543.0)
:Sending Touch (ACTION_UP): 0:(1077.6039,1525.3428)
:Sending Touch (ACTION_DOWN): 0:(281.0,2.0)
:Sending Touch (ACTION_UP): 0:(278.8704,0.0)
:Sending Trackball (ACTION_MOVE): 0:(1.0,-4.0)
    //[calendar_time:2022-04-28 19:29:29.084  system_uptime:1526935]
    // Sending event #900
:Sending Touch (ACTION_DOWN): 0:(102.0,542.0)
:Sending Touch (ACTION_UP): 0:(134.84583,563.12384)
:Sending Trackball (ACTION_MOVE): 0:(-3.0,4.0)
:Sending Trackball (ACTION_UP): 0:(0.0,0.0)
:Sending Touch (ACTION_DOWN): 0:(1072.0,255.0)
:Sending Touch (ACTION_UP): 0:(1054.9103,254.71724)
:Sending Touch (ACTION_DOWN): 0:(1007.0,144.0)
:Sending Touch (ACTION_UP): 0:(1008.24536,141.23222)
:Sending Touch (ACTION_DOWN): 0:(514.0,527.0)
:Sending Touch (ACTION_UP): 0:(508.00555,519.65656)
:Sending Trackball (ACTION_MOVE): 0:(4.0,-2.0)
:Sending Trackball (ACTION_MOVE): 0:(4.0,0.0)
:Sending Touch (ACTION_DOWN): 0:(36.0,1269.0)
:Sending Touch (ACTION_UP): 0:(56.46276,1264.4047)
:Sending Touch (ACTION_DOWN): 0:(654.0,89.0)
:Sending Touch (ACTION_UP): 0:(658.8597,88.91097)
:Sending Touch (ACTION_DOWN): 0:(705.0,1750.0)
:Sending Touch (ACTION_UP): 0:(702.0291,1751.7203)
:Sending Trackball (ACTION_MOVE): 0:(-1.0,-4.0)
:Sending Trackball (ACTION_MOVE): 0:(-3.0,0.0)
:Sending Touch (ACTION_DOWN): 0:(264.0,1688.0)
:Sending Touch (ACTION_UP): 0:(262.66794,1680.4281)
:Sending Flip keyboardOpen=false
    //[calendar_time:2022-04-28 19:29:34.202  system_uptime:1532054]
    // Sending event #1000
:Sending Touch (ACTION_DOWN): 0:(835.0,706.0)
:Sending Touch (ACTION_UP): 0:(853.98773,692.03314)
:Sending Touch (ACTION_DOWN): 0:(902.0,51.0)
:Sending Touch (ACTION_UP): 0:(900.04407,62.859528)
:Sending Touch (ACTION_DOWN): 0:(154.0,1799.0)
:Sending Touch (ACTION_UP): 0:(152.6443,1802.7454)
:Sending Trackball (ACTION_MOVE): 0:(-4.0,4.0)
:Sending Trackball (ACTION_MOVE): 0:(0.0,4.0)
:Sending Touch (ACTION_DOWN): 0:(513.0,102.0)
:Sending Touch (ACTION_UP): 0:(456.815,178.97186)
:Sending Trackball (ACTION_MOVE): 0:(4.0,4.0)
:Sending Trackball (ACTION_UP): 0:(0.0,0.0)
:Sending Touch (ACTION_DOWN): 0:(1029.0,1253.0)
:Sending Touch (ACTION_UP): 0:(1029.3625,1240.2129)
:Sending Touch (ACTION_DOWN): 0:(110.0,1574.0)
:Sending Touch (ACTION_UP): 0:(64.08409,1592.0833)
:Sending Trackball (ACTION_MOVE): 0:(4.0,2.0)
    //[calendar_time:2022-04-28 19:29:39.817  system_uptime:1537669]
    // Sending event #1100
:Sending Flip keyboardOpen=true
:Sending Touch (ACTION_DOWN): 0:(255.0,530.0)
:Sending Touch (ACTION_UP): 0:(254.8755,539.0529)
:Sending Touch (ACTION_DOWN): 0:(324.0,1279.0)
:Sending Touch (ACTION_UP): 0:(324.41577,1278.8285)
:Sending Touch (ACTION_DOWN): 0:(270.0,306.0)
:Sending Touch (ACTION_UP): 0:(283.552,303.21594)
:Sending Touch (ACTION_DOWN): 0:(1194.0,1258.0)
:Sending Touch (ACTION_UP): 0:(1200.0,1248.7539)
:Sending Trackball (ACTION_MOVE): 0:(-1.0,3.0)
:Sending Touch (ACTION_DOWN): 0:(239.0,809.0)
:Sending Touch (ACTION_UP): 0:(245.80757,820.1336)
:Sending Trackball (ACTION_MOVE): 0:(1.0,-2.0)
:Sending Trackball (ACTION_MOVE): 0:(-4.0,0.0)
:Sending Trackball (ACTION_MOVE): 0:(0.0,0.0)
:Sending Touch (ACTION_DOWN): 0:(557.0,976.0)
:Sending Touch (ACTION_UP): 0:(578.2563,979.51715)
:Sending Touch (ACTION_DOWN): 0:(212.0,1223.0)
:Sending Touch (ACTION_UP): 0:(228.3525,1222.879)
:Sending Trackball (ACTION_MOVE): 0:(1.0,0.0)
    //[calendar_time:2022-04-28 19:29:44.649  system_uptime:1542500]
    // Sending event #1200
:Sending Touch (ACTION_DOWN): 0:(713.0,1131.0)
:Sending Touch (ACTION_UP): 0:(713.57025,1135.0665)
:Sending Touch (ACTION_DOWN): 0:(383.0,124.0)
:Sending Touch (ACTION_UP): 0:(380.96777,122.606384)
:Sending Trackball (ACTION_MOVE): 0:(2.0,0.0)
:Sending Touch (ACTION_DOWN): 0:(122.0,642.0)
:Sending Touch (ACTION_UP): 0:(138.53046,640.11975)
:Sending Touch (ACTION_DOWN): 0:(721.0,1019.0)
:Sending Touch (ACTION_UP): 0:(716.19366,1023.8121)
:Sending Touch (ACTION_DOWN): 0:(224.0,931.0)
:Sending Touch (ACTION_UP): 0:(218.01106,938.03424)
:Sending Touch (ACTION_DOWN): 0:(90.0,1405.0)
:Sending Touch (ACTION_UP): 0:(95.38985,1427.8285)
:Sending Touch (ACTION_DOWN): 0:(400.0,1711.0)
:Sending Touch (ACTION_UP): 0:(410.6598,1687.6669)
:Sending Trackball (ACTION_MOVE): 0:(1.0,-2.0)
:Sending Touch (ACTION_DOWN): 0:(507.0,1483.0)
:Sending Touch (ACTION_UP): 0:(498.53995,1481.7146)
:Sending Touch (ACTION_DOWN): 0:(1158.0,63.0)
:Sending Touch (ACTION_UP): 0:(1167.0687,65.960655)
:Sending Trackball (ACTION_MOVE): 0:(4.0,1.0)
:Sending Trackball (ACTION_MOVE): 0:(-4.0,-4.0)
    //[calendar_time:2022-04-28 19:29:50.388  system_uptime:1548239]
    // Sending event #1300
:Sending Touch (ACTION_DOWN): 0:(23.0,1147.0)
:Sending Touch (ACTION_UP): 0:(16.819996,1143.6462)
:Sending Touch (ACTION_DOWN): 0:(534.0,1755.0)
:Sending Touch (ACTION_UP): 0:(539.58435,1769.5707)
:Sending Touch (ACTION_DOWN): 0:(921.0,657.0)
:Sending Touch (ACTION_UP): 0:(925.3047,653.44165)
:Sending Touch (ACTION_DOWN): 0:(842.0,1396.0)
:Sending Touch (ACTION_UP): 0:(852.084,1397.7241)
:Sending Touch (ACTION_DOWN): 0:(87.0,390.0)
:Sending Touch (ACTION_UP): 0:(88.05269,394.3595)
:Sending Trackball (ACTION_MOVE): 0:(-3.0,4.0)
:Sending Touch (ACTION_DOWN): 0:(283.0,809.0)
:Sending Touch (ACTION_UP): 0:(298.58624,802.3352)
:Sending Trackball (ACTION_MOVE): 0:(-4.0,1.0)
:Sending Trackball (ACTION_MOVE): 0:(-1.0,1.0)
:Sending Touch (ACTION_DOWN): 0:(627.0,428.0)
:Sending Touch (ACTION_UP): 0:(606.1774,424.426)
:Sending Touch (ACTION_DOWN): 0:(153.0,737.0)
:Sending Touch (ACTION_UP): 0:(158.66339,740.43835)
:Sending Trackball (ACTION_MOVE): 0:(4.0,-1.0)
:Sending Trackball (ACTION_UP): 0:(0.0,0.0)
:Switch: #Intent;action=android.intent.action.MAIN;category=android.intent.category.LAUNCHER;launchFlags=0x10200000;component=net.bible.android.activity/.StartupActivity;end
    // Allowing start of Intent { act=android.intent.action.MAIN cat=[android.intent.category.LAUNCHER] cmp=net.bible.android.activity/.StartupActivity } in package net.bible.android.activity
:Sending Trackball (ACTION_MOVE): 0:(-2.0,-2.0)
:Sending Touch (ACTION_DOWN): 0:(149.0,115.0)
:Sending Touch (ACTION_UP): 0:(150.49774,114.42888)
:Sending Touch (ACTION_DOWN): 0:(1169.0,235.0)
:Sending Touch (ACTION_UP): 0:(1163.5621,251.96259)
:Sending Touch (ACTION_DOWN): 0:(743.0,1448.0)
    //[calendar_time:2022-04-28 19:29:54.519  system_uptime:1552370]
    // Sending event #1400
:Sending Touch (ACTION_UP): 0:(763.38654,1371.0046)
:Sending Touch (ACTION_DOWN): 0:(92.0,256.0)
:Sending Touch (ACTION_UP): 0:(118.80383,328.19293)
:Sending Trackball (ACTION_MOVE): 0:(-3.0,4.0)
:Sending Trackball (ACTION_UP): 0:(0.0,0.0)
:Sending Touch (ACTION_DOWN): 0:(625.0,28.0)
:Sending Touch (ACTION_UP): 0:(680.9242,10.960933)
:Sending Trackball (ACTION_MOVE): 0:(-5.0,4.0)
:Sending Touch (ACTION_DOWN): 0:(771.0,638.0)
:Sending Touch (ACTION_UP): 0:(816.9619,676.4093)
:Sending Touch (ACTION_DOWN): 0:(65.0,150.0)
:Sending Touch (ACTION_UP): 0:(83.256645,89.16874)
:Sending Touch (ACTION_DOWN): 0:(603.0,254.0)
:Sending Touch (ACTION_UP): 0:(605.8069,252.76814)
:Sending Touch (ACTION_DOWN): 0:(986.0,309.0)
:Sending Touch (ACTION_UP): 0:(1013.2769,353.99335)
:Sending Trackball (ACTION_MOVE): 0:(-4.0,3.0)
:Sending Trackball (ACTION_MOVE): 0:(3.0,2.0)
    //[calendar_time:2022-04-28 19:29:57.521  system_uptime:1555372]
    // Sending event #1500
:Sending Touch (ACTION_DOWN): 0:(206.0,1577.0)
:Sending Touch (ACTION_UP): 0:(178.39941,1624.738)
:Sending Touch (ACTION_DOWN): 0:(350.0,49.0)
:Sending Touch (ACTION_UP): 0:(344.6149,65.52701)
:Sending Touch (ACTION_DOWN): 0:(1166.0,1765.0)
:Sending Touch (ACTION_UP): 0:(1172.904,1756.9596)
:Sending Trackball (ACTION_MOVE): 0:(2.0,3.0)
:Sending Touch (ACTION_DOWN): 0:(46.0,1359.0)
:Sending Touch (ACTION_UP): 0:(43.679813,1348.194)
:Sending Touch (ACTION_DOWN): 0:(34.0,1548.0)
:Sending Touch (ACTION_UP): 0:(84.67755,1571.684)
:Sending Touch (ACTION_DOWN): 0:(574.0,656.0)
:Sending Touch (ACTION_UP): 0:(572.16174,636.1007)
:Sending Trackball (ACTION_MOVE): 0:(4.0,4.0)
:Sending Touch (ACTION_DOWN): 0:(545.0,1491.0)
:Sending Touch (ACTION_UP): 0:(535.76556,1505.6722)
:Sending Touch (ACTION_DOWN): 0:(61.0,347.0)
:Sending Touch (ACTION_UP): 0:(55.25509,382.78488)
    //[calendar_time:2022-04-28 19:30:02.629  system_uptime:1560480]
    // Sending event #1600
:Sending Touch (ACTION_DOWN): 0:(854.0,1599.0)
:Sending Touch (ACTION_UP): 0:(851.16925,1582.474)
:Sending Trackball (ACTION_MOVE): 0:(-4.0,-3.0)
:Sending Trackball (ACTION_MOVE): 0:(0.0,0.0)
:Sending Touch (ACTION_DOWN): 0:(82.0,137.0)
:Sending Touch (ACTION_UP): 0:(28.645874,182.56831)
:Sending Touch (ACTION_DOWN): 0:(194.0,672.0)
:Sending Touch (ACTION_UP): 0:(213.98862,710.44)
:Sending Touch (ACTION_DOWN): 0:(1035.0,1007.0)
:Sending Touch (ACTION_UP): 0:(1031.1866,991.4759)
:Switch: #Intent;action=android.intent.action.MAIN;category=android.intent.category.LAUNCHER;launchFlags=0x10200000;component=net.bible.android.activity/.StartupActivity;end
    // Allowing start of Intent { act=android.intent.action.MAIN cat=[android.intent.category.LAUNCHER] cmp=net.bible.android.activity/.StartupActivity } in package net.bible.android.activity
:Sending Touch (ACTION_DOWN): 0:(996.0,566.0)
:Sending Touch (ACTION_UP): 0:(1016.8009,565.9219)
:Sending Touch (ACTION_DOWN): 0:(356.0,757.0)
:Sending Touch (ACTION_UP): 0:(533.69946,806.69635)
:Sending Touch (ACTION_DOWN): 0:(1166.0,1228.0)
:Sending Touch (ACTION_UP): 0:(1168.1357,1224.7317)
:Sending Trackball (ACTION_MOVE): 0:(1.0,-2.0)
:Sending Touch (ACTION_DOWN): 0:(1003.0,1010.0)
:Sending Touch (ACTION_UP): 0:(998.5496,1009.14343)
:Switch: #Intent;action=android.intent.action.MAIN;category=android.intent.category.LAUNCHER;launchFlags=0x10200000;component=net.bible.android.activity/.StartupActivity;end
    // Allowing start of Intent { act=android.intent.action.MAIN cat=[android.intent.category.LAUNCHER] cmp=net.bible.android.activity/.StartupActivity } in package net.bible.android.activity
:Sending Touch (ACTION_DOWN): 0:(145.0,266.0)
:Sending Touch (ACTION_UP): 0:(126.867935,268.03973)
    //[calendar_time:2022-04-28 19:30:07.483  system_uptime:1565334]
    // Sending event #1700
:Sending Touch (ACTION_DOWN): 0:(995.0,1242.0)
:Sending Touch (ACTION_UP): 0:(1040.0096,1277.9106)
:Sending Trackball (ACTION_MOVE): 0:(0.0,4.0)
:Sending Touch (ACTION_DOWN): 0:(639.0,1073.0)
:Sending Touch (ACTION_UP): 0:(648.1768,1079.5388)
:Sending Touch (ACTION_DOWN): 0:(84.0,1363.0)
:Sending Touch (ACTION_UP): 0:(90.48984,1363.3193)
    // Rejecting start of Intent { act=android.intent.action.SENDTO dat=mailto:xxxxxx.xxxxxxxx@xxxxx.xxx cmp=com.google.android.gm/.ComposeActivityGmail } in package com.google.android.gm
:Sending Trackball (ACTION_MOVE): 0:(-3.0,0.0)
:Sending Touch (ACTION_DOWN): 0:(1041.0,1377.0)
:Sending Touch (ACTION_UP): 0:(1040.4237,1373.2126)
:Sending Touch (ACTION_DOWN): 0:(742.0,88.0)
:Sending Touch (ACTION_UP): 0:(732.8035,94.62719)
:Sending Touch (ACTION_DOWN): 0:(1047.0,568.0)
:Sending Touch (ACTION_UP): 0:(1039.0197,570.93335)
:Sending Trackball (ACTION_MOVE): 0:(-5.0,-2.0)
:Sending Trackball (ACTION_MOVE): 0:(3.0,-1.0)
:Sending Touch (ACTION_DOWN): 0:(792.0,1314.0)
:Sending Touch (ACTION_UP): 0:(781.60077,1312.2317)
:Sending Trackball (ACTION_MOVE): 0:(0.0,-4.0)
:Sending Touch (ACTION_DOWN): 0:(1198.0,1583.0)
:Sending Touch (ACTION_UP): 0:(1198.7363,1594.7085)
:Sending Trackball (ACTION_MOVE): 0:(0.0,3.0)
    //[calendar_time:2022-04-28 19:30:12.289  system_uptime:1570140]
    // Sending event #1800
:Sending Touch (ACTION_DOWN): 0:(1117.0,154.0)
:Sending Touch (ACTION_UP): 0:(1114.9236,166.34155)
:Sending Touch (ACTION_DOWN): 0:(438.0,1369.0)
:Sending Touch (ACTION_UP): 0:(384.67395,1344.7003)
:Sending Touch (ACTION_DOWN): 0:(32.0,455.0)
:Sending Touch (ACTION_UP): 0:(50.88642,442.4383)
:Sending Touch (ACTION_DOWN): 0:(1188.0,1524.0)
:Sending Touch (ACTION_UP): 0:(1200.0,1590.486)
:Sending Touch (ACTION_DOWN): 0:(1140.0,69.0)
:Sending Touch (ACTION_UP): 0:(1142.0192,106.021126)
:Switch: #Intent;action=android.intent.action.MAIN;category=android.intent.category.LAUNCHER;launchFlags=0x10200000;component=net.bible.android.activity/.StartupActivity;end
    // Allowing start of Intent { act=android.intent.action.MAIN cat=[android.intent.category.LAUNCHER] cmp=net.bible.android.activity/.StartupActivity } in package net.bible.android.activity
:Sending Touch (ACTION_DOWN): 0:(660.0,1499.0)
:Sending Touch (ACTION_UP): 0:(634.0876,1522.3846)
:Sending Touch (ACTION_DOWN): 0:(992.0,1780.0)
:Sending Touch (ACTION_UP): 0:(986.0353,1781.4288)
:Sending Touch (ACTION_DOWN): 0:(797.0,772.0)
:Sending Touch (ACTION_UP): 0:(795.5487,777.39923)
:Sending Touch (ACTION_DOWN): 0:(506.0,652.0)
:Sending Touch (ACTION_UP): 0:(513.3562,643.4021)
:Sending Touch (ACTION_DOWN): 0:(618.0,561.0)
:Sending Touch (ACTION_UP): 0:(626.01953,571.0494)
:Sending Touch (ACTION_DOWN): 0:(759.0,732.0)
:Sending Touch (ACTION_UP): 0:(758.049,750.6568)
:Sending Touch (ACTION_DOWN): 0:(394.0,1310.0)
:Sending Touch (ACTION_UP): 0:(386.59143,1312.8932)
:Sending Trackball (ACTION_MOVE): 0:(3.0,-1.0)
:Sending Trackball (ACTION_UP): 0:(0.0,0.0)
    //[calendar_time:2022-04-28 19:30:19.061  system_uptime:1576913]
    // Sending event #1900
    //[calendar_time:2022-04-28 19:30:19.262  system_uptime:1577113]
    // Sending event #1900
:Sending Touch (ACTION_DOWN): 0:(447.0,611.0)
:Sending Touch (ACTION_UP): 0:(452.22797,620.2268)
:Sending Trackball (ACTION_MOVE): 0:(2.0,1.0)
:Sending Touch (ACTION_DOWN): 0:(841.0,771.0)
:Sending Touch (ACTION_UP): 0:(849.6325,763.35126)
:Sending Trackball (ACTION_MOVE): 0:(2.0,1.0)
:Sending Flip keyboardOpen=false
:Sending Trackball (ACTION_MOVE): 0:(-2.0,2.0)
:Sending Trackball (ACTION_MOVE): 0:(3.0,-5.0)
:Sending Trackball (ACTION_MOVE): 0:(2.0,4.0)
:Sending Trackball (ACTION_UP): 0:(0.0,0.0)
:Sending Touch (ACTION_DOWN): 0:(399.0,186.0)
:Sending Touch (ACTION_UP): 0:(412.51416,206.76045)
    // Rejecting start of Intent { act=android.intent.action.SHOW_BRIGHTNESS_DIALOG cmp=com.android.systemui/.settings.BrightnessDialog } in package com.android.systemui
:Sending Touch (ACTION_DOWN): 0:(648.0,867.0)
:Sending Touch (ACTION_UP): 0:(650.83136,860.1714)
    //[calendar_time:2022-04-28 19:30:23.953  system_uptime:1581805]
    // Sending event #2000
    //[calendar_time:2022-04-28 19:30:24.154  system_uptime:1582005]
    // Sending event #2000
    // Rejecting start of Intent { act=android.intent.action.SENDTO dat=mailto:xxxxxx.xxxxxxxx@xxxxx.xxx cmp=com.google.android.gm/.ComposeActivityGmail } in package com.google.android.gm
:Sending Touch (ACTION_DOWN): 0:(308.0,1407.0)
:Sending Touch (ACTION_UP): 0:(302.73578,1401.9845)
:Sending Touch (ACTION_DOWN): 0:(768.0,808.0)
:Sending Touch (ACTION_UP): 0:(780.1271,803.103)
:Sending Touch (ACTION_DOWN): 0:(264.0,1017.0)
:Sending Touch (ACTION_UP): 0:(377.10666,1106.3724)
:Sending Trackball (ACTION_MOVE): 0:(3.0,-4.0)
:Sending Touch (ACTION_DOWN): 0:(910.0,1129.0)
:Sending Touch (ACTION_UP): 0:(910.9871,1123.985)
:Sending Trackball (ACTION_MOVE): 0:(-3.0,0.0)
:Sending Trackball (ACTION_MOVE): 0:(-5.0,-1.0)
:Sending Touch (ACTION_DOWN): 0:(318.0,216.0)
:Sending Touch (ACTION_UP): 0:(319.96918,218.10364)
:Sending Touch (ACTION_DOWN): 0:(725.0,1684.0)
:Sending Touch (ACTION_UP): 0:(761.5309,1693.613)
:Sending Touch (ACTION_DOWN): 0:(312.0,1538.0)
:Sending Touch (ACTION_UP): 0:(323.23438,1535.1257)
:Sending Trackball (ACTION_MOVE): 0:(-5.0,4.0)
:Switch: #Intent;action=android.intent.action.MAIN;category=android.intent.category.LAUNCHER;launchFlags=0x10200000;component=net.bible.android.activity/.StartupActivity;end
    // Allowing start of Intent { act=android.intent.action.MAIN cat=[android.intent.category.LAUNCHER] cmp=net.bible.android.activity/.StartupActivity } in package net.bible.android.activity
:Sending Touch (ACTION_DOWN): 0:(805.0,1593.0)
:Sending Touch (ACTION_UP): 0:(788.3482,1602.2412)
    // Rejecting start of Intent { act=android.intent.action.ASSIST cmp=com.google.android.googlequicksearchbox/.SearchActivity } in package com.google.android.googlequicksearchbox
:Sending Touch (ACTION_DOWN): 0:(625.0,3.0)
:Sending Touch (ACTION_UP): 0:(606.29553,0.0)
:Sending Touch (ACTION_DOWN): 0:(1017.0,972.0)
    //[calendar_time:2022-04-28 19:30:29.435  system_uptime:1587286]
    // Sending event #2100
:Sending Touch (ACTION_UP): 0:(1038.7062,892.77203)
:Sending Trackball (ACTION_MOVE): 0:(2.0,-1.0)
:Sending Trackball (ACTION_MOVE): 0:(4.0,0.0)
:Sending Touch (ACTION_DOWN): 0:(131.0,309.0)
:Sending Touch (ACTION_UP): 0:(129.52551,308.96423)
:Sending Trackball (ACTION_MOVE): 0:(0.0,-3.0)
:Sending Trackball (ACTION_UP): 0:(0.0,0.0)
:Sending Touch (ACTION_DOWN): 0:(495.0,654.0)
:Sending Touch (ACTION_UP): 0:(528.76776,730.5228)
:Sending Touch (ACTION_DOWN): 0:(1173.0,272.0)
:Sending Touch (ACTION_UP): 0:(1169.1202,289.34348)
:Sending Touch (ACTION_DOWN): 0:(291.0,1365.0)
:Sending Touch (ACTION_UP): 0:(290.61566,1370.7537)
:Switch: #Intent;action=android.intent.action.MAIN;category=android.intent.category.LAUNCHER;launchFlags=0x10200000;component=net.bible.android.activity/.StartupActivity;end
    // Allowing start of Intent { act=android.intent.action.MAIN cat=[android.intent.category.LAUNCHER] cmp=net.bible.android.activity/.StartupActivity } in package net.bible.android.activity
:Sending Touch (ACTION_DOWN): 0:(981.0,674.0)
:Sending Touch (ACTION_UP): 0:(980.73267,661.2624)
:Sending Trackball (ACTION_MOVE): 0:(-5.0,-1.0)
:Sending Touch (ACTION_DOWN): 0:(168.0,1366.0)
:Sending Touch (ACTION_UP): 0:(167.2012,1352.1753)
:Sending Trackball (ACTION_MOVE): 0:(2.0,2.0)
    //[calendar_time:2022-04-28 19:30:33.932  system_uptime:1591783]
    // Sending event #2200
:Sending Trackball (ACTION_MOVE): 0:(-1.0,1.0)
:Sending Touch (ACTION_DOWN): 0:(275.0,290.0)
:Sending Touch (ACTION_UP): 0:(306.0335,330.19742)
    // Rejecting start of Intent { act=android.intent.action.ASSIST cmp=com.google.android.googlequicksearchbox/.SearchActivity } in package com.google.android.googlequicksearchbox
:Sending Touch (ACTION_DOWN): 0:(854.0,602.0)
:Sending Touch (ACTION_UP): 0:(912.42206,597.418)
:Sending Touch (ACTION_DOWN): 0:(403.0,1488.0)
:Sending Touch (ACTION_UP): 0:(401.3403,1483.2476)
:Sending Touch (ACTION_DOWN): 0:(517.0,1264.0)
:Sending Touch (ACTION_UP): 0:(510.36777,1333.815)
:Sending Flip keyboardOpen=true
:Sending Trackball (ACTION_MOVE): 0:(3.0,-2.0)
:Sending Touch (ACTION_DOWN): 0:(37.0,1603.0)
:Sending Touch (ACTION_UP): 0:(0.0,1616.8519)
:Sending Touch (ACTION_DOWN): 0:(926.0,632.0)
:Sending Touch (ACTION_UP): 0:(1006.09314,616.6956)
:Sending Flip keyboardOpen=false
:Sending Touch (ACTION_DOWN): 0:(673.0,1043.0)
:Sending Touch (ACTION_UP): 0:(678.0548,1042.1659)
    //[calendar_time:2022-04-28 19:30:38.915  system_uptime:1596766]
    // Sending event #2300
:Sending Touch (ACTION_DOWN): 0:(617.0,428.0)
:Sending Touch (ACTION_UP): 0:(611.5325,431.42737)
:Sending Touch (ACTION_DOWN): 0:(920.0,53.0)
:Sending Touch (ACTION_UP): 0:(1022.5637,75.66013)
:Sending Touch (ACTION_DOWN): 0:(50.0,1537.0)
:Sending Touch (ACTION_UP): 0:(57.22795,1502.023)
:Sending Touch (ACTION_DOWN): 0:(787.0,171.0)
:Sending Touch (ACTION_UP): 0:(786.92487,163.84796)
:Sending Touch (ACTION_DOWN): 0:(268.0,902.0)
:Sending Touch (ACTION_UP): 0:(271.7635,867.82434)
:Sending Touch (ACTION_DOWN): 0:(1104.0,204.0)
:Sending Touch (ACTION_UP): 0:(1087.4818,214.06203)
:Sending Touch (ACTION_DOWN): 0:(5.0,129.0)
:Sending Touch (ACTION_UP): 0:(0.0,198.90903)
:Sending Touch (ACTION_DOWN): 0:(738.0,1000.0)
:Sending Touch (ACTION_UP): 0:(738.3802,1010.1616)
:Sending Touch (ACTION_DOWN): 0:(163.0,1400.0)
:Sending Touch (ACTION_UP): 0:(166.25165,1395.4556)
:Sending Trackball (ACTION_MOVE): 0:(0.0,-1.0)
    // Rejecting start of Intent { act=android.intent.action.MAIN cat=[android.intent.category.LAUNCHER] cmp=com.android.chrome/com.google.android.apps.chrome.Main } in package com.android.chrome
:Sending Touch (ACTION_DOWN): 0:(888.0,971.0)
:Sending Touch (ACTION_UP): 0:(888.0729,961.896)
    //[calendar_time:2022-04-28 19:30:46.178  system_uptime:1604029]
    // Sending event #2400
    //[calendar_time:2022-04-28 19:30:46.381  system_uptime:1604232]
    // Sending event #2400
:Sending Trackball (ACTION_MOVE): 0:(-4.0,-5.0)
:Sending Touch (ACTION_DOWN): 0:(914.0,1241.0)
:Sending Touch (ACTION_UP): 0:(918.47235,1236.6802)
:Sending Touch (ACTION_DOWN): 0:(718.0,1638.0)
:Sending Touch (ACTION_UP): 0:(728.72455,1638.5128)
:Sending Flip keyboardOpen=true
:Sending Touch (ACTION_DOWN): 0:(787.0,1273.0)
:Sending Touch (ACTION_UP): 0:(796.9473,1272.5575)
:Sending Touch (ACTION_DOWN): 0:(999.0,1375.0)
:Sending Touch (ACTION_UP): 0:(1034.9333,1432.196)
:Sending Trackball (ACTION_MOVE): 0:(1.0,-2.0)
:Sending Trackball (ACTION_MOVE): 0:(-2.0,2.0)
:Switch: #Intent;action=android.intent.action.MAIN;category=android.intent.category.LAUNCHER;launchFlags=0x10200000;component=net.bible.android.activity/.StartupActivity;end
    // Allowing start of Intent { act=android.intent.action.MAIN cat=[android.intent.category.LAUNCHER] cmp=net.bible.android.activity/.StartupActivity } in package net.bible.android.activity
:Sending Touch (ACTION_DOWN): 0:(741.0,781.0)
:Sending Touch (ACTION_UP): 0:(741.3333,775.7379)
    // Rejecting start of Intent { act=android.intent.action.MAIN cat=[android.intent.category.LAUNCHER] cmp=com.android.chrome/com.google.android.apps.chrome.Main } in package com.android.chrome
:Sending Trackball (ACTION_MOVE): 0:(-4.0,-1.0)
:Sending Touch (ACTION_DOWN): 0:(1143.0,1575.0)
:Sending Touch (ACTION_UP): 0:(1181.6743,1696.8711)
    //[calendar_time:2022-04-28 19:30:51.699  system_uptime:1609551]
    // Sending event #2500
:Sending Touch (ACTION_DOWN): 0:(848.0,36.0)
:Sending Touch (ACTION_UP): 0:(795.53235,0.0)
:Sending Touch (ACTION_DOWN): 0:(569.0,365.0)
:Sending Touch (ACTION_UP): 0:(581.3692,353.4394)
:Sending Touch (ACTION_DOWN): 0:(1115.0,132.0)
:Sending Touch (ACTION_UP): 0:(1107.4102,132.10698)
:Sending Flip keyboardOpen=false
:Sending Touch (ACTION_DOWN): 0:(667.0,1469.0)
:Sending Touch (ACTION_UP): 0:(663.0003,1469.4327)
:Sending Touch (ACTION_DOWN): 0:(622.0,88.0)
:Sending Touch (ACTION_UP): 0:(636.5281,100.0472)
:Sending Trackball (ACTION_MOVE): 0:(-4.0,-2.0)
:Switch: #Intent;action=android.intent.action.MAIN;category=android.intent.category.LAUNCHER;launchFlags=0x10200000;component=net.bible.android.activity/.StartupActivity;end
    // Allowing start of Intent { act=android.intent.action.MAIN cat=[android.intent.category.LAUNCHER] cmp=net.bible.android.activity/.StartupActivity } in package net.bible.android.activity
:Sending Touch (ACTION_DOWN): 0:(869.0,1477.0)
:Sending Touch (ACTION_UP): 0:(869.55695,1478.8494)
:Sending Trackball (ACTION_MOVE): 0:(-2.0,3.0)
:Sending Trackball (ACTION_MOVE): 0:(0.0,1.0)
:Sending Touch (ACTION_DOWN): 0:(429.0,1665.0)
:Sending Touch (ACTION_UP): 0:(430.2595,1658.7552)
:Sending Touch (ACTION_DOWN): 0:(976.0,1271.0)
:Sending Touch (ACTION_UP): 0:(968.96906,1275.6154)
:Sending Trackball (ACTION_MOVE): 0:(4.0,3.0)
:Sending Touch (ACTION_DOWN): 0:(1110.0,586.0)
:Sending Touch (ACTION_UP): 0:(1117.6323,584.861)
:Sending Touch (ACTION_DOWN): 0:(293.0,881.0)
:Sending Touch (ACTION_UP): 0:(282.4431,880.8328)
:Sending Touch (ACTION_DOWN): 0:(1132.0,193.0)
:Sending Touch (ACTION_UP): 0:(1119.3969,194.96074)
:Sending Touch (ACTION_DOWN): 0:(224.0,1534.0)
:Sending Touch (ACTION_UP): 0:(245.39807,1569.1345)
:Sending Trackball (ACTION_MOVE): 0:(-3.0,4.0)
    //[calendar_time:2022-04-28 19:30:56.927  system_uptime:1614778]
    // Sending event #2600
:Sending Trackball (ACTION_MOVE): 0:(2.0,-4.0)
:Sending Touch (ACTION_DOWN): 0:(1156.0,36.0)
:Sending Touch (ACTION_UP): 0:(1157.6685,12.274395)
:Sending Touch (ACTION_DOWN): 0:(7.0,824.0)
:Sending Touch (ACTION_UP): 0:(0.0,836.3976)
:Sending Touch (ACTION_DOWN): 0:(549.0,915.0)
:Sending Touch (ACTION_UP): 0:(568.056,920.33984)
:Sending Touch (ACTION_DOWN): 0:(68.0,1382.0)
:Sending Touch (ACTION_UP): 0:(0.052814007,1489.8069)
:Switch: #Intent;action=android.intent.action.MAIN;category=android.intent.category.LAUNCHER;launchFlags=0x10200000;component=net.bible.android.activity/.StartupActivity;end
    // Allowing start of Intent { act=android.intent.action.MAIN cat=[android.intent.category.LAUNCHER] cmp=net.bible.android.activity/.StartupActivity } in package net.bible.android.activity
:Sending Trackball (ACTION_MOVE): 0:(1.0,-3.0)
:Sending Trackball (ACTION_MOVE): 0:(2.0,-3.0)
:Sending Touch (ACTION_DOWN): 0:(37.0,361.0)
:Sending Touch (ACTION_UP): 0:(29.532648,351.27097)
    //[calendar_time:2022-04-28 19:31:02.038  system_uptime:1619889]
    // Sending event #2700
    //[calendar_time:2022-04-28 19:31:02.239  system_uptime:1620090]
    // Sending event #2700
:Sending Trackball (ACTION_MOVE): 0:(2.0,1.0)
:Sending Touch (ACTION_DOWN): 0:(851.0,822.0)
:Sending Touch (ACTION_UP): 0:(880.1308,832.37164)
:Sending Touch (ACTION_DOWN): 0:(726.0,790.0)
:Sending Touch (ACTION_UP): 0:(694.7416,809.2549)
:Sending Touch (ACTION_DOWN): 0:(1192.0,1746.0)
:Sending Touch (ACTION_UP): 0:(1188.137,1768.8658)
:Sending Touch (ACTION_DOWN): 0:(662.0,745.0)
:Sending Touch (ACTION_UP): 0:(673.52405,754.3991)
:Sending Touch (ACTION_DOWN): 0:(1042.0,617.0)
:Sending Touch (ACTION_UP): 0:(1027.0693,620.1451)
:Sending Touch (ACTION_DOWN): 0:(132.0,684.0)
:Sending Touch (ACTION_UP): 0:(126.02811,704.5339)
:Sending Touch (ACTION_DOWN): 0:(951.0,1770.0)
:Sending Touch (ACTION_UP): 0:(945.2108,1768.6339)
:Sending Touch (ACTION_DOWN): 0:(579.0,958.0)
:Sending Touch (ACTION_UP): 0:(583.27356,968.5266)
:Sending Touch (ACTION_DOWN): 0:(375.0,963.0)
:Sending Touch (ACTION_UP): 0:(335.19876,946.5516)
:Sending Touch (ACTION_DOWN): 0:(630.0,1650.0)
:Sending Touch (ACTION_UP): 0:(637.00653,1635.4019)
:Sending Touch (ACTION_DOWN): 0:(528.0,1001.0)
:Sending Touch (ACTION_UP): 0:(531.861,984.8085)
:Sending Touch (ACTION_DOWN): 0:(658.0,734.0)
:Sending Touch (ACTION_UP): 0:(638.6332,730.04456)
:Sending Trackball (ACTION_MOVE): 0:(1.0,-1.0)
    //[calendar_time:2022-04-28 19:31:08.798  system_uptime:1626649]
    // Sending event #2800
:Sending Touch (ACTION_DOWN): 0:(237.0,738.0)
:Sending Touch (ACTION_UP): 0:(235.75674,727.1269)
:Sending Touch (ACTION_DOWN): 0:(14.0,960.0)
:Sending Touch (ACTION_UP): 0:(14.373028,963.91125)
:Sending Trackball (ACTION_MOVE): 0:(1.0,-2.0)
:Sending Trackball (ACTION_MOVE): 0:(-3.0,-1.0)
:Sending Touch (ACTION_DOWN): 0:(672.0,912.0)
:Sending Touch (ACTION_UP): 0:(670.26483,812.5331)
:Sending Trackball (ACTION_MOVE): 0:(-5.0,-2.0)
:Sending Touch (ACTION_DOWN): 0:(376.0,1508.0)
:Sending Touch (ACTION_UP): 0:(344.00848,1506.2828)
:Sending Flip keyboardOpen=true
:Sending Touch (ACTION_DOWN): 0:(639.0,1718.0)
:Sending Touch (ACTION_UP): 0:(640.0387,1730.5708)
:Sending Trackball (ACTION_MOVE): 0:(-2.0,-5.0)
:Sending Touch (ACTION_DOWN): 0:(847.0,1782.0)
:Sending Touch (ACTION_UP): 0:(791.2571,1804.9265)
:Sending Flip keyboardOpen=false
:Sending Touch (ACTION_DOWN): 0:(426.0,825.0)
:Sending Touch (ACTION_UP): 0:(424.92896,833.3814)
    //[calendar_time:2022-04-28 19:31:13.899  system_uptime:1631750]
    // Sending event #2900
:Sending Trackball (ACTION_MOVE): 0:(4.0,-3.0)
:Sending Trackball (ACTION_MOVE): 0:(-5.0,1.0)
:Sending Touch (ACTION_DOWN): 0:(217.0,1057.0)
:Sending Touch (ACTION_UP): 0:(211.3702,1056.8401)
:Sending Touch (ACTION_DOWN): 0:(390.0,696.0)
:Sending Touch (ACTION_UP): 0:(388.9007,695.35657)
:Switch: #Intent;action=android.intent.action.MAIN;category=android.intent.category.LAUNCHER;launchFlags=0x10200000;component=net.bible.android.activity/.StartupActivity;end
    // Allowing start of Intent { act=android.intent.action.MAIN cat=[android.intent.category.LAUNCHER] cmp=net.bible.android.activity/.StartupActivity } in package net.bible.android.activity
    // Rejecting start of Intent { act=android.intent.action.CALL_BUTTON cmp=com.google.android.dialer/com.google.android.apps.dialer.extensions.GoogleDialtactsActivity } in package com.google.android.dialer
:Sending Flip keyboardOpen=true
:Sending Touch (ACTION_DOWN): 0:(863.0,1294.0)
:Sending Touch (ACTION_UP): 0:(936.38165,1241.2599)
:Sending Touch (ACTION_DOWN): 0:(276.0,1413.0)
:Sending Touch (ACTION_UP): 0:(273.34308,1413.4497)
:Sending Trackball (ACTION_MOVE): 0:(0.0,3.0)
:Sending Touch (ACTION_DOWN): 0:(464.0,1016.0)
:Sending Touch (ACTION_UP): 0:(464.2322,1007.50586)
:Sending Touch (ACTION_DOWN): 0:(45.0,710.0)
:Sending Touch (ACTION_UP): 0:(41.625114,706.51245)
:Sending Touch (ACTION_DOWN): 0:(347.0,1323.0)
:Sending Touch (ACTION_UP): 0:(365.49347,1323.7334)
:Sending Touch (ACTION_DOWN): 0:(403.0,1157.0)
:Sending Touch (ACTION_UP): 0:(411.72293,1157.3888)
:Sending Trackball (ACTION_MOVE): 0:(0.0,-4.0)
    //[calendar_time:2022-04-28 19:31:20.457  system_uptime:1638308]
    // Sending event #3000
:Sending Trackball (ACTION_MOVE): 0:(4.0,2.0)
:Sending Trackball (ACTION_MOVE): 0:(-4.0,2.0)
:Sending Flip keyboardOpen=false
:Sending Trackball (ACTION_MOVE): 0:(-5.0,0.0)
:Sending Touch (ACTION_DOWN): 0:(736.0,461.0)
:Sending Touch (ACTION_UP): 0:(735.53925,432.88354)
:Sending Touch (ACTION_DOWN): 0:(406.0,1219.0)
:Sending Touch (ACTION_UP): 0:(405.8736,1218.9126)
:Sending Touch (ACTION_DOWN): 0:(1184.0,196.0)
:Sending Touch (ACTION_UP): 0:(1119.0679,182.91454)
:Sending Touch (ACTION_DOWN): 0:(971.0,210.0)
:Sending Touch (ACTION_UP): 0:(964.54114,221.31264)
:Sending Touch (ACTION_DOWN): 0:(1015.0,43.0)
    //[calendar_time:2022-04-28 19:31:25.340  system_uptime:1643191]
    // Sending event #3100
:Sending Touch (ACTION_UP): 0:(1062.7328,0.0)
:Sending Touch (ACTION_DOWN): 0:(223.0,82.0)
:Sending Touch (ACTION_UP): 0:(252.49532,109.6564)
:Sending Trackball (ACTION_MOVE): 0:(3.0,2.0)
:Sending Trackball (ACTION_MOVE): 0:(4.0,-5.0)
:Sending Touch (ACTION_DOWN): 0:(98.0,1652.0)
:Sending Touch (ACTION_UP): 0:(113.552246,1643.6309)
:Sending Touch (ACTION_DOWN): 0:(256.0,239.0)
:Sending Touch (ACTION_UP): 0:(259.78906,237.81088)
:Sending Touch (ACTION_DOWN): 0:(522.0,975.0)
:Sending Touch (ACTION_UP): 0:(595.75385,884.88196)
:Sending Trackball (ACTION_MOVE): 0:(-1.0,1.0)
:Sending Touch (ACTION_DOWN): 0:(850.0,60.0)
:Sending Touch (ACTION_UP): 0:(859.21295,103.64105)
:Sending Touch (ACTION_DOWN): 0:(346.0,380.0)
:Sending Touch (ACTION_UP): 0:(350.48868,380.23618)
:Sending Flip keyboardOpen=true
:Sending Touch (ACTION_DOWN): 0:(878.0,998.0)
    //[calendar_time:2022-04-28 19:31:29.762  system_uptime:1647613]
    // Sending event #3200
:Sending Touch (ACTION_UP): 0:(935.8302,984.80634)
:Sending Touch (ACTION_DOWN): 0:(900.0,351.0)
:Sending Touch (ACTION_UP): 0:(885.34076,336.79373)
:Sending Touch (ACTION_DOWN): 0:(498.0,405.0)
:Sending Touch (ACTION_UP): 0:(497.77026,402.37396)
:Sending Touch (ACTION_DOWN): 0:(1149.0,131.0)
:Sending Touch (ACTION_UP): 0:(1184.8766,68.92458)
:Sending Touch (ACTION_DOWN): 0:(385.0,1590.0)
:Sending Touch (ACTION_UP): 0:(400.65332,1552.4615)
:Sending Trackball (ACTION_MOVE): 0:(-3.0,-3.0)
:Sending Touch (ACTION_DOWN): 0:(773.0,1661.0)
:Sending Touch (ACTION_UP): 0:(779.7504,1669.2701)
:Sending Touch (ACTION_DOWN): 0:(1120.0,167.0)
:Sending Touch (ACTION_UP): 0:(1119.0913,175.10477)
:Sending Touch (ACTION_DOWN): 0:(158.0,1131.0)
:Sending Touch (ACTION_UP): 0:(157.62276,1092.9214)
:Sending Trackball (ACTION_MOVE): 0:(3.0,-1.0)
:Sending Trackball (ACTION_MOVE): 0:(-4.0,0.0)
:Sending Trackball (ACTION_MOVE): 0:(-1.0,4.0)
    //[calendar_time:2022-04-28 19:31:34.415  system_uptime:1652266]
    // Sending event #3300
:Sending Touch (ACTION_DOWN): 0:(479.0,1228.0)
:Sending Touch (ACTION_UP): 0:(565.02985,1323.1844)
:Sending Trackball (ACTION_MOVE): 0:(-5.0,1.0)
:Sending Touch (ACTION_DOWN): 0:(312.0,370.0)
:Sending Touch (ACTION_UP): 0:(323.4168,363.27356)
:Sending Touch (ACTION_DOWN): 0:(358.0,1299.0)
:Sending Touch (ACTION_UP): 0:(355.475,1298.143)
:Sending Touch (ACTION_DOWN): 0:(413.0,818.0)
:Sending Touch (ACTION_UP): 0:(407.29083,819.40497)
:Sending Trackball (ACTION_MOVE): 0:(-5.0,3.0)
:Sending Touch (ACTION_DOWN): 0:(841.0,692.0)
:Sending Touch (ACTION_UP): 0:(839.9176,670.79175)
:Sending Touch (ACTION_DOWN): 0:(794.0,1680.0)
:Sending Touch (ACTION_UP): 0:(727.57526,1667.5566)
:Sending Touch (ACTION_DOWN): 0:(221.0,1492.0)
:Sending Touch (ACTION_UP): 0:(150.27507,1532.9777)
:Sending Touch (ACTION_DOWN): 0:(719.0,736.0)
:Sending Touch (ACTION_UP): 0:(714.76575,726.0178)
:Sending Touch (ACTION_DOWN): 0:(878.0,315.0)
:Sending Touch (ACTION_UP): 0:(903.1255,270.453)
:Sending Trackball (ACTION_MOVE): 0:(2.0,1.0)
:Sending Touch (ACTION_DOWN): 0:(533.0,513.0)
:Sending Touch (ACTION_UP): 0:(531.69696,491.1426)
:Sending Touch (ACTION_DOWN): 0:(1119.0,1265.0)
:Sending Touch (ACTION_UP): 0:(1100.473,1282.3794)
:Sending Touch (ACTION_DOWN): 0:(300.0,1634.0)
:Sending Touch (ACTION_UP): 0:(274.47116,1550.2733)
    //[calendar_time:2022-04-28 19:31:37.947  system_uptime:1655799]
    // Sending event #3400
    //[calendar_time:2022-04-28 19:31:38.148  system_uptime:1655999]
    // Sending event #3400
:Sending Touch (ACTION_DOWN): 0:(794.0,1120.0)
:Sending Touch (ACTION_UP): 0:(812.3534,1119.6671)
:Sending Touch (ACTION_DOWN): 0:(942.0,1581.0)
:Sending Touch (ACTION_UP): 0:(933.6927,1590.7069)
:Sending Trackball (ACTION_MOVE): 0:(-2.0,-4.0)
:Sending Touch (ACTION_DOWN): 0:(539.0,941.0)
:Sending Touch (ACTION_UP): 0:(515.5964,950.9398)
:Sending Touch (ACTION_DOWN): 0:(399.0,847.0)
:Sending Touch (ACTION_UP): 0:(438.53586,827.3925)
:Sending Trackball (ACTION_MOVE): 0:(-2.0,0.0)
:Sending Touch (ACTION_DOWN): 0:(221.0,1741.0)
:Sending Touch (ACTION_UP): 0:(219.70573,1729.3977)
:Sending Touch (ACTION_DOWN): 0:(654.0,217.0)
:Sending Touch (ACTION_UP): 0:(653.78796,217.4381)
:Sending Touch (ACTION_DOWN): 0:(1123.0,1812.0)
:Sending Touch (ACTION_UP): 0:(1125.0459,1814.8162)
:Sending Touch (ACTION_DOWN): 0:(1066.0,1761.0)
:Sending Touch (ACTION_UP): 0:(1060.8523,1760.5679)
:Sending Touch (ACTION_DOWN): 0:(278.0,771.0)
:Sending Touch (ACTION_UP): 0:(297.2346,777.2196)
:Sending Touch (ACTION_DOWN): 0:(1160.0,807.0)
:Sending Touch (ACTION_UP): 0:(1147.0834,843.94904)
:Sending Touch (ACTION_DOWN): 0:(1139.0,6.0)
:Sending Touch (ACTION_UP): 0:(1149.2402,5.147334)
:Sending Touch (ACTION_DOWN): 0:(867.0,452.0)
:Sending Touch (ACTION_UP): 0:(869.2371,455.40305)
:Sending Touch (ACTION_DOWN): 0:(954.0,400.0)
:Sending Touch (ACTION_UP): 0:(864.8253,314.5071)
:Sending Touch (ACTION_DOWN): 0:(237.0,1162.0)
    //[calendar_time:2022-04-28 19:31:43.602  system_uptime:1661453]
    // Sending event #3500
:Sending Touch (ACTION_UP): 0:(235.80432,1273.8342)
:Sending Trackball (ACTION_MOVE): 0:(-4.0,-5.0)
:Sending Touch (ACTION_DOWN): 0:(238.0,1577.0)
:Sending Touch (ACTION_UP): 0:(301.32315,1572.1342)
:Sending Touch (ACTION_DOWN): 0:(1110.0,1778.0)
:Sending Touch (ACTION_UP): 0:(1112.4144,1767.2998)
:Sending Trackball (ACTION_MOVE): 0:(2.0,4.0)
:Switch: #Intent;action=android.intent.action.MAIN;category=android.intent.category.LAUNCHER;launchFlags=0x10200000;component=net.bible.android.activity/.StartupActivity;end
    // Allowing start of Intent { act=android.intent.action.MAIN cat=[android.intent.category.LAUNCHER] cmp=net.bible.android.activity/.StartupActivity } in package net.bible.android.activity
:Sending Trackball (ACTION_MOVE): 0:(-4.0,2.0)
:Sending Touch (ACTION_DOWN): 0:(305.0,1380.0)
:Sending Touch (ACTION_UP): 0:(363.83038,1369.5842)
:Sending Touch (ACTION_DOWN): 0:(639.0,1456.0)
:Sending Touch (ACTION_UP): 0:(648.898,1435.3999)
:Sending Touch (ACTION_DOWN): 0:(77.0,101.0)
:Sending Touch (ACTION_UP): 0:(78.506775,77.97083)
:Sending Trackball (ACTION_MOVE): 0:(-2.0,-1.0)
:Sending Touch (ACTION_DOWN): 0:(385.0,800.0)
:Sending Touch (ACTION_UP): 0:(377.77905,792.9598)
:Sending Touch (ACTION_DOWN): 0:(807.0,783.0)
:Sending Touch (ACTION_UP): 0:(762.01,795.59924)
:Switch: #Intent;action=android.intent.action.MAIN;category=android.intent.category.LAUNCHER;launchFlags=0x10200000;component=net.bible.android.activity/.StartupActivity;end
    // Allowing start of Intent { act=android.intent.action.MAIN cat=[android.intent.category.LAUNCHER] cmp=net.bible.android.activity/.StartupActivity } in package net.bible.android.activity
:Sending Touch (ACTION_DOWN): 0:(927.0,1157.0)
:Sending Touch (ACTION_UP): 0:(933.2221,1159.1777)
:Sending Touch (ACTION_DOWN): 0:(619.0,429.0)
    //[calendar_time:2022-04-28 19:31:48.262  system_uptime:1666114]
    // Sending event #3600
:Sending Touch (ACTION_UP): 0:(634.55835,430.45172)
:Sending Touch (ACTION_DOWN): 0:(357.0,315.0)
:Sending Touch (ACTION_UP): 0:(330.32413,418.54245)
:Switch: #Intent;action=android.intent.action.MAIN;category=android.intent.category.LAUNCHER;launchFlags=0x10200000;component=net.bible.android.activity/.StartupActivity;end
    // Allowing start of Intent { act=android.intent.action.MAIN cat=[android.intent.category.LAUNCHER] cmp=net.bible.android.activity/.StartupActivity } in package net.bible.android.activity
:Sending Trackball (ACTION_MOVE): 0:(-3.0,-1.0)
:Sending Trackball (ACTION_UP): 0:(0.0,0.0)
:Sending Trackball (ACTION_MOVE): 0:(2.0,-5.0)
:Switch: #Intent;action=android.intent.action.MAIN;category=android.intent.category.LAUNCHER;launchFlags=0x10200000;component=net.bible.android.activity/.StartupActivity;end
    // Allowing start of Intent { act=android.intent.action.MAIN cat=[android.intent.category.LAUNCHER] cmp=net.bible.android.activity/.StartupActivity } in package net.bible.android.activity
:Sending Touch (ACTION_DOWN): 0:(1124.0,3.0)
:Sending Touch (ACTION_UP): 0:(1128.7898,14.963358)
:Switch: #Intent;action=android.intent.action.MAIN;category=android.intent.category.LAUNCHER;launchFlags=0x10200000;component=net.bible.android.activity/.StartupActivity;end
    // Allowing start of Intent { act=android.intent.action.MAIN cat=[android.intent.category.LAUNCHER] cmp=net.bible.android.activity/.StartupActivity } in package net.bible.android.activity
:Sending Touch (ACTION_DOWN): 0:(866.0,934.0)
:Sending Touch (ACTION_UP): 0:(856.1102,906.87506)
:Sending Touch (ACTION_DOWN): 0:(901.0,486.0)
:Sending Touch (ACTION_UP): 0:(901.90826,480.2185)
:Switch: #Intent;action=android.intent.action.MAIN;category=android.intent.category.LAUNCHER;launchFlags=0x10200000;component=net.bible.android.activity/.StartupActivity;end
    // Allowing start of Intent { act=android.intent.action.MAIN cat=[android.intent.category.LAUNCHER] cmp=net.bible.android.activity/.StartupActivity } in package net.bible.android.activity
:Sending Touch (ACTION_DOWN): 0:(986.0,1264.0)
:Sending Touch (ACTION_UP): 0:(969.8388,1246.8517)
:Sending Trackball (ACTION_MOVE): 0:(1.0,-3.0)
:Sending Touch (ACTION_DOWN): 0:(87.0,1094.0)
:Sending Touch (ACTION_UP): 0:(73.47531,1090.5538)
:Sending Touch (ACTION_DOWN): 0:(824.0,1646.0)
:Sending Touch (ACTION_UP): 0:(825.4749,1641.502)
:Sending Touch (ACTION_DOWN): 0:(102.0,1240.0)
:Sending Touch (ACTION_UP): 0:(106.720535,1240.1823)
:Sending Touch (ACTION_DOWN): 0:(603.0,1284.0)
    //[calendar_time:2022-04-28 19:31:54.340  system_uptime:1672191]
    // Sending event #3700
:Sending Touch (ACTION_UP): 0:(609.197,1289.692)
:Sending Trackball (ACTION_MOVE): 0:(2.0,1.0)
:Sending Trackball (ACTION_MOVE): 0:(2.0,-3.0)
:Sending Trackball (ACTION_MOVE): 0:(2.0,2.0)
:Sending Touch (ACTION_DOWN): 0:(414.0,1407.0)
:Sending Touch (ACTION_UP): 0:(300.78342,1387.5457)
:Sending Flip keyboardOpen=false
:Sending Touch (ACTION_DOWN): 0:(778.0,106.0)
:Sending Touch (ACTION_UP): 0:(767.78674,45.672153)
:Sending Touch (ACTION_DOWN): 0:(731.0,1080.0)
:Sending Touch (ACTION_UP): 0:(730.1528,1084.532)
:Sending Trackball (ACTION_MOVE): 0:(-3.0,2.0)
:Sending Touch (ACTION_DOWN): 0:(4.0,1702.0)
:Sending Touch (ACTION_UP): 0:(93.612946,1750.1909)
:Sending Touch (ACTION_DOWN): 0:(778.0,210.0)
:Sending Touch (ACTION_UP): 0:(758.32166,209.45776)
:Switch: #Intent;action=android.intent.action.MAIN;category=android.intent.category.LAUNCHER;launchFlags=0x10200000;component=net.bible.android.activity/.StartupActivity;end
    // Allowing start of Intent { act=android.intent.action.MAIN cat=[android.intent.category.LAUNCHER] cmp=net.bible.android.activity/.StartupActivity } in package net.bible.android.activity
:Sending Touch (ACTION_DOWN): 0:(118.0,1433.0)
:Sending Touch (ACTION_UP): 0:(135.77144,1429.2284)
:Sending Trackball (ACTION_MOVE): 0:(-1.0,-2.0)
    //[calendar_time:2022-04-28 19:31:58.037  system_uptime:1675888]
    // Sending event #3800
:Sending Touch (ACTION_DOWN): 0:(460.0,290.0)
:Sending Touch (ACTION_UP): 0:(446.6977,293.70663)
:Sending Touch (ACTION_DOWN): 0:(411.0,1232.0)
:Sending Touch (ACTION_UP): 0:(415.57083,1240.4392)
:Sending Touch (ACTION_DOWN): 0:(1036.0,867.0)
:Sending Touch (ACTION_UP): 0:(1040.3198,856.93756)
:Sending Trackball (ACTION_MOVE): 0:(-3.0,0.0)
:Sending Trackball (ACTION_MOVE): 0:(4.0,-4.0)
:Sending Touch (ACTION_DOWN): 0:(42.0,776.0)
:Sending Touch (ACTION_UP): 0:(44.788303,788.46216)
:Sending Trackball (ACTION_MOVE): 0:(2.0,-4.0)
:Sending Touch (ACTION_DOWN): 0:(543.0,624.0)
:Sending Touch (ACTION_UP): 0:(549.03,613.727)
:Sending Touch (ACTION_DOWN): 0:(271.0,1557.0)
:Sending Touch (ACTION_UP): 0:(271.51825,1571.3436)
:Sending Touch (ACTION_DOWN): 0:(35.0,1693.0)
:Sending Touch (ACTION_UP): 0:(52.053932,1703.6946)
:Sending Flip keyboardOpen=true
:Sending Trackball (ACTION_MOVE): 0:(-5.0,2.0)
:Switch: #Intent;action=android.intent.action.MAIN;category=android.intent.category.LAUNCHER;launchFlags=0x10200000;component=net.bible.android.activity/.StartupActivity;end
    // Allowing start of Intent { act=android.intent.action.MAIN cat=[android.intent.category.LAUNCHER] cmp=net.bible.android.activity/.StartupActivity } in package net.bible.android.activity
:Sending Trackball (ACTION_MOVE): 0:(3.0,-3.0)
    //[calendar_time:2022-04-28 19:32:02.939  system_uptime:1680790]
    // Sending event #3900
:Sending Touch (ACTION_DOWN): 0:(742.0,1082.0)
:Sending Touch (ACTION_UP): 0:(719.3835,1087.0242)
:Sending Touch (ACTION_DOWN): 0:(321.0,695.0)
:Sending Touch (ACTION_UP): 0:(310.22342,698.978)
:Sending Flip keyboardOpen=false
:Sending Trackball (ACTION_MOVE): 0:(-5.0,-3.0)
:Sending Touch (ACTION_DOWN): 0:(729.0,873.0)
:Sending Touch (ACTION_UP): 0:(710.9259,903.46704)
:Sending Trackball (ACTION_MOVE): 0:(2.0,2.0)
:Sending Touch (ACTION_DOWN): 0:(225.0,592.0)
:Sending Touch (ACTION_UP): 0:(229.31143,581.6763)
:Sending Trackball (ACTION_MOVE): 0:(-3.0,-3.0)
:Sending Touch (ACTION_DOWN): 0:(6.0,1500.0)
:Sending Touch (ACTION_UP): 0:(4.621013,1495.5642)
:Sending Touch (ACTION_DOWN): 0:(287.0,692.0)
:Sending Touch (ACTION_UP): 0:(308.86703,692.5177)
:Sending Touch (ACTION_DOWN): 0:(777.0,1045.0)
:Sending Touch (ACTION_UP): 0:(767.3039,1041.9766)
:Sending Touch (ACTION_DOWN): 0:(834.0,1263.0)
:Sending Touch (ACTION_UP): 0:(815.211,1223.7893)
:Sending Trackball (ACTION_MOVE): 0:(0.0,-3.0)
:Sending Trackball (ACTION_MOVE): 0:(-1.0,4.0)
    // activityResuming(net.bible.android.activity)
    // Allowing start of Intent { cmp=net.bible.android.activity/net.bible.android.view.activity.page.MainBibleActivity } in package net.bible.android.activity
    // activityResuming(net.bible.android.activity)
:Sending Touch (ACTION_DOWN): 0:(809.0,34.0)
    //[calendar_time:2022-04-28 19:32:10.685  system_uptime:1688536]
    // Sending event #4000
:Sending Touch (ACTION_UP): 0:(842.8304,25.911882)
:Sending Trackball (ACTION_MOVE): 0:(1.0,-1.0)
:Sending Touch (ACTION_DOWN): 0:(1021.0,910.0)
:Sending Touch (ACTION_UP): 0:(1006.9168,961.36835)
:Sending Trackball (ACTION_MOVE): 0:(2.0,2.0)
:Sending Touch (ACTION_DOWN): 0:(1198.0,69.0)
:Sending Touch (ACTION_UP): 0:(1114.1754,81.3978)
:Sending Trackball (ACTION_MOVE): 0:(-4.0,-1.0)
:Sending Trackball (ACTION_UP): 0:(0.0,0.0)
:Sending Touch (ACTION_DOWN): 0:(527.0,1533.0)
:Sending Touch (ACTION_UP): 0:(515.0689,1542.816)
:Sending Trackball (ACTION_MOVE): 0:(-4.0,-5.0)
:Sending Touch (ACTION_DOWN): 0:(578.0,639.0)
:Sending Touch (ACTION_UP): 0:(649.9978,635.4741)
:Sending Touch (ACTION_DOWN): 0:(1106.0,991.0)
    //[calendar_time:2022-04-28 19:32:15.694  system_uptime:1693545]
    // Sending event #4100
:Sending Touch (ACTION_UP): 0:(1114.0326,1057.7312)
:Sending Trackball (ACTION_MOVE): 0:(-1.0,-2.0)
:Sending Trackball (ACTION_UP): 0:(0.0,0.0)
:Sending Touch (ACTION_DOWN): 0:(298.0,1191.0)
:Sending Touch (ACTION_UP): 0:(307.67328,1178.2616)
:Sending Trackball (ACTION_MOVE): 0:(1.0,-3.0)
:Sending Trackball (ACTION_MOVE): 0:(-5.0,-5.0)
:Sending Touch (ACTION_DOWN): 0:(943.0,1727.0)
:Sending Touch (ACTION_UP): 0:(899.2424,1824.0)
:Sending Trackball (ACTION_MOVE): 0:(3.0,-1.0)
:Sending Trackball (ACTION_MOVE): 0:(-5.0,-4.0)
:Sending Touch (ACTION_DOWN): 0:(1103.0,413.0)
:Sending Touch (ACTION_UP): 0:(1115.1444,406.24048)
:Sending Trackball (ACTION_MOVE): 0:(-1.0,-1.0)
    //[calendar_time:2022-04-28 19:32:20.197  system_uptime:1698048]
    // Sending event #4200
:Sending Flip keyboardOpen=true
:Sending Trackball (ACTION_MOVE): 0:(3.0,-4.0)
:Sending Touch (ACTION_DOWN): 0:(880.0,24.0)
:Sending Touch (ACTION_UP): 0:(894.0057,30.282398)
:Sending Trackball (ACTION_MOVE): 0:(-3.0,-3.0)
:Switch: #Intent;action=android.intent.action.MAIN;category=android.intent.category.LAUNCHER;launchFlags=0x10200000;component=net.bible.android.activity/.StartupActivity;end
    // Allowing start of Intent { act=android.intent.action.MAIN cat=[android.intent.category.LAUNCHER] cmp=net.bible.android.activity/.StartupActivity } in package net.bible.android.activity
:Sending Touch (ACTION_DOWN): 0:(1198.0,587.0)
:Sending Touch (ACTION_UP): 0:(1200.0,534.7859)
:Sending Trackball (ACTION_MOVE): 0:(3.0,1.0)
:Sending Trackball (ACTION_MOVE): 0:(-2.0,-3.0)
:Sending Touch (ACTION_DOWN): 0:(387.0,1454.0)
:Sending Touch (ACTION_UP): 0:(386.09412,1439.4706)
:Sending Trackball (ACTION_MOVE): 0:(-3.0,-2.0)
:Sending Touch (ACTION_DOWN): 0:(804.0,1480.0)
:Sending Touch (ACTION_UP): 0:(759.547,1478.0159)
:Sending Touch (ACTION_DOWN): 0:(325.0,1242.0)
    //[calendar_time:2022-04-28 19:32:24.638  system_uptime:1702490]
    // Sending event #4300
:Sending Touch (ACTION_UP): 0:(261.5431,1293.932)
:Sending Trackball (ACTION_MOVE): 0:(1.0,4.0)
:Switch: #Intent;action=android.intent.action.MAIN;category=android.intent.category.LAUNCHER;launchFlags=0x10200000;component=net.bible.android.activity/.StartupActivity;end
    // Allowing start of Intent { act=android.intent.action.MAIN cat=[android.intent.category.LAUNCHER] cmp=net.bible.android.activity/.StartupActivity } in package net.bible.android.activity
:Sending Touch (ACTION_DOWN): 0:(239.0,38.0)
:Sending Touch (ACTION_UP): 0:(249.66364,23.685308)
:Sending Touch (ACTION_DOWN): 0:(295.0,380.0)
:Sending Touch (ACTION_UP): 0:(282.60678,394.4923)
:Sending Touch (ACTION_DOWN): 0:(1116.0,1542.0)
:Sending Touch (ACTION_UP): 0:(1122.7281,1521.8958)
:Sending Touch (ACTION_DOWN): 0:(223.0,1040.0)
:Sending Touch (ACTION_UP): 0:(185.86987,1031.3406)
:Sending Flip keyboardOpen=false
:Sending Touch (ACTION_DOWN): 0:(697.0,359.0)
:Sending Touch (ACTION_UP): 0:(696.344,344.31387)
:Sending Trackball (ACTION_MOVE): 0:(-2.0,3.0)
:Sending Trackball (ACTION_UP): 0:(0.0,0.0)
:Sending Touch (ACTION_DOWN): 0:(653.0,1626.0)
:Sending Touch (ACTION_UP): 0:(658.263,1644.1606)
:Sending Touch (ACTION_DOWN): 0:(800.0,1752.0)
:Sending Touch (ACTION_UP): 0:(816.5132,1762.0408)
    //[calendar_time:2022-04-28 19:32:32.293  system_uptime:1710145]
    // Sending event #4400
:Sending Touch (ACTION_DOWN): 0:(477.0,1361.0)
:Sending Touch (ACTION_UP): 0:(476.83975,1350.7411)
:Sending Flip keyboardOpen=true
:Sending Touch (ACTION_DOWN): 0:(489.0,172.0)
:Sending Touch (ACTION_UP): 0:(491.11096,174.29286)
:Sending Trackball (ACTION_MOVE): 0:(-5.0,4.0)
:Sending Touch (ACTION_DOWN): 0:(735.0,1553.0)
:Sending Touch (ACTION_UP): 0:(736.75055,1549.1475)
:Sending Trackball (ACTION_MOVE): 0:(-2.0,-3.0)
:Sending Trackball (ACTION_MOVE): 0:(-3.0,-1.0)
:Sending Trackball (ACTION_MOVE): 0:(-2.0,1.0)
:Sending Touch (ACTION_DOWN): 0:(1049.0,200.0)
:Sending Touch (ACTION_UP): 0:(1036.3905,217.89786)
:Sending Touch (ACTION_DOWN): 0:(307.0,968.0)
:Sending Touch (ACTION_UP): 0:(376.21454,992.21375)
:Sending Touch (ACTION_DOWN): 0:(614.0,1704.0)
:Sending Touch (ACTION_UP): 0:(610.1161,1713.4464)
:Sending Touch (ACTION_DOWN): 0:(388.0,1365.0)
:Sending Touch (ACTION_UP): 0:(379.33926,1375.1422)
:Sending Trackball (ACTION_MOVE): 0:(4.0,2.0)
:Sending Touch (ACTION_DOWN): 0:(914.0,1666.0)
    //[calendar_time:2022-04-28 19:32:37.211  system_uptime:1715062]
    // Sending event #4500
:Sending Touch (ACTION_UP): 0:(967.09717,1681.699)
:Sending Trackball (ACTION_MOVE): 0:(-1.0,0.0)
:Sending Touch (ACTION_DOWN): 0:(1119.0,1366.0)
:Sending Touch (ACTION_UP): 0:(1126.952,1363.5956)
:Sending Touch (ACTION_DOWN): 0:(541.0,1054.0)
:Sending Touch (ACTION_UP): 0:(457.70364,1116.669)
:Sending Touch (ACTION_DOWN): 0:(1131.0,1480.0)
:Sending Touch (ACTION_UP): 0:(1132.4071,1479.7585)
:Sending Touch (ACTION_DOWN): 0:(1127.0,678.0)
:Sending Touch (ACTION_UP): 0:(1125.4122,671.13806)
:Sending Trackball (ACTION_MOVE): 0:(2.0,1.0)
:Sending Touch (ACTION_DOWN): 0:(152.0,966.0)
:Sending Touch (ACTION_UP): 0:(152.81357,963.5007)
:Sending Trackball (ACTION_MOVE): 0:(0.0,4.0)
:Sending Trackball (ACTION_UP): 0:(0.0,0.0)
:Switch: #Intent;action=android.intent.action.MAIN;category=android.intent.category.LAUNCHER;launchFlags=0x10200000;component=net.bible.android.activity/.StartupActivity;end
    // Allowing start of Intent { act=android.intent.action.MAIN cat=[android.intent.category.LAUNCHER] cmp=net.bible.android.activity/.StartupActivity } in package net.bible.android.activity
:Sending Trackball (ACTION_MOVE): 0:(0.0,-5.0)
    //[calendar_time:2022-04-28 19:32:42.759  system_uptime:1720610]
    // Sending event #4600
:Sending Trackball (ACTION_MOVE): 0:(4.0,-2.0)
:Sending Trackball (ACTION_UP): 0:(0.0,0.0)
:Sending Touch (ACTION_DOWN): 0:(272.0,347.0)
:Sending Touch (ACTION_UP): 0:(271.3429,331.15598)
:Sending Touch (ACTION_DOWN): 0:(875.0,1036.0)
:Sending Touch (ACTION_UP): 0:(1011.2909,1035.6549)
:Sending Touch (ACTION_DOWN): 0:(996.0,401.0)
:Sending Touch (ACTION_UP): 0:(1013.3211,400.6685)
:Sending Trackball (ACTION_MOVE): 0:(3.0,-4.0)
:Sending Trackball (ACTION_MOVE): 0:(0.0,2.0)
:Sending Touch (ACTION_DOWN): 0:(694.0,955.0)
:Sending Touch (ACTION_UP): 0:(693.0292,953.77954)
:Sending Touch (ACTION_DOWN): 0:(598.0,731.0)
:Sending Touch (ACTION_UP): 0:(603.2599,729.04846)
:Sending Touch (ACTION_DOWN): 0:(325.0,1452.0)
:Sending Touch (ACTION_UP): 0:(332.50052,1443.1152)
:Sending Touch (ACTION_DOWN): 0:(532.0,1533.0)
:Sending Touch (ACTION_UP): 0:(540.1089,1536.4884)
:Sending Trackball (ACTION_MOVE): 0:(1.0,-2.0)
:Sending Touch (ACTION_DOWN): 0:(53.0,930.0)
    //[calendar_time:2022-04-28 19:32:48.199  system_uptime:1726050]
    // Sending event #4700
:Sending Touch (ACTION_UP): 0:(85.13479,911.32654)
:Sending Trackball (ACTION_MOVE): 0:(-2.0,-5.0)
:Sending Touch (ACTION_DOWN): 0:(940.0,847.0)
:Sending Touch (ACTION_UP): 0:(854.28705,799.6116)
:Sending Touch (ACTION_DOWN): 0:(334.0,1557.0)
:Sending Touch (ACTION_UP): 0:(288.14578,1627.567)
:Sending Touch (ACTION_DOWN): 0:(266.0,125.0)
:Sending Touch (ACTION_UP): 0:(266.1785,124.095955)
    // Allowing start of Intent { cmp=net.bible.android.activity/net.bible.android.view.activity.navigation.GridChoosePassageBook } in package net.bible.android.activity
:Sending Touch (ACTION_DOWN): 0:(676.0,1591.0)
    // Injection Failed
:Sending Touch (ACTION_UP): 0:(659.64197,1590.2498)
    // Injection Failed
:Sending Trackball (ACTION_MOVE): 0:(-5.0,2.0)
:Sending Trackball (ACTION_MOVE): 0:(-4.0,0.0)
:Sending Touch (ACTION_DOWN): 0:(943.0,1125.0)
:Sending Touch (ACTION_UP): 0:(971.3592,1180.836)
    // Allowing start of Intent { cmp=net.bible.android.activity/net.bible.android.view.activity.navigation.GridChoosePassageChapter } in package net.bible.android.activity
:Sending Flip keyboardOpen=false
:Sending Trackball (ACTION_MOVE): 0:(-2.0,2.0)
:Sending Trackball (ACTION_MOVE): 0:(3.0,2.0)
    //[calendar_time:2022-04-28 19:32:52.335  system_uptime:1730186]
    // Sending event #4800
:Sending Touch (ACTION_DOWN): 0:(1197.0,307.0)
:Sending Touch (ACTION_UP): 0:(1118.0583,287.668)
:Sending Touch (ACTION_DOWN): 0:(275.0,539.0)
:Sending Touch (ACTION_UP): 0:(253.45506,557.9427)
    // activityResuming(net.bible.android.activity)
    // activityResuming(net.bible.android.activity)
    // activityResuming(net.bible.android.activity)
:Sending Touch (ACTION_DOWN): 0:(930.0,770.0)
:Sending Touch (ACTION_UP): 0:(942.2647,778.69727)
:Sending Trackball (ACTION_MOVE): 0:(4.0,-3.0)
:Sending Trackball (ACTION_MOVE): 0:(-5.0,2.0)
:Sending Touch (ACTION_DOWN): 0:(973.0,320.0)
:Sending Touch (ACTION_UP): 0:(925.35126,301.87463)
:Switch: #Intent;action=android.intent.action.MAIN;category=android.intent.category.LAUNCHER;launchFlags=0x10200000;component=net.bible.android.activity/.StartupActivity;end
    // Allowing start of Intent { act=android.intent.action.MAIN cat=[android.intent.category.LAUNCHER] cmp=net.bible.android.activity/.StartupActivity } in package net.bible.android.activity
:Sending Touch (ACTION_DOWN): 0:(132.0,933.0)
:Sending Touch (ACTION_UP): 0:(123.10071,934.16614)
:Sending Trackball (ACTION_MOVE): 0:(3.0,-4.0)
:Sending Trackball (ACTION_MOVE): 0:(-4.0,2.0)
:Sending Touch (ACTION_DOWN): 0:(187.0,1445.0)
:Sending Touch (ACTION_UP): 0:(182.70177,1429.6357)
:Sending Touch (ACTION_DOWN): 0:(1119.0,69.0)
    //[calendar_time:2022-04-28 19:32:57.465  system_uptime:1735316]
    // Sending event #4900
:Sending Touch (ACTION_UP): 0:(1182.3607,112.982155)
:Sending Trackball (ACTION_MOVE): 0:(-1.0,3.0)
:Sending Touch (ACTION_DOWN): 0:(183.0,1164.0)
:Sending Touch (ACTION_UP): 0:(186.7656,1161.2904)
:Sending Trackball (ACTION_MOVE): 0:(-1.0,2.0)
:Sending Trackball (ACTION_MOVE): 0:(0.0,-2.0)
:Sending Touch (ACTION_DOWN): 0:(651.0,187.0)
:Sending Touch (ACTION_UP): 0:(641.08093,173.05043)
:Switch: #Intent;action=android.intent.action.MAIN;category=android.intent.category.LAUNCHER;launchFlags=0x10200000;component=net.bible.android.activity/.StartupActivity;end
    // Allowing start of Intent { act=android.intent.action.MAIN cat=[android.intent.category.LAUNCHER] cmp=net.bible.android.activity/.StartupActivity } in package net.bible.android.activity
:Sending Touch (ACTION_DOWN): 0:(448.0,1650.0)
:Sending Touch (ACTION_UP): 0:(464.38852,1658.4589)
:Sending Touch (ACTION_DOWN): 0:(926.0,1526.0)
:Sending Touch (ACTION_UP): 0:(942.2436,1610.5758)
:Sending Touch (ACTION_DOWN): 0:(758.0,1149.0)
:Sending Touch (ACTION_UP): 0:(792.7438,1124.0568)
:Sending Trackball (ACTION_MOVE): 0:(-3.0,0.0)
:Sending Touch (ACTION_DOWN): 0:(26.0,1268.0)
:Sending Touch (ACTION_UP): 0:(25.792,1271.72)
:Sending Touch (ACTION_DOWN): 0:(399.0,575.0)
:Sending Touch (ACTION_UP): 0:(393.43982,566.2884)
:Sending Touch (ACTION_DOWN): 0:(45.0,1642.0)
:Sending Touch (ACTION_UP): 0:(27.989834,1624.5719)
:Sending Touch (ACTION_DOWN): 0:(1148.0,343.0)
:Sending Touch (ACTION_UP): 0:(1141.3328,342.89197)
:Sending Touch (ACTION_DOWN): 0:(484.0,1202.0)
    //[calendar_time:2022-04-28 19:33:02.866  system_uptime:1740717]
    // Sending event #5000
:Sending Touch (ACTION_UP): 0:(462.2417,1203.2881)
:Sending Trackball (ACTION_MOVE): 0:(2.0,-4.0)
:Sending Touch (ACTION_DOWN): 0:(699.0,782.0)
:Sending Touch (ACTION_UP): 0:(691.8943,784.6915)
:Sending Touch (ACTION_DOWN): 0:(228.0,695.0)
:Sending Touch (ACTION_UP): 0:(324.25323,740.916)
:Sending Touch (ACTION_DOWN): 0:(707.0,443.0)
:Sending Touch (ACTION_UP): 0:(741.8764,423.36536)
:Sending Touch (ACTION_DOWN): 0:(398.0,1138.0)
:Sending Touch (ACTION_UP): 0:(427.21515,1200.4216)
:Sending Touch (ACTION_DOWN): 0:(967.0,416.0)
:Sending Touch (ACTION_UP): 0:(947.6346,415.9765)
:Sending Touch (ACTION_DOWN): 0:(455.0,1563.0)
:Sending Touch (ACTION_UP): 0:(439.59952,1561.6935)
:Sending Trackball (ACTION_MOVE): 0:(0.0,-1.0)
:Sending Trackball (ACTION_UP): 0:(0.0,0.0)
:Sending Flip keyboardOpen=true
:Sending Touch (ACTION_DOWN): 0:(219.0,131.0)
:Sending Touch (ACTION_UP): 0:(200.03621,125.30022)
:Sending Touch (ACTION_DOWN): 0:(1092.0,310.0)
:Sending Touch (ACTION_UP): 0:(1121.7355,213.51534)
:Sending Touch (ACTION_DOWN): 0:(220.0,1697.0)
:Sending Touch (ACTION_UP): 0:(216.24783,1695.1382)
:Sending Touch (ACTION_DOWN): 0:(645.0,700.0)
    //[calendar_time:2022-04-28 19:33:08.612  system_uptime:1746463]
    // Sending event #5100
:Sending Touch (ACTION_UP): 0:(561.69867,696.3056)
:Sending Touch (ACTION_DOWN): 0:(1073.0,1487.0)
:Sending Touch (ACTION_UP): 0:(1104.7928,1467.8513)
:Sending Trackball (ACTION_MOVE): 0:(3.0,1.0)
:Sending Touch (ACTION_DOWN): 0:(31.0,427.0)
:Sending Touch (ACTION_UP): 0:(41.871796,414.98682)
:Sending Touch (ACTION_DOWN): 0:(825.0,255.0)
:Sending Touch (ACTION_UP): 0:(825.0302,253.15565)
:Sending Touch (ACTION_DOWN): 0:(379.0,929.0)
:Sending Touch (ACTION_UP): 0:(435.03717,928.83984)
:Sending Trackball (ACTION_MOVE): 0:(-2.0,2.0)
:Sending Touch (ACTION_DOWN): 0:(541.0,903.0)
:Sending Touch (ACTION_UP): 0:(493.74466,877.37067)
:Sending Touch (ACTION_DOWN): 0:(623.0,863.0)
:Sending Touch (ACTION_UP): 0:(613.59216,859.087)
:Sending Touch (ACTION_DOWN): 0:(37.0,1354.0)
    //[calendar_time:2022-04-28 19:33:13.275  system_uptime:1751127]
    // Sending event #5200
:Sending Touch (ACTION_UP): 0:(38.137756,1350.972)
:Sending Trackball (ACTION_MOVE): 0:(4.0,0.0)
:Sending Trackball (ACTION_MOVE): 0:(2.0,0.0)
:Sending Touch (ACTION_DOWN): 0:(888.0,1193.0)
:Sending Touch (ACTION_UP): 0:(889.22217,1197.7494)
:Sending Touch (ACTION_DOWN): 0:(152.0,965.0)
:Sending Touch (ACTION_UP): 0:(229.014,1006.6558)
:Sending Touch (ACTION_DOWN): 0:(1047.0,577.0)
:Sending Touch (ACTION_UP): 0:(1029.0292,585.85754)
:Sending Touch (ACTION_DOWN): 0:(603.0,1526.0)
:Sending Touch (ACTION_UP): 0:(599.3542,1518.0276)
:Sending Touch (ACTION_DOWN): 0:(1146.0,984.0)
:Sending Touch (ACTION_UP): 0:(1142.8322,1008.97003)
:Sending Trackball (ACTION_MOVE): 0:(2.0,0.0)
:Sending Trackball (ACTION_MOVE): 0:(-4.0,2.0)
:Sending Touch (ACTION_DOWN): 0:(396.0,1087.0)
:Sending Touch (ACTION_UP): 0:(396.75665,1078.3223)
:Sending Touch (ACTION_DOWN): 0:(528.0,212.0)
:Sending Touch (ACTION_UP): 0:(512.5014,211.63348)
:Sending Trackball (ACTION_MOVE): 0:(1.0,-4.0)
    // Rejecting start of Intent { act=android.intent.action.CALL_BUTTON cmp=com.google.android.dialer/com.google.android.apps.dialer.extensions.GoogleDialtactsActivity } in package com.google.android.dialer
:Sending Touch (ACTION_DOWN): 0:(304.0,1091.0)
:Sending Touch (ACTION_UP): 0:(294.98694,1090.6993)
    //[calendar_time:2022-04-28 19:33:17.686  system_uptime:1755537]
    // Sending event #5300
    //[calendar_time:2022-04-28 19:33:17.886  system_uptime:1755737]
    // Sending event #5300
:Sending Touch (ACTION_DOWN): 0:(109.0,1791.0)
:Sending Touch (ACTION_UP): 0:(71.777176,1746.3439)
:Sending Touch (ACTION_DOWN): 0:(1179.0,1180.0)
:Sending Touch (ACTION_UP): 0:(1168.9858,1174.5929)
:Sending Touch (ACTION_DOWN): 0:(832.0,453.0)
:Sending Touch (ACTION_UP): 0:(839.08875,449.65863)
:Sending Touch (ACTION_DOWN): 0:(543.0,1258.0)
:Sending Touch (ACTION_UP): 0:(516.79956,1228.7559)
:Sending Touch (ACTION_DOWN): 0:(1143.0,627.0)
:Sending Touch (ACTION_UP): 0:(1183.7701,640.34106)
:Sending Touch (ACTION_DOWN): 0:(420.0,707.0)
:Sending Touch (ACTION_UP): 0:(420.6571,710.835)
:Sending Trackball (ACTION_MOVE): 0:(-4.0,-5.0)
:Sending Trackball (ACTION_MOVE): 0:(-1.0,4.0)
:Switch: #Intent;action=android.intent.action.MAIN;category=android.intent.category.LAUNCHER;launchFlags=0x10200000;component=net.bible.android.activity/.StartupActivity;end
    // Allowing start of Intent { act=android.intent.action.MAIN cat=[android.intent.category.LAUNCHER] cmp=net.bible.android.activity/.StartupActivity } in package net.bible.android.activity
:Sending Trackball (ACTION_MOVE): 0:(2.0,-5.0)
:Sending Touch (ACTION_DOWN): 0:(316.0,853.0)
:Sending Touch (ACTION_UP): 0:(338.79565,851.81335)
:Switch: #Intent;action=android.intent.action.MAIN;category=android.intent.category.LAUNCHER;launchFlags=0x10200000;component=net.bible.android.activity/.StartupActivity;end
    // Allowing start of Intent { act=android.intent.action.MAIN cat=[android.intent.category.LAUNCHER] cmp=net.bible.android.activity/.StartupActivity } in package net.bible.android.activity
:Sending Touch (ACTION_DOWN): 0:(202.0,1227.0)
:Sending Touch (ACTION_UP): 0:(190.73422,1227.673)
:Sending Touch (ACTION_DOWN): 0:(729.0,567.0)
:Sending Touch (ACTION_UP): 0:(763.4303,608.70667)
:Sending Trackball (ACTION_MOVE): 0:(-2.0,-1.0)
    //[calendar_time:2022-04-28 19:33:22.350  system_uptime:1760201]
    // Sending event #5400
    // Rejecting start of Intent { act=android.intent.action.MAIN cat=[android.intent.category.LAUNCHER] cmp=com.android.chrome/com.google.android.apps.chrome.Main } in package com.android.chrome
:Sending Trackball (ACTION_MOVE): 0:(3.0,-3.0)
:Sending Trackball (ACTION_MOVE): 0:(-4.0,4.0)
:Sending Touch (ACTION_DOWN): 0:(149.0,634.0)
:Sending Touch (ACTION_UP): 0:(149.2769,636.5224)
:Sending Touch (ACTION_DOWN): 0:(196.0,336.0)
:Sending Touch (ACTION_UP): 0:(203.34506,337.62012)
:Sending Touch (ACTION_DOWN): 0:(275.0,370.0)
:Sending Touch (ACTION_UP): 0:(264.16803,379.97675)
:Sending Touch (ACTION_DOWN): 0:(512.0,1450.0)
:Sending Touch (ACTION_UP): 0:(522.7849,1452.3677)
:Sending Touch (ACTION_DOWN): 0:(751.0,560.0)
:Sending Touch (ACTION_UP): 0:(809.8933,549.14667)
:Sending Trackball (ACTION_MOVE): 0:(-1.0,0.0)
:Sending Trackball (ACTION_MOVE): 0:(-5.0,-4.0)
:Sending Trackball (ACTION_UP): 0:(0.0,0.0)
:Sending Touch (ACTION_DOWN): 0:(258.0,1558.0)
:Sending Touch (ACTION_UP): 0:(270.1368,1566.9921)
:Sending Trackball (ACTION_MOVE): 0:(-1.0,-5.0)
    //[calendar_time:2022-04-28 19:33:26.456  system_uptime:1764307]
    // Sending event #5500
:Sending Trackball (ACTION_MOVE): 0:(3.0,-4.0)
:Sending Touch (ACTION_DOWN): 0:(390.0,1214.0)
:Sending Touch (ACTION_UP): 0:(402.37582,1205.0835)
:Sending Touch (ACTION_DOWN): 0:(51.0,1142.0)
:Sending Touch (ACTION_UP): 0:(64.37079,1182.1605)
:Sending Touch (ACTION_DOWN): 0:(1178.0,1624.0)
:Sending Touch (ACTION_UP): 0:(1180.9672,1623.9692)
:Sending Touch (ACTION_DOWN): 0:(171.0,760.0)
:Sending Touch (ACTION_UP): 0:(168.80548,751.8779)
:Switch: #Intent;action=android.intent.action.MAIN;category=android.intent.category.LAUNCHER;launchFlags=0x10200000;component=net.bible.android.activity/.StartupActivity;end
    // Allowing start of Intent { act=android.intent.action.MAIN cat=[android.intent.category.LAUNCHER] cmp=net.bible.android.activity/.StartupActivity } in package net.bible.android.activity
:Sending Touch (ACTION_DOWN): 0:(1194.0,144.0)
:Sending Touch (ACTION_UP): 0:(1172.2452,251.58232)
:Sending Touch (ACTION_DOWN): 0:(947.0,1703.0)
:Sending Touch (ACTION_UP): 0:(946.48486,1700.503)
:Sending Trackball (ACTION_MOVE): 0:(-5.0,-3.0)
:Sending Touch (ACTION_DOWN): 0:(181.0,1343.0)
:Sending Touch (ACTION_UP): 0:(188.07843,1329.1908)
:Sending Touch (ACTION_DOWN): 0:(442.0,1739.0)
:Sending Touch (ACTION_UP): 0:(433.6674,1740.2987)
:Sending Touch (ACTION_DOWN): 0:(824.0,1546.0)
:Sending Touch (ACTION_UP): 0:(842.459,1564.77)
:Sending Touch (ACTION_DOWN): 0:(1161.0,1604.0)
:Sending Touch (ACTION_UP): 0:(1148.4553,1613.6681)
:Sending Touch (ACTION_DOWN): 0:(20.0,1504.0)
:Sending Touch (ACTION_UP): 0:(18.82215,1495.4491)
:Sending Touch (ACTION_DOWN): 0:(359.0,895.0)
:Sending Touch (ACTION_UP): 0:(429.14313,811.6979)
:Sending Touch (ACTION_DOWN): 0:(1058.0,394.0)
:Sending Touch (ACTION_UP): 0:(1052.7445,389.76105)
:Sending Touch (ACTION_DOWN): 0:(205.0,1163.0)
:Sending Touch (ACTION_UP): 0:(208.4588,1173.2214)
:Sending Trackball (ACTION_MOVE): 0:(3.0,-2.0)
:Sending Trackball (ACTION_UP): 0:(0.0,0.0)
:Sending Touch (ACTION_DOWN): 0:(605.0,704.0)
:Sending Touch (ACTION_UP): 0:(603.41504,693.6846)
:Sending Trackball (ACTION_MOVE): 0:(-2.0,-3.0)
    //[calendar_time:2022-04-28 19:33:30.950  system_uptime:1768801]
    // Sending event #5600
:Sending Touch (ACTION_DOWN): 0:(736.0,1798.0)
:Sending Touch (ACTION_UP): 0:(727.2862,1814.682)
:Sending Touch (ACTION_DOWN): 0:(498.0,548.0)
:Sending Touch (ACTION_UP): 0:(533.7903,591.68164)
:Sending Trackball (ACTION_MOVE): 0:(-1.0,-2.0)
:Sending Touch (ACTION_DOWN): 0:(548.0,1030.0)
:Sending Touch (ACTION_UP): 0:(666.0912,884.5881)
:Sending Touch (ACTION_DOWN): 0:(491.0,285.0)
:Sending Touch (ACTION_UP): 0:(447.3673,308.62158)
:Sending Touch (ACTION_DOWN): 0:(786.0,1771.0)
:Sending Touch (ACTION_UP): 0:(778.8181,1768.8438)
:Sending Trackball (ACTION_MOVE): 0:(-1.0,0.0)
:Sending Touch (ACTION_DOWN): 0:(954.0,851.0)
:Sending Touch (ACTION_UP): 0:(960.0055,853.4613)
:Sending Touch (ACTION_DOWN): 0:(146.0,398.0)
:Sending Touch (ACTION_UP): 0:(129.07237,337.17935)
:Sending Trackball (ACTION_MOVE): 0:(3.0,4.0)
    //[calendar_time:2022-04-28 19:33:35.772  system_uptime:1773623]
    // Sending event #5700
:Sending Touch (ACTION_DOWN): 0:(1195.0,1087.0)
:Sending Touch (ACTION_UP): 0:(1197.7439,1079.6832)
:Sending Touch (ACTION_DOWN): 0:(56.0,1775.0)
:Sending Touch (ACTION_UP): 0:(56.27529,1779.4269)
:Sending Touch (ACTION_DOWN): 0:(293.0,1231.0)
:Sending Touch (ACTION_UP): 0:(249.36455,1284.8217)
:Sending Trackball (ACTION_MOVE): 0:(-4.0,-2.0)
    // Rejecting start of Intent { act=android.intent.action.MAIN cat=[android.intent.category.HOME] cmp=com.google.android.apps.nexuslauncher/.NexusLauncherActivity } in package com.google.android.apps.nexuslauncher
:Sending Touch (ACTION_DOWN): 0:(1018.0,289.0)
:Sending Touch (ACTION_UP): 0:(1017.8483,283.4423)
:Sending Touch (ACTION_DOWN): 0:(112.0,1486.0)
:Sending Touch (ACTION_UP): 0:(113.55644,1469.7053)
:Sending Touch (ACTION_DOWN): 0:(935.0,978.0)
:Sending Touch (ACTION_UP): 0:(944.2199,980.2905)
:Sending Trackball (ACTION_MOVE): 0:(-2.0,2.0)
:Sending Trackball (ACTION_MOVE): 0:(3.0,-2.0)
    //[calendar_time:2022-04-28 19:33:42.344  system_uptime:1780195]
    // Sending event #5800
:Sending Trackball (ACTION_UP): 0:(0.0,0.0)
:Sending Touch (ACTION_DOWN): 0:(959.0,565.0)
:Sending Touch (ACTION_UP): 0:(1003.3826,554.9364)
:Sending Trackball (ACTION_MOVE): 0:(1.0,-1.0)
:Sending Touch (ACTION_DOWN): 0:(357.0,1355.0)
:Sending Touch (ACTION_UP): 0:(352.8698,1337.5004)
:Sending Touch (ACTION_DOWN): 0:(920.0,241.0)
:Sending Touch (ACTION_UP): 0:(974.7706,197.22433)
:Sending Trackball (ACTION_MOVE): 0:(-4.0,-3.0)
:Sending Touch (ACTION_DOWN): 0:(806.0,462.0)
:Sending Touch (ACTION_UP): 0:(718.6409,423.25928)
:Sending Touch (ACTION_DOWN): 0:(64.0,1189.0)
:Sending Touch (ACTION_UP): 0:(59.775406,1191.0968)
:Sending Trackball (ACTION_MOVE): 0:(-2.0,2.0)
:Sending Trackball (ACTION_UP): 0:(0.0,0.0)
:Sending Trackball (ACTION_MOVE): 0:(1.0,-3.0)
:Sending Trackball (ACTION_UP): 0:(0.0,0.0)
    //[calendar_time:2022-04-28 19:33:46.432  system_uptime:1784283]
    // Sending event #5900
    //[calendar_time:2022-04-28 19:33:46.640  system_uptime:1784491]
    // Sending event #5900
:Sending Touch (ACTION_DOWN): 0:(110.0,309.0)
:Sending Touch (ACTION_UP): 0:(114.98675,307.07898)
:Sending Trackball (ACTION_MOVE): 0:(3.0,-2.0)
:Sending Trackball (ACTION_UP): 0:(0.0,0.0)
:Sending Touch (ACTION_DOWN): 0:(249.0,312.0)
:Sending Touch (ACTION_UP): 0:(366.70474,356.115)
:Sending Trackball (ACTION_MOVE): 0:(-5.0,-2.0)
:Sending Touch (ACTION_DOWN): 0:(1191.0,956.0)
:Sending Touch (ACTION_UP): 0:(1111.0267,1026.0419)
:Sending Touch (ACTION_DOWN): 0:(368.0,59.0)
:Sending Touch (ACTION_UP): 0:(350.02402,45.5956)
:Sending Touch (ACTION_DOWN): 0:(552.0,754.0)
:Sending Touch (ACTION_UP): 0:(650.9147,809.936)
:Sending Touch (ACTION_DOWN): 0:(798.0,300.0)
    //[calendar_time:2022-04-28 19:33:52.275  system_uptime:1790126]
    // Sending event #6000
:Sending Touch (ACTION_UP): 0:(780.4943,311.01483)
:Sending Touch (ACTION_DOWN): 0:(377.0,1075.0)
:Sending Touch (ACTION_UP): 0:(368.45483,1076.5283)
:Sending Touch (ACTION_DOWN): 0:(251.0,979.0)
:Sending Touch (ACTION_UP): 0:(298.39264,942.35803)
:Sending Trackball (ACTION_MOVE): 0:(-5.0,4.0)
:Sending Touch (ACTION_DOWN): 0:(680.0,1416.0)
:Sending Touch (ACTION_UP): 0:(702.30853,1404.6393)
:Sending Trackball (ACTION_MOVE): 0:(4.0,-4.0)
:Sending Trackball (ACTION_UP): 0:(0.0,0.0)
:Sending Touch (ACTION_DOWN): 0:(142.0,1273.0)
:Sending Touch (ACTION_UP): 0:(118.38748,1223.5215)
:Sending Touch (ACTION_DOWN): 0:(298.0,270.0)
:Sending Touch (ACTION_UP): 0:(302.1228,264.7159)
:Sending Touch (ACTION_DOWN): 0:(999.0,123.0)
:Sending Touch (ACTION_UP): 0:(992.8168,125.23937)
:Sending Touch (ACTION_DOWN): 0:(628.0,614.0)
:Sending Touch (ACTION_UP): 0:(626.92847,611.6858)
:Sending Touch (ACTION_DOWN): 0:(661.0,580.0)
:Sending Touch (ACTION_UP): 0:(662.7936,582.8162)
    //[calendar_time:2022-04-28 19:33:57.975  system_uptime:1795826]
    // Sending event #6100
:Sending Touch (ACTION_DOWN): 0:(96.0,318.0)
:Sending Touch (ACTION_UP): 0:(112.4612,319.37488)
:Sending Trackball (ACTION_MOVE): 0:(-2.0,-1.0)
:Sending Touch (ACTION_DOWN): 0:(320.0,1787.0)
:Sending Touch (ACTION_UP): 0:(316.3899,1792.2535)
:Sending Touch (ACTION_DOWN): 0:(197.0,80.0)
:Sending Touch (ACTION_UP): 0:(128.15414,55.11945)
:Sending Touch (ACTION_DOWN): 0:(59.0,951.0)
:Sending Touch (ACTION_UP): 0:(59.101,947.9835)
:Sending Touch (ACTION_DOWN): 0:(819.0,1570.0)
:Sending Touch (ACTION_UP): 0:(795.62225,1568.2694)
:Sending Touch (ACTION_DOWN): 0:(458.0,1064.0)
:Sending Touch (ACTION_UP): 0:(452.07892,1051.6503)
:Sending Trackball (ACTION_MOVE): 0:(-3.0,-3.0)
:Sending Touch (ACTION_DOWN): 0:(127.0,1481.0)
:Sending Touch (ACTION_UP): 0:(130.03705,1478.7904)
:Sending Touch (ACTION_DOWN): 0:(337.0,1732.0)
:Sending Touch (ACTION_UP): 0:(405.55493,1704.9946)
:Sending Touch (ACTION_DOWN): 0:(949.0,1355.0)
:Sending Touch (ACTION_UP): 0:(943.09814,1357.1486)
:Sending Touch (ACTION_DOWN): 0:(695.0,1017.0)
:Sending Touch (ACTION_UP): 0:(693.03094,1017.9397)
:Sending Trackball (ACTION_MOVE): 0:(-5.0,-5.0)
:Sending Touch (ACTION_DOWN): 0:(977.0,925.0)
:Sending Touch (ACTION_UP): 0:(976.9706,924.8625)
:Sending Touch (ACTION_DOWN): 0:(1104.0,1809.0)
    //[calendar_time:2022-04-28 19:34:03.452  system_uptime:1801304]
    // Sending event #6200
:Sending Touch (ACTION_UP): 0:(1086.7997,1810.8885)
:Sending Touch (ACTION_DOWN): 0:(1111.0,1662.0)
:Sending Touch (ACTION_UP): 0:(1110.3645,1670.5098)
:Sending Touch (ACTION_DOWN): 0:(166.0,516.0)
:Sending Touch (ACTION_UP): 0:(230.24968,513.57294)
:Sending Touch (ACTION_DOWN): 0:(1163.0,1412.0)
:Sending Touch (ACTION_UP): 0:(1140.8756,1421.6522)
:Sending Trackball (ACTION_MOVE): 0:(-4.0,4.0)
:Sending Touch (ACTION_DOWN): 0:(717.0,409.0)
:Sending Touch (ACTION_UP): 0:(713.92865,408.9036)
:Sending Touch (ACTION_DOWN): 0:(1140.0,690.0)
:Sending Touch (ACTION_UP): 0:(1161.9321,711.92523)
:Sending Touch (ACTION_DOWN): 0:(314.0,1488.0)
:Sending Touch (ACTION_UP): 0:(311.96375,1483.9478)
:Sending Touch (ACTION_DOWN): 0:(1052.0,857.0)
:Sending Touch (ACTION_UP): 0:(1073.4667,828.7283)
:Switch: #Intent;action=android.intent.action.MAIN;category=android.intent.category.LAUNCHER;launchFlags=0x10200000;component=net.bible.android.activity/.StartupActivity;end
    // Allowing start of Intent { act=android.intent.action.MAIN cat=[android.intent.category.LAUNCHER] cmp=net.bible.android.activity/.StartupActivity } in package net.bible.android.activity
:Sending Touch (ACTION_DOWN): 0:(1008.0,1548.0)
:Sending Touch (ACTION_UP): 0:(1007.9671,1542.6711)
:Sending Touch (ACTION_DOWN): 0:(513.0,1327.0)
:Sending Touch (ACTION_UP): 0:(509.57278,1331.1095)
:Sending Trackball (ACTION_MOVE): 0:(-1.0,0.0)
:Sending Touch (ACTION_DOWN): 0:(1113.0,1595.0)
    //[calendar_time:2022-04-28 19:34:09.307  system_uptime:1807158]
    // Sending event #6300
:Sending Touch (ACTION_UP): 0:(1088.0077,1605.3948)
:Sending Trackball (ACTION_MOVE): 0:(-5.0,-1.0)
:Sending Touch (ACTION_DOWN): 0:(601.0,1615.0)
:Sending Touch (ACTION_UP): 0:(604.4305,1615.0593)
:Sending Touch (ACTION_DOWN): 0:(958.0,159.0)
:Sending Touch (ACTION_UP): 0:(1002.60944,161.35103)
:Sending Touch (ACTION_DOWN): 0:(1111.0,1614.0)
:Sending Touch (ACTION_UP): 0:(1104.8434,1621.7333)
:Sending Touch (ACTION_DOWN): 0:(328.0,1370.0)
:Sending Touch (ACTION_UP): 0:(335.9795,1384.7595)
:Sending Trackball (ACTION_MOVE): 0:(2.0,3.0)
:Sending Touch (ACTION_DOWN): 0:(1133.0,259.0)
:Sending Touch (ACTION_UP): 0:(1105.6299,256.63608)
:Switch: #Intent;action=android.intent.action.MAIN;category=android.intent.category.LAUNCHER;launchFlags=0x10200000;component=net.bible.android.activity/.StartupActivity;end
    // Allowing start of Intent { act=android.intent.action.MAIN cat=[android.intent.category.LAUNCHER] cmp=net.bible.android.activity/.StartupActivity } in package net.bible.android.activity
:Sending Touch (ACTION_DOWN): 0:(576.0,1633.0)
:Sending Touch (ACTION_UP): 0:(537.2387,1608.8431)
:Sending Touch (ACTION_DOWN): 0:(1072.0,1576.0)
:Sending Touch (ACTION_UP): 0:(1071.59,1579.9178)
:Sending Touch (ACTION_DOWN): 0:(550.0,639.0)
:Sending Touch (ACTION_UP): 0:(504.31152,636.8005)
:Sending Trackball (ACTION_MOVE): 0:(-1.0,-4.0)
:Sending Trackball (ACTION_UP): 0:(0.0,0.0)
:Sending Trackball (ACTION_MOVE): 0:(-3.0,-1.0)
    //[calendar_time:2022-04-28 19:34:14.781  system_uptime:1812632]
    // Sending event #6400
:Sending Touch (ACTION_DOWN): 0:(427.0,1582.0)
:Sending Touch (ACTION_UP): 0:(438.52997,1511.971)
:Sending Touch (ACTION_DOWN): 0:(737.0,777.0)
:Sending Touch (ACTION_UP): 0:(734.0366,776.8369)
:Sending Touch (ACTION_DOWN): 0:(38.0,1569.0)
:Sending Touch (ACTION_UP): 0:(45.223145,1568.4786)
:Sending Touch (ACTION_DOWN): 0:(1158.0,237.0)
:Sending Touch (ACTION_UP): 0:(1156.3734,226.29178)
:Sending Flip keyboardOpen=false
:Sending Touch (ACTION_DOWN): 0:(201.0,1229.0)
:Sending Touch (ACTION_UP): 0:(171.39774,1233.8914)
:Sending Trackball (ACTION_MOVE): 0:(4.0,1.0)
:Sending Touch (ACTION_DOWN): 0:(1154.0,435.0)
:Sending Touch (ACTION_UP): 0:(1119.7614,458.39807)
:Switch: #Intent;action=android.intent.action.MAIN;category=android.intent.category.LAUNCHER;launchFlags=0x10200000;component=net.bible.android.activity/.StartupActivity;end
    // Allowing start of Intent { act=android.intent.action.MAIN cat=[android.intent.category.LAUNCHER] cmp=net.bible.android.activity/.StartupActivity } in package net.bible.android.activity
:Sending Touch (ACTION_DOWN): 0:(955.0,1598.0)
:Sending Touch (ACTION_UP): 0:(945.7786,1592.3015)
:Sending Touch (ACTION_DOWN): 0:(569.0,525.0)
:Sending Touch (ACTION_UP): 0:(553.8195,521.58)
:Switch: #Intent;action=android.intent.action.MAIN;category=android.intent.category.LAUNCHER;launchFlags=0x10200000;component=net.bible.android.activity/.StartupActivity;end
    // Allowing start of Intent { act=android.intent.action.MAIN cat=[android.intent.category.LAUNCHER] cmp=net.bible.android.activity/.StartupActivity } in package net.bible.android.activity
:Sending Touch (ACTION_DOWN): 0:(806.0,1350.0)
:Sending Touch (ACTION_UP): 0:(799.0978,1344.108)
:Sending Touch (ACTION_DOWN): 0:(733.0,357.0)
:Sending Touch (ACTION_UP): 0:(802.7716,483.39087)
:Sending Trackball (ACTION_MOVE): 0:(-3.0,-4.0)
    //[calendar_time:2022-04-28 19:34:21.652  system_uptime:1819503]
    // Sending event #6500
:Sending Trackball (ACTION_UP): 0:(0.0,0.0)
:Sending Touch (ACTION_DOWN): 0:(380.0,226.0)
:Sending Touch (ACTION_UP): 0:(393.69977,224.5268)
:Sending Touch (ACTION_DOWN): 0:(864.0,1130.0)
:Sending Touch (ACTION_UP): 0:(871.75146,1121.0718)
:Sending Trackball (ACTION_MOVE): 0:(-4.0,4.0)
:Sending Touch (ACTION_DOWN): 0:(825.0,419.0)
:Sending Touch (ACTION_UP): 0:(814.357,385.30832)
:Sending Touch (ACTION_DOWN): 0:(397.0,1421.0)
:Sending Touch (ACTION_UP): 0:(420.71072,1398.839)
:Sending Touch (ACTION_DOWN): 0:(982.0,142.0)
:Sending Touch (ACTION_UP): 0:(1031.3113,112.26445)
:Sending Touch (ACTION_DOWN): 0:(976.0,413.0)
:Sending Touch (ACTION_UP): 0:(976.055,413.4184)
:Sending Touch (ACTION_DOWN): 0:(204.0,1815.0)
:Sending Touch (ACTION_UP): 0:(242.92087,1738.3414)
:Sending Touch (ACTION_DOWN): 0:(274.0,420.0)
:Sending Touch (ACTION_UP): 0:(265.84088,403.94)
:Sending Touch (ACTION_DOWN): 0:(272.0,1445.0)
:Sending Touch (ACTION_UP): 0:(279.43527,1435.2382)
:Sending Touch (ACTION_DOWN): 0:(276.0,307.0)
:Sending Touch (ACTION_UP): 0:(275.28516,300.4733)
:Sending Touch (ACTION_DOWN): 0:(1179.0,1017.0)
:Sending Touch (ACTION_UP): 0:(1168.7358,1008.71814)
:Sending Touch (ACTION_DOWN): 0:(864.0,1420.0)
:Sending Touch (ACTION_UP): 0:(848.25415,1480.8323)
:Sending Touch (ACTION_DOWN): 0:(387.0,36.0)
    //[calendar_time:2022-04-28 19:34:28.278  system_uptime:1826129]
    // Sending event #6600
:Sending Touch (ACTION_UP): 0:(330.4605,151.27383)
:Sending Trackball (ACTION_MOVE): 0:(1.0,-2.0)
:Sending Touch (ACTION_DOWN): 0:(879.0,963.0)
:Sending Touch (ACTION_UP): 0:(873.4926,961.41504)
:Sending Trackball (ACTION_MOVE): 0:(-1.0,-1.0)
:Sending Trackball (ACTION_MOVE): 0:(0.0,-2.0)
:Sending Trackball (ACTION_MOVE): 0:(-4.0,-4.0)
:Sending Touch (ACTION_DOWN): 0:(921.0,402.0)
:Sending Touch (ACTION_UP): 0:(911.9462,387.8556)
:Sending Touch (ACTION_DOWN): 0:(17.0,1042.0)
:Sending Touch (ACTION_UP): 0:(35.133488,1039.3427)
:Sending Trackball (ACTION_MOVE): 0:(-3.0,-3.0)
:Sending Touch (ACTION_DOWN): 0:(1043.0,1159.0)
:Sending Touch (ACTION_UP): 0:(1049.1699,1222.9663)
:Sending Touch (ACTION_DOWN): 0:(133.0,1094.0)
    //[calendar_time:2022-04-28 19:34:31.995  system_uptime:1829846]
    // Sending event #6700
:Sending Touch (ACTION_UP): 0:(109.687805,1020.851)
:Sending Touch (ACTION_DOWN): 0:(418.0,918.0)
:Sending Touch (ACTION_UP): 0:(434.00333,906.7706)
:Sending Trackball (ACTION_MOVE): 0:(-3.0,2.0)
:Sending Trackball (ACTION_MOVE): 0:(-1.0,-3.0)
:Sending Touch (ACTION_DOWN): 0:(260.0,523.0)
:Sending Touch (ACTION_UP): 0:(269.5618,533.52136)
:Sending Touch (ACTION_DOWN): 0:(214.0,39.0)
:Sending Touch (ACTION_UP): 0:(215.70872,46.32271)
:Sending Trackball (ACTION_MOVE): 0:(1.0,-4.0)
:Sending Touch (ACTION_DOWN): 0:(856.0,1210.0)
:Sending Touch (ACTION_UP): 0:(879.883,1082.817)
:Sending Trackball (ACTION_MOVE): 0:(3.0,2.0)
:Sending Trackball (ACTION_MOVE): 0:(-1.0,0.0)
    //[calendar_time:2022-04-28 19:34:36.043  system_uptime:1833894]
    // Sending event #6800
:Sending Touch (ACTION_DOWN): 0:(129.0,1100.0)
:Sending Touch (ACTION_UP): 0:(136.56194,1113.0165)
:Sending Touch (ACTION_DOWN): 0:(360.0,1478.0)
:Sending Touch (ACTION_UP): 0:(354.51944,1482.2535)
:Sending Touch (ACTION_DOWN): 0:(686.0,1559.0)
:Sending Touch (ACTION_UP): 0:(690.54156,1541.6877)
:Sending Trackball (ACTION_MOVE): 0:(4.0,-3.0)
:Sending Touch (ACTION_DOWN): 0:(262.0,1219.0)
:Sending Touch (ACTION_UP): 0:(256.2257,1202.2584)
:Sending Trackball (ACTION_MOVE): 0:(4.0,-1.0)
:Sending Touch (ACTION_DOWN): 0:(29.0,414.0)
:Sending Touch (ACTION_UP): 0:(29.047009,417.59747)
:Sending Touch (ACTION_DOWN): 0:(623.0,88.0)
:Sending Touch (ACTION_UP): 0:(731.912,38.00277)
:Sending Trackball (ACTION_MOVE): 0:(-2.0,2.0)
:Sending Touch (ACTION_DOWN): 0:(303.0,443.0)
:Sending Touch (ACTION_UP): 0:(279.8469,452.59607)
:Sending Trackball (ACTION_MOVE): 0:(-5.0,2.0)
:Sending Trackball (ACTION_UP): 0:(0.0,0.0)
:Sending Touch (ACTION_DOWN): 0:(403.0,320.0)
:Sending Touch (ACTION_UP): 0:(419.43228,260.4377)
:Sending Trackball (ACTION_MOVE): 0:(3.0,-2.0)
    //[calendar_time:2022-04-28 19:34:39.683  system_uptime:1837534]
    // Sending event #6900
:Sending Touch (ACTION_DOWN): 0:(597.0,1804.0)
:Sending Touch (ACTION_UP): 0:(599.9838,1801.9814)
:Sending Trackball (ACTION_MOVE): 0:(0.0,3.0)
:Sending Trackball (ACTION_UP): 0:(0.0,0.0)
:Sending Touch (ACTION_DOWN): 0:(1017.0,38.0)
:Sending Touch (ACTION_UP): 0:(970.90094,0.0)
:Sending Trackball (ACTION_MOVE): 0:(2.0,-1.0)
:Sending Trackball (ACTION_MOVE): 0:(2.0,-3.0)
:Sending Trackball (ACTION_MOVE): 0:(0.0,-5.0)
    //[calendar_time:2022-04-28 19:34:44.934  system_uptime:1842785]
    // Sending event #7000
:Sending Trackball (ACTION_MOVE): 0:(3.0,3.0)
// CRASH: net.bible.android.activity (pid 8737)
// Short Msg: java.lang.ClassCastException
// Long Msg: java.lang.ClassCastException: android.widget.HeaderViewListAdapter cannot be cast to androidx.appcompat.view.menu.MenuAdapter
// Build Label: google/sdk_google_phone_x86/generic_x86:7.1.1/NYC/6695155:userdebug/test-keys
// Build Changelist: 6695155
// Build Time: 1595288234000
// java.lang.ClassCastException: android.widget.HeaderViewListAdapter cannot be cast to androidx.appcompat.view.menu.MenuAdapter
// 	at androidx.appcompat.widget.MenuPopupWindow$MenuDropDownListView.onKeyDown(MenuPopupWindow.java:175)
// 	at android.view.KeyEvent.dispatch(KeyEvent.java:2688)
// 	at android.view.View.dispatchKeyEvent(View.java:9960)
// 	at android.view.ViewGroup.dispatchKeyEvent(ViewGroup.java:1625)
// 	at android.widget.ListView.dispatchKeyEvent(ListView.java:2249)
// 	at android.view.ViewGroup.dispatchKeyEvent(ViewGroup.java:1630)
// 	at android.view.ViewGroup.dispatchKeyEvent(ViewGroup.java:1630)
// 	at android.widget.PopupWindow$PopupDecorView.dispatchKeyEvent(PopupWindow.java:2266)
// 	at android.view.ViewRootImpl$ViewPostImeInputStage.processKeyEvent(ViewRootImpl.java:4331)
// 	at android.view.ViewRootImpl$ViewPostImeInputStage.onProcess(ViewRootImpl.java:4302)
// 	at android.view.ViewRootImpl$InputStage.deliver(ViewRootImpl.java:3853)
// 	at android.view.ViewRootImpl$InputStage.onDeliverToNext(ViewRootImpl.java:3906)
// 	at android.view.ViewRootImpl$InputStage.forward(ViewRootImpl.java:3872)
// 	at android.view.ViewRootImpl$AsyncInputStage.forward(ViewRootImpl.java:3999)
// 	at android.view.ViewRootImpl$InputStage.apply(ViewRootImpl.java:3880)
// 	at android.view.ViewRootImpl$AsyncInputStage.apply(ViewRootImpl.java:4056)
// 	at android.view.ViewRootImpl$InputStage.deliver(ViewRootImpl.java:3853)
// 	at android.view.ViewRootImpl$InputStage.onDeliverToNext(ViewRootImpl.java:3906)
// 	at android.view.ViewRootImpl$InputStage.forward(ViewRootImpl.java:3872)
// 	at android.view.ViewRootImpl$InputStage.apply(ViewRootImpl.java:3880)
// 	at android.view.ViewRootImpl$InputStage.deliver(ViewRootImpl.java:3853)
// 	at android.view.ViewRootImpl$InputStage.onDeliverToNext(ViewRootImpl.java:3906)
// 	at android.view.ViewRootImpl$InputStage.forward(ViewRootImpl.java:3872)
// 	at android.view.ViewRootImpl$AsyncInputStage.forward(ViewRootImpl.java:3999)
// 	at android.view.ViewRootImpl$InputStage.apply(ViewRootImpl.java:3880)
// 	at android.view.ViewRootImpl$AsyncInputStage.apply(ViewRootImpl.java:4056)
// 	at android.view.ViewRootImpl$InputStage.deliver(ViewRootImpl.java:3853)
// 	at android.view.ViewRootImpl$InputStage.onDeliverToNext(ViewRootImpl.java:3906)
// 	at android.view.ViewRootImpl$InputStage.forward(ViewRootImpl.java:3872)
// 	at android.view.ViewRootImpl$InputStage.apply(ViewRootImpl.java:3880)
// 	at android.view.ViewRootImpl$InputStage.deliver(ViewRootImpl.java:3853)
// 	at android.view.ViewRootImpl$InputStage.onDeliverToNext(ViewRootImpl.java:3906)
// 	at android.view.ViewRootImpl$InputStage.forward(ViewRootImpl.java:3872)
// 	at android.view.ViewRootImpl$AsyncInputStage.forward(ViewRootImpl.java:3999)
// 	at android.view.ViewRootImpl$InputStage.apply(ViewRootImpl.java:3880)
// 	at android.view.ViewRootImpl$AsyncInputStage.apply(ViewRootImpl.java:4056)
// 	at android.view.ViewRootImpl$InputStage.deliver(ViewRootImpl.java:3853)
// 	at android.view.ViewRootImpl.deliverInputEvent(ViewRootImpl.java:6246)
// 	at android.view.ViewRootImpl.doProcessInputEvents(ViewRootImpl.java:6220)
// 	at android.view.ViewRootImpl.enqueueInputEvent(ViewRootImpl.java:6181)
// 	at android.view.ViewRootImpl$WindowInputEventReceiver.onInputEvent(ViewRootImpl.java:6349)
// 	at android.view.InputEventReceiver.dispatchInputEvent(InputEventReceiver.java:185)
// 	at android.os.MessageQueue.nativePollOnce(Native Method)
// 	at android.os.MessageQueue.next(MessageQueue.java:323)
// 	at android.os.Looper.loop(Looper.java:136)
// 	at android.app.ActivityThread.main(ActivityThread.java:6119)
// 	at java.lang.reflect.Method.invoke(Native Method)
// 	at com.android.internal.os.ZygoteInit$MethodAndArgsCaller.run(ZygoteInit.java:886)
// 	at com.android.internal.os.ZygoteInit.main(ZygoteInit.java:776)
// 
app_crashnet.bible.android.activity_2022-04-28_19_34_46.194_.txt:
// app_crashnet.bible.android.activity_2022-04-28_19_34_46.194_.txt status was 0
    // Allowing start of Intent { act=android.intent.action.MAIN cat=[android.intent.category.LAUNCHER] cmp=net.bible.android.activity/.StartupActivity } in package net.bible.android.activity
:Sending Touch (ACTION_DOWN): 0:(558.0,1019.0)
    // Injection Failed
:Sending Touch (ACTION_UP): 0:(567.1229,1017.34143)
    // Injection Failed
