--------- beginning of main
--------- beginning of system
--------- beginning of crash
05-01 19:22:48.199  6123  6123 W System.err: java.io.FileNotFoundException: /jacoco.exec (Read-only file system)
05-01 19:22:48.199  6123  6123 W System.err: 	at java.io.FileOutputStream.open(Native Method)
05-01 19:22:48.199  6123  6123 W System.err: 	at java.io.FileOutputStream.<init>(FileOutputStream.java:221)
05-01 19:22:48.199  6123  6123 W System.err: 	at org.jacoco.agent.rt.internal_8ff85ea.output.FileOutput.openFile(FileOutput.java:67)
05-01 19:22:48.199  6123  6123 W System.err: 	at org.jacoco.agent.rt.internal_8ff85ea.output.FileOutput.startup(FileOutput.java:49)
05-01 19:22:48.199  6123  6123 W System.err: 	at org.jacoco.agent.rt.internal_8ff85ea.Agent.startup(Agent.java:122)
05-01 19:22:48.199  6123  6123 W System.err: 	at org.jacoco.agent.rt.internal_8ff85ea.Agent.getInstance(Agent.java:50)
05-01 19:22:48.199  6123  6123 W System.err: 	at org.jacoco.agent.rt.internal_8ff85ea.Offline.<clinit>(Offline.java:31)
05-01 19:22:48.199  6123  6123 W System.err: 	at org.jacoco.agent.rt.internal_8ff85ea.Offline.getProbes(Offline.java:51)
05-01 19:22:48.199  6123  6123 W System.err: 	at net.bible.android.BibleApplication.$jacocoInit(BibleApplication.kt)
05-01 19:22:48.199  6123  6123 W System.err: 	at net.bible.android.BibleApplication.<clinit>(BibleApplication.kt)
05-01 19:22:48.199  6123  6123 W System.err: 	at java.lang.Class.newInstance(Native Method)
05-01 19:22:48.199  6123  6123 W System.err: 	at android.app.Instrumentation.newApplication(Instrumentation.java:1007)
05-01 19:22:48.199  6123  6123 W System.err: 	at android.app.Instrumentation.newApplication(Instrumentation.java:992)
05-01 19:22:48.199  6123  6123 W System.err: 	at android.app.LoadedApk.makeApplication(LoadedApk.java:796)
05-01 19:22:48.199  6123  6123 W System.err: 	at android.app.ActivityThread.handleBindApplication(ActivityThread.java:5377)
05-01 19:22:48.199  6123  6123 W System.err: 	at android.app.ActivityThread.-wrap2(ActivityThread.java)
05-01 19:22:48.199  6123  6123 W System.err: 	at android.app.ActivityThread$H.handleMessage(ActivityThread.java:1545)
05-01 19:22:48.199  6123  6123 W System.err: 	at android.os.Handler.dispatchMessage(Handler.java:102)
05-01 19:22:48.199  6123  6123 W System.err: 	at android.os.Looper.loop(Looper.java:154)
05-01 19:22:48.199  6123  6123 W System.err: 	at android.app.ActivityThread.main(ActivityThread.java:6119)
05-01 19:22:48.199  6123  6123 W System.err: 	at java.lang.reflect.Method.invoke(Native Method)
05-01 19:22:48.199  6123  6123 W System.err: 	at com.android.internal.os.ZygoteInit$MethodAndArgsCaller.run(ZygoteInit.java:886)
05-01 19:22:48.199  6123  6123 W System.err: 	at com.android.internal.os.ZygoteInit.main(ZygoteInit.java:776)
05-01 19:22:51.308  6123  6154 W System.err: java.io.FileNotFoundException: /jacoco.exec (Read-only file system)
05-01 19:22:51.308  6123  6154 W System.err: 	at java.io.FileOutputStream.open(Native Method)
05-01 19:22:51.308  6123  6154 W System.err: 	at java.io.FileOutputStream.<init>(FileOutputStream.java:221)
05-01 19:22:51.308  6123  6154 W System.err: 	at org.jacoco.agent.rt.internal_8ff85ea.output.FileOutput.openFile(FileOutput.java:67)
05-01 19:22:51.308  6123  6154 W System.err: 	at org.jacoco.agent.rt.internal_8ff85ea.output.FileOutput.writeExecutionData(FileOutput.java:53)
05-01 19:22:51.308  6123  6154 W System.err: 	at org.jacoco.agent.rt.internal_8ff85ea.Agent.shutdown(Agent.java:137)
05-01 19:22:51.308  6123  6154 W System.err: 	at org.jacoco.agent.rt.internal_8ff85ea.Agent$1.run(Agent.java:54)
05-01 19:22:51.943  6155  6155 W System.err: java.io.FileNotFoundException: /jacoco.exec (Read-only file system)
05-01 19:22:51.943  6155  6155 W System.err: 	at java.io.FileOutputStream.open(Native Method)
05-01 19:22:51.943  6155  6155 W System.err: 	at java.io.FileOutputStream.<init>(FileOutputStream.java:221)
05-01 19:22:51.943  6155  6155 W System.err: 	at org.jacoco.agent.rt.internal_8ff85ea.output.FileOutput.openFile(FileOutput.java:67)
05-01 19:22:51.943  6155  6155 W System.err: 	at org.jacoco.agent.rt.internal_8ff85ea.output.FileOutput.startup(FileOutput.java:49)
05-01 19:22:51.943  6155  6155 W System.err: 	at org.jacoco.agent.rt.internal_8ff85ea.Agent.startup(Agent.java:122)
05-01 19:22:51.943  6155  6155 W System.err: 	at org.jacoco.agent.rt.internal_8ff85ea.Agent.getInstance(Agent.java:50)
05-01 19:22:51.943  6155  6155 W System.err: 	at org.jacoco.agent.rt.internal_8ff85ea.Offline.<clinit>(Offline.java:31)
05-01 19:22:51.943  6155  6155 W System.err: 	at org.jacoco.agent.rt.internal_8ff85ea.Offline.getProbes(Offline.java:51)
05-01 19:22:51.943  6155  6155 W System.err: 	at net.bible.android.BibleApplication.$jacocoInit(BibleApplication.kt)
05-01 19:22:51.943  6155  6155 W System.err: 	at net.bible.android.BibleApplication.<clinit>(BibleApplication.kt)
05-01 19:22:51.943  6155  6155 W System.err: 	at java.lang.Class.newInstance(Native Method)
05-01 19:22:51.943  6155  6155 W System.err: 	at android.app.Instrumentation.newApplication(Instrumentation.java:1007)
05-01 19:22:51.943  6155  6155 W System.err: 	at android.app.Instrumentation.newApplication(Instrumentation.java:992)
05-01 19:22:51.943  6155  6155 W System.err: 	at android.app.LoadedApk.makeApplication(LoadedApk.java:796)
05-01 19:22:51.943  6155  6155 W System.err: 	at android.app.ActivityThread.handleBindApplication(ActivityThread.java:5377)
05-01 19:22:51.943  6155  6155 W System.err: 	at android.app.ActivityThread.-wrap2(ActivityThread.java)
05-01 19:22:51.943  6155  6155 W System.err: 	at android.app.ActivityThread$H.handleMessage(ActivityThread.java:1545)
05-01 19:22:51.943  6155  6155 W System.err: 	at android.os.Handler.dispatchMessage(Handler.java:102)
05-01 19:22:51.943  6155  6155 W System.err: 	at android.os.Looper.loop(Looper.java:154)
05-01 19:22:51.943  6155  6155 W System.err: 	at android.app.ActivityThread.main(ActivityThread.java:6119)
05-01 19:22:51.943  6155  6155 W System.err: 	at java.lang.reflect.Method.invoke(Native Method)
05-01 19:22:51.943  6155  6155 W System.err: 	at com.android.internal.os.ZygoteInit$MethodAndArgsCaller.run(ZygoteInit.java:886)
05-01 19:22:51.943  6155  6155 W System.err: 	at com.android.internal.os.ZygoteInit.main(ZygoteInit.java:776)
