--------- beginning of main
--------- beginning of system
05-01 20:34:49.847  6998  6998 W System.err: org.json.JSONException: End of input at character 0 of 
05-01 20:34:49.848  6998  6998 W System.err: 	at org.json.JSONTokener.syntaxError(JSONTokener.java:449)
05-01 20:34:49.848  6998  6998 W System.err: 	at org.json.JSONTokener.nextValue(JSONTokener.java:97)
05-01 20:34:49.848  6998  6998 W System.err: 	at org.json.JSONArray.<init>(JSONArray.java:92)
05-01 20:34:49.848  6998  6998 W System.err: 	at org.json.JSONArray.<init>(JSONArray.java:108)
05-01 20:34:49.848  6998  6998 W System.err: 	at org.mozilla.rocket.util.JsonUtilsKt.toJsonArray(JsonUtils.kt:8)
05-01 20:34:49.848  6998  6998 W System.err: 	at org.mozilla.rocket.home.contenthub.data.ContentHubRepoKt.jsonStringToTypeList(ContentHubRepo.kt:82)
05-01 20:34:49.848  6998  6998 W System.err: 	at org.mozilla.rocket.home.contenthub.data.ContentHubRepoKt.access$jsonStringToTypeList(ContentHubRepo.kt:1)
05-01 20:34:49.848  6998  6998 W System.err: 	at org.mozilla.rocket.home.contenthub.data.ContentHubRepo$getReadTypesLive$1.invoke(ContentHubRepo.kt:47)
05-01 20:34:49.848  6998  6998 W System.err: 	at org.mozilla.rocket.home.contenthub.data.ContentHubRepo$getReadTypesLive$1.invoke(ContentHubRepo.kt:21)
05-01 20:34:49.848  6998  6998 W System.err: 	at org.mozilla.rocket.extension.LiveDataExtensionKt$sam$androidx_arch_core_util_Function$0.apply(LiveDataExtension.kt)
05-01 20:34:49.848  6998  6998 W System.err: 	at androidx.lifecycle.Transformations$1.onChanged(Transformations.java:76)
05-01 20:34:49.849  6998  6998 W System.err: 	at androidx.lifecycle.MediatorLiveData$Source.onChanged(MediatorLiveData.java:152)
05-01 20:34:49.849  6998  6998 W System.err: 	at androidx.lifecycle.LiveData.considerNotify(LiveData.java:131)
05-01 20:34:49.849  6998  6998 W System.err: 	at androidx.lifecycle.LiveData.dispatchingValue(LiveData.java:149)
05-01 20:34:49.849  6998  6998 W System.err: 	at androidx.lifecycle.LiveData.setValue(LiveData.java:307)
05-01 20:34:49.849  6998  6998 W System.err: 	at org.mozilla.rocket.preference.SharedPreferenceLiveData.onActive(SharedPreferenceLiveData.kt:22)
05-01 20:34:49.849  6998  6998 W System.err: 	at androidx.lifecycle.LiveData$ObserverWrapper.activeStateChanged(LiveData.java:437)
05-01 20:34:49.849  6998  6998 W System.err: 	at androidx.lifecycle.LiveData.observeForever(LiveData.java:232)
05-01 20:34:49.849  6998  6998 W System.err: 	at androidx.lifecycle.MediatorLiveData$Source.plug(MediatorLiveData.java:141)
05-01 20:34:49.849  6998  6998 W System.err: 	at androidx.lifecycle.MediatorLiveData.onActive(MediatorLiveData.java:118)
05-01 20:34:49.849  6998  6998 W System.err: 	at androidx.lifecycle.LiveData$ObserverWrapper.activeStateChanged(LiveData.java:437)
05-01 20:34:49.849  6998  6998 W System.err: 	at androidx.lifecycle.LiveData.observeForever(LiveData.java:232)
05-01 20:34:49.849  6998  6998 W System.err: 	at androidx.lifecycle.MediatorLiveData$Source.plug(MediatorLiveData.java:141)
05-01 20:34:49.849  6998  6998 W System.err: 	at androidx.lifecycle.MediatorLiveData.onActive(MediatorLiveData.java:118)
05-01 20:34:49.849  6998  6998 W System.err: 	at androidx.lifecycle.LiveData$ObserverWrapper.activeStateChanged(LiveData.java:437)
05-01 20:34:49.849  6998  6998 W System.err: 	at androidx.lifecycle.LiveData.observeForever(LiveData.java:232)
05-01 20:34:49.849  6998  6998 W System.err: 	at androidx.lifecycle.MediatorLiveData$Source.plug(MediatorLiveData.java:141)
05-01 20:34:49.849  6998  6998 W System.err: 	at androidx.lifecycle.MediatorLiveData.onActive(MediatorLiveData.java:118)
05-01 20:34:49.849  6998  6998 W System.err: 	at androidx.lifecycle.LiveData$ObserverWrapper.activeStateChanged(LiveData.java:437)
05-01 20:34:49.849  6998  6998 W System.err: 	at androidx.lifecycle.LiveData.observeForever(LiveData.java:232)
05-01 20:34:49.849  6998  6998 W System.err: 	at androidx.lifecycle.MediatorLiveData$Source.plug(MediatorLiveData.java:141)
05-01 20:34:49.849  6998  6998 W System.err: 	at androidx.lifecycle.MediatorLiveData.onActive(MediatorLiveData.java:118)
05-01 20:34:49.849  6998  6998 W System.err: 	at androidx.lifecycle.LiveData$ObserverWrapper.activeStateChanged(LiveData.java:437)
05-01 20:34:49.849  6998  6998 W System.err: 	at androidx.lifecycle.LiveData.observeForever(LiveData.java:232)
05-01 20:34:49.849  6998  6998 W System.err: 	at androidx.lifecycle.MediatorLiveData$Source.plug(MediatorLiveData.java:141)
05-01 20:34:49.849  6998  6998 W System.err: 	at androidx.lifecycle.MediatorLiveData.onActive(MediatorLiveData.java:118)
05-01 20:34:49.849  6998  6998 W System.err: 	at androidx.lifecycle.LiveData$ObserverWrapper.activeStateChanged(LiveData.java:437)
05-01 20:34:49.849  6998  6998 W System.err: 	at androidx.lifecycle.LiveData$LifecycleBoundObserver.onStateChanged(LiveData.java:395)
05-01 20:34:49.849  6998  6998 W System.err: 	at androidx.lifecycle.LifecycleRegistry$ObserverWithState.dispatchEvent(LifecycleRegistry.java:361)
05-01 20:34:49.849  6998  6998 W System.err: 	at androidx.lifecycle.LifecycleRegistry.forwardPass(LifecycleRegistry.java:300)
05-01 20:34:49.850  6998  6998 W System.err: 	at androidx.lifecycle.LifecycleRegistry.sync(LifecycleRegistry.java:339)
05-01 20:34:49.850  6998  6998 W System.err: 	at androidx.lifecycle.LifecycleRegistry.moveToState(LifecycleRegistry.java:145)
05-01 20:34:49.850  6998  6998 W System.err: 	at androidx.lifecycle.LifecycleRegistry.handleLifecycleEvent(LifecycleRegistry.java:131)
05-01 20:34:49.850  6998  6998 W System.err: 	at androidx.fragment.app.FragmentViewLifecycleOwner.handleLifecycleEvent(FragmentViewLifecycleOwner.java:51)
05-01 20:34:49.850  6998  6998 W System.err: 	at androidx.fragment.app.Fragment.performStart(Fragment.java:2737)
05-01 20:34:49.850  6998  6998 W System.err: 	at androidx.fragment.app.FragmentStateManager.start(FragmentStateManager.java:365)
05-01 20:34:49.850  6998  6998 W System.err: 	at androidx.fragment.app.FragmentManager.moveToState(FragmentManager.java:1194)
05-01 20:34:49.850  6998  6998 W System.err: 	at androidx.fragment.app.FragmentManager.moveToState(FragmentManager.java:1356)
05-01 20:34:49.850  6998  6998 W System.err: 	at androidx.fragment.app.FragmentManager.moveFragmentToExpectedState(FragmentManager.java:1434)
05-01 20:34:49.850  6998  6998 W System.err: 	at androidx.fragment.app.FragmentManager.moveToState(FragmentManager.java:1497)
05-01 20:34:49.850  6998  6998 W System.err: 	at androidx.fragment.app.FragmentManager.dispatchStateChange(FragmentManager.java:2625)
05-01 20:34:49.850  6998  6998 W System.err: 	at androidx.fragment.app.FragmentManager.dispatchStart(FragmentManager.java:2583)
05-01 20:34:49.850  6998  6998 W System.err: 	at androidx.fragment.app.FragmentController.dispatchStart(FragmentController.java:258)
05-01 20:34:49.850  6998  6998 W System.err: 	at androidx.fragment.app.FragmentActivity.onStart(FragmentActivity.java:550)
05-01 20:34:49.850  6998  6998 W System.err: 	at androidx.appcompat.app.AppCompatActivity.onStart(AppCompatActivity.java:201)
05-01 20:34:49.850  6998  6998 W System.err: 	at org.mozilla.focus.activity.MainActivity.onStart(MainActivity.kt:346)
05-01 20:34:49.850  6998  6998 W System.err: 	at android.app.Instrumentation.callActivityOnStart(Instrumentation.java:1248)
05-01 20:34:49.851  6998  6998 W System.err: 	at android.app.Activity.performStart(Activity.java:6696)
05-01 20:34:49.851  6998  6998 W System.err: 	at android.app.Activity.performRestart(Activity.java:6770)
05-01 20:34:49.851  6998  6998 W System.err: 	at android.app.Activity.performResume(Activity.java:6775)
05-01 20:34:49.851  6998  6998 W System.err: 	at android.app.ActivityThread.performResumeActivity(ActivityThread.java:3406)
05-01 20:34:49.851  6998  6998 W System.err: 	at android.app.ActivityThread.handleResumeActivity(ActivityThread.java:3469)
05-01 20:34:49.851  6998  6998 W System.err: 	at android.app.ActivityThread$H.handleMessage(ActivityThread.java:1527)
05-01 20:34:49.851  6998  6998 W System.err: 	at android.os.Handler.dispatchMessage(Handler.java:102)
05-01 20:34:49.851  6998  6998 W System.err: 	at android.os.Looper.loop(Looper.java:154)
05-01 20:34:49.851  6998  6998 W System.err: 	at android.app.ActivityThread.main(ActivityThread.java:6119)
05-01 20:34:49.851  6998  6998 W System.err: 	at java.lang.reflect.Method.invoke(Native Method)
05-01 20:34:49.851  6998  6998 W System.err: 	at com.android.internal.os.ZygoteInit$MethodAndArgsCaller.run(ZygoteInit.java:886)
05-01 20:34:49.851  6998  6998 W System.err: 	at com.android.internal.os.ZygoteInit.main(ZygoteInit.java:776)
05-01 20:34:53.339  6998  6998 W System.err: org.json.JSONException: End of input at character 0 of 
05-01 20:34:53.339  6998  6998 W System.err: 	at org.json.JSONTokener.syntaxError(JSONTokener.java:449)
05-01 20:34:53.339  6998  6998 W System.err: 	at org.json.JSONTokener.nextValue(JSONTokener.java:97)
05-01 20:34:53.339  6998  6998 W System.err: 	at org.json.JSONArray.<init>(JSONArray.java:92)
05-01 20:34:53.339  6998  6998 W System.err: 	at org.json.JSONArray.<init>(JSONArray.java:108)
05-01 20:34:53.339  6998  6998 W System.err: 	at org.mozilla.focus.utils.AppConfigWrapper.getBottomBarItems(AppConfigWrapper.java:105)
05-01 20:34:53.339  6998  6998 W System.err: 	at org.mozilla.rocket.chrome.BottomBarViewModel.getConfiguredItems(BottomBarViewModel.kt:35)
05-01 20:34:53.339  6998  6998 W System.err: 	at org.mozilla.rocket.chrome.BottomBarViewModel.refresh(BottomBarViewModel.kt:21)
05-01 20:34:53.339  6998  6998 W System.err: 	at org.mozilla.focus.fragment.BrowserFragment$SessionManagerObserver.refreshChrome(BrowserFragment.kt:1427)
05-01 20:34:53.339  6998  6998 W System.err: 	at org.mozilla.focus.fragment.BrowserFragment$SessionManagerObserver.onFocusChanged(BrowserFragment.kt:1380)
05-01 20:34:53.339  6998  6998 W System.err: 	at org.mozilla.rocket.tabs.SessionManager$Notifier$focusTab$2.invoke(SessionManager.kt:497)
05-01 20:34:53.339  6998  6998 W System.err: 	at org.mozilla.rocket.tabs.SessionManager$Notifier$focusTab$2.invoke(SessionManager.kt:443)
05-01 20:34:53.339  6998  6998 W System.err: 	at mozilla.components.support.base.observer.ObserverRegistry.notifyObservers(ObserverRegistry.kt:99)
05-01 20:34:53.339  6998  6998 W System.err: 	at org.mozilla.rocket.tabs.SessionManager.notifyObservers(SessionManager.kt)
05-01 20:34:53.339  6998  6998 W System.err: 	at org.mozilla.rocket.tabs.SessionManager$Notifier.focusTab(SessionManager.kt:497)
05-01 20:34:53.339  6998  6998 W System.err: 	at org.mozilla.rocket.tabs.SessionManager$Notifier.handleMessage(SessionManager.kt:451)
05-01 20:34:53.339  6998  6998 W System.err: 	at android.os.Handler.dispatchMessage(Handler.java:102)
05-01 20:34:53.339  6998  6998 W System.err: 	at android.os.Looper.loop(Looper.java:154)
05-01 20:34:53.339  6998  6998 W System.err: 	at android.app.ActivityThread.main(ActivityThread.java:6119)
05-01 20:34:53.339  6998  6998 W System.err: 	at java.lang.reflect.Method.invoke(Native Method)
05-01 20:34:53.339  6998  6998 W System.err: 	at com.android.internal.os.ZygoteInit$MethodAndArgsCaller.run(ZygoteInit.java:886)
05-01 20:34:53.339  6998  6998 W System.err: 	at com.android.internal.os.ZygoteInit.main(ZygoteInit.java:776)
05-01 20:35:30.412  6998  6998 W System.err: org.json.JSONException: End of input at character 0 of 
05-01 20:35:30.457  6998  6998 W System.err: 	at org.json.JSONTokener.syntaxError(JSONTokener.java:449)
05-01 20:35:30.457  6998  6998 W System.err: 	at org.json.JSONTokener.nextValue(JSONTokener.java:97)
05-01 20:35:30.457  6998  6998 W System.err: 	at org.json.JSONArray.<init>(JSONArray.java:92)
05-01 20:35:30.457  6998  6998 W System.err: 	at org.json.JSONArray.<init>(JSONArray.java:108)
05-01 20:35:30.457  6998  6998 W System.err: 	at org.mozilla.rocket.util.JsonUtilsKt.toJsonArray(JsonUtils.kt:8)
05-01 20:35:30.457  6998  6998 W System.err: 	at org.mozilla.rocket.home.contenthub.data.ContentHubRepoKt.jsonStringToTypeList(ContentHubRepo.kt:82)
05-01 20:35:30.457  6998  6998 W System.err: 	at org.mozilla.rocket.home.contenthub.data.ContentHubRepoKt.access$jsonStringToTypeList(ContentHubRepo.kt:1)
05-01 20:35:30.457  6998  6998 W System.err: 	at org.mozilla.rocket.home.contenthub.data.ContentHubRepo$getReadTypesLive$1.invoke(ContentHubRepo.kt:47)
05-01 20:35:30.457  6998  6998 W System.err: 	at org.mozilla.rocket.home.contenthub.data.ContentHubRepo$getReadTypesLive$1.invoke(ContentHubRepo.kt:21)
05-01 20:35:30.457  6998  6998 W System.err: 	at org.mozilla.rocket.extension.LiveDataExtensionKt$sam$androidx_arch_core_util_Function$0.apply(LiveDataExtension.kt)
05-01 20:35:30.457  6998  6998 W System.err: 	at androidx.lifecycle.Transformations$1.onChanged(Transformations.java:76)
05-01 20:35:30.457  6998  6998 W System.err: 	at androidx.lifecycle.MediatorLiveData$Source.onChanged(MediatorLiveData.java:152)
05-01 20:35:30.457  6998  6998 W System.err: 	at androidx.lifecycle.LiveData.considerNotify(LiveData.java:131)
05-01 20:35:30.457  6998  6998 W System.err: 	at androidx.lifecycle.LiveData.dispatchingValue(LiveData.java:149)
05-01 20:35:30.457  6998  6998 W System.err: 	at androidx.lifecycle.LiveData.setValue(LiveData.java:307)
05-01 20:35:30.457  6998  6998 W System.err: 	at org.mozilla.rocket.preference.SharedPreferenceLiveData.onActive(SharedPreferenceLiveData.kt:22)
05-01 20:35:30.457  6998  6998 W System.err: 	at androidx.lifecycle.LiveData$ObserverWrapper.activeStateChanged(LiveData.java:437)
05-01 20:35:30.457  6998  6998 W System.err: 	at androidx.lifecycle.LiveData.observeForever(LiveData.java:232)
05-01 20:35:30.457  6998  6998 W System.err: 	at androidx.lifecycle.MediatorLiveData$Source.plug(MediatorLiveData.java:141)
05-01 20:35:30.457  6998  6998 W System.err: 	at androidx.lifecycle.MediatorLiveData.onActive(MediatorLiveData.java:118)
05-01 20:35:30.457  6998  6998 W System.err: 	at androidx.lifecycle.LiveData$ObserverWrapper.activeStateChanged(LiveData.java:437)
05-01 20:35:30.457  6998  6998 W System.err: 	at androidx.lifecycle.LiveData.observeForever(LiveData.java:232)
05-01 20:35:30.457  6998  6998 W System.err: 	at androidx.lifecycle.MediatorLiveData$Source.plug(MediatorLiveData.java:141)
05-01 20:35:30.457  6998  6998 W System.err: 	at androidx.lifecycle.MediatorLiveData.onActive(MediatorLiveData.java:118)
05-01 20:35:30.457  6998  6998 W System.err: 	at androidx.lifecycle.LiveData$ObserverWrapper.activeStateChanged(LiveData.java:437)
05-01 20:35:30.457  6998  6998 W System.err: 	at androidx.lifecycle.LiveData.observeForever(LiveData.java:232)
05-01 20:35:30.457  6998  6998 W System.err: 	at androidx.lifecycle.MediatorLiveData$Source.plug(MediatorLiveData.java:141)
05-01 20:35:30.457  6998  6998 W System.err: 	at androidx.lifecycle.MediatorLiveData.onActive(MediatorLiveData.java:118)
05-01 20:35:30.457  6998  6998 W System.err: 	at androidx.lifecycle.LiveData$ObserverWrapper.activeStateChanged(LiveData.java:437)
05-01 20:35:30.457  6998  6998 W System.err: 	at androidx.lifecycle.LiveData.observeForever(LiveData.java:232)
05-01 20:35:30.457  6998  6998 W System.err: 	at androidx.lifecycle.MediatorLiveData$Source.plug(MediatorLiveData.java:141)
05-01 20:35:30.457  6998  6998 W System.err: 	at androidx.lifecycle.MediatorLiveData.onActive(MediatorLiveData.java:118)
05-01 20:35:30.457  6998  6998 W System.err: 	at androidx.lifecycle.LiveData$ObserverWrapper.activeStateChanged(LiveData.java:437)
05-01 20:35:30.457  6998  6998 W System.err: 	at androidx.lifecycle.LiveData.observeForever(LiveData.java:232)
05-01 20:35:30.457  6998  6998 W System.err: 	at androidx.lifecycle.MediatorLiveData$Source.plug(MediatorLiveData.java:141)
05-01 20:35:30.457  6998  6998 W System.err: 	at androidx.lifecycle.MediatorLiveData.onActive(MediatorLiveData.java:118)
05-01 20:35:30.457  6998  6998 W System.err: 	at androidx.lifecycle.LiveData$ObserverWrapper.activeStateChanged(LiveData.java:437)
05-01 20:35:30.457  6998  6998 W System.err: 	at androidx.lifecycle.LiveData$LifecycleBoundObserver.onStateChanged(LiveData.java:395)
05-01 20:35:30.457  6998  6998 W System.err: 	at androidx.lifecycle.LifecycleRegistry$ObserverWithState.dispatchEvent(LifecycleRegistry.java:361)
05-01 20:35:30.457  6998  6998 W System.err: 	at androidx.lifecycle.LifecycleRegistry.forwardPass(LifecycleRegistry.java:300)
05-01 20:35:30.457  6998  6998 W System.err: 	at androidx.lifecycle.LifecycleRegistry.sync(LifecycleRegistry.java:339)
05-01 20:35:30.457  6998  6998 W System.err: 	at androidx.lifecycle.LifecycleRegistry.moveToState(LifecycleRegistry.java:145)
05-01 20:35:30.457  6998  6998 W System.err: 	at androidx.lifecycle.LifecycleRegistry.handleLifecycleEvent(LifecycleRegistry.java:131)
05-01 20:35:30.457  6998  6998 W System.err: 	at androidx.fragment.app.FragmentViewLifecycleOwner.handleLifecycleEvent(FragmentViewLifecycleOwner.java:51)
05-01 20:35:30.458  6998  6998 W System.err: 	at androidx.fragment.app.Fragment.performStart(Fragment.java:2737)
05-01 20:35:30.458  6998  6998 W System.err: 	at androidx.fragment.app.FragmentStateManager.start(FragmentStateManager.java:365)
05-01 20:35:30.458  6998  6998 W System.err: 	at androidx.fragment.app.FragmentManager.moveToState(FragmentManager.java:1194)
05-01 20:35:30.458  6998  6998 W System.err: 	at androidx.fragment.app.FragmentManager.moveToState(FragmentManager.java:1356)
05-01 20:35:30.458  6998  6998 W System.err: 	at androidx.fragment.app.FragmentManager.moveFragmentToExpectedState(FragmentManager.java:1434)
05-01 20:35:30.458  6998  6998 W System.err: 	at androidx.fragment.app.FragmentManager.moveToState(FragmentManager.java:1497)
05-01 20:35:30.458  6998  6998 W System.err: 	at androidx.fragment.app.BackStackRecord.executeOps(BackStackRecord.java:447)
05-01 20:35:30.458  6998  6998 W System.err: 	at androidx.fragment.app.FragmentManager.executeOps(FragmentManager.java:2169)
05-01 20:35:30.458  6998  6998 W System.err: 	at androidx.fragment.app.FragmentManager.executeOpsTogether(FragmentManager.java:1992)
05-01 20:35:30.458  6998  6998 W System.err: 	at androidx.fragment.app.FragmentManager.removeRedundantOperationsAndExecute(FragmentManager.java:1947)
05-01 20:35:30.458  6998  6998 W System.err: 	at androidx.fragment.app.FragmentManager.execPendingActions(FragmentManager.java:1849)
05-01 20:35:30.458  6998  6998 W System.err: 	at androidx.fragment.app.FragmentManager.executePendingTransactions(FragmentManager.java:489)
05-01 20:35:30.458  6998  6998 W System.err: 	at org.mozilla.focus.navigation.TransactionHelper.executePendingTransaction(TransactionHelper.kt:136)
05-01 20:35:30.458  6998  6998 W System.err: 	at org.mozilla.focus.navigation.ScreenNavigator.popToHomeScreen(ScreenNavigator.kt:129)
05-01 20:35:30.458  6998  6998 W System.err: 	at org.mozilla.focus.fragment.BrowserFragment$observeShoppingSearchPromptMessageViewModel$1.onChanged(BrowserFragment.kt:351)
05-01 20:35:30.458  6998  6998 W System.err: 	at org.mozilla.focus.fragment.BrowserFragment$observeShoppingSearchPromptMessageViewModel$1.onChanged(BrowserFragment.kt:134)
05-01 20:35:30.458  6998  6998 W System.err: 	at org.mozilla.rocket.download.SingleLiveEvent$1.onChanged(SingleLiveEvent.java:58)
05-01 20:35:30.458  6998  6998 W System.err: 	at androidx.lifecycle.LiveData.considerNotify(LiveData.java:131)
05-01 20:35:30.458  6998  6998 W System.err: 	at androidx.lifecycle.LiveData.dispatchingValue(LiveData.java:149)
05-01 20:35:30.458  6998  6998 W System.err: 	at androidx.lifecycle.LiveData.setValue(LiveData.java:307)
05-01 20:35:30.458  6998  6998 W System.err: 	at androidx.lifecycle.MutableLiveData.setValue(MutableLiveData.java:50)
05-01 20:35:30.458  6998  6998 W System.err: 	at org.mozilla.rocket.download.SingleLiveEvent.setValue(SingleLiveEvent.java:85)
05-01 20:35:30.458  6998  6998 W System.err: 	at org.mozilla.rocket.download.SingleLiveEvent.call(SingleLiveEvent.java:93)
05-01 20:35:30.458  6998  6998 W System.err: 	at org.mozilla.focus.viewmodel.ShoppingSearchPromptViewModel.onShoppingSearchPromptButtonClicked(ShoppingSearchPromptViewModel.kt:27)
05-01 20:35:30.458  6998  6998 W System.err: 	at org.mozilla.focus.fragment.BrowserFragment$setupShoppingSearchPrompt$2.onClick(BrowserFragment.kt:385)
05-01 20:35:30.458  6998  6998 W System.err: 	at android.view.View.performClick(View.java:5637)
05-01 20:35:30.458  6998  6998 W System.err: 	at android.view.View.onKeyUp(View.java:10661)
05-01 20:35:30.458  6998  6998 W System.err: 	at android.widget.TextView.onKeyUp(TextView.java:6382)
05-01 20:35:30.458  6998  6998 W System.err: 	at android.view.KeyEvent.dispatch(KeyEvent.java:2712)
05-01 20:35:30.458  6998  6998 W System.err: 	at android.view.View.dispatchKeyEvent(View.java:9960)
05-01 20:35:30.458  6998  6998 W System.err: 	at android.view.ViewGroup.dispatchKeyEvent(ViewGroup.java:1630)
05-01 20:35:30.458  6998  6998 W System.err: 	at android.view.ViewGroup.dispatchKeyEvent(ViewGroup.java:1630)
05-01 20:35:30.458  6998  6998 W System.err: 	at android.view.ViewGroup.dispatchKeyEvent(ViewGroup.java:1630)
05-01 20:35:30.458  6998  6998 W System.err: 	at android.view.ViewGroup.dispatchKeyEvent(ViewGroup.java:1630)
05-01 20:35:30.458  6998  6998 W System.err: 	at android.view.ViewGroup.dispatchKeyEvent(ViewGroup.java:1630)
05-01 20:35:30.458  6998  6998 W System.err: 	at android.view.ViewGroup.dispatchKeyEvent(ViewGroup.java:1630)
05-01 20:35:30.458  6998  6998 W System.err: 	at android.view.ViewGroup.dispatchKeyEvent(ViewGroup.java:1630)
05-01 20:35:30.458  6998  6998 W System.err: 	at android.view.ViewGroup.dispatchKeyEvent(ViewGroup.java:1630)
05-01 20:35:30.458  6998  6998 W System.err: 	at android.view.ViewGroup.dispatchKeyEvent(ViewGroup.java:1630)
05-01 20:35:30.458  6998  6998 W System.err: 	at com.android.internal.policy.DecorView.superDispatchKeyEvent(DecorView.java:405)
05-01 20:35:30.458  6998  6998 W System.err: 	at com.android.internal.policy.PhoneWindow.superDispatchKeyEvent(PhoneWindow.java:1798)
05-01 20:35:30.458  6998  6998 W System.err: 	at androidx.core.view.KeyEventDispatcher.activitySuperDispatchKeyEventPre28(KeyEventDispatcher.java:130)
05-01 20:35:30.458  6998  6998 W System.err: 	at androidx.core.view.KeyEventDispatcher.dispatchKeyEvent(KeyEventDispatcher.java:87)
05-01 20:35:30.458  6998  6998 W System.err: 	at androidx.core.app.ComponentActivity.dispatchKeyEvent(ComponentActivity.java:140)
05-01 20:35:30.458  6998  6998 W System.err: 	at androidx.appcompat.app.AppCompatActivity.dispatchKeyEvent(AppCompatActivity.java:558)
05-01 20:35:30.458  6998  6998 W System.err: 	at androidx.appcompat.app.AppCompatActivity.dispatchKeyEvent(Native Method)
05-01 20:35:30.458  6998  6998 W System.err: 	at androidx.appcompat.view.WindowCallbackWrapper.dispatchKeyEvent(WindowCallbackWrapper.java:59)
05-01 20:35:30.458  6998  6998 W System.err: 	at androidx.appcompat.app.AppCompatDelegateImpl$AppCompatWindowCallback.dispatchKeyEvent(AppCompatDelegateImpl.java:2804)
05-01 20:35:30.458  6998  6998 W System.err: 	at com.android.internal.policy.DecorView.dispatchKeyEvent(DecorView.java:319)
05-01 20:35:30.458  6998  6998 W System.err: 	at android.view.ViewRootImpl$ViewPostImeInputStage.processKeyEvent(ViewRootImpl.java:4331)
05-01 20:35:30.458  6998  6998 W System.err: 	at android.view.ViewRootImpl$ViewPostImeInputStage.onProcess(ViewRootImpl.java:4302)
05-01 20:35:30.458  6998  6998 W System.err: 	at android.view.ViewRootImpl$InputStage.deliver(ViewRootImpl.java:3853)
05-01 20:35:30.458  6998  6998 W System.err: 	at android.view.ViewRootImpl$InputStage.onDeliverToNext(ViewRootImpl.java:3906)
05-01 20:35:30.458  6998  6998 W System.err: 	at android.view.ViewRootImpl$InputStage.forward(ViewRootImpl.java:3872)
05-01 20:35:30.458  6998  6998 W System.err: 	at android.view.ViewRootImpl$AsyncInputStage.forward(ViewRootImpl.java:3999)
05-01 20:35:30.458  6998  6998 W System.err: 	at android.view.ViewRootImpl$InputStage.apply(ViewRootImpl.java:3880)
05-01 20:35:30.458  6998  6998 W System.err: 	at android.view.ViewRootImpl$AsyncInputStage.apply(ViewRootImpl.java:4056)
05-01 20:35:30.458  6998  6998 W System.err: 	at android.view.ViewRootImpl$InputStage.deliver(ViewRootImpl.java:3853)
05-01 20:35:30.458  6998  6998 W System.err: 	at android.view.ViewRootImpl$InputStage.onDeliverToNext(ViewRootImpl.java:3906)
05-01 20:35:30.458  6998  6998 W System.err: 	at android.view.ViewRootImpl$InputStage.forward(ViewRootImpl.java:3872)
05-01 20:35:30.458  6998  6998 W System.err: 	at android.view.ViewRootImpl$InputStage.apply(ViewRootImpl.java:3880)
05-01 20:35:30.458  6998  6998 W System.err: 	at android.view.ViewRootImpl$InputStage.deliver(ViewRootImpl.java:3853)
05-01 20:35:30.458  6998  6998 W System.err: 	at android.view.ViewRootImpl$InputStage.onDeliverToNext(ViewRootImpl.java:3906)
05-01 20:35:30.458  6998  6998 W System.err: 	at android.view.ViewRootImpl$InputStage.forward(ViewRootImpl.java:3872)
05-01 20:35:30.458  6998  6998 W System.err: 	at android.view.ViewRootImpl$AsyncInputStage.forward(ViewRootImpl.java:4032)
05-01 20:35:30.458  6998  6998 W System.err: 	at android.view.ViewRootImpl$ImeInputStage.onFinishedInputEvent(ViewRootImpl.java:4193)
05-01 20:35:30.458  6998  6998 W System.err: 	at android.view.inputmethod.InputMethodManager$PendingEvent.run(InputMethodManager.java:2400)
05-01 20:35:30.458  6998  6998 W System.err: 	at android.view.inputmethod.InputMethodManager.invokeFinishedInputEventCallback(InputMethodManager.java:1964)
05-01 20:35:30.458  6998  6998 W System.err: 	at android.view.inputmethod.InputMethodManager.finishedInputEvent(InputMethodManager.java:1955)
05-01 20:35:30.459  6998  6998 W System.err: 	at android.view.inputmethod.InputMethodManager$ImeInputEventSender.onInputEventFinished(InputMethodManager.java:2377)
05-01 20:35:30.459  6998  6998 W System.err: 	at android.view.InputEventSender.dispatchInputEventFinished(InputEventSender.java:141)
05-01 20:35:30.459  6998  6998 W System.err: 	at android.os.MessageQueue.nativePollOnce(Native Method)
05-01 20:35:30.459  6998  6998 W System.err: 	at android.os.MessageQueue.next(MessageQueue.java:323)
05-01 20:35:30.459  6998  6998 W System.err: 	at android.os.Looper.loop(Looper.java:136)
05-01 20:35:30.459  6998  6998 W System.err: 	at android.app.ActivityThread.main(ActivityThread.java:6119)
05-01 20:35:30.459  6998  6998 W System.err: 	at java.lang.reflect.Method.invoke(Native Method)
05-01 20:35:30.459  6998  6998 W System.err: 	at com.android.internal.os.ZygoteInit$MethodAndArgsCaller.run(ZygoteInit.java:886)
05-01 20:35:30.459  6998  6998 W System.err: 	at com.android.internal.os.ZygoteInit.main(ZygoteInit.java:776)
05-01 20:38:15.783  7570  7570 W System.err: java.io.FileNotFoundException: /jacoco.exec (Read-only file system)
05-01 20:38:15.922  7570  7570 W System.err: 	at java.io.FileOutputStream.open(Native Method)
05-01 20:38:15.922  7570  7570 W System.err: 	at java.io.FileOutputStream.<init>(FileOutputStream.java:221)
05-01 20:38:15.922  7570  7570 W System.err: 	at org.jacoco.agent.rt.internal_8ff85ea.output.FileOutput.openFile(FileOutput.java:67)
05-01 20:38:15.922  7570  7570 W System.err: 	at org.jacoco.agent.rt.internal_8ff85ea.output.FileOutput.startup(FileOutput.java:49)
05-01 20:38:15.922  7570  7570 W System.err: 	at org.jacoco.agent.rt.internal_8ff85ea.Agent.startup(Agent.java:122)
05-01 20:38:15.922  7570  7570 W System.err: 	at org.jacoco.agent.rt.internal_8ff85ea.Agent.getInstance(Agent.java:50)
05-01 20:38:15.922  7570  7570 W System.err: 	at org.jacoco.agent.rt.internal_8ff85ea.Offline.<clinit>(Offline.java:31)
05-01 20:38:15.922  7570  7570 W System.err: 	at org.jacoco.agent.rt.internal_8ff85ea.Offline.getProbes(Offline.java:51)
05-01 20:38:15.922  7570  7570 W System.err: 	at org.mozilla.focus.FocusApplication.$jacocoInit(FocusApplication.kt)
05-01 20:38:15.922  7570  7570 W System.err: 	at org.mozilla.focus.FocusApplication.<init>(FocusApplication.kt)
05-01 20:38:15.922  7570  7570 W System.err: 	at java.lang.Class.newInstance(Native Method)
05-01 20:38:15.922  7570  7570 W System.err: 	at android.app.Instrumentation.newApplication(Instrumentation.java:1007)
05-01 20:38:15.922  7570  7570 W System.err: 	at android.app.Instrumentation.newApplication(Instrumentation.java:992)
05-01 20:38:15.922  7570  7570 W System.err: 	at android.app.LoadedApk.makeApplication(LoadedApk.java:796)
05-01 20:38:15.922  7570  7570 W System.err: 	at android.app.ActivityThread.handleBindApplication(ActivityThread.java:5377)
05-01 20:38:15.922  7570  7570 W System.err: 	at android.app.ActivityThread.-wrap2(ActivityThread.java)
05-01 20:38:15.922  7570  7570 W System.err: 	at android.app.ActivityThread$H.handleMessage(ActivityThread.java:1545)
05-01 20:38:15.922  7570  7570 W System.err: 	at android.os.Handler.dispatchMessage(Handler.java:102)
05-01 20:38:15.922  7570  7570 W System.err: 	at android.os.Looper.loop(Looper.java:154)
05-01 20:38:15.922  7570  7570 W System.err: 	at android.app.ActivityThread.main(ActivityThread.java:6119)
05-01 20:38:15.922  7570  7570 W System.err: 	at java.lang.reflect.Method.invoke(Native Method)
05-01 20:38:15.922  7570  7570 W System.err: 	at com.android.internal.os.ZygoteInit$MethodAndArgsCaller.run(ZygoteInit.java:886)
05-01 20:38:15.922  7570  7570 W System.err: 	at com.android.internal.os.ZygoteInit.main(ZygoteInit.java:776)
