:Monkey: seed=1651076572371 count=1000000
:AllowPackage: org.wordpress.android
:IncludeCategory: android.intent.category.LAUNCHER
:IncludeCategory: android.intent.category.MONKEY
// Event percentages:
//   0: 15.306122%
//   1: 10.204082%
//   2: 2.0408163%
//   3: 15.306122%
//   4: -0.0%
//   5: -0.0%
//   6: 25.510204%
//   7: 15.306122%
//   8: -0.0%
//   9: 2.0408163%
//   10: 1.0204082%
//   11: 13.265306%
:Switch: #Intent;action=android.intent.action.MAIN;category=android.intent.category.LAUNCHER;launchFlags=0x10200000;component=org.wordpress.android/.ui.WPLaunchActivity;end
    // Allowing start of Intent { act=android.intent.action.MAIN cat=[android.intent.category.LAUNCHER] cmp=org.wordpress.android/.ui.WPLaunchActivity } in package org.wordpress.android
:Sending Trackball (ACTION_MOVE): 0:(-2.0,1.0)
:Switch: #Intent;action=android.intent.action.MAIN;category=android.intent.category.LAUNCHER;launchFlags=0x10200000;component=org.wordpress.android/.ui.WPLaunchActivity;end
    // Allowing start of Intent { act=android.intent.action.MAIN cat=[android.intent.category.LAUNCHER] cmp=org.wordpress.android/.ui.WPLaunchActivity } in package org.wordpress.android
:Sending Trackball (ACTION_MOVE): 0:(-5.0,-1.0)
:Sending Trackball (ACTION_MOVE): 0:(3.0,-3.0)
:Sending Trackball (ACTION_MOVE): 0:(2.0,3.0)
:Sending Touch (ACTION_DOWN): 0:(843.0,704.0)
:Sending Touch (ACTION_UP): 0:(841.9759,702.6959)
:Switch: #Intent;action=android.intent.action.MAIN;category=android.intent.category.LAUNCHER;launchFlags=0x10200000;component=org.wordpress.android/.ui.WPLaunchActivity;end
    // Allowing start of Intent { act=android.intent.action.MAIN cat=[android.intent.category.LAUNCHER] cmp=org.wordpress.android/.ui.WPLaunchActivity } in package org.wordpress.android
:Sending Touch (ACTION_DOWN): 0:(843.0,411.0)
:Sending Touch (ACTION_UP): 0:(854.1801,405.98932)
:Sending Trackball (ACTION_MOVE): 0:(3.0,-4.0)
:Sending Touch (ACTION_DOWN): 0:(772.0,728.0)
:Sending Touch (ACTION_UP): 0:(758.20807,725.33734)
:Sending Touch (ACTION_DOWN): 0:(911.0,640.0)
:Sending Touch (ACTION_UP): 0:(877.0109,616.3796)
:Sending Touch (ACTION_DOWN): 0:(966.0,220.0)
:Sending Touch (ACTION_UP): 0:(982.562,219.12323)
:Sending Touch (ACTION_DOWN): 0:(551.0,1559.0)
:Sending Touch (ACTION_UP): 0:(549.91406,1552.1184)
:Sending Touch (ACTION_DOWN): 0:(597.0,1792.0)
:Sending Touch (ACTION_UP): 0:(591.8479,1824.0)
    //[calendar_time:2022-04-26 22:15:28.130  system_uptime:524666]
    // Sending event #100
:Switch: #Intent;action=android.intent.action.MAIN;category=android.intent.category.LAUNCHER;launchFlags=0x10200000;component=org.wordpress.android/.ui.WPLaunchActivity;end
    // Allowing start of Intent { act=android.intent.action.MAIN cat=[android.intent.category.LAUNCHER] cmp=org.wordpress.android/.ui.WPLaunchActivity } in package org.wordpress.android
:Sending Touch (ACTION_DOWN): 0:(546.0,1704.0)
:Sending Touch (ACTION_UP): 0:(525.0322,1668.7899)
    // Rejecting start of Intent { act=android.intent.action.VIEW dat=https://wordpress.com/... cmp=android/com.android.internal.app.ResolverActivity } in package android
:Sending Touch (ACTION_DOWN): 0:(308.0,1190.0)
:Sending Touch (ACTION_UP): 0:(378.79547,1336.8733)
:Sending Touch (ACTION_DOWN): 0:(440.0,1060.0)
:Sending Touch (ACTION_UP): 0:(439.6775,1047.7208)
:Sending Trackball (ACTION_MOVE): 0:(3.0,-3.0)
:Sending Touch (ACTION_DOWN): 0:(499.0,968.0)
:Sending Touch (ACTION_UP): 0:(523.8254,1032.4595)
:Sending Trackball (ACTION_MOVE): 0:(1.0,2.0)
:Sending Trackball (ACTION_UP): 0:(0.0,0.0)
:Sending Touch (ACTION_DOWN): 0:(426.0,922.0)
:Sending Touch (ACTION_UP): 0:(409.7654,925.2035)
:Sending Trackball (ACTION_MOVE): 0:(4.0,4.0)
:Sending Touch (ACTION_DOWN): 0:(336.0,748.0)
:Sending Touch (ACTION_UP): 0:(330.38828,740.1712)
:Sending Trackball (ACTION_MOVE): 0:(0.0,3.0)
    //[calendar_time:2022-04-26 22:15:33.356  system_uptime:529891]
    // Sending event #200
:Sending Touch (ACTION_DOWN): 0:(912.0,140.0)
:Sending Touch (ACTION_UP): 0:(913.5986,141.5349)
:Sending Trackball (ACTION_MOVE): 0:(2.0,3.0)
:Sending Trackball (ACTION_MOVE): 0:(4.0,-2.0)
:Sending Trackball (ACTION_UP): 0:(0.0,0.0)
:Sending Touch (ACTION_DOWN): 0:(147.0,996.0)
:Sending Touch (ACTION_UP): 0:(151.8309,995.81366)
:Sending Trackball (ACTION_MOVE): 0:(-4.0,-3.0)
    // Rejecting start of Intent { act=android.intent.action.VIEW dat=https://wordpress.com/... cmp=android/com.android.internal.app.ResolverActivity } in package android
:Sending Touch (ACTION_DOWN): 0:(1021.0,913.0)
:Sending Touch (ACTION_UP): 0:(1029.064,912.5579)
:Sending Touch (ACTION_DOWN): 0:(651.0,1709.0)
:Sending Touch (ACTION_UP): 0:(648.3533,1703.7999)
:Sending Touch (ACTION_DOWN): 0:(1156.0,1771.0)
:Sending Touch (ACTION_UP): 0:(1186.4813,1800.3483)
:Sending Touch (ACTION_DOWN): 0:(827.0,1667.0)
:Sending Touch (ACTION_UP): 0:(824.0579,1646.5483)
:Sending Touch (ACTION_DOWN): 0:(237.0,1483.0)
:Sending Touch (ACTION_UP): 0:(239.4923,1481.3667)
:Sending Trackball (ACTION_MOVE): 0:(-4.0,0.0)
:Sending Touch (ACTION_DOWN): 0:(390.0,1797.0)
:Sending Touch (ACTION_UP): 0:(399.4569,1798.8043)
:Sending Touch (ACTION_DOWN): 0:(280.0,1166.0)
:Sending Touch (ACTION_UP): 0:(266.38593,1159.0715)
:Sending Trackball (ACTION_MOVE): 0:(-2.0,-1.0)
    //[calendar_time:2022-04-26 22:15:38.583  system_uptime:535118]
    // Sending event #300
:Sending Trackball (ACTION_UP): 0:(0.0,0.0)
:Sending Flip keyboardOpen=false
:Sending Flip keyboardOpen=true
:Sending Trackball (ACTION_MOVE): 0:(1.0,3.0)
:Sending Touch (ACTION_DOWN): 0:(402.0,1132.0)
:Sending Touch (ACTION_UP): 0:(404.4262,1124.5767)
:Switch: #Intent;action=android.intent.action.MAIN;category=android.intent.category.LAUNCHER;launchFlags=0x10200000;component=org.wordpress.android/.ui.WPLaunchActivity;end
    // Allowing start of Intent { act=android.intent.action.MAIN cat=[android.intent.category.LAUNCHER] cmp=org.wordpress.android/.ui.WPLaunchActivity } in package org.wordpress.android
:Sending Trackball (ACTION_MOVE): 0:(2.0,-3.0)
:Sending Touch (ACTION_DOWN): 0:(796.0,826.0)
:Sending Touch (ACTION_UP): 0:(703.7517,694.93243)
:Sending Trackball (ACTION_MOVE): 0:(-3.0,-4.0)
:Sending Touch (ACTION_DOWN): 0:(1039.0,1154.0)
:Sending Touch (ACTION_UP): 0:(1039.1544,1170.8159)
:Sending Trackball (ACTION_MOVE): 0:(1.0,-3.0)
:Sending Touch (ACTION_DOWN): 0:(486.0,518.0)
:Sending Touch (ACTION_UP): 0:(493.91837,533.11206)
:Sending Touch (ACTION_DOWN): 0:(1064.0,1468.0)
:Sending Touch (ACTION_UP): 0:(1028.1234,1461.8055)
    //[calendar_time:2022-04-26 22:15:43.881  system_uptime:540417]
    // Sending event #400
:Sending Touch (ACTION_DOWN): 0:(1029.0,1210.0)
:Sending Touch (ACTION_UP): 0:(925.40497,1180.4718)
:Sending Touch (ACTION_DOWN): 0:(1117.0,614.0)
:Sending Touch (ACTION_UP): 0:(1103.9727,622.3244)
:Sending Touch (ACTION_DOWN): 0:(706.0,1056.0)
:Sending Touch (ACTION_UP): 0:(694.7602,1049.7421)
:Sending Touch (ACTION_DOWN): 0:(110.0,855.0)
:Sending Touch (ACTION_UP): 0:(105.66138,839.0133)
:Sending Trackball (ACTION_MOVE): 0:(-5.0,-3.0)
:Sending Touch (ACTION_DOWN): 0:(621.0,1450.0)
:Sending Touch (ACTION_UP): 0:(625.4084,1445.5249)
:Sending Touch (ACTION_DOWN): 0:(416.0,1598.0)
:Sending Touch (ACTION_UP): 0:(398.8186,1531.0703)
:Sending Touch (ACTION_DOWN): 0:(0.0,1710.0)
:Sending Touch (ACTION_UP): 0:(0.0,1705.4789)
:Sending Touch (ACTION_DOWN): 0:(848.0,1397.0)
:Sending Touch (ACTION_UP): 0:(741.84625,1327.9272)
:Sending Trackball (ACTION_MOVE): 0:(0.0,3.0)
:Sending Touch (ACTION_DOWN): 0:(265.0,946.0)
:Sending Touch (ACTION_UP): 0:(265.11588,932.88904)
:Sending Trackball (ACTION_MOVE): 0:(-5.0,-3.0)
:Sending Trackball (ACTION_MOVE): 0:(-5.0,-2.0)
    //[calendar_time:2022-04-26 22:15:48.569  system_uptime:545105]
    // Sending event #500
:Switch: #Intent;action=android.intent.action.MAIN;category=android.intent.category.LAUNCHER;launchFlags=0x10200000;component=org.wordpress.android/.ui.WPLaunchActivity;end
    // Allowing start of Intent { act=android.intent.action.MAIN cat=[android.intent.category.LAUNCHER] cmp=org.wordpress.android/.ui.WPLaunchActivity } in package org.wordpress.android
:Sending Trackball (ACTION_MOVE): 0:(1.0,3.0)
:Sending Trackball (ACTION_MOVE): 0:(-5.0,-4.0)
:Sending Trackball (ACTION_MOVE): 0:(-2.0,-4.0)
:Sending Touch (ACTION_DOWN): 0:(984.0,587.0)
:Sending Touch (ACTION_UP): 0:(981.46497,592.3634)
:Sending Touch (ACTION_DOWN): 0:(769.0,566.0)
:Sending Touch (ACTION_UP): 0:(764.52765,554.385)
:Sending Touch (ACTION_DOWN): 0:(752.0,620.0)
:Sending Touch (ACTION_UP): 0:(737.44775,612.98724)
:Sending Trackball (ACTION_MOVE): 0:(-3.0,-4.0)
:Switch: #Intent;action=android.intent.action.MAIN;category=android.intent.category.LAUNCHER;launchFlags=0x10200000;component=org.wordpress.android/.ui.WPLaunchActivity;end
    // Allowing start of Intent { act=android.intent.action.MAIN cat=[android.intent.category.LAUNCHER] cmp=org.wordpress.android/.ui.WPLaunchActivity } in package org.wordpress.android
:Sending Touch (ACTION_DOWN): 0:(1160.0,251.0)
:Sending Touch (ACTION_UP): 0:(1151.6813,241.60066)
:Sending Touch (ACTION_DOWN): 0:(749.0,1085.0)
:Sending Touch (ACTION_UP): 0:(748.3923,1105.343)
:Sending Touch (ACTION_DOWN): 0:(1091.0,101.0)
:Sending Touch (ACTION_UP): 0:(1091.0164,117.25899)
    //[calendar_time:2022-04-26 22:15:54.305  system_uptime:550840]
    // Sending event #600
:Sending Touch (ACTION_DOWN): 0:(875.0,1062.0)
:Sending Touch (ACTION_UP): 0:(966.903,996.68335)
:Sending Trackball (ACTION_MOVE): 0:(-3.0,-1.0)
:Sending Trackball (ACTION_MOVE): 0:(1.0,-2.0)
:Sending Touch (ACTION_DOWN): 0:(1151.0,774.0)
:Sending Touch (ACTION_UP): 0:(1136.7562,768.06354)
:Sending Touch (ACTION_DOWN): 0:(81.0,63.0)
:Sending Touch (ACTION_UP): 0:(82.06036,64.28105)
:Sending Trackball (ACTION_MOVE): 0:(4.0,-4.0)
:Sending Touch (ACTION_DOWN): 0:(603.0,670.0)
:Sending Touch (ACTION_UP): 0:(605.3958,682.1627)
:Sending Touch (ACTION_DOWN): 0:(502.0,1044.0)
:Sending Touch (ACTION_UP): 0:(471.27258,1048.3253)
:Sending Touch (ACTION_DOWN): 0:(872.0,214.0)
:Sending Touch (ACTION_UP): 0:(932.3008,88.05197)
:Sending Touch (ACTION_DOWN): 0:(463.0,184.0)
:Sending Touch (ACTION_UP): 0:(479.5791,182.23099)
:Sending Touch (ACTION_DOWN): 0:(1193.0,549.0)
:Sending Touch (ACTION_UP): 0:(1186.3622,543.3053)
:Sending Flip keyboardOpen=false
:Switch: #Intent;action=android.intent.action.MAIN;category=android.intent.category.LAUNCHER;launchFlags=0x10200000;component=org.wordpress.android/.ui.WPLaunchActivity;end
    // Allowing start of Intent { act=android.intent.action.MAIN cat=[android.intent.category.LAUNCHER] cmp=org.wordpress.android/.ui.WPLaunchActivity } in package org.wordpress.android
:Sending Trackball (ACTION_MOVE): 0:(-1.0,3.0)
:Sending Trackball (ACTION_UP): 0:(0.0,0.0)
    //[calendar_time:2022-04-26 22:15:59.200  system_uptime:555736]
    // Sending event #700
    //[calendar_time:2022-04-26 22:15:59.401  system_uptime:555936]
    // Sending event #700
:Sending Touch (ACTION_DOWN): 0:(1108.0,842.0)
:Sending Touch (ACTION_UP): 0:(1115.5679,829.5914)
:Sending Touch (ACTION_DOWN): 0:(647.0,519.0)
:Sending Touch (ACTION_UP): 0:(648.21295,525.96094)
:Sending Flip keyboardOpen=true
:Switch: #Intent;action=android.intent.action.MAIN;category=android.intent.category.LAUNCHER;launchFlags=0x10200000;component=org.wordpress.android/.ui.WPLaunchActivity;end
    // Allowing start of Intent { act=android.intent.action.MAIN cat=[android.intent.category.LAUNCHER] cmp=org.wordpress.android/.ui.WPLaunchActivity } in package org.wordpress.android
:Sending Trackball (ACTION_MOVE): 0:(-5.0,4.0)
:Sending Touch (ACTION_DOWN): 0:(767.0,175.0)
:Sending Touch (ACTION_UP): 0:(777.68207,180.80719)
:Sending Touch (ACTION_DOWN): 0:(13.0,326.0)
:Sending Touch (ACTION_UP): 0:(20.35844,376.6879)
:Sending Touch (ACTION_DOWN): 0:(300.0,26.0)
:Sending Touch (ACTION_UP): 0:(280.77637,30.618732)
:Sending Touch (ACTION_DOWN): 0:(91.0,951.0)
:Sending Touch (ACTION_UP): 0:(111.24288,991.4829)
:Sending Touch (ACTION_DOWN): 0:(692.0,404.0)
:Sending Touch (ACTION_UP): 0:(691.2444,404.3325)
:Sending Touch (ACTION_DOWN): 0:(698.0,1048.0)
:Sending Touch (ACTION_UP): 0:(697.1819,1042.4253)
:Sending Trackball (ACTION_MOVE): 0:(-4.0,3.0)
:Sending Touch (ACTION_DOWN): 0:(12.0,1234.0)
:Sending Touch (ACTION_UP): 0:(12.223119,1216.0201)
:Sending Trackball (ACTION_MOVE): 0:(-3.0,-2.0)
:Sending Trackball (ACTION_UP): 0:(0.0,0.0)
    //[calendar_time:2022-04-26 22:16:05.531  system_uptime:562066]
    // Sending event #800
    //[calendar_time:2022-04-26 22:16:05.731  system_uptime:562267]
    // Sending event #800
:Sending Trackball (ACTION_MOVE): 0:(3.0,2.0)
:Sending Touch (ACTION_DOWN): 0:(1051.0,1321.0)
:Sending Touch (ACTION_UP): 0:(1037.9369,1291.947)
:Sending Touch (ACTION_DOWN): 0:(1009.0,1806.0)
:Sending Touch (ACTION_UP): 0:(1023.7996,1723.6123)
:Sending Trackball (ACTION_MOVE): 0:(-3.0,-3.0)
:Sending Touch (ACTION_DOWN): 0:(942.0,871.0)
:Sending Touch (ACTION_UP): 0:(858.03625,946.3813)
:Sending Touch (ACTION_DOWN): 0:(1106.0,298.0)
:Sending Touch (ACTION_UP): 0:(1141.1719,326.5157)
    // Rejecting start of Intent { act=com.google.android.gms.auth.api.credentials.PICKER cmp=com.google.android.gms/.auth.api.credentials.ui.CredentialPickerActivity } in package com.google.android.gms
:Sending Trackball (ACTION_MOVE): 0:(0.0,-2.0)
    // Allowing start of Intent { act=com.google.android.gms.auth.GOOGLE_SIGN_IN pkg=org.wordpress.android cmp=org.wordpress.android/com.google.android.gms.auth.api.signin.internal.SignInHubActivity } in package org.wordpress.android
    // Rejecting start of Intent { act=com.google.android.gms.auth.GOOGLE_SIGN_IN pkg=com.google.android.gms cmp=com.google.android.gms/.auth.api.signin.ui.SignInActivity } in package com.google.android.gms
    // activityResuming(org.wordpress.android)
:Sending Touch (ACTION_DOWN): 0:(152.0,134.0)
:Sending Touch (ACTION_UP): 0:(206.8976,95.040985)
:Sending Touch (ACTION_DOWN): 0:(899.0,1400.0)
:Sending Touch (ACTION_UP): 0:(839.7117,1308.8041)
:Sending Flip keyboardOpen=false
:Sending Trackball (ACTION_MOVE): 0:(1.0,4.0)
:Sending Touch (ACTION_DOWN): 0:(834.0,1798.0)
    //[calendar_time:2022-04-26 22:16:09.317  system_uptime:565852]
    // Sending event #900
:Sending Touch (ACTION_UP): 0:(822.82166,1796.4076)
:Sending Touch (ACTION_DOWN): 0:(1102.0,610.0)
:Sending Touch (ACTION_UP): 0:(1110.0897,605.9559)
:Sending Touch (ACTION_DOWN): 0:(544.0,469.0)
:Sending Touch (ACTION_UP): 0:(545.2441,453.40103)
:Sending Touch (ACTION_DOWN): 0:(1026.0,1039.0)
:Sending Touch (ACTION_UP): 0:(1026.9636,1041.5818)
:Sending Touch (ACTION_DOWN): 0:(821.0,816.0)
:Sending Touch (ACTION_UP): 0:(800.2066,816.91437)
:Sending Touch (ACTION_DOWN): 0:(115.0,1073.0)
:Sending Touch (ACTION_UP): 0:(110.330925,1077.047)
// CRASH: org.wordpress.android (pid 5824)
// Short Msg: Native crash
// Long Msg: Native crash: Segmentation fault
// Build Label: google/sdk_google_phone_x86/generic_x86:7.1.1/NYC/6695155:userdebug/test-keys
// Build Changelist: 6695155
// Build Time: 1595288234000
// *** *** *** *** *** *** *** *** *** *** *** *** *** *** *** ***
// Build fingerprint: 'google/sdk_google_phone_x86/generic_x86:7.1.1/NYC/6695155:userdebug/test-keys'
// Revision: '0'
// ABI: 'x86'
// pid: 5824, tid: 5824, name: rdpress.android  >>> org.wordpress.android <<<
// signal 11 (SIGSEGV), code 1 (SEGV_MAPERR), fault addr 0x6
// Abort message: 'art/runtime/thread.cc:2600] Check failed: exception != nullptr '
//     eax 00000002  ebx a81fbb74  ecx 00080100  edx bfc64d64
//     esi a828b400  edi 00000002
//     xcs 00000073  xds 0000007b  xes 0000007b  xfs 0000003b  xss 0000007b
//     eip a812b971  ebp bfc66208  esp bfc661a0  flags 00010286
// 
// backtrace:
//     #00 pc 0066b971  /system/lib/libart.so (_ZN3artL12GoToRunnableEPNS_6ThreadE+49)
//     #01 pc 0066bffc  /system/lib/libart.so (_ZN3art19GenericJniMethodEndEPNS_6ThreadEj6jvalueyPNS_9ArtMethodEPNS_11HandleScopeE+44)
//     #02 pc 0067172c  /system/lib/libart.so (artQuickGenericJniEndTrampoline+108)
//     #03 pc 0010f2eb  /system/lib/libart.so (art_quick_generic_jni_trampoline+91)
//     #04 pc 00025b11  /dev/ashmem/dalvik-jit-code-cache (deleted)
// 
app_crashorg.wordpress.android_2022-04-26_22_16_11.671_.txt:
