:Monkey: seed=1651222268356 count=1000000
:AllowPackage: net.bible.android.activity
:IncludeCategory: android.intent.category.LAUNCHER
:IncludeCategory: android.intent.category.MONKEY
// Event percentages:
//   0: 15.306122%
//   1: 10.204082%
//   2: 2.0408163%
//   3: 15.306122%
//   4: -0.0%
//   5: -0.0%
//   6: 25.510204%
//   7: 15.306122%
//   8: -0.0%
//   9: 2.0408163%
//   10: 1.0204082%
//   11: 13.265306%
:Switch: #Intent;action=android.intent.action.MAIN;category=android.intent.category.LAUNCHER;launchFlags=0x10200000;component=net.bible.android.activity/.StartupActivity;end
    // Allowing start of Intent { act=android.intent.action.MAIN cat=[android.intent.category.LAUNCHER] cmp=net.bible.android.activity/.StartupActivity } in package net.bible.android.activity
:Sending Touch (ACTION_DOWN): 0:(1007.0,609.0)
:Sending Touch (ACTION_UP): 0:(1008.5425,631.5948)
:Sending Flip keyboardOpen=false
:Sending Touch (ACTION_DOWN): 0:(128.0,1764.0)
:Sending Touch (ACTION_UP): 0:(129.44748,1756.4928)
:Sending Touch (ACTION_DOWN): 0:(383.0,736.0)
:Sending Touch (ACTION_UP): 0:(368.36914,701.26)
:Sending Trackball (ACTION_MOVE): 0:(2.0,-5.0)
:Sending Trackball (ACTION_MOVE): 0:(1.0,-4.0)
:Sending Touch (ACTION_DOWN): 0:(764.0,404.0)
:Sending Touch (ACTION_UP): 0:(689.3351,409.9037)
:Sending Touch (ACTION_DOWN): 0:(54.0,1406.0)
:Sending Touch (ACTION_UP): 0:(138.99196,1441.8789)
:Sending Trackball (ACTION_MOVE): 0:(4.0,2.0)
:Sending Touch (ACTION_DOWN): 0:(879.0,1743.0)
:Sending Touch (ACTION_UP): 0:(860.9014,1747.795)
:Sending Touch (ACTION_DOWN): 0:(29.0,167.0)
    //[calendar_time:2022-04-28 20:02:29.818  system_uptime:1644703]
    // Sending event #100
:Sending Touch (ACTION_UP): 0:(54.63407,160.24384)
:Sending Touch (ACTION_DOWN): 0:(857.0,562.0)
:Sending Touch (ACTION_UP): 0:(867.1317,559.571)
:Sending Touch (ACTION_DOWN): 0:(772.0,30.0)
:Sending Touch (ACTION_UP): 0:(781.3619,29.660734)
:Sending Touch (ACTION_DOWN): 0:(897.0,1297.0)
:Sending Touch (ACTION_UP): 0:(907.5733,1297.0406)
:Sending Touch (ACTION_DOWN): 0:(254.0,746.0)
:Sending Touch (ACTION_UP): 0:(270.2497,738.46185)
:Sending Trackball (ACTION_MOVE): 0:(-1.0,-2.0)
:Sending Touch (ACTION_DOWN): 0:(493.0,208.0)
:Sending Touch (ACTION_UP): 0:(493.13037,208.82014)
:Switch: #Intent;action=android.intent.action.MAIN;category=android.intent.category.LAUNCHER;launchFlags=0x10200000;component=net.bible.android.activity/.StartupActivity;end
    // Allowing start of Intent { act=android.intent.action.MAIN cat=[android.intent.category.LAUNCHER] cmp=net.bible.android.activity/.StartupActivity } in package net.bible.android.activity
:Sending Touch (ACTION_DOWN): 0:(535.0,1645.0)
:Sending Touch (ACTION_UP): 0:(536.92084,1634.6484)
:Sending Trackball (ACTION_MOVE): 0:(-4.0,-5.0)
:Sending Touch (ACTION_DOWN): 0:(823.0,761.0)
:Sending Touch (ACTION_UP): 0:(831.3404,756.58453)
:Sending Touch (ACTION_DOWN): 0:(605.0,1197.0)
:Sending Touch (ACTION_UP): 0:(620.98865,1163.7196)
:Sending Touch (ACTION_DOWN): 0:(1126.0,229.0)
:Sending Touch (ACTION_UP): 0:(1164.2266,255.57202)
:Sending Touch (ACTION_DOWN): 0:(124.0,1513.0)
:Sending Touch (ACTION_UP): 0:(118.97632,1524.8722)
:Sending Touch (ACTION_DOWN): 0:(423.0,1732.0)
:Sending Touch (ACTION_UP): 0:(425.4217,1744.5464)
:Switch: #Intent;action=android.intent.action.MAIN;category=android.intent.category.LAUNCHER;launchFlags=0x10200000;component=net.bible.android.activity/.StartupActivity;end
    // Allowing start of Intent { act=android.intent.action.MAIN cat=[android.intent.category.LAUNCHER] cmp=net.bible.android.activity/.StartupActivity } in package net.bible.android.activity
:Sending Touch (ACTION_DOWN): 0:(1052.0,848.0)
    //[calendar_time:2022-04-28 20:02:37.602  system_uptime:1652486]
    // Sending event #200
:Sending Touch (ACTION_UP): 0:(996.29047,916.5823)
:Sending Touch (ACTION_DOWN): 0:(174.0,533.0)
:Sending Touch (ACTION_UP): 0:(136.36319,514.0023)
:Sending Trackball (ACTION_MOVE): 0:(2.0,-5.0)
:Sending Touch (ACTION_DOWN): 0:(92.0,1020.0)
:Sending Touch (ACTION_UP): 0:(1.5284328,1040.1279)
:Switch: #Intent;action=android.intent.action.MAIN;category=android.intent.category.LAUNCHER;launchFlags=0x10200000;component=net.bible.android.activity/.StartupActivity;end
    // Allowing start of Intent { act=android.intent.action.MAIN cat=[android.intent.category.LAUNCHER] cmp=net.bible.android.activity/.StartupActivity } in package net.bible.android.activity
:Sending Touch (ACTION_DOWN): 0:(223.0,204.0)
:Sending Touch (ACTION_UP): 0:(224.51091,216.92052)
:Sending Touch (ACTION_DOWN): 0:(374.0,1074.0)
:Sending Touch (ACTION_UP): 0:(381.02148,1073.8362)
:Sending Touch (ACTION_DOWN): 0:(754.0,961.0)
:Sending Touch (ACTION_UP): 0:(763.4554,959.44556)
:Sending Touch (ACTION_DOWN): 0:(506.0,1150.0)
:Sending Touch (ACTION_UP): 0:(498.62405,1154.2756)
:Sending Trackball (ACTION_MOVE): 0:(-4.0,-3.0)
:Sending Flip keyboardOpen=true
:Sending Touch (ACTION_DOWN): 0:(407.0,1374.0)
:Sending Touch (ACTION_UP): 0:(413.44412,1375.2672)
:Sending Touch (ACTION_DOWN): 0:(963.0,1595.0)
:Sending Touch (ACTION_UP): 0:(997.1777,1554.1624)
:Sending Touch (ACTION_DOWN): 0:(429.0,1234.0)
    //[calendar_time:2022-04-28 20:02:42.770  system_uptime:1657655]
    // Sending event #300
:Sending Touch (ACTION_UP): 0:(427.48117,1243.5015)
:Sending Trackball (ACTION_MOVE): 0:(4.0,0.0)
:Sending Touch (ACTION_DOWN): 0:(1176.0,1126.0)
:Sending Touch (ACTION_UP): 0:(1187.0027,1120.1512)
:Sending Touch (ACTION_DOWN): 0:(365.0,1299.0)
:Sending Touch (ACTION_UP): 0:(358.78955,1264.498)
:Sending Touch (ACTION_DOWN): 0:(278.0,196.0)
:Sending Touch (ACTION_UP): 0:(288.4876,191.82788)
:Sending Touch (ACTION_DOWN): 0:(835.0,1773.0)
:Sending Touch (ACTION_UP): 0:(834.81274,1778.4269)
:Switch: #Intent;action=android.intent.action.MAIN;category=android.intent.category.LAUNCHER;launchFlags=0x10200000;component=net.bible.android.activity/.StartupActivity;end
    // Allowing start of Intent { act=android.intent.action.MAIN cat=[android.intent.category.LAUNCHER] cmp=net.bible.android.activity/.StartupActivity } in package net.bible.android.activity
:Switch: #Intent;action=android.intent.action.MAIN;category=android.intent.category.LAUNCHER;launchFlags=0x10200000;component=net.bible.android.activity/.StartupActivity;end
    // Allowing start of Intent { act=android.intent.action.MAIN cat=[android.intent.category.LAUNCHER] cmp=net.bible.android.activity/.StartupActivity } in package net.bible.android.activity
:Sending Touch (ACTION_DOWN): 0:(844.0,659.0)
:Sending Touch (ACTION_UP): 0:(845.93463,655.3871)
:Sending Touch (ACTION_DOWN): 0:(366.0,1521.0)
:Sending Touch (ACTION_UP): 0:(322.70667,1453.56)
:Sending Trackball (ACTION_MOVE): 0:(1.0,3.0)
:Sending Touch (ACTION_DOWN): 0:(898.0,338.0)
:Sending Touch (ACTION_UP): 0:(887.77686,330.82373)
:Sending Touch (ACTION_DOWN): 0:(1097.0,328.0)
:Sending Touch (ACTION_UP): 0:(1094.4072,329.2684)
:Sending Touch (ACTION_DOWN): 0:(676.0,618.0)
:Sending Touch (ACTION_UP): 0:(705.34625,505.7508)
:Sending Touch (ACTION_DOWN): 0:(900.0,485.0)
:Sending Touch (ACTION_UP): 0:(856.8224,438.66296)
:Sending Touch (ACTION_DOWN): 0:(619.0,529.0)
:Sending Touch (ACTION_UP): 0:(588.5544,525.42346)
:Sending Trackball (ACTION_MOVE): 0:(1.0,3.0)
    //[calendar_time:2022-04-28 20:02:48.424  system_uptime:1663308]
    // Sending event #400
:Sending Flip keyboardOpen=false
:Sending Trackball (ACTION_MOVE): 0:(-5.0,4.0)
:Sending Touch (ACTION_DOWN): 0:(946.0,1394.0)
:Sending Touch (ACTION_UP): 0:(942.25104,1406.0057)
:Sending Touch (ACTION_DOWN): 0:(910.0,522.0)
:Sending Touch (ACTION_UP): 0:(911.58704,524.1077)
:Sending Touch (ACTION_DOWN): 0:(204.0,1646.0)
:Sending Touch (ACTION_UP): 0:(211.50586,1626.099)
:Sending Touch (ACTION_DOWN): 0:(19.0,469.0)
:Sending Touch (ACTION_UP): 0:(9.490992,471.38425)
:Sending Touch (ACTION_DOWN): 0:(1025.0,1227.0)
:Sending Touch (ACTION_UP): 0:(1023.2008,1227.1752)
:Sending Touch (ACTION_DOWN): 0:(1074.0,1254.0)
:Sending Touch (ACTION_UP): 0:(1092.064,1256.523)
:Sending Touch (ACTION_DOWN): 0:(210.0,52.0)
:Sending Touch (ACTION_UP): 0:(221.71301,48.869442)
:Sending Touch (ACTION_DOWN): 0:(447.0,929.0)
:Sending Touch (ACTION_UP): 0:(430.60834,931.2254)
:Sending Touch (ACTION_DOWN): 0:(962.0,453.0)
:Sending Touch (ACTION_UP): 0:(972.0215,459.00156)
:Sending Touch (ACTION_DOWN): 0:(40.0,575.0)
:Sending Touch (ACTION_UP): 0:(48.692238,575.6696)
:Sending Touch (ACTION_DOWN): 0:(804.0,702.0)
:Sending Touch (ACTION_UP): 0:(844.1953,777.1361)
:Sending Trackball (ACTION_MOVE): 0:(-3.0,-4.0)
:Sending Trackball (ACTION_MOVE): 0:(1.0,0.0)
:Sending Trackball (ACTION_UP): 0:(0.0,0.0)
:Sending Flip keyboardOpen=true
:Sending Touch (ACTION_DOWN): 0:(329.0,860.0)
:Sending Touch (ACTION_UP): 0:(337.48477,855.0921)
:Sending Trackball (ACTION_MOVE): 0:(2.0,0.0)
    //[calendar_time:2022-04-28 20:02:54.330  system_uptime:1669215]
    // Sending event #500
:Sending Touch (ACTION_DOWN): 0:(1157.0,995.0)
:Sending Touch (ACTION_UP): 0:(1170.7612,1037.6483)
:Switch: #Intent;action=android.intent.action.MAIN;category=android.intent.category.LAUNCHER;launchFlags=0x10200000;component=net.bible.android.activity/.StartupActivity;end
    // Allowing start of Intent { act=android.intent.action.MAIN cat=[android.intent.category.LAUNCHER] cmp=net.bible.android.activity/.StartupActivity } in package net.bible.android.activity
:Sending Touch (ACTION_DOWN): 0:(754.0,474.0)
:Sending Touch (ACTION_UP): 0:(676.41364,396.7363)
:Sending Touch (ACTION_DOWN): 0:(761.0,1576.0)
:Sending Touch (ACTION_UP): 0:(817.94086,1570.858)
:Sending Trackball (ACTION_MOVE): 0:(-3.0,-5.0)
:Sending Trackball (ACTION_MOVE): 0:(-3.0,4.0)
:Sending Touch (ACTION_DOWN): 0:(594.0,705.0)
:Sending Touch (ACTION_UP): 0:(569.05585,713.4978)
:Sending Touch (ACTION_DOWN): 0:(889.0,563.0)
:Sending Touch (ACTION_UP): 0:(907.8725,602.7086)
:Sending Touch (ACTION_DOWN): 0:(7.0,1434.0)
:Sending Touch (ACTION_UP): 0:(26.275007,1426.4458)
:Sending Trackball (ACTION_MOVE): 0:(0.0,-2.0)
:Sending Touch (ACTION_DOWN): 0:(1063.0,463.0)
:Sending Touch (ACTION_UP): 0:(1065.0068,471.24548)
:Sending Touch (ACTION_DOWN): 0:(752.0,1301.0)
:Sending Touch (ACTION_UP): 0:(752.7768,1302.8635)
:Sending Trackball (ACTION_MOVE): 0:(-3.0,-1.0)
    //[calendar_time:2022-04-28 20:02:58.804  system_uptime:1673688]
    // Sending event #600
:Sending Touch (ACTION_DOWN): 0:(858.0,535.0)
:Sending Touch (ACTION_UP): 0:(896.72534,626.49084)
:Sending Touch (ACTION_DOWN): 0:(1102.0,292.0)
:Sending Touch (ACTION_UP): 0:(1088.8796,298.53693)
:Sending Touch (ACTION_DOWN): 0:(1138.0,273.0)
:Sending Touch (ACTION_UP): 0:(1128.0663,268.4616)
:Sending Touch (ACTION_DOWN): 0:(314.0,570.0)
:Sending Touch (ACTION_UP): 0:(312.8369,567.28534)
:Sending Trackball (ACTION_MOVE): 0:(-4.0,-4.0)
:Sending Touch (ACTION_DOWN): 0:(302.0,1158.0)
:Sending Touch (ACTION_UP): 0:(263.96494,1234.8074)
:Sending Touch (ACTION_DOWN): 0:(582.0,513.0)
:Sending Touch (ACTION_UP): 0:(581.8311,520.2486)
:Sending Touch (ACTION_DOWN): 0:(863.0,1007.0)
:Sending Touch (ACTION_UP): 0:(839.8132,1063.2135)
:Sending Touch (ACTION_DOWN): 0:(444.0,1674.0)
:Sending Touch (ACTION_UP): 0:(495.4474,1598.4691)
:Sending Touch (ACTION_DOWN): 0:(1087.0,1743.0)
:Sending Touch (ACTION_UP): 0:(1087.8868,1741.9867)
:Sending Touch (ACTION_DOWN): 0:(271.0,1391.0)
:Sending Touch (ACTION_UP): 0:(318.1883,1381.4497)
:Sending Trackball (ACTION_MOVE): 0:(-4.0,0.0)
    //[calendar_time:2022-04-28 20:03:05.699  system_uptime:1680583]
    // Sending event #700
:Sending Trackball (ACTION_MOVE): 0:(1.0,3.0)
:Sending Trackball (ACTION_UP): 0:(0.0,0.0)
:Sending Touch (ACTION_DOWN): 0:(947.0,1217.0)
:Sending Touch (ACTION_UP): 0:(940.1168,1216.9261)
:Sending Touch (ACTION_DOWN): 0:(418.0,1380.0)
:Sending Touch (ACTION_UP): 0:(413.2577,1379.2739)
:Sending Trackball (ACTION_MOVE): 0:(-5.0,3.0)
:Switch: #Intent;action=android.intent.action.MAIN;category=android.intent.category.LAUNCHER;launchFlags=0x10200000;component=net.bible.android.activity/.StartupActivity;end
    // Allowing start of Intent { act=android.intent.action.MAIN cat=[android.intent.category.LAUNCHER] cmp=net.bible.android.activity/.StartupActivity } in package net.bible.android.activity
:Sending Trackball (ACTION_MOVE): 0:(-2.0,-1.0)
:Sending Trackball (ACTION_MOVE): 0:(0.0,-1.0)
:Sending Touch (ACTION_DOWN): 0:(1156.0,1556.0)
:Sending Touch (ACTION_UP): 0:(1200.0,1553.601)
:Sending Touch (ACTION_DOWN): 0:(862.0,1191.0)
:Sending Touch (ACTION_UP): 0:(865.4529,1189.5348)
:Sending Touch (ACTION_DOWN): 0:(862.0,1780.0)
:Sending Touch (ACTION_UP): 0:(871.5503,1788.6747)
:Sending Trackball (ACTION_MOVE): 0:(-4.0,2.0)
:Sending Touch (ACTION_DOWN): 0:(844.0,1420.0)
:Sending Touch (ACTION_UP): 0:(849.93054,1412.4011)
:Sending Touch (ACTION_DOWN): 0:(1092.0,1213.0)
    //[calendar_time:2022-04-28 20:03:11.397  system_uptime:1686281]
    // Sending event #800
:Sending Touch (ACTION_UP): 0:(1105.7263,1205.1017)
:Sending Touch (ACTION_DOWN): 0:(1106.0,867.0)
:Sending Touch (ACTION_UP): 0:(1200.0,746.0648)
:Sending Trackball (ACTION_MOVE): 0:(-1.0,-4.0)
:Sending Trackball (ACTION_MOVE): 0:(2.0,-3.0)
:Sending Touch (ACTION_DOWN): 0:(322.0,357.0)
:Sending Touch (ACTION_UP): 0:(285.48022,343.82672)
:Sending Touch (ACTION_DOWN): 0:(816.0,203.0)
:Sending Touch (ACTION_UP): 0:(739.4054,214.05522)
:Sending Touch (ACTION_DOWN): 0:(84.0,1767.0)
:Sending Touch (ACTION_UP): 0:(74.2456,1780.6132)
:Sending Touch (ACTION_DOWN): 0:(1077.0,1129.0)
:Sending Touch (ACTION_UP): 0:(1080.5009,1128.8865)
:Sending Trackball (ACTION_MOVE): 0:(4.0,-2.0)
:Sending Touch (ACTION_DOWN): 0:(892.0,350.0)
:Sending Touch (ACTION_UP): 0:(876.5001,354.89142)
:Sending Trackball (ACTION_MOVE): 0:(4.0,-3.0)
    //[calendar_time:2022-04-28 20:03:16.742  system_uptime:1691626]
    // Sending event #900
:Switch: #Intent;action=android.intent.action.MAIN;category=android.intent.category.LAUNCHER;launchFlags=0x10200000;component=net.bible.android.activity/.StartupActivity;end
    // Allowing start of Intent { act=android.intent.action.MAIN cat=[android.intent.category.LAUNCHER] cmp=net.bible.android.activity/.StartupActivity } in package net.bible.android.activity
:Sending Touch (ACTION_DOWN): 0:(481.0,101.0)
:Sending Touch (ACTION_UP): 0:(482.79666,105.22747)
:Sending Touch (ACTION_DOWN): 0:(142.0,1239.0)
:Sending Touch (ACTION_UP): 0:(208.27591,1278.7797)
:Sending Touch (ACTION_DOWN): 0:(22.0,536.0)
:Sending Touch (ACTION_UP): 0:(0.0,663.59937)
:Sending Touch (ACTION_DOWN): 0:(15.0,934.0)
:Sending Touch (ACTION_UP): 0:(14.803503,931.32025)
:Sending Touch (ACTION_DOWN): 0:(789.0,220.0)
:Sending Touch (ACTION_UP): 0:(790.5483,227.46457)
:Sending Touch (ACTION_DOWN): 0:(206.0,595.0)
:Sending Touch (ACTION_UP): 0:(224.6718,586.23486)
:Sending Trackball (ACTION_MOVE): 0:(2.0,2.0)
:Sending Touch (ACTION_DOWN): 0:(198.0,439.0)
:Sending Touch (ACTION_UP): 0:(197.38693,437.72897)
:Sending Trackball (ACTION_MOVE): 0:(4.0,-1.0)
:Sending Touch (ACTION_DOWN): 0:(288.0,70.0)
:Sending Touch (ACTION_UP): 0:(415.85916,216.31602)
:Sending Trackball (ACTION_MOVE): 0:(2.0,0.0)
    //[calendar_time:2022-04-28 20:03:21.650  system_uptime:1696535]
    // Sending event #1000
:Sending Touch (ACTION_DOWN): 0:(755.0,597.0)
:Sending Touch (ACTION_UP): 0:(754.3992,596.32635)
:Sending Trackball (ACTION_MOVE): 0:(-3.0,0.0)
:Sending Touch (ACTION_DOWN): 0:(1004.0,1516.0)
:Sending Touch (ACTION_UP): 0:(1008.66547,1566.502)
:Sending Touch (ACTION_DOWN): 0:(4.0,183.0)
:Sending Touch (ACTION_UP): 0:(4.107566,182.65211)
:Switch: #Intent;action=android.intent.action.MAIN;category=android.intent.category.LAUNCHER;launchFlags=0x10200000;component=net.bible.android.activity/.StartupActivity;end
    // Allowing start of Intent { act=android.intent.action.MAIN cat=[android.intent.category.LAUNCHER] cmp=net.bible.android.activity/.StartupActivity } in package net.bible.android.activity
:Sending Flip keyboardOpen=false
:Sending Touch (ACTION_DOWN): 0:(655.0,630.0)
:Sending Touch (ACTION_UP): 0:(671.0426,571.74866)
:Sending Touch (ACTION_DOWN): 0:(435.0,1647.0)
:Sending Touch (ACTION_UP): 0:(432.42407,1663.7557)
:Sending Touch (ACTION_DOWN): 0:(401.0,490.0)
:Sending Touch (ACTION_UP): 0:(375.94244,482.5045)
:Sending Touch (ACTION_DOWN): 0:(708.0,288.0)
:Sending Touch (ACTION_UP): 0:(677.0874,342.83862)
:Sending Touch (ACTION_DOWN): 0:(263.0,1520.0)
:Sending Touch (ACTION_UP): 0:(264.99707,1504.2632)
:Sending Touch (ACTION_DOWN): 0:(1052.0,1446.0)
:Sending Touch (ACTION_UP): 0:(998.62103,1435.0876)
:Sending Touch (ACTION_DOWN): 0:(694.0,817.0)
:Sending Touch (ACTION_UP): 0:(720.97485,847.9192)
:Sending Trackball (ACTION_MOVE): 0:(-2.0,1.0)
:Sending Trackball (ACTION_UP): 0:(0.0,0.0)
    //[calendar_time:2022-04-28 20:03:28.048  system_uptime:1702933]
    // Sending event #1100
:Sending Trackball (ACTION_MOVE): 0:(3.0,-4.0)
:Sending Touch (ACTION_DOWN): 0:(841.0,804.0)
:Sending Touch (ACTION_UP): 0:(839.0181,786.22485)
:Sending Touch (ACTION_DOWN): 0:(949.0,962.0)
:Sending Touch (ACTION_UP): 0:(956.7964,964.1692)
:Sending Trackball (ACTION_MOVE): 0:(0.0,2.0)
:Sending Touch (ACTION_DOWN): 0:(614.0,1683.0)
:Sending Touch (ACTION_UP): 0:(726.10223,1761.5156)
:Sending Trackball (ACTION_MOVE): 0:(0.0,3.0)
:Sending Touch (ACTION_DOWN): 0:(1166.0,640.0)
:Sending Touch (ACTION_UP): 0:(1172.5277,651.40234)
:Sending Trackball (ACTION_MOVE): 0:(4.0,-3.0)
:Sending Touch (ACTION_DOWN): 0:(159.0,1197.0)
:Sending Touch (ACTION_UP): 0:(152.09451,1207.5669)
:Sending Touch (ACTION_DOWN): 0:(395.0,1127.0)
:Sending Touch (ACTION_UP): 0:(394.85382,1130.087)
:Sending Trackball (ACTION_MOVE): 0:(-4.0,0.0)
:Sending Touch (ACTION_DOWN): 0:(509.0,572.0)
:Sending Touch (ACTION_UP): 0:(514.968,560.35297)
:Sending Trackball (ACTION_MOVE): 0:(3.0,2.0)
    //[calendar_time:2022-04-28 20:03:31.958  system_uptime:1706842]
    // Sending event #1200
:Sending Trackball (ACTION_MOVE): 0:(-2.0,-2.0)
:Sending Touch (ACTION_DOWN): 0:(119.0,723.0)
:Sending Touch (ACTION_UP): 0:(117.15725,718.67926)
:Sending Touch (ACTION_DOWN): 0:(498.0,1056.0)
:Sending Touch (ACTION_UP): 0:(502.7105,1023.8527)
:Sending Trackball (ACTION_MOVE): 0:(-3.0,-3.0)
:Sending Trackball (ACTION_MOVE): 0:(-5.0,4.0)
:Sending Trackball (ACTION_MOVE): 0:(-2.0,-2.0)
:Sending Touch (ACTION_DOWN): 0:(752.0,1812.0)
:Sending Touch (ACTION_UP): 0:(753.87134,1809.1562)
:Sending Touch (ACTION_DOWN): 0:(392.0,1634.0)
:Sending Touch (ACTION_UP): 0:(407.63617,1665.5737)
:Sending Flip keyboardOpen=true
:Sending Trackball (ACTION_MOVE): 0:(-4.0,-1.0)
:Sending Trackball (ACTION_MOVE): 0:(-5.0,-3.0)
    //[calendar_time:2022-04-28 20:03:36.800  system_uptime:1711684]
    // Sending event #1300
:Sending Trackball (ACTION_MOVE): 0:(4.0,-1.0)
:Sending Trackball (ACTION_MOVE): 0:(4.0,-5.0)
:Sending Trackball (ACTION_MOVE): 0:(-4.0,4.0)
:Sending Trackball (ACTION_UP): 0:(0.0,0.0)
    // Rejecting start of Intent { act=android.intent.action.MAIN cat=[android.intent.category.LAUNCHER] cmp=com.google.android.calendar/com.android.calendar.AllInOneActivity } in package com.google.android.calendar
:Sending Touch (ACTION_DOWN): 0:(217.0,279.0)
:Sending Touch (ACTION_UP): 0:(220.1678,215.8845)
:Sending Touch (ACTION_DOWN): 0:(1174.0,1241.0)
:Sending Touch (ACTION_UP): 0:(1200.0,1270.316)
:Switch: #Intent;action=android.intent.action.MAIN;category=android.intent.category.LAUNCHER;launchFlags=0x10200000;component=net.bible.android.activity/.StartupActivity;end
    // Allowing start of Intent { act=android.intent.action.MAIN cat=[android.intent.category.LAUNCHER] cmp=net.bible.android.activity/.StartupActivity } in package net.bible.android.activity
:Sending Trackball (ACTION_MOVE): 0:(1.0,-2.0)
:Sending Touch (ACTION_DOWN): 0:(767.0,1179.0)
    //[calendar_time:2022-04-28 20:03:41.270  system_uptime:1716155]
    // Sending event #1400
:Sending Touch (ACTION_UP): 0:(768.0835,1167.0857)
:Sending Touch (ACTION_DOWN): 0:(658.0,1031.0)
:Sending Touch (ACTION_UP): 0:(660.2584,1030.0178)
:Sending Touch (ACTION_DOWN): 0:(401.0,280.0)
:Sending Touch (ACTION_UP): 0:(382.178,229.45981)
:Sending Touch (ACTION_DOWN): 0:(866.0,1559.0)
:Sending Touch (ACTION_UP): 0:(811.2198,1541.2156)
:Sending Touch (ACTION_DOWN): 0:(4.0,1646.0)
:Sending Touch (ACTION_UP): 0:(30.232695,1690.2655)
:Sending Touch (ACTION_DOWN): 0:(411.0,242.0)
:Sending Touch (ACTION_UP): 0:(419.06216,240.231)
:Sending Touch (ACTION_DOWN): 0:(1035.0,234.0)
:Sending Touch (ACTION_UP): 0:(1013.2574,234.05971)
:Sending Touch (ACTION_DOWN): 0:(395.0,1634.0)
:Sending Touch (ACTION_UP): 0:(391.7519,1622.413)
:Sending Touch (ACTION_DOWN): 0:(734.0,526.0)
:Sending Touch (ACTION_UP): 0:(624.46436,591.85474)
:Sending Touch (ACTION_DOWN): 0:(730.0,1350.0)
:Sending Touch (ACTION_UP): 0:(753.77136,1316.8177)
:Sending Touch (ACTION_DOWN): 0:(1199.0,1798.0)
:Sending Touch (ACTION_UP): 0:(1200.0,1824.0)
:Sending Trackball (ACTION_MOVE): 0:(-1.0,0.0)
:Sending Touch (ACTION_DOWN): 0:(36.0,1323.0)
:Sending Touch (ACTION_UP): 0:(58.48625,1327.245)
:Sending Trackball (ACTION_MOVE): 0:(-3.0,1.0)
    //[calendar_time:2022-04-28 20:03:47.831  system_uptime:1722715]
    // Sending event #1500
:Sending Trackball (ACTION_MOVE): 0:(1.0,4.0)
:Sending Touch (ACTION_DOWN): 0:(130.0,1546.0)
:Sending Touch (ACTION_UP): 0:(57.849564,1558.1086)
:Sending Touch (ACTION_DOWN): 0:(71.0,135.0)
:Sending Touch (ACTION_UP): 0:(69.55357,115.60051)
:Sending Trackball (ACTION_MOVE): 0:(1.0,-1.0)
:Sending Trackball (ACTION_UP): 0:(0.0,0.0)
:Sending Touch (ACTION_DOWN): 0:(1123.0,1473.0)
:Sending Touch (ACTION_UP): 0:(1128.8168,1471.1353)
:Sending Touch (ACTION_DOWN): 0:(232.0,601.0)
:Sending Touch (ACTION_UP): 0:(232.03726,610.09314)
    // Rejecting start of Intent { act=android.intent.action.MAIN cat=[android.intent.category.LAUNCHER] cmp=com.android.contacts/.activities.PeopleActivity } in package com.android.contacts
:Switch: #Intent;action=android.intent.action.MAIN;category=android.intent.category.LAUNCHER;launchFlags=0x10200000;component=net.bible.android.activity/.StartupActivity;end
    // Allowing start of Intent { act=android.intent.action.MAIN cat=[android.intent.category.LAUNCHER] cmp=net.bible.android.activity/.StartupActivity } in package net.bible.android.activity
:Sending Touch (ACTION_DOWN): 0:(3.0,499.0)
:Sending Touch (ACTION_UP): 0:(9.000986,503.18057)
:Switch: #Intent;action=android.intent.action.MAIN;category=android.intent.category.LAUNCHER;launchFlags=0x10200000;component=net.bible.android.activity/.StartupActivity;end
    // Allowing start of Intent { act=android.intent.action.MAIN cat=[android.intent.category.LAUNCHER] cmp=net.bible.android.activity/.StartupActivity } in package net.bible.android.activity
:Sending Touch (ACTION_DOWN): 0:(45.0,1242.0)
:Sending Touch (ACTION_UP): 0:(45.293343,1243.9541)
:Sending Trackball (ACTION_MOVE): 0:(1.0,3.0)
:Sending Touch (ACTION_DOWN): 0:(379.0,1166.0)
:Sending Touch (ACTION_UP): 0:(368.63812,1167.7653)
    //[calendar_time:2022-04-28 20:03:54.327  system_uptime:1729212]
    // Sending event #1600
:Switch: #Intent;action=android.intent.action.MAIN;category=android.intent.category.LAUNCHER;launchFlags=0x10200000;component=net.bible.android.activity/.StartupActivity;end
    // Allowing start of Intent { act=android.intent.action.MAIN cat=[android.intent.category.LAUNCHER] cmp=net.bible.android.activity/.StartupActivity } in package net.bible.android.activity
:Sending Flip keyboardOpen=false
:Sending Touch (ACTION_DOWN): 0:(605.0,1084.0)
:Sending Touch (ACTION_UP): 0:(599.713,1099.718)
:Sending Touch (ACTION_DOWN): 0:(672.0,663.0)
:Sending Touch (ACTION_UP): 0:(638.18665,641.7578)
:Sending Touch (ACTION_DOWN): 0:(615.0,147.0)
:Sending Touch (ACTION_UP): 0:(620.02234,92.72088)
:Sending Touch (ACTION_DOWN): 0:(1042.0,898.0)
:Sending Touch (ACTION_UP): 0:(1001.8436,929.0172)
:Sending Touch (ACTION_DOWN): 0:(804.0,263.0)
:Sending Touch (ACTION_UP): 0:(806.5369,268.04504)
:Sending Touch (ACTION_DOWN): 0:(909.0,1726.0)
:Sending Touch (ACTION_UP): 0:(904.47424,1726.3618)
:Sending Trackball (ACTION_MOVE): 0:(-5.0,4.0)
:Sending Touch (ACTION_DOWN): 0:(432.0,1029.0)
:Sending Touch (ACTION_UP): 0:(431.3393,1019.2674)
:Sending Trackball (ACTION_MOVE): 0:(4.0,-4.0)
:Sending Touch (ACTION_DOWN): 0:(257.0,227.0)
:Sending Touch (ACTION_UP): 0:(261.60593,291.8807)
:Sending Touch (ACTION_DOWN): 0:(312.0,1251.0)
:Sending Touch (ACTION_UP): 0:(321.13266,1240.7158)
:Sending Trackball (ACTION_MOVE): 0:(0.0,-5.0)
    //[calendar_time:2022-04-28 20:04:00.094  system_uptime:1734979]
    // Sending event #1700
:Sending Touch (ACTION_DOWN): 0:(658.0,1023.0)
:Sending Touch (ACTION_UP): 0:(735.3794,970.47797)
:Sending Trackball (ACTION_MOVE): 0:(-5.0,1.0)
:Sending Trackball (ACTION_MOVE): 0:(-1.0,4.0)
:Sending Touch (ACTION_DOWN): 0:(1165.0,1154.0)
:Sending Touch (ACTION_UP): 0:(1152.4606,1186.2355)
:Switch: #Intent;action=android.intent.action.MAIN;category=android.intent.category.LAUNCHER;launchFlags=0x10200000;component=net.bible.android.activity/.StartupActivity;end
    // Allowing start of Intent { act=android.intent.action.MAIN cat=[android.intent.category.LAUNCHER] cmp=net.bible.android.activity/.StartupActivity } in package net.bible.android.activity
:Sending Touch (ACTION_DOWN): 0:(918.0,1099.0)
:Sending Touch (ACTION_UP): 0:(952.2377,1076.7216)
:Sending Touch (ACTION_DOWN): 0:(589.0,1581.0)
:Sending Touch (ACTION_UP): 0:(578.4577,1577.9467)
:Sending Flip keyboardOpen=true
:Sending Touch (ACTION_DOWN): 0:(874.0,302.0)
:Sending Touch (ACTION_UP): 0:(877.3534,304.25076)
:Sending Touch (ACTION_DOWN): 0:(993.0,1469.0)
:Sending Touch (ACTION_UP): 0:(1005.28894,1503.2446)
:Sending Touch (ACTION_DOWN): 0:(186.0,701.0)
:Sending Touch (ACTION_UP): 0:(260.52505,693.1119)
:Sending Touch (ACTION_DOWN): 0:(781.0,1621.0)
:Sending Touch (ACTION_UP): 0:(880.68884,1640.7233)
:Sending Touch (ACTION_DOWN): 0:(780.0,327.0)
    //[calendar_time:2022-04-28 20:04:04.512  system_uptime:1739396]
    // Sending event #1800
:Sending Touch (ACTION_UP): 0:(802.507,254.65431)
:Sending Touch (ACTION_DOWN): 0:(677.0,1426.0)
:Sending Touch (ACTION_UP): 0:(671.52423,1431.8878)
:Sending Touch (ACTION_DOWN): 0:(739.0,124.0)
:Sending Touch (ACTION_UP): 0:(726.6854,127.52034)
:Switch: #Intent;action=android.intent.action.MAIN;category=android.intent.category.LAUNCHER;launchFlags=0x10200000;component=net.bible.android.activity/.StartupActivity;end
    // Allowing start of Intent { act=android.intent.action.MAIN cat=[android.intent.category.LAUNCHER] cmp=net.bible.android.activity/.StartupActivity } in package net.bible.android.activity
:Sending Touch (ACTION_DOWN): 0:(517.0,1789.0)
:Sending Touch (ACTION_UP): 0:(484.69003,1744.2787)
:Sending Trackball (ACTION_MOVE): 0:(3.0,2.0)
:Switch: #Intent;action=android.intent.action.MAIN;category=android.intent.category.LAUNCHER;launchFlags=0x10200000;component=net.bible.android.activity/.StartupActivity;end
    // Allowing start of Intent { act=android.intent.action.MAIN cat=[android.intent.category.LAUNCHER] cmp=net.bible.android.activity/.StartupActivity } in package net.bible.android.activity
:Sending Touch (ACTION_DOWN): 0:(673.0,983.0)
:Sending Touch (ACTION_UP): 0:(666.51215,988.38245)
:Sending Touch (ACTION_DOWN): 0:(673.0,1251.0)
:Sending Touch (ACTION_UP): 0:(830.695,1318.816)
:Sending Trackball (ACTION_MOVE): 0:(-5.0,0.0)
:Sending Touch (ACTION_DOWN): 0:(1142.0,867.0)
:Sending Touch (ACTION_UP): 0:(1141.4692,882.0593)
:Sending Trackball (ACTION_MOVE): 0:(3.0,0.0)
:Sending Touch (ACTION_DOWN): 0:(945.0,977.0)
:Sending Touch (ACTION_UP): 0:(960.35956,966.1329)
:Sending Trackball (ACTION_MOVE): 0:(2.0,4.0)
    //[calendar_time:2022-04-28 20:04:10.248  system_uptime:1745132]
    // Sending event #1900
:Sending Touch (ACTION_DOWN): 0:(859.0,741.0)
:Sending Touch (ACTION_UP): 0:(828.25775,697.5435)
:Sending Flip keyboardOpen=false
:Sending Touch (ACTION_DOWN): 0:(193.0,1017.0)
:Sending Touch (ACTION_UP): 0:(178.45271,1012.0514)
:Sending Touch (ACTION_DOWN): 0:(733.0,1385.0)
:Sending Touch (ACTION_UP): 0:(741.7486,1365.9729)
:Sending Trackball (ACTION_MOVE): 0:(-5.0,-4.0)
:Sending Touch (ACTION_DOWN): 0:(1104.0,1324.0)
:Sending Touch (ACTION_UP): 0:(1100.0253,1330.4991)
:Sending Touch (ACTION_DOWN): 0:(435.0,1057.0)
:Sending Touch (ACTION_UP): 0:(439.98346,1034.9152)
:Sending Touch (ACTION_DOWN): 0:(1109.0,360.0)
:Sending Touch (ACTION_UP): 0:(1103.7373,352.34827)
:Sending Touch (ACTION_DOWN): 0:(860.0,956.0)
:Sending Touch (ACTION_UP): 0:(858.2867,964.6807)
:Sending Touch (ACTION_DOWN): 0:(880.0,783.0)
:Sending Touch (ACTION_UP): 0:(837.56915,812.6301)
:Sending Trackball (ACTION_MOVE): 0:(4.0,2.0)
:Sending Touch (ACTION_DOWN): 0:(334.0,1256.0)
:Sending Touch (ACTION_UP): 0:(340.10562,1260.2726)
    //[calendar_time:2022-04-28 20:04:17.475  system_uptime:1752360]
    // Sending event #2000
:Sending Trackball (ACTION_MOVE): 0:(-2.0,2.0)
:Sending Trackball (ACTION_UP): 0:(0.0,0.0)
:Sending Trackball (ACTION_MOVE): 0:(4.0,-3.0)
:Sending Touch (ACTION_DOWN): 0:(419.0,1435.0)
:Sending Touch (ACTION_UP): 0:(428.78445,1435.0222)
:Sending Trackball (ACTION_MOVE): 0:(0.0,-1.0)
:Sending Trackball (ACTION_MOVE): 0:(4.0,1.0)
:Sending Trackball (ACTION_MOVE): 0:(2.0,1.0)
:Sending Touch (ACTION_DOWN): 0:(625.0,650.0)
:Sending Touch (ACTION_UP): 0:(612.99774,655.6819)
:Sending Trackball (ACTION_MOVE): 0:(4.0,0.0)
    //[calendar_time:2022-04-28 20:04:22.601  system_uptime:1757486]
    // Sending event #2100
:Sending Trackball (ACTION_MOVE): 0:(1.0,-3.0)
:Sending Touch (ACTION_DOWN): 0:(782.0,51.0)
:Sending Touch (ACTION_UP): 0:(921.02454,114.06768)
:Sending Trackball (ACTION_MOVE): 0:(-2.0,1.0)
:Sending Touch (ACTION_DOWN): 0:(596.0,1158.0)
:Sending Touch (ACTION_UP): 0:(589.42224,1160.9906)
:Sending Touch (ACTION_DOWN): 0:(547.0,1230.0)
:Sending Touch (ACTION_UP): 0:(541.11456,1248.3)
:Sending Trackball (ACTION_MOVE): 0:(-5.0,-5.0)
:Sending Trackball (ACTION_MOVE): 0:(0.0,0.0)
:Sending Touch (ACTION_DOWN): 0:(7.0,544.0)
:Sending Touch (ACTION_UP): 0:(46.05835,517.2618)
:Sending Touch (ACTION_DOWN): 0:(707.0,1453.0)
:Sending Touch (ACTION_UP): 0:(706.4213,1456.2848)
:Sending Touch (ACTION_DOWN): 0:(141.0,351.0)
    //[calendar_time:2022-04-28 20:04:27.349  system_uptime:1762233]
    // Sending event #2200
:Sending Touch (ACTION_UP): 0:(142.02121,351.55997)
:Sending Touch (ACTION_DOWN): 0:(774.0,1061.0)
:Sending Touch (ACTION_UP): 0:(767.0847,1059.0204)
:Sending Trackball (ACTION_MOVE): 0:(4.0,1.0)
:Switch: #Intent;action=android.intent.action.MAIN;category=android.intent.category.LAUNCHER;launchFlags=0x10200000;component=net.bible.android.activity/.StartupActivity;end
    // Allowing start of Intent { act=android.intent.action.MAIN cat=[android.intent.category.LAUNCHER] cmp=net.bible.android.activity/.StartupActivity } in package net.bible.android.activity
:Sending Trackball (ACTION_MOVE): 0:(-5.0,4.0)
:Sending Touch (ACTION_DOWN): 0:(729.0,1232.0)
:Sending Touch (ACTION_UP): 0:(670.2243,1286.3811)
:Sending Touch (ACTION_DOWN): 0:(915.0,1819.0)
:Sending Touch (ACTION_UP): 0:(913.49414,1824.0)
:Sending Touch (ACTION_DOWN): 0:(820.0,60.0)
:Sending Touch (ACTION_UP): 0:(726.762,0.0)
:Sending Touch (ACTION_DOWN): 0:(445.0,1513.0)
:Sending Touch (ACTION_UP): 0:(440.63358,1520.2953)
:Sending Touch (ACTION_DOWN): 0:(932.0,1485.0)
:Sending Touch (ACTION_UP): 0:(933.36926,1488.7014)
:Sending Trackball (ACTION_MOVE): 0:(-4.0,3.0)
:Sending Touch (ACTION_DOWN): 0:(845.0,450.0)
:Sending Touch (ACTION_UP): 0:(808.25366,502.60504)
:Sending Trackball (ACTION_MOVE): 0:(2.0,3.0)
    //[calendar_time:2022-04-28 20:04:30.884  system_uptime:1765768]
    // Sending event #2300
:Sending Flip keyboardOpen=true
:Sending Touch (ACTION_DOWN): 0:(1059.0,1133.0)
:Sending Touch (ACTION_UP): 0:(982.3156,1076.0315)
:Sending Trackball (ACTION_MOVE): 0:(0.0,-5.0)
:Sending Touch (ACTION_DOWN): 0:(941.0,206.0)
:Sending Touch (ACTION_UP): 0:(946.9049,220.96144)
:Sending Trackball (ACTION_MOVE): 0:(-3.0,-1.0)
:Sending Touch (ACTION_DOWN): 0:(605.0,1237.0)
:Sending Touch (ACTION_UP): 0:(609.1612,1235.7292)
:Sending Touch (ACTION_DOWN): 0:(937.0,1243.0)
:Sending Touch (ACTION_UP): 0:(941.8272,1244.2631)
:Sending Touch (ACTION_DOWN): 0:(929.0,438.0)
:Sending Touch (ACTION_UP): 0:(925.1587,431.75903)
:Sending Trackball (ACTION_MOVE): 0:(-5.0,-3.0)
    //[calendar_time:2022-04-28 20:04:38.096  system_uptime:1772980]
    // Sending event #2400
:Sending Touch (ACTION_DOWN): 0:(795.0,571.0)
:Sending Touch (ACTION_UP): 0:(808.8471,577.8742)
:Sending Touch (ACTION_DOWN): 0:(264.0,1714.0)
:Sending Touch (ACTION_UP): 0:(283.57556,1715.5754)
:Sending Touch (ACTION_DOWN): 0:(976.0,239.0)
:Sending Touch (ACTION_UP): 0:(971.4533,244.18956)
:Sending Touch (ACTION_DOWN): 0:(674.0,779.0)
:Sending Touch (ACTION_UP): 0:(674.8542,776.46405)
:Sending Trackball (ACTION_MOVE): 0:(-1.0,2.0)
:Sending Touch (ACTION_DOWN): 0:(744.0,786.0)
:Sending Touch (ACTION_UP): 0:(744.65967,775.6378)
    // Rejecting start of Intent { act=android.intent.action.MAIN cat=[android.intent.category.LAUNCHER] cmp=com.android.chrome/com.google.android.apps.chrome.Main } in package com.android.chrome
:Sending Touch (ACTION_DOWN): 0:(97.0,681.0)
:Sending Touch (ACTION_UP): 0:(104.53203,659.12463)
:Sending Trackball (ACTION_MOVE): 0:(-2.0,4.0)
:Sending Touch (ACTION_DOWN): 0:(15.0,52.0)
:Sending Touch (ACTION_UP): 0:(6.803094,63.299232)
:Sending Touch (ACTION_DOWN): 0:(1103.0,1262.0)
:Sending Touch (ACTION_UP): 0:(1106.8416,1311.382)
:Sending Touch (ACTION_DOWN): 0:(411.0,258.0)
:Sending Touch (ACTION_UP): 0:(392.74173,266.85855)
:Sending Trackball (ACTION_MOVE): 0:(-1.0,4.0)
:Sending Trackball (ACTION_UP): 0:(0.0,0.0)
:Sending Touch (ACTION_DOWN): 0:(237.0,1078.0)
:Sending Touch (ACTION_UP): 0:(238.94249,1091.9338)
:Sending Touch (ACTION_DOWN): 0:(348.0,976.0)
:Sending Touch (ACTION_UP): 0:(330.67432,990.15967)
:Sending Trackball (ACTION_MOVE): 0:(1.0,-1.0)
    //[calendar_time:2022-04-28 20:04:43.715  system_uptime:1778599]
    // Sending event #2500
:Sending Trackball (ACTION_MOVE): 0:(-1.0,1.0)
:Sending Touch (ACTION_DOWN): 0:(836.0,228.0)
:Sending Touch (ACTION_UP): 0:(965.9564,279.9304)
:Sending Touch (ACTION_DOWN): 0:(175.0,181.0)
:Sending Touch (ACTION_UP): 0:(164.83304,175.3275)
:Sending Trackball (ACTION_MOVE): 0:(1.0,-5.0)
:Sending Touch (ACTION_DOWN): 0:(1139.0,1690.0)
:Sending Touch (ACTION_UP): 0:(1143.8367,1681.2875)
:Sending Trackball (ACTION_MOVE): 0:(-2.0,-1.0)
:Sending Trackball (ACTION_MOVE): 0:(1.0,-4.0)
    //[calendar_time:2022-04-28 20:04:48.214  system_uptime:1783099]
    // Sending event #2600
    // activityResuming(net.bible.android.activity)
    // Allowing start of Intent { cmp=net.bible.android.activity/net.bible.android.view.activity.page.MainBibleActivity } in package net.bible.android.activity
    // activityResuming(net.bible.android.activity)
:Sending Trackball (ACTION_MOVE): 0:(-3.0,2.0)
:Sending Touch (ACTION_DOWN): 0:(657.0,60.0)
:Sending Touch (ACTION_UP): 0:(677.7114,60.144238)
:Sending Trackball (ACTION_MOVE): 0:(0.0,1.0)
:Switch: #Intent;action=android.intent.action.MAIN;category=android.intent.category.LAUNCHER;launchFlags=0x10200000;component=net.bible.android.activity/.StartupActivity;end
    // Allowing start of Intent { act=android.intent.action.MAIN cat=[android.intent.category.LAUNCHER] cmp=net.bible.android.activity/.StartupActivity } in package net.bible.android.activity
:Sending Touch (ACTION_DOWN): 0:(690.0,1601.0)
:Sending Touch (ACTION_UP): 0:(676.3012,1581.0046)
:Switch: #Intent;action=android.intent.action.MAIN;category=android.intent.category.LAUNCHER;launchFlags=0x10200000;component=net.bible.android.activity/.StartupActivity;end
    // Allowing start of Intent { act=android.intent.action.MAIN cat=[android.intent.category.LAUNCHER] cmp=net.bible.android.activity/.StartupActivity } in package net.bible.android.activity
:Sending Trackball (ACTION_MOVE): 0:(-1.0,-2.0)
:Sending Touch (ACTION_DOWN): 0:(499.0,1690.0)
:Sending Touch (ACTION_UP): 0:(498.19473,1690.0067)
:Switch: #Intent;action=android.intent.action.MAIN;category=android.intent.category.LAUNCHER;launchFlags=0x10200000;component=net.bible.android.activity/.StartupActivity;end
    // Allowing start of Intent { act=android.intent.action.MAIN cat=[android.intent.category.LAUNCHER] cmp=net.bible.android.activity/.StartupActivity } in package net.bible.android.activity
:Sending Touch (ACTION_DOWN): 0:(1025.0,1237.0)
:Sending Touch (ACTION_UP): 0:(1049.2874,1264.235)
:Sending Touch (ACTION_DOWN): 0:(170.0,840.0)
:Sending Touch (ACTION_UP): 0:(170.03714,848.2287)
:Sending Touch (ACTION_DOWN): 0:(1018.0,1409.0)
:Sending Touch (ACTION_UP): 0:(1015.14905,1390.4882)
:Sending Trackball (ACTION_MOVE): 0:(2.0,2.0)
:Sending Trackball (ACTION_MOVE): 0:(-1.0,-1.0)
:Sending Touch (ACTION_DOWN): 0:(934.0,1632.0)
    //[calendar_time:2022-04-28 20:04:53.835  system_uptime:1788719]
    // Sending event #2700
:Sending Touch (ACTION_UP): 0:(916.5215,1616.1941)
:Sending Touch (ACTION_DOWN): 0:(657.0,1451.0)
:Sending Touch (ACTION_UP): 0:(724.82324,1407.1061)
:Sending Trackball (ACTION_MOVE): 0:(-5.0,4.0)
:Sending Touch (ACTION_DOWN): 0:(773.0,1020.0)
:Sending Touch (ACTION_UP): 0:(761.25635,1012.67096)
:Sending Trackball (ACTION_MOVE): 0:(2.0,4.0)
:Sending Trackball (ACTION_MOVE): 0:(2.0,4.0)
:Sending Trackball (ACTION_MOVE): 0:(-2.0,-1.0)
:Sending Touch (ACTION_DOWN): 0:(31.0,1131.0)
:Sending Touch (ACTION_UP): 0:(24.716993,1197.11)
    // Allowing start of Intent { cmp=net.bible.android.activity/net.bible.android.view.activity.workspaces.WorkspaceSelectorActivity } in package net.bible.android.activity
:Sending Touch (ACTION_DOWN): 0:(511.0,1687.0)
:Sending Touch (ACTION_UP): 0:(511.36133,1695.2384)
:Sending Touch (ACTION_DOWN): 0:(1193.0,735.0)
:Sending Touch (ACTION_UP): 0:(1199.095,717.5972)
:Sending Touch (ACTION_DOWN): 0:(823.0,138.0)
    //[calendar_time:2022-04-28 20:04:58.294  system_uptime:1793179]
    // Sending event #2800
:Sending Touch (ACTION_UP): 0:(761.2924,61.653366)
:Sending Touch (ACTION_DOWN): 0:(1183.0,472.0)
:Sending Touch (ACTION_UP): 0:(1200.0,540.17114)
:Sending Touch (ACTION_DOWN): 0:(410.0,1300.0)
:Sending Touch (ACTION_UP): 0:(395.33713,1304.0887)
:Sending Trackball (ACTION_MOVE): 0:(-2.0,-3.0)
:Sending Touch (ACTION_DOWN): 0:(1004.0,710.0)
:Sending Touch (ACTION_UP): 0:(1050.5924,691.8627)
:Sending Trackball (ACTION_MOVE): 0:(-1.0,0.0)
:Sending Touch (ACTION_DOWN): 0:(359.0,759.0)
:Sending Touch (ACTION_UP): 0:(361.60706,729.3919)
:Sending Touch (ACTION_DOWN): 0:(767.0,671.0)
:Sending Touch (ACTION_UP): 0:(750.92163,758.0778)
:Sending Trackball (ACTION_MOVE): 0:(-4.0,3.0)
:Sending Trackball (ACTION_MOVE): 0:(-4.0,2.0)
    //[calendar_time:2022-04-28 20:05:01.884  system_uptime:1796768]
    // Sending event #2900
:Sending Touch (ACTION_DOWN): 0:(610.0,603.0)
:Sending Touch (ACTION_UP): 0:(537.2805,661.4156)
:Sending Touch (ACTION_DOWN): 0:(535.0,1433.0)
:Sending Touch (ACTION_UP): 0:(528.4597,1442.1512)
:Sending Trackball (ACTION_MOVE): 0:(-1.0,-4.0)
:Sending Trackball (ACTION_MOVE): 0:(4.0,-5.0)
:Sending Touch (ACTION_DOWN): 0:(839.0,822.0)
:Sending Touch (ACTION_UP): 0:(882.19745,696.1344)
:Sending Touch (ACTION_DOWN): 0:(780.0,671.0)
:Sending Touch (ACTION_UP): 0:(783.3569,676.88513)
:Sending Trackball (ACTION_MOVE): 0:(-2.0,-5.0)
:Sending Trackball (ACTION_MOVE): 0:(-3.0,1.0)
:Sending Trackball (ACTION_MOVE): 0:(4.0,1.0)
:Sending Touch (ACTION_DOWN): 0:(1036.0,1711.0)
    //[calendar_time:2022-04-28 20:05:04.781  system_uptime:1799665]
    // Sending event #3000
:Sending Touch (ACTION_UP): 0:(1046.2113,1709.4994)
:Switch: #Intent;action=android.intent.action.MAIN;category=android.intent.category.LAUNCHER;launchFlags=0x10200000;component=net.bible.android.activity/.StartupActivity;end
    // Allowing start of Intent { act=android.intent.action.MAIN cat=[android.intent.category.LAUNCHER] cmp=net.bible.android.activity/.StartupActivity } in package net.bible.android.activity
:Sending Trackball (ACTION_MOVE): 0:(-2.0,-3.0)
:Sending Trackball (ACTION_MOVE): 0:(-3.0,2.0)
:Sending Touch (ACTION_DOWN): 0:(450.0,102.0)
:Sending Touch (ACTION_UP): 0:(417.73883,94.26858)
:Sending Trackball (ACTION_MOVE): 0:(4.0,-2.0)
:Sending Touch (ACTION_DOWN): 0:(185.0,893.0)
:Sending Touch (ACTION_UP): 0:(196.87297,892.53345)
:Sending Trackball (ACTION_MOVE): 0:(3.0,3.0)
:Sending Trackball (ACTION_MOVE): 0:(-2.0,1.0)
:Sending Touch (ACTION_DOWN): 0:(608.0,818.0)
:Sending Touch (ACTION_UP): 0:(641.56226,967.6889)
:Sending Trackball (ACTION_MOVE): 0:(2.0,4.0)
    //[calendar_time:2022-04-28 20:05:07.518  system_uptime:1802402]
    // Sending event #3100
:Sending Trackball (ACTION_UP): 0:(0.0,0.0)
    // activityResuming(net.bible.android.activity)
:Sending Trackball (ACTION_MOVE): 0:(-2.0,-3.0)
:Sending Trackball (ACTION_UP): 0:(0.0,0.0)
    // Allowing start of Intent { cmp=net.bible.android.activity/net.bible.android.view.activity.workspaces.WorkspaceSelectorActivity } in package net.bible.android.activity
:Sending Touch (ACTION_DOWN): 0:(1188.0,1425.0)
:Sending Touch (ACTION_UP): 0:(1181.2278,1384.0466)
:Sending Touch (ACTION_DOWN): 0:(516.0,1426.0)
:Sending Touch (ACTION_UP): 0:(531.7969,1554.4187)
:Sending Trackball (ACTION_MOVE): 0:(-3.0,-5.0)
:Sending Trackball (ACTION_MOVE): 0:(-1.0,-2.0)
:Sending Touch (ACTION_DOWN): 0:(491.0,861.0)
:Sending Touch (ACTION_UP): 0:(578.3294,920.84705)
:Sending Touch (ACTION_DOWN): 0:(533.0,296.0)
:Sending Touch (ACTION_UP): 0:(535.4899,300.85822)
:Sending Trackball (ACTION_MOVE): 0:(3.0,-3.0)
:Sending Trackball (ACTION_MOVE): 0:(-3.0,4.0)
    //[calendar_time:2022-04-28 20:05:10.635  system_uptime:1805519]
    // Sending event #3200
:Sending Touch (ACTION_DOWN): 0:(887.0,198.0)
:Sending Touch (ACTION_UP): 0:(897.9702,198.98283)
    // activityResuming(net.bible.android.activity)
:Sending Touch (ACTION_DOWN): 0:(264.0,955.0)
:Sending Touch (ACTION_UP): 0:(216.45494,1004.402)
:Sending Trackball (ACTION_MOVE): 0:(-1.0,1.0)
:Sending Trackball (ACTION_UP): 0:(0.0,0.0)
:Sending Touch (ACTION_DOWN): 0:(236.0,658.0)
:Sending Touch (ACTION_UP): 0:(235.36674,663.1495)
:Sending Trackball (ACTION_MOVE): 0:(-3.0,-5.0)
:Sending Trackball (ACTION_UP): 0:(0.0,0.0)
:Sending Flip keyboardOpen=false
:Sending Touch (ACTION_DOWN): 0:(692.0,613.0)
:Sending Touch (ACTION_UP): 0:(657.81323,672.3512)
:Sending Touch (ACTION_DOWN): 0:(499.0,821.0)
:Sending Touch (ACTION_UP): 0:(457.06757,735.2256)
:Sending Trackball (ACTION_MOVE): 0:(-2.0,-3.0)
:Sending Trackball (ACTION_MOVE): 0:(-5.0,4.0)
    //[calendar_time:2022-04-28 20:05:16.262  system_uptime:1811146]
    // Sending event #3300
:Sending Trackball (ACTION_MOVE): 0:(-5.0,-3.0)
:Sending Touch (ACTION_DOWN): 0:(370.0,955.0)
:Sending Touch (ACTION_UP): 0:(357.04474,917.31146)
:Sending Touch (ACTION_DOWN): 0:(919.0,1723.0)
:Sending Touch (ACTION_UP): 0:(918.688,1718.964)
:Sending Touch (ACTION_DOWN): 0:(389.0,1728.0)
:Sending Touch (ACTION_UP): 0:(393.60037,1758.7002)
:Sending Trackball (ACTION_MOVE): 0:(0.0,3.0)
:Sending Touch (ACTION_DOWN): 0:(220.0,1156.0)
:Sending Touch (ACTION_UP): 0:(222.42163,1152.9337)
:Sending Trackball (ACTION_MOVE): 0:(1.0,3.0)
:Sending Trackball (ACTION_MOVE): 0:(-2.0,-2.0)
:Sending Trackball (ACTION_MOVE): 0:(-3.0,1.0)
:Sending Trackball (ACTION_MOVE): 0:(-5.0,-4.0)
    //[calendar_time:2022-04-28 20:05:19.010  system_uptime:1813894]
    // Sending event #3400
:Sending Touch (ACTION_DOWN): 0:(1097.0,866.0)
:Sending Touch (ACTION_UP): 0:(1200.0,797.859)
:Sending Touch (ACTION_DOWN): 0:(425.0,1509.0)
:Sending Touch (ACTION_UP): 0:(464.8182,1486.282)
:Sending Trackball (ACTION_MOVE): 0:(-4.0,-2.0)
:Sending Touch (ACTION_DOWN): 0:(606.0,1229.0)
:Sending Touch (ACTION_UP): 0:(675.126,1254.0177)
:Sending Trackball (ACTION_MOVE): 0:(-2.0,-3.0)
:Switch: #Intent;action=android.intent.action.MAIN;category=android.intent.category.LAUNCHER;launchFlags=0x10200000;component=net.bible.android.activity/.StartupActivity;end
    // Allowing start of Intent { act=android.intent.action.MAIN cat=[android.intent.category.LAUNCHER] cmp=net.bible.android.activity/.StartupActivity } in package net.bible.android.activity
:Sending Trackball (ACTION_MOVE): 0:(0.0,-3.0)
:Sending Trackball (ACTION_MOVE): 0:(-3.0,-4.0)
:Sending Touch (ACTION_DOWN): 0:(927.0,722.0)
:Sending Touch (ACTION_UP): 0:(830.47284,658.16986)
:Sending Touch (ACTION_DOWN): 0:(976.0,49.0)
:Sending Touch (ACTION_UP): 0:(966.3957,50.982914)
    // Allowing start of Intent { cmp=net.bible.android.activity/net.bible.android.view.activity.bookmark.Bookmarks } in package net.bible.android.activity
:Sending Touch (ACTION_DOWN): 0:(342.0,768.0)
:Sending Touch (ACTION_UP): 0:(347.35733,770.6643)
    //[calendar_time:2022-04-28 20:05:22.455  system_uptime:1817340]
    // Sending event #3500
    //[calendar_time:2022-04-28 20:05:22.656  system_uptime:1817540]
    // Sending event #3500
:Sending Touch (ACTION_DOWN): 0:(590.0,639.0)
:Sending Touch (ACTION_UP): 0:(702.17896,717.0549)
:Sending Touch (ACTION_DOWN): 0:(941.0,305.0)
:Sending Touch (ACTION_UP): 0:(871.275,236.02847)
:Sending Trackball (ACTION_MOVE): 0:(1.0,-4.0)
:Sending Touch (ACTION_DOWN): 0:(965.0,1279.0)
:Sending Touch (ACTION_UP): 0:(972.7247,1284.2118)
:Sending Touch (ACTION_DOWN): 0:(957.0,1498.0)
:Sending Touch (ACTION_UP): 0:(958.19147,1507.3549)
:Sending Touch (ACTION_DOWN): 0:(883.0,457.0)
:Sending Touch (ACTION_UP): 0:(905.1205,462.14227)
:Sending Touch (ACTION_DOWN): 0:(1170.0,467.0)
:Sending Touch (ACTION_UP): 0:(1183.2413,467.1131)
    // Rejecting start of Intent { act=android.intent.action.MAIN cat=[android.intent.category.LAUNCHER] cmp=com.google.android.gm/.ConversationListActivityGmail } in package com.google.android.gm
:Sending Trackball (ACTION_MOVE): 0:(-5.0,3.0)
:Sending Touch (ACTION_DOWN): 0:(605.0,614.0)
:Sending Touch (ACTION_UP): 0:(530.83545,635.2688)
:Sending Trackball (ACTION_MOVE): 0:(-4.0,-5.0)
:Sending Touch (ACTION_DOWN): 0:(1126.0,1228.0)
:Sending Touch (ACTION_UP): 0:(1127.9711,1229.1248)
:Sending Touch (ACTION_DOWN): 0:(564.0,1314.0)
:Sending Touch (ACTION_UP): 0:(571.26904,1295.9014)
    //[calendar_time:2022-04-28 20:05:26.736  system_uptime:1821620]
    // Sending event #3600
:Sending Touch (ACTION_DOWN): 0:(958.0,242.0)
:Sending Touch (ACTION_UP): 0:(957.87177,246.74536)
:Sending Touch (ACTION_DOWN): 0:(33.0,793.0)
:Sending Touch (ACTION_UP): 0:(32.414932,777.71967)
:Sending Touch (ACTION_DOWN): 0:(403.0,1385.0)
:Sending Touch (ACTION_UP): 0:(406.29428,1393.4218)
:Sending Touch (ACTION_DOWN): 0:(824.0,1493.0)
:Sending Touch (ACTION_UP): 0:(808.97797,1509.5159)
:Sending Trackball (ACTION_MOVE): 0:(-3.0,3.0)
:Sending Trackball (ACTION_MOVE): 0:(2.0,-2.0)
:Sending Touch (ACTION_DOWN): 0:(265.0,989.0)
:Sending Touch (ACTION_UP): 0:(371.6059,1036.6221)
:Sending Touch (ACTION_DOWN): 0:(172.0,683.0)
:Sending Touch (ACTION_UP): 0:(177.1775,660.28815)
:Sending Touch (ACTION_DOWN): 0:(1076.0,1291.0)
:Sending Touch (ACTION_UP): 0:(1092.7045,1315.0663)
:Sending Touch (ACTION_DOWN): 0:(1126.0,1321.0)
:Sending Touch (ACTION_UP): 0:(1132.0205,1312.2173)
:Sending Touch (ACTION_DOWN): 0:(758.0,1048.0)
:Sending Touch (ACTION_UP): 0:(765.37244,1060.8936)
:Sending Trackball (ACTION_MOVE): 0:(0.0,4.0)
:Sending Trackball (ACTION_MOVE): 0:(-3.0,-1.0)
    //[calendar_time:2022-04-28 20:05:32.316  system_uptime:1827201]
    // Sending event #3700
:Sending Trackball (ACTION_MOVE): 0:(-4.0,4.0)
:Sending Trackball (ACTION_MOVE): 0:(2.0,0.0)
:Sending Trackball (ACTION_UP): 0:(0.0,0.0)
:Sending Touch (ACTION_DOWN): 0:(381.0,540.0)
:Sending Touch (ACTION_UP): 0:(385.3196,533.3954)
:Sending Touch (ACTION_DOWN): 0:(1075.0,326.0)
:Sending Touch (ACTION_UP): 0:(1082.2554,326.55338)
:Sending Touch (ACTION_DOWN): 0:(336.0,1794.0)
:Sending Touch (ACTION_UP): 0:(376.99387,1824.0)
:Sending Trackball (ACTION_MOVE): 0:(-4.0,3.0)
:Sending Touch (ACTION_DOWN): 0:(359.0,1461.0)
:Sending Touch (ACTION_UP): 0:(273.0073,1556.4081)
:Sending Touch (ACTION_DOWN): 0:(1021.0,1818.0)
:Sending Touch (ACTION_UP): 0:(1015.86884,1817.1162)
:Sending Touch (ACTION_DOWN): 0:(1114.0,118.0)
:Sending Touch (ACTION_UP): 0:(1145.5559,100.399956)
:Sending Trackball (ACTION_MOVE): 0:(4.0,-5.0)
:Sending Touch (ACTION_DOWN): 0:(54.0,1399.0)
:Sending Touch (ACTION_UP): 0:(37.89698,1394.6132)
    //[calendar_time:2022-04-28 20:05:36.005  system_uptime:1830889]
    // Sending event #3800
    //[calendar_time:2022-04-28 20:05:36.205  system_uptime:1831090]
    // Sending event #3800
:Sending Touch (ACTION_DOWN): 0:(803.0,574.0)
:Sending Touch (ACTION_UP): 0:(803.07886,573.84503)
:Sending Trackball (ACTION_MOVE): 0:(-3.0,-1.0)
:Sending Touch (ACTION_DOWN): 0:(210.0,358.0)
:Sending Touch (ACTION_UP): 0:(218.12688,343.2714)
:Sending Touch (ACTION_DOWN): 0:(840.0,623.0)
:Sending Touch (ACTION_UP): 0:(931.7681,552.082)
:Sending Touch (ACTION_DOWN): 0:(184.0,1674.0)
:Sending Touch (ACTION_UP): 0:(170.8169,1676.9877)
:Sending Touch (ACTION_DOWN): 0:(829.0,1218.0)
:Sending Touch (ACTION_UP): 0:(828.1128,1205.2563)
:Sending Touch (ACTION_DOWN): 0:(1086.0,299.0)
:Sending Touch (ACTION_UP): 0:(1063.3795,338.75018)
:Sending Trackball (ACTION_MOVE): 0:(1.0,0.0)
:Sending Touch (ACTION_DOWN): 0:(434.0,1372.0)
:Sending Touch (ACTION_UP): 0:(372.5259,1343.2285)
:Sending Touch (ACTION_DOWN): 0:(906.0,1116.0)
:Sending Touch (ACTION_UP): 0:(856.90643,1171.6042)
:Sending Flip keyboardOpen=true
:Sending Touch (ACTION_DOWN): 0:(1073.0,1370.0)
:Sending Touch (ACTION_UP): 0:(1076.6086,1360.1052)
:Sending Trackball (ACTION_MOVE): 0:(1.0,-5.0)
    //[calendar_time:2022-04-28 20:05:41.780  system_uptime:1836665]
    // Sending event #3900
:Sending Touch (ACTION_DOWN): 0:(573.0,706.0)
:Sending Touch (ACTION_UP): 0:(574.9088,765.5985)
:Sending Trackball (ACTION_MOVE): 0:(4.0,0.0)
:Sending Trackball (ACTION_MOVE): 0:(4.0,2.0)
:Sending Touch (ACTION_DOWN): 0:(54.0,363.0)
:Sending Touch (ACTION_UP): 0:(57.004425,364.6465)
:Sending Touch (ACTION_DOWN): 0:(288.0,406.0)
:Sending Touch (ACTION_UP): 0:(290.38284,405.79263)
:Sending Touch (ACTION_DOWN): 0:(246.0,921.0)
:Sending Touch (ACTION_UP): 0:(257.74603,893.1788)
:Sending Trackball (ACTION_MOVE): 0:(-4.0,-5.0)
:Sending Touch (ACTION_DOWN): 0:(167.0,813.0)
:Sending Touch (ACTION_UP): 0:(184.04448,811.4819)
:Sending Touch (ACTION_DOWN): 0:(937.0,1693.0)
:Sending Touch (ACTION_UP): 0:(937.7706,1716.6436)
:Sending Touch (ACTION_DOWN): 0:(105.0,378.0)
:Sending Touch (ACTION_UP): 0:(102.34495,389.12033)
:Sending Trackball (ACTION_MOVE): 0:(3.0,-3.0)
:Sending Trackball (ACTION_MOVE): 0:(1.0,-4.0)
:Sending Touch (ACTION_DOWN): 0:(880.0,1100.0)
:Sending Touch (ACTION_UP): 0:(890.0989,1101.0177)
:Sending Touch (ACTION_DOWN): 0:(1178.0,1046.0)
:Sending Touch (ACTION_UP): 0:(1177.2346,1039.7771)
:Sending Trackball (ACTION_MOVE): 0:(2.0,-4.0)
    //[calendar_time:2022-04-28 20:05:44.893  system_uptime:1839777]
    // Sending event #4000
:Sending Trackball (ACTION_MOVE): 0:(-2.0,2.0)
:Sending Trackball (ACTION_UP): 0:(0.0,0.0)
:Sending Touch (ACTION_DOWN): 0:(169.0,1537.0)
:Sending Touch (ACTION_UP): 0:(245.00006,1491.4261)
:Sending Trackball (ACTION_MOVE): 0:(1.0,3.0)
:Sending Touch (ACTION_DOWN): 0:(749.0,1813.0)
:Sending Touch (ACTION_UP): 0:(739.828,1808.6982)
:Sending Touch (ACTION_DOWN): 0:(1076.0,724.0)
:Sending Touch (ACTION_UP): 0:(1083.3159,725.304)
:Sending Touch (ACTION_DOWN): 0:(550.0,139.0)
:Sending Touch (ACTION_UP): 0:(554.5926,173.79366)
:Sending Trackball (ACTION_MOVE): 0:(-5.0,1.0)
:Sending Touch (ACTION_DOWN): 0:(236.0,699.0)
:Sending Touch (ACTION_UP): 0:(253.03522,710.63513)
:Sending Touch (ACTION_DOWN): 0:(755.0,838.0)
:Sending Touch (ACTION_UP): 0:(790.93195,867.57947)
:Sending Trackball (ACTION_MOVE): 0:(0.0,-3.0)
:Sending Touch (ACTION_DOWN): 0:(467.0,1217.0)
:Sending Touch (ACTION_UP): 0:(460.86255,1226.3512)
:Sending Touch (ACTION_DOWN): 0:(695.0,125.0)
:Sending Touch (ACTION_UP): 0:(684.0403,101.15633)
:Sending Touch (ACTION_DOWN): 0:(1166.0,158.0)
:Sending Touch (ACTION_UP): 0:(1165.613,162.92279)
:Sending Touch (ACTION_DOWN): 0:(943.0,1639.0)
:Sending Touch (ACTION_UP): 0:(946.8682,1652.9364)
    //[calendar_time:2022-04-28 20:05:48.771  system_uptime:1843656]
    // Sending event #4100
:Sending Touch (ACTION_DOWN): 0:(457.0,1593.0)
:Sending Touch (ACTION_UP): 0:(455.6132,1593.007)
:Sending Touch (ACTION_DOWN): 0:(104.0,7.0)
:Sending Touch (ACTION_UP): 0:(121.5783,2.28433)
:Sending Touch (ACTION_DOWN): 0:(960.0,357.0)
:Sending Touch (ACTION_UP): 0:(956.8423,357.25232)
:Sending Touch (ACTION_DOWN): 0:(381.0,496.0)
:Sending Touch (ACTION_UP): 0:(372.2657,493.29916)
:Sending Touch (ACTION_DOWN): 0:(49.0,1186.0)
:Sending Touch (ACTION_UP): 0:(56.064228,1193.1666)
:Sending Touch (ACTION_DOWN): 0:(807.0,669.0)
:Sending Touch (ACTION_UP): 0:(810.1098,669.83905)
:Sending Touch (ACTION_DOWN): 0:(33.0,1461.0)
:Sending Touch (ACTION_UP): 0:(26.116665,1476.2253)
:Sending Trackball (ACTION_MOVE): 0:(-1.0,4.0)
:Sending Touch (ACTION_DOWN): 0:(98.0,1609.0)
:Sending Touch (ACTION_UP): 0:(100.47259,1585.5822)
:Sending Flip keyboardOpen=false
:Sending Trackball (ACTION_MOVE): 0:(4.0,1.0)
:Sending Trackball (ACTION_MOVE): 0:(2.0,-1.0)
:Sending Touch (ACTION_DOWN): 0:(545.0,1170.0)
:Sending Touch (ACTION_UP): 0:(542.78546,1170.4462)
:Sending Touch (ACTION_DOWN): 0:(66.0,628.0)
:Sending Touch (ACTION_UP): 0:(62.216522,611.758)
:Sending Touch (ACTION_DOWN): 0:(867.0,610.0)
:Sending Touch (ACTION_UP): 0:(867.3272,601.0283)
:Sending Trackball (ACTION_MOVE): 0:(-3.0,-3.0)
    //[calendar_time:2022-04-28 20:05:54.772  system_uptime:1849657]
    // Sending event #4200
    //[calendar_time:2022-04-28 20:05:54.972  system_uptime:1849857]
    // Sending event #4200
:Sending Touch (ACTION_DOWN): 0:(1059.0,680.0)
:Sending Touch (ACTION_UP): 0:(1087.8329,777.57263)
:Sending Touch (ACTION_DOWN): 0:(705.0,165.0)
:Sending Touch (ACTION_UP): 0:(722.73364,164.95592)
:Sending Touch (ACTION_DOWN): 0:(534.0,1525.0)
:Sending Touch (ACTION_UP): 0:(573.3906,1597.7179)
:Sending Trackball (ACTION_MOVE): 0:(-5.0,-4.0)
:Sending Trackball (ACTION_MOVE): 0:(-2.0,4.0)
:Sending Trackball (ACTION_UP): 0:(0.0,0.0)
:Sending Touch (ACTION_DOWN): 0:(721.0,606.0)
:Sending Touch (ACTION_UP): 0:(724.8898,608.03564)
:Sending Trackball (ACTION_MOVE): 0:(4.0,2.0)
:Sending Touch (ACTION_DOWN): 0:(864.0,903.0)
:Sending Touch (ACTION_UP): 0:(857.1926,904.2666)
    // Rejecting start of Intent { act=android.intent.action.MAIN cat=[android.intent.category.LAUNCHER] cmp=com.google.android.gm/.ConversationListActivityGmail } in package com.google.android.gm
:Sending Trackball (ACTION_MOVE): 0:(-4.0,-4.0)
:Sending Trackball (ACTION_MOVE): 0:(1.0,4.0)
:Sending Touch (ACTION_DOWN): 0:(434.0,455.0)
:Sending Touch (ACTION_UP): 0:(391.1834,490.37082)
    //[calendar_time:2022-04-28 20:05:58.263  system_uptime:1853147]
    // Sending event #4300
:Sending Touch (ACTION_DOWN): 0:(638.0,678.0)
:Sending Touch (ACTION_UP): 0:(636.9717,671.1305)
:Sending Touch (ACTION_DOWN): 0:(900.0,1208.0)
:Sending Touch (ACTION_UP): 0:(897.7089,1212.0671)
:Sending Trackball (ACTION_MOVE): 0:(2.0,2.0)
:Sending Touch (ACTION_DOWN): 0:(625.0,85.0)
:Sending Touch (ACTION_UP): 0:(629.47864,73.37577)
:Sending Touch (ACTION_DOWN): 0:(313.0,560.0)
:Sending Touch (ACTION_UP): 0:(315.36307,566.54126)
:Sending Trackball (ACTION_MOVE): 0:(-1.0,2.0)
:Switch: #Intent;action=android.intent.action.MAIN;category=android.intent.category.LAUNCHER;launchFlags=0x10200000;component=net.bible.android.activity/.StartupActivity;end
    // Allowing start of Intent { act=android.intent.action.MAIN cat=[android.intent.category.LAUNCHER] cmp=net.bible.android.activity/.StartupActivity } in package net.bible.android.activity
:Sending Touch (ACTION_DOWN): 0:(949.0,1811.0)
:Sending Touch (ACTION_UP): 0:(941.7059,1811.4991)
:Sending Trackball (ACTION_MOVE): 0:(4.0,2.0)
:Sending Touch (ACTION_DOWN): 0:(19.0,1543.0)
:Sending Touch (ACTION_UP): 0:(8.153507,1540.5725)
:Sending Trackball (ACTION_MOVE): 0:(1.0,2.0)
:Sending Touch (ACTION_DOWN): 0:(580.0,841.0)
:Sending Touch (ACTION_UP): 0:(592.75,851.3495)
:Sending Touch (ACTION_DOWN): 0:(838.0,1224.0)
:Sending Touch (ACTION_UP): 0:(838.8266,1218.3091)
:Sending Trackball (ACTION_MOVE): 0:(-3.0,4.0)
:Sending Trackball (ACTION_MOVE): 0:(3.0,-5.0)
    //[calendar_time:2022-04-28 20:06:02.817  system_uptime:1857701]
    // Sending event #4400
:Sending Trackball (ACTION_UP): 0:(0.0,0.0)
:Sending Touch (ACTION_DOWN): 0:(647.0,985.0)
:Sending Touch (ACTION_UP): 0:(635.08466,995.6394)
:Sending Trackball (ACTION_MOVE): 0:(-4.0,-4.0)
:Sending Trackball (ACTION_MOVE): 0:(0.0,-5.0)
:Sending Touch (ACTION_DOWN): 0:(559.0,760.0)
:Sending Touch (ACTION_UP): 0:(556.6507,754.38605)
:Sending Trackball (ACTION_MOVE): 0:(-2.0,-4.0)
:Sending Trackball (ACTION_MOVE): 0:(-4.0,-5.0)
:Sending Trackball (ACTION_MOVE): 0:(-3.0,0.0)
:Sending Touch (ACTION_DOWN): 0:(807.0,582.0)
:Sending Touch (ACTION_UP): 0:(901.57007,681.5852)
:Sending Trackball (ACTION_MOVE): 0:(3.0,4.0)
    //[calendar_time:2022-04-28 20:06:05.806  system_uptime:1860691]
    // Sending event #4500
:Sending Trackball (ACTION_MOVE): 0:(2.0,-2.0)
:Sending Flip keyboardOpen=true
:Sending Trackball (ACTION_MOVE): 0:(4.0,-4.0)
:Sending Trackball (ACTION_MOVE): 0:(4.0,2.0)
:Sending Trackball (ACTION_UP): 0:(0.0,0.0)
:Sending Trackball (ACTION_MOVE): 0:(1.0,-3.0)
:Sending Touch (ACTION_DOWN): 0:(296.0,201.0)
:Sending Touch (ACTION_UP): 0:(293.54462,196.28758)
:Sending Touch (ACTION_DOWN): 0:(972.0,400.0)
:Sending Touch (ACTION_UP): 0:(967.9645,384.34122)
:Sending Touch (ACTION_DOWN): 0:(556.0,1113.0)
:Sending Touch (ACTION_UP): 0:(553.88226,1132.828)
:Sending Touch (ACTION_DOWN): 0:(158.0,1313.0)
:Sending Touch (ACTION_UP): 0:(148.4061,1307.2523)
    // Rejecting start of Intent { act=android.intent.action.MAIN cat=[android.intent.category.LAUNCHER] cmp=com.android.contacts/.activities.PeopleActivity } in package com.android.contacts
:Switch: #Intent;action=android.intent.action.MAIN;category=android.intent.category.LAUNCHER;launchFlags=0x10200000;component=net.bible.android.activity/.StartupActivity;end
    // Allowing start of Intent { act=android.intent.action.MAIN cat=[android.intent.category.LAUNCHER] cmp=net.bible.android.activity/.StartupActivity } in package net.bible.android.activity
    //[calendar_time:2022-04-28 20:06:11.934  system_uptime:1866818]
    // Sending event #4600
    //[calendar_time:2022-04-28 20:06:12.137  system_uptime:1867021]
    // Sending event #4600
:Sending Trackball (ACTION_MOVE): 0:(0.0,-1.0)
:Sending Trackball (ACTION_UP): 0:(0.0,0.0)
:Sending Touch (ACTION_DOWN): 0:(930.0,1062.0)
:Sending Touch (ACTION_UP): 0:(928.06964,1062.7693)
:Sending Touch (ACTION_DOWN): 0:(407.0,823.0)
:Sending Touch (ACTION_UP): 0:(428.64993,822.8607)
:Sending Trackball (ACTION_MOVE): 0:(2.0,-1.0)
:Switch: #Intent;action=android.intent.action.MAIN;category=android.intent.category.LAUNCHER;launchFlags=0x10200000;component=net.bible.android.activity/.StartupActivity;end
    // Allowing start of Intent { act=android.intent.action.MAIN cat=[android.intent.category.LAUNCHER] cmp=net.bible.android.activity/.StartupActivity } in package net.bible.android.activity
:Sending Touch (ACTION_DOWN): 0:(380.0,428.0)
:Sending Touch (ACTION_UP): 0:(479.7524,404.0583)
:Sending Touch (ACTION_DOWN): 0:(733.0,326.0)
:Sending Touch (ACTION_UP): 0:(749.17847,339.11075)
:Sending Touch (ACTION_DOWN): 0:(1042.0,701.0)
:Sending Touch (ACTION_UP): 0:(1042.3834,693.2717)
:Sending Touch (ACTION_DOWN): 0:(490.0,1217.0)
:Sending Touch (ACTION_UP): 0:(502.46796,1217.2158)
:Sending Touch (ACTION_DOWN): 0:(869.0,1641.0)
:Sending Touch (ACTION_UP): 0:(875.1126,1643.3365)
:Sending Touch (ACTION_DOWN): 0:(1022.0,441.0)
:Sending Touch (ACTION_UP): 0:(1007.18146,444.797)
:Switch: #Intent;action=android.intent.action.MAIN;category=android.intent.category.LAUNCHER;launchFlags=0x10200000;component=net.bible.android.activity/.StartupActivity;end
    // Allowing start of Intent { act=android.intent.action.MAIN cat=[android.intent.category.LAUNCHER] cmp=net.bible.android.activity/.StartupActivity } in package net.bible.android.activity
:Sending Trackball (ACTION_MOVE): 0:(-3.0,0.0)
:Sending Touch (ACTION_DOWN): 0:(941.0,1506.0)
:Sending Touch (ACTION_UP): 0:(957.94946,1445.3047)
    //[calendar_time:2022-04-28 20:06:17.709  system_uptime:1872593]
    // Sending event #4700
    //[calendar_time:2022-04-28 20:06:17.909  system_uptime:1872794]
    // Sending event #4700
:Sending Trackball (ACTION_MOVE): 0:(2.0,3.0)
:Sending Touch (ACTION_DOWN): 0:(810.0,126.0)
:Sending Touch (ACTION_UP): 0:(817.50134,126.216194)
:Sending Trackball (ACTION_MOVE): 0:(2.0,1.0)
:Sending Touch (ACTION_DOWN): 0:(1154.0,1207.0)
:Sending Touch (ACTION_UP): 0:(1170.3723,1209.2463)
:Sending Trackball (ACTION_MOVE): 0:(-5.0,-2.0)
:Sending Touch (ACTION_DOWN): 0:(164.0,1369.0)
:Sending Touch (ACTION_UP): 0:(163.60077,1379.6709)
:Sending Touch (ACTION_DOWN): 0:(394.0,103.0)
:Sending Touch (ACTION_UP): 0:(391.23917,92.99087)
:Sending Trackball (ACTION_MOVE): 0:(1.0,-2.0)
:Sending Touch (ACTION_DOWN): 0:(3.0,1280.0)
:Sending Touch (ACTION_UP): 0:(7.774814,1279.6616)
:Sending Touch (ACTION_DOWN): 0:(631.0,897.0)
:Sending Touch (ACTION_UP): 0:(636.0126,898.60345)
:Sending Trackball (ACTION_MOVE): 0:(1.0,-4.0)
:Sending Trackball (ACTION_MOVE): 0:(-1.0,4.0)
:Sending Trackball (ACTION_UP): 0:(0.0,0.0)
    //[calendar_time:2022-04-28 20:06:22.102  system_uptime:1876987]
    // Sending event #4800
    //[calendar_time:2022-04-28 20:06:22.303  system_uptime:1877187]
    // Sending event #4800
:Sending Touch (ACTION_DOWN): 0:(459.0,1085.0)
:Sending Touch (ACTION_UP): 0:(447.7361,1089.3817)
:Sending Touch (ACTION_DOWN): 0:(1012.0,1012.0)
:Sending Touch (ACTION_UP): 0:(939.02856,1059.7843)
:Sending Touch (ACTION_DOWN): 0:(559.0,1619.0)
:Sending Touch (ACTION_UP): 0:(524.1895,1630.3683)
:Sending Trackball (ACTION_MOVE): 0:(-4.0,-4.0)
:Sending Trackball (ACTION_MOVE): 0:(-3.0,2.0)
:Sending Touch (ACTION_DOWN): 0:(456.0,67.0)
:Sending Touch (ACTION_UP): 0:(480.2044,145.54451)
:Sending Touch (ACTION_DOWN): 0:(249.0,212.0)
:Sending Touch (ACTION_UP): 0:(240.24477,202.64064)
:Sending Touch (ACTION_DOWN): 0:(837.0,821.0)
:Sending Touch (ACTION_UP): 0:(855.2771,797.5678)
:Sending Flip keyboardOpen=false
:Sending Touch (ACTION_DOWN): 0:(451.0,594.0)
    //[calendar_time:2022-04-28 20:06:28.498  system_uptime:1883382]
    // Sending event #4900
:Sending Touch (ACTION_UP): 0:(404.054,601.23303)
:Sending Touch (ACTION_DOWN): 0:(44.0,264.0)
:Sending Touch (ACTION_UP): 0:(46.551292,287.60645)
:Sending Touch (ACTION_DOWN): 0:(533.0,1785.0)
:Sending Touch (ACTION_UP): 0:(533.6525,1790.9148)
:Sending Trackball (ACTION_MOVE): 0:(2.0,-1.0)
:Sending Touch (ACTION_DOWN): 0:(786.0,1403.0)
:Sending Touch (ACTION_UP): 0:(793.2043,1398.2318)
:Sending Trackball (ACTION_MOVE): 0:(-1.0,1.0)
:Switch: #Intent;action=android.intent.action.MAIN;category=android.intent.category.LAUNCHER;launchFlags=0x10200000;component=net.bible.android.activity/.StartupActivity;end
    // Allowing start of Intent { act=android.intent.action.MAIN cat=[android.intent.category.LAUNCHER] cmp=net.bible.android.activity/.StartupActivity } in package net.bible.android.activity
    // Rejecting start of Intent { act=android.intent.action.ASSIST cmp=com.google.android.googlequicksearchbox/.SearchActivity } in package com.google.android.googlequicksearchbox
:Sending Touch (ACTION_DOWN): 0:(542.0,790.0)
:Sending Touch (ACTION_UP): 0:(538.6324,795.4305)
:Sending Touch (ACTION_DOWN): 0:(81.0,1425.0)
:Sending Touch (ACTION_UP): 0:(83.0028,1355.7577)
:Sending Trackball (ACTION_MOVE): 0:(3.0,-3.0)
:Sending Touch (ACTION_DOWN): 0:(1145.0,314.0)
:Sending Touch (ACTION_UP): 0:(1135.4291,326.8257)
:Sending Touch (ACTION_DOWN): 0:(572.0,1781.0)
    //[calendar_time:2022-04-28 20:06:35.056  system_uptime:1889940]
    // Sending event #5000
:Sending Touch (ACTION_UP): 0:(580.6826,1816.9141)
:Sending Touch (ACTION_DOWN): 0:(914.0,1571.0)
:Sending Touch (ACTION_UP): 0:(920.4272,1521.8811)
:Sending Touch (ACTION_DOWN): 0:(110.0,1773.0)
:Sending Touch (ACTION_UP): 0:(116.28686,1767.2169)
:Sending Touch (ACTION_DOWN): 0:(857.0,1254.0)
:Sending Touch (ACTION_UP): 0:(784.39,1246.9652)
:Sending Touch (ACTION_DOWN): 0:(903.0,260.0)
:Sending Touch (ACTION_UP): 0:(873.5919,270.72812)
:Sending Trackball (ACTION_MOVE): 0:(-2.0,-4.0)
:Sending Trackball (ACTION_UP): 0:(0.0,0.0)
:Sending Touch (ACTION_DOWN): 0:(123.0,69.0)
:Sending Touch (ACTION_UP): 0:(154.76283,24.09297)
:Sending Touch (ACTION_DOWN): 0:(123.0,1130.0)
:Sending Touch (ACTION_UP): 0:(118.674484,1227.0742)
:Sending Touch (ACTION_DOWN): 0:(1043.0,376.0)
:Sending Touch (ACTION_UP): 0:(1069.4595,321.91592)
:Sending Touch (ACTION_DOWN): 0:(65.0,1145.0)
:Sending Touch (ACTION_UP): 0:(65.55517,1142.7904)
    //[calendar_time:2022-04-28 20:06:39.955  system_uptime:1894839]
    // Sending event #5100
    //[calendar_time:2022-04-28 20:06:40.155  system_uptime:1895040]
    // Sending event #5100
:Sending Touch (ACTION_DOWN): 0:(650.0,1634.0)
:Sending Touch (ACTION_UP): 0:(720.3789,1595.4951)
:Sending Touch (ACTION_DOWN): 0:(844.0,711.0)
:Sending Touch (ACTION_UP): 0:(840.96893,703.4982)
:Sending Touch (ACTION_DOWN): 0:(286.0,224.0)
:Sending Touch (ACTION_UP): 0:(285.49545,218.85216)
:Sending Touch (ACTION_DOWN): 0:(531.0,1254.0)
:Sending Touch (ACTION_UP): 0:(554.4148,1289.907)
:Sending Touch (ACTION_DOWN): 0:(1052.0,79.0)
:Sending Touch (ACTION_UP): 0:(1021.2679,82.08944)
:Sending Touch (ACTION_DOWN): 0:(463.0,1750.0)
:Sending Touch (ACTION_UP): 0:(455.97107,1750.531)
:Sending Touch (ACTION_DOWN): 0:(419.0,1173.0)
:Sending Touch (ACTION_UP): 0:(410.79785,1177.4315)
:Sending Touch (ACTION_DOWN): 0:(684.0,198.0)
:Sending Touch (ACTION_UP): 0:(664.4693,259.50848)
:Sending Touch (ACTION_DOWN): 0:(1014.0,19.0)
:Sending Touch (ACTION_UP): 0:(1019.82983,18.105722)
    // Allowing start of Intent { cmp=net.bible.android.activity/net.bible.android.view.activity.bookmark.ManageLabels } in package net.bible.android.activity
:Sending Touch (ACTION_DOWN): 0:(665.0,166.0)
:Sending Touch (ACTION_UP): 0:(661.9942,264.00317)
:Sending Trackball (ACTION_MOVE): 0:(-3.0,-4.0)
:Sending Trackball (ACTION_MOVE): 0:(-2.0,2.0)
    //[calendar_time:2022-04-28 20:06:45.347  system_uptime:1900231]
    // Sending event #5200
:Sending Touch (ACTION_DOWN): 0:(335.0,1763.0)
:Sending Touch (ACTION_UP): 0:(318.56726,1762.9578)
:Sending Touch (ACTION_DOWN): 0:(971.0,322.0)
:Sending Touch (ACTION_UP): 0:(989.07574,322.40253)
:Switch: #Intent;action=android.intent.action.MAIN;category=android.intent.category.LAUNCHER;launchFlags=0x10200000;component=net.bible.android.activity/.StartupActivity;end
    // Allowing start of Intent { act=android.intent.action.MAIN cat=[android.intent.category.LAUNCHER] cmp=net.bible.android.activity/.StartupActivity } in package net.bible.android.activity
:Sending Trackball (ACTION_MOVE): 0:(4.0,0.0)
:Sending Trackball (ACTION_MOVE): 0:(-3.0,-2.0)
:Sending Trackball (ACTION_MOVE): 0:(-5.0,-5.0)
:Sending Touch (ACTION_DOWN): 0:(684.0,637.0)
:Sending Touch (ACTION_UP): 0:(686.49066,634.486)
:Sending Trackball (ACTION_MOVE): 0:(3.0,2.0)
:Switch: #Intent;action=android.intent.action.MAIN;category=android.intent.category.LAUNCHER;launchFlags=0x10200000;component=net.bible.android.activity/.StartupActivity;end
    // Allowing start of Intent { act=android.intent.action.MAIN cat=[android.intent.category.LAUNCHER] cmp=net.bible.android.activity/.StartupActivity } in package net.bible.android.activity
:Sending Trackball (ACTION_MOVE): 0:(2.0,-3.0)
:Sending Touch (ACTION_DOWN): 0:(360.0,619.0)
:Sending Touch (ACTION_UP): 0:(364.23798,623.9745)
:Sending Trackball (ACTION_MOVE): 0:(1.0,3.0)
    // activityResuming(net.bible.android.activity)
:Sending Touch (ACTION_DOWN): 0:(83.0,268.0)
    //[calendar_time:2022-04-28 20:06:48.840  system_uptime:1903724]
    // Sending event #5300
:Sending Touch (ACTION_UP): 0:(46.151276,241.80888)
:Sending Touch (ACTION_DOWN): 0:(637.0,1049.0)
:Sending Touch (ACTION_UP): 0:(625.90356,1049.2526)
:Switch: #Intent;action=android.intent.action.MAIN;category=android.intent.category.LAUNCHER;launchFlags=0x10200000;component=net.bible.android.activity/.StartupActivity;end
    // Allowing start of Intent { act=android.intent.action.MAIN cat=[android.intent.category.LAUNCHER] cmp=net.bible.android.activity/.StartupActivity } in package net.bible.android.activity
:Sending Trackball (ACTION_MOVE): 0:(4.0,-4.0)
:Sending Trackball (ACTION_MOVE): 0:(-4.0,-4.0)
:Sending Touch (ACTION_DOWN): 0:(154.0,214.0)
:Sending Touch (ACTION_UP): 0:(168.41006,227.36246)
:Sending Touch (ACTION_DOWN): 0:(331.0,486.0)
:Sending Touch (ACTION_UP): 0:(337.03976,483.45612)
:Sending Touch (ACTION_DOWN): 0:(766.0,1286.0)
:Sending Touch (ACTION_UP): 0:(783.6683,1286.2667)
:Sending Touch (ACTION_DOWN): 0:(432.0,1072.0)
:Sending Touch (ACTION_UP): 0:(423.3456,1068.0797)
:Sending Trackball (ACTION_MOVE): 0:(-2.0,3.0)
:Sending Touch (ACTION_DOWN): 0:(979.0,465.0)
:Sending Touch (ACTION_UP): 0:(931.2807,427.76407)
:Sending Trackball (ACTION_MOVE): 0:(-4.0,0.0)
:Sending Touch (ACTION_DOWN): 0:(333.0,157.0)
:Sending Touch (ACTION_UP): 0:(345.12405,167.83617)
:Sending Touch (ACTION_DOWN): 0:(139.0,1202.0)
:Sending Touch (ACTION_UP): 0:(46.5467,1090.436)
:Sending Trackball (ACTION_MOVE): 0:(3.0,4.0)
    //[calendar_time:2022-04-28 20:06:53.092  system_uptime:1907976]
    // Sending event #5400
:Sending Trackball (ACTION_MOVE): 0:(0.0,-5.0)
:Sending Touch (ACTION_DOWN): 0:(951.0,897.0)
:Sending Touch (ACTION_UP): 0:(829.19806,945.47925)
:Sending Trackball (ACTION_MOVE): 0:(3.0,-3.0)
:Sending Trackball (ACTION_MOVE): 0:(-5.0,-4.0)
:Sending Trackball (ACTION_MOVE): 0:(0.0,0.0)
:Sending Touch (ACTION_DOWN): 0:(508.0,1232.0)
:Sending Touch (ACTION_UP): 0:(501.2671,1217.5781)
:Sending Touch (ACTION_DOWN): 0:(878.0,1427.0)
:Sending Touch (ACTION_UP): 0:(878.6822,1412.4683)
:Sending Trackball (ACTION_MOVE): 0:(-4.0,0.0)
    //[calendar_time:2022-04-28 20:06:56.734  system_uptime:1911619]
    // Sending event #5500
:Sending Touch (ACTION_DOWN): 0:(723.0,162.0)
:Sending Touch (ACTION_UP): 0:(705.4242,168.79263)
:Sending Trackball (ACTION_MOVE): 0:(1.0,2.0)
:Sending Trackball (ACTION_UP): 0:(0.0,0.0)
:Sending Touch (ACTION_DOWN): 0:(705.0,1598.0)
:Sending Touch (ACTION_UP): 0:(696.8715,1590.6953)
:Sending Trackball (ACTION_MOVE): 0:(-5.0,0.0)
:Sending Flip keyboardOpen=true
:Sending Touch (ACTION_DOWN): 0:(601.0,795.0)
:Sending Touch (ACTION_UP): 0:(596.6672,796.7105)
:Sending Trackball (ACTION_MOVE): 0:(-1.0,2.0)
:Sending Touch (ACTION_DOWN): 0:(1110.0,227.0)
:Sending Touch (ACTION_UP): 0:(1106.9601,232.33008)
:Sending Touch (ACTION_DOWN): 0:(219.0,438.0)
:Sending Touch (ACTION_UP): 0:(169.16037,424.31754)
:Sending Touch (ACTION_DOWN): 0:(185.0,839.0)
:Sending Touch (ACTION_UP): 0:(95.44069,717.42487)
:Sending Trackball (ACTION_MOVE): 0:(1.0,-3.0)
:Sending Touch (ACTION_DOWN): 0:(779.0,390.0)
:Sending Touch (ACTION_UP): 0:(775.02277,413.24344)
:Sending Trackball (ACTION_MOVE): 0:(-1.0,-5.0)
    //[calendar_time:2022-04-28 20:07:01.273  system_uptime:1916157]
    // Sending event #5600
:Sending Trackball (ACTION_MOVE): 0:(-2.0,4.0)
:Sending Touch (ACTION_DOWN): 0:(551.0,1409.0)
:Sending Touch (ACTION_UP): 0:(563.33826,1387.7834)
:Sending Touch (ACTION_DOWN): 0:(874.0,1684.0)
:Sending Touch (ACTION_UP): 0:(866.6255,1683.0848)
:Sending Trackball (ACTION_MOVE): 0:(1.0,-3.0)
:Sending Trackball (ACTION_MOVE): 0:(0.0,4.0)
:Sending Touch (ACTION_DOWN): 0:(848.0,986.0)
:Sending Touch (ACTION_UP): 0:(855.3328,987.5522)
:Sending Touch (ACTION_DOWN): 0:(841.0,828.0)
:Sending Touch (ACTION_UP): 0:(758.69257,922.331)
// CRASH: net.bible.android.activity (pid 8188)
// Short Msg: Native crash
// Long Msg: Native crash: Aborted
// Build Label: google/sdk_google_phone_x86/generic_x86:7.1.1/NYC/6695155:userdebug/test-keys
// Build Changelist: 6695155
// Build Time: 1595288234000
// *** *** *** *** *** *** *** *** *** *** *** *** *** *** *** ***
// Build fingerprint: 'google/sdk_google_phone_x86/generic_x86:7.1.1/NYC/6695155:userdebug/test-keys'
// Revision: '0'
// ABI: 'x86'
// pid: 8188, tid: 8282, name: ndroid.activity  >>> net.bible.android.activity <<<
// signal 6 (SIGABRT), code -6 (SI_TKILL), fault addr --------
// Abort message: 'frida-gum/gum/backend-posix/gumtls-posix.c:33:gum_tls_key_new: assertion failed (res == 0): (11 == 0)'
//     eax 00000000  ebx 00001ffc  ecx 0000205a  edx 00000006
//     esi 8cdfa978  edi 8cdfa920
//     xcs 00000073  xds 0000007b  xes 0000007b  xfs 0000003b  xss 0000007b
//     eip ac581424  ebp 8cdfa3a8  esp 8cdfa34c  flags 00200296
// 
// backtrace:
//     #00 pc ffffe424  [vdso:ac581000] (__kernel_vsyscall+16)
//     #01 pc 0000103c  /system/lib/libc.so (offset 0x79000)
// 
app_crashnet.bible.android.activity_2022-04-28_20_07_03.830_.txt:
