--------- beginning of main
--------- beginning of system
--------- beginning of crash
04-27 02:58:30.856  7751  7751 E AndroidRuntime: FATAL EXCEPTION: main
04-27 02:58:30.856  7751  7751 E AndroidRuntime: Process: org.odk.collect.android, PID: 7751
04-27 02:58:30.856  7751  7751 E AndroidRuntime: java.lang.IllegalArgumentException: column 'MAX(date)' does not exist
04-27 02:58:30.856  7751  7751 E AndroidRuntime: 	at android.database.AbstractCursor.getColumnIndexOrThrow(AbstractCursor.java:333)
04-27 02:58:30.856  7751  7751 E AndroidRuntime: 	at android.database.CursorWrapper.getColumnIndexOrThrow(CursorWrapper.java:87)
04-27 02:58:30.856  7751  7751 E AndroidRuntime: 	at android.widget.SimpleCursorAdapter.findColumns(SimpleCursorAdapter.java:333)
04-27 02:58:30.856  7751  7751 E AndroidRuntime: 	at android.widget.SimpleCursorAdapter.swapCursor(SimpleCursorAdapter.java:345)
04-27 02:58:30.856  7751  7751 E AndroidRuntime: 	at org.odk.collect.android.activities.FormChooserList.onLoadFinished(FormChooserList.java:232)
04-27 02:58:30.856  7751  7751 E AndroidRuntime: 	at org.odk.collect.android.activities.FormChooserList.onLoadFinished(FormChooserList.java:55)
04-27 02:58:30.856  7751  7751 E AndroidRuntime: 	at androidx.loader.app.LoaderManagerImpl$LoaderObserver.onChanged(LoaderManagerImpl.java:250)
04-27 02:58:30.856  7751  7751 E AndroidRuntime: 	at androidx.lifecycle.LiveData.considerNotify(LiveData.java:131)
04-27 02:58:30.856  7751  7751 E AndroidRuntime: 	at androidx.lifecycle.LiveData.dispatchingValue(LiveData.java:149)
04-27 02:58:30.856  7751  7751 E AndroidRuntime: 	at androidx.lifecycle.LiveData.setValue(LiveData.java:307)
04-27 02:58:30.856  7751  7751 E AndroidRuntime: 	at androidx.lifecycle.MutableLiveData.setValue(MutableLiveData.java:50)
04-27 02:58:30.856  7751  7751 E AndroidRuntime: 	at androidx.loader.app.LoaderManagerImpl$LoaderInfo.setValue(LoaderManagerImpl.java:189)
04-27 02:58:30.856  7751  7751 E AndroidRuntime: 	at androidx.loader.app.LoaderManagerImpl$LoaderInfo.onLoadComplete(LoaderManagerImpl.java:174)
04-27 02:58:30.856  7751  7751 E AndroidRuntime: 	at androidx.loader.content.Loader.deliverResult(Loader.java:132)
04-27 02:58:30.856  7751  7751 E AndroidRuntime: 	at androidx.loader.content.CursorLoader.deliverResult(CursorLoader.java:109)
04-27 02:58:30.856  7751  7751 E AndroidRuntime: 	at androidx.loader.content.CursorLoader.deliverResult(CursorLoader.java:41)
04-27 02:58:30.856  7751  7751 E AndroidRuntime: 	at androidx.loader.content.AsyncTaskLoader.dispatchOnLoadComplete(AsyncTaskLoader.java:258)
04-27 02:58:30.856  7751  7751 E AndroidRuntime: 	at androidx.loader.content.AsyncTaskLoader$LoadTask.onPostExecute(AsyncTaskLoader.java:83)
04-27 02:58:30.856  7751  7751 E AndroidRuntime: 	at androidx.loader.content.ModernAsyncTask.finish(ModernAsyncTask.java:490)
04-27 02:58:30.856  7751  7751 E AndroidRuntime: 	at androidx.loader.content.ModernAsyncTask$InternalHandler.handleMessage(ModernAsyncTask.java:507)
04-27 02:58:30.856  7751  7751 E AndroidRuntime: 	at android.os.Handler.dispatchMessage(Handler.java:102)
04-27 02:58:30.856  7751  7751 E AndroidRuntime: 	at android.os.Looper.loop(Looper.java:154)
04-27 02:58:30.856  7751  7751 E AndroidRuntime: 	at android.app.ActivityThread.main(ActivityThread.java:6119)
04-27 02:58:30.856  7751  7751 E AndroidRuntime: 	at java.lang.reflect.Method.invoke(Native Method)
04-27 02:58:30.856  7751  7751 E AndroidRuntime: 	at com.android.internal.os.ZygoteInit$MethodAndArgsCaller.run(ZygoteInit.java:886)
04-27 02:58:30.856  7751  7751 E AndroidRuntime: 	at com.android.internal.os.ZygoteInit.main(ZygoteInit.java:776)
