--------- beginning of main
--------- beginning of system
04-26 22:17:29.938  6455  7085 W System.err: java.net.SocketTimeoutException: Read timed out
04-26 22:17:29.939  6455  7085 W System.err: 	at com.android.org.conscrypt.NativeCrypto.SSL_read(Native Method)
04-26 22:17:29.939  6455  7085 W System.err: 	at com.android.org.conscrypt.OpenSSLSocketImpl$SSLInputStream.read(OpenSSLSocketImpl.java:758)
04-26 22:17:29.939  6455  7085 W System.err: 	at java.io.BufferedInputStream.fill(BufferedInputStream.java:235)
04-26 22:17:29.939  6455  7085 W System.err: 	at java.io.BufferedInputStream.read(BufferedInputStream.java:254)
04-26 22:17:29.939  6455  7085 W System.err: 	at org.apache.commons.httpclient.HttpParser.readRawLine(HttpParser.java:78)
04-26 22:17:29.939  6455  7085 W System.err: 	at org.apache.commons.httpclient.HttpParser.readLine(HttpParser.java:106)
04-26 22:17:29.939  6455  7085 W System.err: 	at org.apache.commons.httpclient.HttpConnection.readLine(HttpConnection.java:1116)
04-26 22:17:29.939  6455  7085 W System.err: 	at org.apache.commons.httpclient.MultiThreadedHttpConnectionManager$HttpConnectionAdapter.readLine(MultiThreadedHttpConnectionManager.java:1413)
04-26 22:17:29.939  6455  7085 W System.err: 	at org.apache.commons.httpclient.HttpMethodBase.readStatusLine(HttpMethodBase.java:1973)
04-26 22:17:29.939  6455  7085 W System.err: 	at org.apache.commons.httpclient.HttpMethodBase.readResponse(HttpMethodBase.java:1735)
04-26 22:17:29.939  6455  7085 W System.err: 	at org.apache.commons.httpclient.HttpMethodBase.execute(HttpMethodBase.java:1098)
04-26 22:17:29.939  6455  7085 W System.err: 	at org.apache.commons.httpclient.HttpMethodDirector.executeWithRetry(HttpMethodDirector.java:398)
04-26 22:17:29.939  6455  7085 W System.err: 	at org.apache.commons.httpclient.HttpMethodDirector.executeMethod(HttpMethodDirector.java:171)
04-26 22:17:29.939  6455  7085 W System.err: 	at org.apache.commons.httpclient.HttpClient.executeMethod(HttpClient.java:397)
04-26 22:17:29.939  6455  7085 W System.err: 	at org.apache.commons.httpclient.HttpClient.executeMethod(HttpClient.java:323)
04-26 22:17:29.939  6455  7085 W System.err: 	at com.owncloud.android.lib.common.OwnCloudClient.executeMethod(OwnCloudClient.java:221)
04-26 22:17:29.939  6455  7085 W System.err: 	at com.owncloud.android.lib.common.OwnCloudClient.executeMethod(OwnCloudClient.java:191)
04-26 22:17:29.940  6455  7085 W System.err: 	at com.owncloud.android.lib.resources.files.ReadRemoteFileOperation.run(ReadRemoteFileOperation.java:83)
04-26 22:17:29.940  6455  7085 W System.err: 	at com.owncloud.android.lib.common.operations.RemoteOperation.execute(RemoteOperation.java:136)
04-26 22:17:29.940  6455  7085 W System.err: 	at com.owncloud.android.operations.RefreshFolderOperation.checkForChanges(RefreshFolderOperation.java:272)
04-26 22:17:29.940  6455  7085 W System.err: 	at com.owncloud.android.operations.RefreshFolderOperation.run(RefreshFolderOperation.java:194)
04-26 22:17:29.940  6455  7085 W System.err: 	at com.owncloud.android.lib.common.operations.RemoteOperation.run(RemoteOperation.java:303)
04-26 22:17:29.940  6455  7085 W System.err: 	at java.lang.Thread.run(Thread.java:761)
04-26 22:17:33.846  6455  7088 W System.err: java.net.SocketTimeoutException: Read timed out
04-26 22:17:33.846  6455  7088 W System.err: 	at com.android.org.conscrypt.NativeCrypto.SSL_read(Native Method)
04-26 22:17:33.846  6455  7088 W System.err: 	at com.android.org.conscrypt.OpenSSLSocketImpl$SSLInputStream.read(OpenSSLSocketImpl.java:758)
04-26 22:17:33.846  6455  7088 W System.err: 	at java.io.BufferedInputStream.fill(BufferedInputStream.java:235)
04-26 22:17:33.846  6455  7088 W System.err: 	at java.io.BufferedInputStream.read(BufferedInputStream.java:254)
04-26 22:17:33.846  6455  7088 W System.err: 	at org.apache.commons.httpclient.HttpParser.readRawLine(HttpParser.java:78)
04-26 22:17:33.846  6455  7088 W System.err: 	at org.apache.commons.httpclient.HttpParser.readLine(HttpParser.java:106)
04-26 22:17:33.846  6455  7088 W System.err: 	at org.apache.commons.httpclient.HttpConnection.readLine(HttpConnection.java:1116)
04-26 22:17:33.846  6455  7088 W System.err: 	at org.apache.commons.httpclient.MultiThreadedHttpConnectionManager$HttpConnectionAdapter.readLine(MultiThreadedHttpConnectionManager.java:1413)
04-26 22:17:33.846  6455  7088 W System.err: 	at org.apache.commons.httpclient.HttpMethodBase.readStatusLine(HttpMethodBase.java:1973)
04-26 22:17:33.846  6455  7088 W System.err: 	at org.apache.commons.httpclient.HttpMethodBase.readResponse(HttpMethodBase.java:1735)
04-26 22:17:33.846  6455  7088 W System.err: 	at org.apache.commons.httpclient.HttpMethodBase.execute(HttpMethodBase.java:1098)
04-26 22:17:33.846  6455  7088 W System.err: 	at org.apache.commons.httpclient.HttpMethodDirector.executeWithRetry(HttpMethodDirector.java:398)
04-26 22:17:33.846  6455  7088 W System.err: 	at org.apache.commons.httpclient.HttpMethodDirector.executeMethod(HttpMethodDirector.java:171)
04-26 22:17:33.846  6455  7088 W System.err: 	at org.apache.commons.httpclient.HttpClient.executeMethod(HttpClient.java:397)
04-26 22:17:33.846  6455  7088 W System.err: 	at org.apache.commons.httpclient.HttpClient.executeMethod(HttpClient.java:323)
04-26 22:17:33.846  6455  7088 W System.err: 	at com.owncloud.android.lib.common.OwnCloudClient.executeMethod(OwnCloudClient.java:221)
04-26 22:17:33.846  6455  7088 W System.err: 	at com.owncloud.android.lib.common.OwnCloudClient.executeMethod(OwnCloudClient.java:191)
04-26 22:17:33.846  6455  7088 W System.err: 	at com.owncloud.android.lib.resources.files.ReadRemoteFileOperation.run(ReadRemoteFileOperation.java:83)
04-26 22:17:33.846  6455  7088 W System.err: 	at com.owncloud.android.lib.common.operations.RemoteOperation.execute(RemoteOperation.java:136)
04-26 22:17:33.846  6455  7088 W System.err: 	at com.owncloud.android.operations.RefreshFolderOperation.checkForChanges(RefreshFolderOperation.java:272)
04-26 22:17:33.846  6455  7088 W System.err: 	at com.owncloud.android.operations.RefreshFolderOperation.run(RefreshFolderOperation.java:194)
04-26 22:17:33.846  6455  7088 W System.err: 	at com.owncloud.android.lib.common.operations.RemoteOperation.run(RemoteOperation.java:303)
04-26 22:17:33.846  6455  7088 W System.err: 	at java.lang.Thread.run(Thread.java:761)
--------- beginning of crash
04-26 22:18:22.808  6455  6455 E AndroidRuntime: FATAL EXCEPTION: main
04-26 22:18:22.808  6455  6455 E AndroidRuntime: Process: com.nextcloud.client, PID: 6455
04-26 22:18:22.808  6455  6455 E AndroidRuntime: java.lang.ClassCastException: com.owncloud.android.ui.preview.PreviewImageActivity cannot be cast to com.owncloud.android.ui.activity.FileDisplayActivity
04-26 22:18:22.808  6455  6455 E AndroidRuntime: 	at com.owncloud.android.ui.preview.PreviewImageFragment.onOptionsItemSelected(PreviewImageFragment.java:432)
04-26 22:18:22.808  6455  6455 E AndroidRuntime: 	at android.support.v4.app.Fragment.performOptionsItemSelected(Fragment.java:2487)
04-26 22:18:22.808  6455  6455 E AndroidRuntime: 	at android.support.v4.app.FragmentManagerImpl.dispatchOptionsItemSelected(FragmentManager.java:3307)
04-26 22:18:22.808  6455  6455 E AndroidRuntime: 	at android.support.v4.app.FragmentController.dispatchOptionsItemSelected(FragmentController.java:344)
04-26 22:18:22.808  6455  6455 E AndroidRuntime: 	at android.support.v4.app.FragmentActivity.onMenuItemSelected(FragmentActivity.java:374)
04-26 22:18:22.808  6455  6455 E AndroidRuntime: 	at android.support.v7.app.AppCompatActivity.onMenuItemSelected(AppCompatActivity.java:195)
04-26 22:18:22.808  6455  6455 E AndroidRuntime: 	at android.support.v7.view.WindowCallbackWrapper.onMenuItemSelected(WindowCallbackWrapper.java:108)
04-26 22:18:22.808  6455  6455 E AndroidRuntime: 	at android.support.v7.app.AppCompatDelegateImplV9.onMenuItemSelected(AppCompatDelegateImplV9.java:674)
04-26 22:18:22.808  6455  6455 E AndroidRuntime: 	at android.support.v7.view.menu.MenuBuilder.dispatchMenuItemSelected(MenuBuilder.java:822)
04-26 22:18:22.808  6455  6455 E AndroidRuntime: 	at android.support.v7.view.menu.MenuItemImpl.invoke(MenuItemImpl.java:171)
04-26 22:18:22.808  6455  6455 E AndroidRuntime: 	at android.support.v7.view.menu.MenuBuilder.performItemAction(MenuBuilder.java:973)
04-26 22:18:22.808  6455  6455 E AndroidRuntime: 	at android.support.v7.view.menu.MenuPopup.onItemClick(MenuPopup.java:127)
04-26 22:18:22.808  6455  6455 E AndroidRuntime: 	at android.widget.AdapterView.performItemClick(AdapterView.java:310)
04-26 22:18:22.808  6455  6455 E AndroidRuntime: 	at android.widget.AbsListView.performItemClick(AbsListView.java:1156)
04-26 22:18:22.808  6455  6455 E AndroidRuntime: 	at android.widget.AbsListView.onKeyUp(AbsListView.java:3343)
04-26 22:18:22.808  6455  6455 E AndroidRuntime: 	at android.widget.ListView.commonKey(ListView.java:2401)
04-26 22:18:22.808  6455  6455 E AndroidRuntime: 	at android.widget.ListView.onKeyUp(ListView.java:2274)
04-26 22:18:22.808  6455  6455 E AndroidRuntime: 	at android.view.KeyEvent.dispatch(KeyEvent.java:2712)
04-26 22:18:22.808  6455  6455 E AndroidRuntime: 	at android.view.View.dispatchKeyEvent(View.java:9960)
04-26 22:18:22.808  6455  6455 E AndroidRuntime: 	at android.view.ViewGroup.dispatchKeyEvent(ViewGroup.java:1625)
04-26 22:18:22.808  6455  6455 E AndroidRuntime: 	at android.widget.ListView.dispatchKeyEvent(ListView.java:2249)
04-26 22:18:22.808  6455  6455 E AndroidRuntime: 	at android.view.ViewGroup.dispatchKeyEvent(ViewGroup.java:1630)
04-26 22:18:22.808  6455  6455 E AndroidRuntime: 	at android.view.ViewGroup.dispatchKeyEvent(ViewGroup.java:1630)
04-26 22:18:22.808  6455  6455 E AndroidRuntime: 	at android.widget.PopupWindow$PopupDecorView.dispatchKeyEvent(PopupWindow.java:2266)
04-26 22:18:22.808  6455  6455 E AndroidRuntime: 	at android.view.ViewRootImpl$ViewPostImeInputStage.processKeyEvent(ViewRootImpl.java:4331)
04-26 22:18:22.808  6455  6455 E AndroidRuntime: 	at android.view.ViewRootImpl$ViewPostImeInputStage.onProcess(ViewRootImpl.java:4302)
04-26 22:18:22.808  6455  6455 E AndroidRuntime: 	at android.view.ViewRootImpl$InputStage.deliver(ViewRootImpl.java:3853)
04-26 22:18:22.808  6455  6455 E AndroidRuntime: 	at android.view.ViewRootImpl$InputStage.onDeliverToNext(ViewRootImpl.java:3906)
04-26 22:18:22.808  6455  6455 E AndroidRuntime: 	at android.view.ViewRootImpl$InputStage.forward(ViewRootImpl.java:3872)
04-26 22:18:22.808  6455  6455 E AndroidRuntime: 	at android.view.ViewRootImpl$AsyncInputStage.forward(ViewRootImpl.java:3999)
04-26 22:18:22.808  6455  6455 E AndroidRuntime: 	at android.view.ViewRootImpl$InputStage.apply(ViewRootImpl.java:3880)
04-26 22:18:22.808  6455  6455 E AndroidRuntime: 	at android.view.ViewRootImpl$AsyncInputStage.apply(ViewRootImpl.java:4056)
04-26 22:18:22.808  6455  6455 E AndroidRuntime: 	at android.view.ViewRootImpl$InputStage.deliver(ViewRootImpl.java:3853)
04-26 22:18:22.808  6455  6455 E AndroidRuntime: 	at android.view.ViewRootImpl$InputStage.onDeliverToNext(ViewRootImpl.java:3906)
04-26 22:18:22.808  6455  6455 E AndroidRuntime: 	at android.view.ViewRootImpl$InputStage.forward(ViewRootImpl.java:3872)
04-26 22:18:22.808  6455  6455 E AndroidRuntime: 	at android.view.ViewRootImpl$InputStage.apply(ViewRootImpl.java:3880)
04-26 22:18:22.808  6455  6455 E AndroidRuntime: 	at android.view.ViewRootImpl$InputStage.deliver(ViewRootImpl.java:3853)
04-26 22:18:22.808  6455  6455 E AndroidRuntime: 	at android.view.ViewRootImpl$InputStage.onDeliverToNext(ViewRootImpl.java:3906)
04-26 22:18:22.808  6455  6455 E AndroidRuntime: 	at android.view.ViewRootImpl$InputStage.forward(ViewRootImpl.java:3872)
04-26 22:18:22.808  6455  6455 E AndroidRuntime: 	at android.view.ViewRootImpl$AsyncInputStage.forward(ViewRootImpl.java:3999)
04-26 22:18:22.808  6455  6455 E AndroidRuntime: 	at android.view.ViewRootImpl$InputStage.apply(ViewRootImpl.java:3880)
04-26 22:18:22.808  6455  6455 E AndroidRuntime: 	at android.view.ViewRootImpl$AsyncInputStage.apply(ViewRootImpl.java:4056)
04-26 22:18:22.808  6455  6455 E AndroidRuntime: 	at android.view.ViewRootImpl$InputStage.deliver(ViewRootImpl.java:3853)
04-26 22:18:22.808  6455  6455 E AndroidRuntime: 	at android.view.ViewRootImpl$InputStage.onDeliverToNext(ViewRootImpl.java:3906)
04-26 22:18:22.808  6455  6455 E AndroidRuntime: 	at android.view.ViewRootImpl$InputStage.forward(ViewRootImpl.java:3872)
04-26 22:18:22.808  6455  6455 E AndroidRuntime: 	at android.view.ViewRootImpl$InputStage.apply(ViewRootImpl.java:3880)
04-26 22:18:22.808  6455  6455 E AndroidRuntime: 	at android.view.ViewRootImpl$InputStage.deliver(ViewRootImpl.java:3853)
04-26 22:18:22.808  6455  6455 E AndroidRuntime: 	at android.view.ViewRootImpl$InputStage.onDeliverToNext(ViewRootImpl.java:3906)
04-26 22:18:22.808  6455  6455 E AndroidRuntime: 	at android.view.ViewRootImpl$InputStage.forward(ViewRootImpl.java:3872)
04-26 22:18:22.808  6455  6455 E AndroidRuntime: 	at android.view.ViewRootImpl$AsyncInputStage.forward(ViewRootImpl.java:3999)
04-26 22:18:22.808  6455  6455 E AndroidRuntime: 	at android.view.ViewRootImpl$InputStage.apply(ViewRootImpl.java:3880)
04-26 22:18:22.808  6455  6455 E AndroidRuntime: 	at android.view.ViewRootImpl$AsyncInputStage.apply(ViewRootImpl.java:4056)
04-26 22:18:22.808  6455  6455 E AndroidRuntime: 	at android.view.ViewRootImpl$InputStage.deliver(ViewRootImpl.java:3853)
04-26 22:18:22.808  6455  6455 E AndroidRuntime: 	at android.view.ViewRootImpl.deliverInputEvent(ViewRootImpl.java:6246)
04-26 22:18:22.808  6455  6455 E AndroidRuntime: 	at android.view.ViewRootImpl.doProcessInputEvents(ViewRootImpl.java:6220)
04-26 22:18:22.808  6455  6455 E AndroidRuntime: 	at android.view.ViewRootImpl.enqueueInputEvent(ViewRootImpl.java:6181)
04-26 22:18:22.808  6455  6455 E AndroidRuntime: 	at android.view.ViewRootImpl$WindowInputEventReceiver.onInputEvent(ViewRootImpl.java:6349)
04-26 22:18:22.808  6455  6455 E AndroidRuntime: 	at android.view.InputEventReceiver.dispatchInputEvent(InputEventReceiver.java:185)
04-26 22:18:22.808  6455  6455 E AndroidRuntime: 	at android.os.MessageQueue.nativePollOnce(Native Method)
04-26 22:18:22.808  6455  6455 E AndroidRuntime: 	at android.os.MessageQueue.next(MessageQueue.java:323)
04-26 22:18:22.808  6455  6455 E AndroidRuntime: 	at android.os.Looper.loop(Looper.java:136)
04-26 22:18:22.808  6455  6455 E AndroidRuntime: 	at android.app.ActivityThread.main(ActivityThread.java:6119)
04-26 22:18:22.808  6455  6455 E AndroidRuntime: 	at java.lang.reflect.Method.invoke(Native Method)
04-26 22:18:22.808  6455  6455 E AndroidRuntime: 	at com.android.internal.os.ZygoteInit$MethodAndArgsCaller.run(ZygoteInit.java:886)
04-26 22:18:22.808  6455  6455 E AndroidRuntime: 	at com.android.internal.os.ZygoteInit.main(ZygoteInit.java:776)
04-26 22:19:29.330  7858  7858 W System.err: java.io.FileNotFoundException: /jacoco.exec (Read-only file system)
04-26 22:19:29.330  7858  7858 W System.err: 	at java.io.FileOutputStream.open(Native Method)
04-26 22:19:29.330  7858  7858 W System.err: 	at java.io.FileOutputStream.<init>(FileOutputStream.java:221)
04-26 22:19:29.330  7858  7858 W System.err: 	at org.jacoco.agent.rt.internal_8ff85ea.output.FileOutput.openFile(FileOutput.java:67)
04-26 22:19:29.330  7858  7858 W System.err: 	at org.jacoco.agent.rt.internal_8ff85ea.output.FileOutput.startup(FileOutput.java:49)
04-26 22:19:29.330  7858  7858 W System.err: 	at org.jacoco.agent.rt.internal_8ff85ea.Agent.startup(Agent.java:122)
04-26 22:19:29.330  7858  7858 W System.err: 	at org.jacoco.agent.rt.internal_8ff85ea.Agent.getInstance(Agent.java:50)
04-26 22:19:29.330  7858  7858 W System.err: 	at org.jacoco.agent.rt.internal_8ff85ea.Offline.<clinit>(Offline.java:31)
04-26 22:19:29.330  7858  7858 W System.err: 	at org.jacoco.agent.rt.internal_8ff85ea.Offline.getProbes(Offline.java:51)
04-26 22:19:29.330  7858  7858 W System.err: 	at com.owncloud.android.MainApp.$jacocoInit(MainApp.java)
04-26 22:19:29.330  7858  7858 W System.err: 	at com.owncloud.android.MainApp.<clinit>(MainApp.java)
04-26 22:19:29.330  7858  7858 W System.err: 	at java.lang.Class.newInstance(Native Method)
04-26 22:19:29.330  7858  7858 W System.err: 	at android.app.Instrumentation.newApplication(Instrumentation.java:1007)
04-26 22:19:29.330  7858  7858 W System.err: 	at android.app.Instrumentation.newApplication(Instrumentation.java:992)
04-26 22:19:29.330  7858  7858 W System.err: 	at android.app.LoadedApk.makeApplication(LoadedApk.java:796)
04-26 22:19:29.330  7858  7858 W System.err: 	at android.app.ActivityThread.handleBindApplication(ActivityThread.java:5377)
04-26 22:19:29.330  7858  7858 W System.err: 	at android.app.ActivityThread.-wrap2(ActivityThread.java)
04-26 22:19:29.330  7858  7858 W System.err: 	at android.app.ActivityThread$H.handleMessage(ActivityThread.java:1545)
04-26 22:19:29.330  7858  7858 W System.err: 	at android.os.Handler.dispatchMessage(Handler.java:102)
04-26 22:19:29.330  7858  7858 W System.err: 	at android.os.Looper.loop(Looper.java:154)
04-26 22:19:29.330  7858  7858 W System.err: 	at android.app.ActivityThread.main(ActivityThread.java:6119)
04-26 22:19:29.330  7858  7858 W System.err: 	at java.lang.reflect.Method.invoke(Native Method)
04-26 22:19:29.330  7858  7858 W System.err: 	at com.android.internal.os.ZygoteInit$MethodAndArgsCaller.run(ZygoteInit.java:886)
04-26 22:19:29.330  7858  7858 W System.err: 	at com.android.internal.os.ZygoteInit.main(ZygoteInit.java:776)
