--------- beginning of main
--------- beginning of system
--------- beginning of crash
04-26 23:25:17.874  3781  3781 E AndroidRuntime: FATAL EXCEPTION: main
04-26 23:25:17.874  3781  3781 E AndroidRuntime: Process: com.google.samples.apps.sunflower, PID: 3781
04-26 23:25:17.874  3781  3781 E AndroidRuntime: java.lang.IllegalArgumentException: navigation destination com.google.samples.apps.sunflower:id/action_plant_list_fragment_to_plant_detail_fragment is unknown to this NavController
04-26 23:25:17.874  3781  3781 E AndroidRuntime: 	at androidx.navigation.NavController.navigate(NavController.java:691)
04-26 23:25:17.874  3781  3781 E AndroidRuntime: 	at androidx.navigation.NavController.navigate(NavController.java:648)
04-26 23:25:17.874  3781  3781 E AndroidRuntime: 	at androidx.navigation.NavController.navigate(NavController.java:634)
04-26 23:25:17.874  3781  3781 E AndroidRuntime: 	at androidx.navigation.NavController.navigate(NavController.java:712)
04-26 23:25:17.874  3781  3781 E AndroidRuntime: 	at com.google.samples.apps.sunflower.adapters.PlantAdapter$createOnClickListener$1.onClick(PlantAdapter.kt:51)
04-26 23:25:17.874  3781  3781 E AndroidRuntime: 	at android.view.View.performClick(View.java:5637)
04-26 23:25:17.874  3781  3781 E AndroidRuntime: 	at android.view.View$PerformClick.run(View.java:22429)
04-26 23:25:17.874  3781  3781 E AndroidRuntime: 	at android.os.Handler.handleCallback(Handler.java:751)
04-26 23:25:17.874  3781  3781 E AndroidRuntime: 	at android.os.Handler.dispatchMessage(Handler.java:95)
04-26 23:25:17.874  3781  3781 E AndroidRuntime: 	at android.os.Looper.loop(Looper.java:154)
04-26 23:25:17.874  3781  3781 E AndroidRuntime: 	at android.app.ActivityThread.main(ActivityThread.java:6119)
04-26 23:25:17.874  3781  3781 E AndroidRuntime: 	at java.lang.reflect.Method.invoke(Native Method)
04-26 23:25:17.874  3781  3781 E AndroidRuntime: 	at com.android.internal.os.ZygoteInit$MethodAndArgsCaller.run(ZygoteInit.java:886)
04-26 23:25:17.874  3781  3781 E AndroidRuntime: 	at com.android.internal.os.ZygoteInit.main(ZygoteInit.java:776)
04-26 23:25:43.644  5484  5484 W System.err: java.io.FileNotFoundException: /jacoco.exec (Read-only file system)
04-26 23:25:43.644  5484  5484 W System.err: 	at java.io.FileOutputStream.open(Native Method)
04-26 23:25:43.644  5484  5484 W System.err: 	at java.io.FileOutputStream.<init>(FileOutputStream.java:221)
04-26 23:25:43.644  5484  5484 W System.err: 	at org.jacoco.agent.rt.internal_8ff85ea.output.FileOutput.openFile(FileOutput.java:67)
04-26 23:25:43.644  5484  5484 W System.err: 	at org.jacoco.agent.rt.internal_8ff85ea.output.FileOutput.startup(FileOutput.java:49)
04-26 23:25:43.644  5484  5484 W System.err: 	at org.jacoco.agent.rt.internal_8ff85ea.Agent.startup(Agent.java:122)
04-26 23:25:43.644  5484  5484 W System.err: 	at org.jacoco.agent.rt.internal_8ff85ea.Agent.getInstance(Agent.java:50)
04-26 23:25:43.644  5484  5484 W System.err: 	at org.jacoco.agent.rt.internal_8ff85ea.Offline.<clinit>(Offline.java:31)
04-26 23:25:43.644  5484  5484 W System.err: 	at org.jacoco.agent.rt.internal_8ff85ea.Offline.getProbes(Offline.java:51)
04-26 23:25:43.644  5484  5484 W System.err: 	at com.google.samples.apps.sunflower.GardenActivity.$jacocoInit(GardenActivity.kt)
04-26 23:25:43.644  5484  5484 W System.err: 	at com.google.samples.apps.sunflower.GardenActivity.<init>(GardenActivity.kt)
04-26 23:25:43.644  5484  5484 W System.err: 	at java.lang.Class.newInstance(Native Method)
04-26 23:25:43.644  5484  5484 W System.err: 	at android.app.Instrumentation.newActivity(Instrumentation.java:1078)
04-26 23:25:43.644  5484  5484 W System.err: 	at android.app.ActivityThread.performLaunchActivity(ActivityThread.java:2557)
04-26 23:25:43.645  5484  5484 W System.err: 	at android.app.ActivityThread.handleLaunchActivity(ActivityThread.java:2726)
04-26 23:25:43.645  5484  5484 W System.err: 	at android.app.ActivityThread.-wrap12(ActivityThread.java)
04-26 23:25:43.645  5484  5484 W System.err: 	at android.app.ActivityThread$H.handleMessage(ActivityThread.java:1477)
04-26 23:25:43.645  5484  5484 W System.err: 	at android.os.Handler.dispatchMessage(Handler.java:102)
04-26 23:25:43.645  5484  5484 W System.err: 	at android.os.Looper.loop(Looper.java:154)
04-26 23:25:43.645  5484  5484 W System.err: 	at android.app.ActivityThread.main(ActivityThread.java:6119)
04-26 23:25:43.645  5484  5484 W System.err: 	at java.lang.reflect.Method.invoke(Native Method)
04-26 23:25:43.645  5484  5484 W System.err: 	at com.android.internal.os.ZygoteInit$MethodAndArgsCaller.run(ZygoteInit.java:886)
04-26 23:25:43.645  5484  5484 W System.err: 	at com.android.internal.os.ZygoteInit.main(ZygoteInit.java:776)
