--------- beginning of main
--------- beginning of system
04-27 02:10:12.405  6448  6448 E ACRA    : ACRA is disabled for com.ichi2.anki - forwarding uncaught Exception on to default ExceptionHandler
--------- beginning of crash
04-27 02:10:12.405  6448  6448 E AndroidRuntime: FATAL EXCEPTION: main
04-27 02:10:12.405  6448  6448 E AndroidRuntime: Process: com.ichi2.anki, PID: 6448
04-27 02:10:12.405  6448  6448 E AndroidRuntime: android.content.ActivityNotFoundException: No Activity found to handle Intent { act=android.intent.action.VIEW dat=market://details?id=com.ichi2.anki }
04-27 02:10:12.405  6448  6448 E AndroidRuntime: 	at android.app.Instrumentation.checkStartActivityResult(Instrumentation.java:1809)
04-27 02:10:12.405  6448  6448 E AndroidRuntime: 	at android.app.Instrumentation.execStartActivity(Instrumentation.java:1523)
04-27 02:10:12.405  6448  6448 E AndroidRuntime: 	at android.app.Activity.startActivityForResult(Activity.java:4225)
04-27 02:10:12.405  6448  6448 E AndroidRuntime: 	at android.support.v4.app.BaseFragmentActivityJB.startActivityForResult(BaseFragmentActivityJB.java:50)
04-27 02:10:12.405  6448  6448 E AndroidRuntime: 	at android.support.v4.app.FragmentActivity.startActivityForResult(FragmentActivity.java:79)
04-27 02:10:12.405  6448  6448 E AndroidRuntime: 	at android.app.Activity.startActivityForResult(Activity.java:4183)
04-27 02:10:12.405  6448  6448 E AndroidRuntime: 	at android.support.v4.app.FragmentActivity.startActivityForResult(FragmentActivity.java:859)
04-27 02:10:12.405  6448  6448 E AndroidRuntime: 	at com.ichi2.anki.AnkiActivity.startActivityForResult(AnkiActivity.java:175)
04-27 02:10:12.405  6448  6448 E AndroidRuntime: 	at android.app.Activity.startActivity(Activity.java:4522)
04-27 02:10:12.405  6448  6448 E AndroidRuntime: 	at android.app.Activity.startActivity(Activity.java:4490)
04-27 02:10:12.405  6448  6448 E AndroidRuntime: 	at com.ichi2.anki.AnkiActivity.startActivity(AnkiActivity.java:154)
04-27 02:10:12.405  6448  6448 E AndroidRuntime: 	at com.ichi2.anki.Info$2.onClick(Info.java:96)
04-27 02:10:12.405  6448  6448 E AndroidRuntime: 	at android.view.View.performClick(View.java:5637)
04-27 02:10:12.405  6448  6448 E AndroidRuntime: 	at android.view.View.onKeyUp(View.java:10661)
04-27 02:10:12.405  6448  6448 E AndroidRuntime: 	at android.widget.TextView.onKeyUp(TextView.java:6382)
04-27 02:10:12.405  6448  6448 E AndroidRuntime: 	at android.view.KeyEvent.dispatch(KeyEvent.java:2712)
04-27 02:10:12.405  6448  6448 E AndroidRuntime: 	at android.view.View.dispatchKeyEvent(View.java:9960)
04-27 02:10:12.405  6448  6448 E AndroidRuntime: 	at android.view.ViewGroup.dispatchKeyEvent(ViewGroup.java:1630)
04-27 02:10:12.405  6448  6448 E AndroidRuntime: 	at android.view.ViewGroup.dispatchKeyEvent(ViewGroup.java:1630)
04-27 02:10:12.405  6448  6448 E AndroidRuntime: 	at android.view.ViewGroup.dispatchKeyEvent(ViewGroup.java:1630)
04-27 02:10:12.405  6448  6448 E AndroidRuntime: 	at android.view.ViewGroup.dispatchKeyEvent(ViewGroup.java:1630)
04-27 02:10:12.405  6448  6448 E AndroidRuntime: 	at android.view.ViewGroup.dispatchKeyEvent(ViewGroup.java:1630)
04-27 02:10:12.405  6448  6448 E AndroidRuntime: 	at android.view.ViewGroup.dispatchKeyEvent(ViewGroup.java:1630)
04-27 02:10:12.405  6448  6448 E AndroidRuntime: 	at android.view.ViewGroup.dispatchKeyEvent(ViewGroup.java:1630)
04-27 02:10:12.405  6448  6448 E AndroidRuntime: 	at android.view.ViewGroup.dispatchKeyEvent(ViewGroup.java:1630)
04-27 02:10:12.405  6448  6448 E AndroidRuntime: 	at com.android.internal.policy.DecorView.superDispatchKeyEvent(DecorView.java:405)
04-27 02:10:12.405  6448  6448 E AndroidRuntime: 	at com.android.internal.policy.PhoneWindow.superDispatchKeyEvent(PhoneWindow.java:1798)
04-27 02:10:12.405  6448  6448 E AndroidRuntime: 	at android.app.Activity.dispatchKeyEvent(Activity.java:3021)
04-27 02:10:12.405  6448  6448 E AndroidRuntime: 	at android.app.Activity.dispatchKeyEvent(Native Method)
04-27 02:10:12.405  6448  6448 E AndroidRuntime: 	at android.support.v7.app.AppCompatActivity.dispatchKeyEvent(AppCompatActivity.java:547)
04-27 02:10:12.405  6448  6448 E AndroidRuntime: 	at android.support.v7.app.AppCompatActivity.dispatchKeyEvent(Native Method)
04-27 02:10:12.405  6448  6448 E AndroidRuntime: 	at android.support.v7.view.WindowCallbackWrapper.dispatchKeyEvent(WindowCallbackWrapper.java:59)
04-27 02:10:12.405  6448  6448 E AndroidRuntime: 	at android.support.v7.app.AppCompatDelegateImplBase$AppCompatWindowCallbackBase.dispatchKeyEvent(AppCompatDelegateImplBase.java:319)
04-27 02:10:12.405  6448  6448 E AndroidRuntime: 	at android.support.v7.view.WindowCallbackWrapper.dispatchKeyEvent(WindowCallbackWrapper.java:59)
04-27 02:10:12.405  6448  6448 E AndroidRuntime: 	at com.android.internal.policy.DecorView.dispatchKeyEvent(DecorView.java:319)
04-27 02:10:12.405  6448  6448 E AndroidRuntime: 	at android.view.ViewRootImpl$ViewPostImeInputStage.processKeyEvent(ViewRootImpl.java:4331)
04-27 02:10:12.405  6448  6448 E AndroidRuntime: 	at android.view.ViewRootImpl$ViewPostImeInputStage.onProcess(ViewRootImpl.java:4302)
04-27 02:10:12.405  6448  6448 E AndroidRuntime: 	at android.view.ViewRootImpl$InputStage.deliver(ViewRootImpl.java:3853)
04-27 02:10:12.405  6448  6448 E AndroidRuntime: 	at android.view.ViewRootImpl$InputStage.onDeliverToNext(ViewRootImpl.java:3906)
04-27 02:10:12.405  6448  6448 E AndroidRuntime: 	at android.view.ViewRootImpl$InputStage.forward(ViewRootImpl.java:3872)
04-27 02:10:12.405  6448  6448 E AndroidRuntime: 	at android.view.ViewRootImpl$AsyncInputStage.forward(ViewRootImpl.java:3999)
04-27 02:10:12.405  6448  6448 E AndroidRuntime: 	at android.view.ViewRootImpl$InputStage.apply(ViewRootImpl.java:3880)
04-27 02:10:12.405  6448  6448 E AndroidRuntime: 	at android.view.ViewRootImpl$AsyncInputStage.apply(ViewRootImpl.java:4056)
04-27 02:10:12.405  6448  6448 E AndroidRuntime: 	at android.view.ViewRootImpl$InputStage.deliver(ViewRootImpl.java:3853)
04-27 02:10:12.405  6448  6448 E AndroidRuntime: 	at android.view.ViewRootImpl$InputStage.onDeliverToNext(ViewRootImpl.java:3906)
04-27 02:10:12.405  6448  6448 E AndroidRuntime: 	at android.view.ViewRootImpl$InputStage.forward(ViewRootImpl.java:3872)
04-27 02:10:12.405  6448  6448 E AndroidRuntime: 	at android.view.ViewRootImpl$InputStage.apply(ViewRootImpl.java:3880)
04-27 02:10:12.405  6448  6448 E AndroidRuntime: 	at android.view.ViewRootImpl$InputStage.deliver(ViewRootImpl.java:3853)
04-27 02:10:12.405  6448  6448 E AndroidRuntime: 	at android.view.ViewRootImpl$InputStage.onDeliverToNext(ViewRootImpl.java:3906)
04-27 02:10:12.405  6448  6448 E AndroidRuntime: 	at android.view.ViewRootImpl$InputStage.forward(ViewRootImpl.java:3872)
04-27 02:10:12.405  6448  6448 E AndroidRuntime: 	at android.view.ViewRootImpl$AsyncInputStage.forward(ViewRootImpl.java:4032)
04-27 02:10:12.405  6448  6448 E AndroidRuntime: 	at android.view.ViewRootImpl$ImeInputStage.onFinishedInputEvent(ViewRootImpl.java:4193)
04-27 02:10:12.405  6448  6448 E AndroidRuntime: 	at android.view.inputmethod.InputMethodManager$PendingEvent.run(InputMethodManager.java:2400)
04-27 02:10:12.405  6448  6448 E AndroidRuntime: 	at android.view.inputmethod.InputMethodManager.invokeFinishedInputEventCallback(InputMethodManager.java:1964)
04-27 02:10:12.405  6448  6448 E AndroidRuntime: 	at android.view.inputmethod.InputMethodManager.finishedInputEvent(InputMethodManager.java:1955)
04-27 02:10:12.405  6448  6448 E AndroidRuntime: 	at android.view.inputmethod.InputMethodManager$ImeInputEventSender.onInputEventFinished(InputMethodManager.java:2377)
04-27 02:10:12.405  6448  6448 E AndroidRuntime: 	at android.view.InputEventSender.dispatchInputEventFinished(InputEventSender.java:141)
04-27 02:10:12.405  6448  6448 E AndroidRuntime: 	at android.os.MessageQueue.nativePollOnce(Native Method)
04-27 02:10:12.405  6448  6448 E AndroidRuntime: 	at android.os.MessageQueue.next(MessageQueue.java:323)
04-27 02:10:12.405  6448  6448 E AndroidRuntime: 	at android.os.Looper.loop(Looper.java:136)
04-27 02:10:12.405  6448  6448 E AndroidRuntime: 	at android.app.ActivityThread.main(ActivityThread.java:6119)
04-27 02:10:12.405  6448  6448 E AndroidRuntime: 	at java.lang.reflect.Method.invoke(Native Method)
04-27 02:10:12.405  6448  6448 E AndroidRuntime: 	at com.android.internal.os.ZygoteInit$MethodAndArgsCaller.run(ZygoteInit.java:886)
04-27 02:10:12.405  6448  6448 E AndroidRuntime: 	at com.android.internal.os.ZygoteInit.main(ZygoteInit.java:776)
04-27 02:11:01.526  8680  8680 W System.err: java.io.FileNotFoundException: /jacoco.exec (Read-only file system)
04-27 02:11:01.526  8680  8680 W System.err: 	at java.io.FileOutputStream.open(Native Method)
04-27 02:11:01.526  8680  8680 W System.err: 	at java.io.FileOutputStream.<init>(FileOutputStream.java:221)
04-27 02:11:01.526  8680  8680 W System.err: 	at org.jacoco.agent.rt.internal_b0d6a23.output.FileOutput.openFile(FileOutput.java:67)
04-27 02:11:01.526  8680  8680 W System.err: 	at org.jacoco.agent.rt.internal_b0d6a23.output.FileOutput.startup(FileOutput.java:49)
04-27 02:11:01.526  8680  8680 W System.err: 	at org.jacoco.agent.rt.internal_b0d6a23.Agent.startup(Agent.java:122)
04-27 02:11:01.526  8680  8680 W System.err: 	at org.jacoco.agent.rt.internal_b0d6a23.Agent.getInstance(Agent.java:50)
04-27 02:11:01.526  8680  8680 W System.err: 	at org.jacoco.agent.rt.internal_b0d6a23.Offline.<clinit>(Offline.java:31)
04-27 02:11:01.526  8680  8680 W System.err: 	at org.jacoco.agent.rt.internal_b0d6a23.Offline.getProbes(Offline.java:51)
04-27 02:11:01.526  8680  8680 W System.err: 	at com.ichi2.anki.AnkiDroidApp.$jacocoInit(AnkiDroidApp.java)
04-27 02:11:01.526  8680  8680 W System.err: 	at com.ichi2.anki.AnkiDroidApp.<clinit>(AnkiDroidApp.java)
04-27 02:11:01.526  8680  8680 W System.err: 	at java.lang.Class.newInstance(Native Method)
04-27 02:11:01.526  8680  8680 W System.err: 	at android.app.Instrumentation.newApplication(Instrumentation.java:1007)
04-27 02:11:01.526  8680  8680 W System.err: 	at android.app.Instrumentation.newApplication(Instrumentation.java:992)
04-27 02:11:01.526  8680  8680 W System.err: 	at android.app.LoadedApk.makeApplication(LoadedApk.java:796)
04-27 02:11:01.526  8680  8680 W System.err: 	at android.app.ActivityThread.handleBindApplication(ActivityThread.java:5377)
04-27 02:11:01.526  8680  8680 W System.err: 	at android.app.ActivityThread.-wrap2(ActivityThread.java)
04-27 02:11:01.526  8680  8680 W System.err: 	at android.app.ActivityThread$H.handleMessage(ActivityThread.java:1545)
04-27 02:11:01.526  8680  8680 W System.err: 	at android.os.Handler.dispatchMessage(Handler.java:102)
04-27 02:11:01.526  8680  8680 W System.err: 	at android.os.Looper.loop(Looper.java:154)
04-27 02:11:01.526  8680  8680 W System.err: 	at android.app.ActivityThread.main(ActivityThread.java:6119)
04-27 02:11:01.526  8680  8680 W System.err: 	at java.lang.reflect.Method.invoke(Native Method)
04-27 02:11:01.526  8680  8680 W System.err: 	at com.android.internal.os.ZygoteInit$MethodAndArgsCaller.run(ZygoteInit.java:886)
04-27 02:11:01.526  8680  8680 W System.err: 	at com.android.internal.os.ZygoteInit.main(ZygoteInit.java:776)
